[0.020s] Invoking command in '/home/silo/Desktop/cleaning_robot_ws/build/robot_control': CMAKE_PREFIX_PATH=${CMAKE_PREFIX_PATH}:/opt/ros/jazzy DEBUGINFOD_URLS=https://debuginfod.ubuntu.com /usr/bin/cmake /home/silo/Desktop/cleaning_robot_ws/src/robot_control -DAMENT_CMAKE_SYMLINK_INSTALL=1 -DCMAKE_INSTALL_PREFIX=/home/silo/Desktop/cleaning_robot_ws/install/robot_control
[0.072s] -- The C compiler identification is GNU 13.2.0
[0.135s] -- The CXX compiler identification is GNU 13.2.0
[0.151s] -- Detecting C compiler ABI info
[0.235s] -- Detecting C compiler ABI info - done
[0.254s] -- Check for working C compiler: /usr/bin/cc - skipped
[0.254s] -- Detecting C compile features
[0.255s] -- Detecting C compile features - done
[0.266s] -- Detecting CXX compiler ABI info
[0.360s] -- Detecting CXX compiler ABI info - done
[0.379s] -- Check for working CXX compiler: /usr/bin/c++ - skipped
[0.379s] -- Detecting CXX compile features
[0.380s] -- Detecting CXX compile features - done
[0.385s] -- Found ament_cmake: 2.5.2 (/opt/ros/jazzy/share/ament_cmake/cmake)
[0.581s] -- Found Python3: /usr/bin/python3 (found version "3.12.3") found components: Interpreter 
[0.670s] -- Override CMake install command with custom implementation using symlinks instead of copying resources
[0.713s] -- Found rclcpp: 28.1.3 (/opt/ros/jazzy/share/rclcpp/cmake)
[0.770s] -- Found rosidl_generator_c: 4.6.3 (/opt/ros/jazzy/share/rosidl_generator_c/cmake)
[0.787s] -- Found rosidl_generator_cpp: 4.6.3 (/opt/ros/jazzy/share/rosidl_generator_cpp/cmake)
[0.813s] -- Using all available rosidl_typesupport_c: rosidl_typesupport_fastrtps_c;rosidl_typesupport_introspection_c
[0.841s] -- Using all available rosidl_typesupport_cpp: rosidl_typesupport_fastrtps_cpp;rosidl_typesupport_introspection_cpp
[0.935s] -- Found rmw_implementation_cmake: 7.3.1 (/opt/ros/jazzy/share/rmw_implementation_cmake/cmake)
[0.939s] -- Found rmw_fastrtps_cpp: 8.4.1 (/opt/ros/jazzy/share/rmw_fastrtps_cpp/cmake)
[1.029s] -- Found OpenSSL: /usr/lib/x86_64-linux-gnu/libcrypto.so (found version "3.0.13")  
[1.053s] -- Found FastRTPS: /opt/ros/jazzy/include (Required is at least version "2.13") 
[1.086s] -- Using RMW implementation 'rmw_fastrtps_cpp' as default
[1.232s] -- Found std_msgs: 5.3.5 (/opt/ros/jazzy/share/std_msgs/cmake)
[1.257s] -- Found ament_lint_auto: 0.17.1 (/opt/ros/jazzy/share/ament_lint_auto/cmake)
[1.407s] -- Added test 'flake8' to check Python code syntax and style conventions
[1.407s] -- Configured 'flake8' exclude dirs and/or files: 
[1.410s] -- Added test 'lint_cmake' to check CMake code style
[1.412s] -- Added test 'pep257' to check Python code against some of the docstring style conventions in PEP 257
[1.412s] -- Added test 'xmllint' to check XML markup files
[1.416s] -- Configuring done (1.4s)
[1.422s] -- Generating done (0.0s)
[1.424s] -- Build files have been written to: /home/silo/Desktop/cleaning_robot_ws/build/robot_control
[1.446s] Invoked command in '/home/silo/Desktop/cleaning_robot_ws/build/robot_control' returned '0': CMAKE_PREFIX_PATH=${CMAKE_PREFIX_PATH}:/opt/ros/jazzy DEBUGINFOD_URLS=https://debuginfod.ubuntu.com /usr/bin/cmake /home/silo/Desktop/cleaning_robot_ws/src/robot_control -DAMENT_CMAKE_SYMLINK_INSTALL=1 -DCMAKE_INSTALL_PREFIX=/home/silo/Desktop/cleaning_robot_ws/install/robot_control
[1.448s] Invoking command in '/home/silo/Desktop/cleaning_robot_ws/build/robot_control': CMAKE_PREFIX_PATH=${CMAKE_PREFIX_PATH}:/opt/ros/jazzy DEBUGINFOD_URLS=https://debuginfod.ubuntu.com /usr/bin/cmake --build /home/silo/Desktop/cleaning_robot_ws/build/robot_control -- -j12 -l12
[1.491s] Invoked command in '/home/silo/Desktop/cleaning_robot_ws/build/robot_control' returned '0': CMAKE_PREFIX_PATH=${CMAKE_PREFIX_PATH}:/opt/ros/jazzy DEBUGINFOD_URLS=https://debuginfod.ubuntu.com /usr/bin/cmake --build /home/silo/Desktop/cleaning_robot_ws/build/robot_control -- -j12 -l12
[1.513s] Invoking command in '/home/silo/Desktop/cleaning_robot_ws/build/robot_control': CMAKE_PREFIX_PATH=${CMAKE_PREFIX_PATH}:/opt/ros/jazzy DEBUGINFOD_URLS=https://debuginfod.ubuntu.com /usr/bin/cmake --install /home/silo/Desktop/cleaning_robot_ws/build/robot_control
[1.521s] -- Install configuration: ""
[1.522s] -- Execute custom install script
[1.522s] -- Symlinking: /home/silo/Desktop/cleaning_robot_ws/install/robot_control/share/robot_control/launch/control.launch.py
[1.532s] -- Symlinking: /home/silo/Desktop/cleaning_robot_ws/install/robot_control/share/robot_control/launch/joystick.launch.py
[1.541s] -- Symlinking: /home/silo/Desktop/cleaning_robot_ws/install/robot_control/share/robot_control/launch/keyboard.launch.py
[1.550s] -- Symlinking: /home/silo/Desktop/cleaning_robot_ws/install/robot_control/share/robot_control/config/controller.yaml
[1.559s] -- Symlinking: /home/silo/Desktop/cleaning_robot_ws/install/robot_control/share/robot_control/config/diff_drive_controller_velocity.yaml
[1.567s] -- Symlinking: /home/silo/Desktop/cleaning_robot_ws/install/robot_control/share/robot_control/config/joystick.yaml
[1.576s] -- Symlinking: /home/silo/Desktop/cleaning_robot_ws/install/robot_control/share/robot_control/config/twist_mux.yaml
[1.594s] -- Symlinking: /home/silo/Desktop/cleaning_robot_ws/install/robot_control/share/ament_index/resource_index/package_run_dependencies/robot_control
[1.603s] -- Symlinking: /home/silo/Desktop/cleaning_robot_ws/install/robot_control/share/ament_index/resource_index/parent_prefix_path/robot_control
[1.611s] -- Symlinking: /home/silo/Desktop/cleaning_robot_ws/install/robot_control/share/robot_control/environment/ament_prefix_path.sh
[1.620s] -- Symlinking: /home/silo/Desktop/cleaning_robot_ws/install/robot_control/share/robot_control/environment/ament_prefix_path.dsv
[1.631s] -- Symlinking: /home/silo/Desktop/cleaning_robot_ws/install/robot_control/share/robot_control/environment/path.sh
[1.640s] -- Symlinking: /home/silo/Desktop/cleaning_robot_ws/install/robot_control/share/robot_control/environment/path.dsv
[1.648s] -- Symlinking: /home/silo/Desktop/cleaning_robot_ws/install/robot_control/share/robot_control/local_setup.bash
[1.657s] -- Symlinking: /home/silo/Desktop/cleaning_robot_ws/install/robot_control/share/robot_control/local_setup.sh
[1.665s] -- Symlinking: /home/silo/Desktop/cleaning_robot_ws/install/robot_control/share/robot_control/local_setup.zsh
[1.674s] -- Symlinking: /home/silo/Desktop/cleaning_robot_ws/install/robot_control/share/robot_control/local_setup.dsv
[1.682s] -- Symlinking: /home/silo/Desktop/cleaning_robot_ws/install/robot_control/share/robot_control/package.dsv
[1.691s] -- Symlinking: /home/silo/Desktop/cleaning_robot_ws/install/robot_control/share/ament_index/resource_index/packages/robot_control
[1.700s] -- Symlinking: /home/silo/Desktop/cleaning_robot_ws/install/robot_control/share/robot_control/cmake/robot_controlConfig.cmake
[1.709s] -- Symlinking: /home/silo/Desktop/cleaning_robot_ws/install/robot_control/share/robot_control/cmake/robot_controlConfig-version.cmake
[1.718s] -- Symlinking: /home/silo/Desktop/cleaning_robot_ws/install/robot_control/share/robot_control/package.xml
[1.729s] Invoked command in '/home/silo/Desktop/cleaning_robot_ws/build/robot_control' returned '0': CMAKE_PREFIX_PATH=${CMAKE_PREFIX_PATH}:/opt/ros/jazzy DEBUGINFOD_URLS=https://debuginfod.ubuntu.com /usr/bin/cmake --install /home/silo/Desktop/cleaning_robot_ws/build/robot_control
