[0.034s] Invoking command in '/home/silo/Desktop/cleaning_robot_ws/build/robot_camera': CMAKE_PREFIX_PATH=${CMAKE_PREFIX_PATH}:/opt/ros/jazzy DEBUGINFOD_URLS=https://debuginfod.ubuntu.com /usr/bin/cmake --build /home/silo/Desktop/cleaning_robot_ws/build/robot_camera -- -j12 -l12
[0.108s] Invoked command in '/home/silo/Desktop/cleaning_robot_ws/build/robot_camera' returned '0': CMAKE_PREFIX_PATH=${CMAKE_PREFIX_PATH}:/opt/ros/jazzy DEBUGINFOD_URLS=https://debuginfod.ubuntu.com /usr/bin/cmake --build /home/silo/Desktop/cleaning_robot_ws/build/robot_camera -- -j12 -l12
[0.148s] Invoking command in '/home/silo/Desktop/cleaning_robot_ws/build/robot_camera': CMAKE_PREFIX_PATH=${CMAKE_PREFIX_PATH}:/opt/ros/jazzy DEBUGINFOD_URLS=https://debuginfod.ubuntu.com /usr/bin/cmake --install /home/silo/Desktop/cleaning_robot_ws/build/robot_camera
[0.167s] -- Install configuration: ""
[0.169s] -- Execute custom install script
[0.171s] -- Up-to-date symlink: /home/silo/Desktop/cleaning_robot_ws/install/robot_camera/share/ament_index/resource_index/package_run_dependencies/robot_camera
[0.172s] -- Up-to-date symlink: /home/silo/Desktop/cleaning_robot_ws/install/robot_camera/share/ament_index/resource_index/parent_prefix_path/robot_camera
[0.174s] -- Up-to-date symlink: /home/silo/Desktop/cleaning_robot_ws/install/robot_camera/share/robot_camera/environment/ament_prefix_path.sh
[0.175s] -- Up-to-date symlink: /home/silo/Desktop/cleaning_robot_ws/install/robot_camera/share/robot_camera/environment/ament_prefix_path.dsv
[0.177s] -- Up-to-date symlink: /home/silo/Desktop/cleaning_robot_ws/install/robot_camera/share/robot_camera/environment/path.sh
[0.180s] -- Up-to-date symlink: /home/silo/Desktop/cleaning_robot_ws/install/robot_camera/share/robot_camera/environment/path.dsv
[0.180s] -- Up-to-date symlink: /home/silo/Desktop/cleaning_robot_ws/install/robot_camera/share/robot_camera/local_setup.bash
[0.181s] -- Up-to-date symlink: /home/silo/Desktop/cleaning_robot_ws/install/robot_camera/share/robot_camera/local_setup.sh
[0.183s] -- Up-to-date symlink: /home/silo/Desktop/cleaning_robot_ws/install/robot_camera/share/robot_camera/local_setup.zsh
[0.184s] -- Up-to-date symlink: /home/silo/Desktop/cleaning_robot_ws/install/robot_camera/share/robot_camera/local_setup.dsv
[0.184s] -- Symlinking: /home/silo/Desktop/cleaning_robot_ws/install/robot_camera/share/robot_camera/package.dsv
[0.195s] -- Up-to-date symlink: /home/silo/Desktop/cleaning_robot_ws/install/robot_camera/share/ament_index/resource_index/packages/robot_camera
[0.195s] -- Up-to-date symlink: /home/silo/Desktop/cleaning_robot_ws/install/robot_camera/share/robot_camera/cmake/robot_cameraConfig.cmake
[0.195s] -- Up-to-date symlink: /home/silo/Desktop/cleaning_robot_ws/install/robot_camera/share/robot_camera/cmake/robot_cameraConfig-version.cmake
[0.196s] -- Up-to-date symlink: /home/silo/Desktop/cleaning_robot_ws/install/robot_camera/share/robot_camera/package.xml
[0.219s] Invoked command in '/home/silo/Desktop/cleaning_robot_ws/build/robot_camera' returned '0': CMAKE_PREFIX_PATH=${CMAKE_PREFIX_PATH}:/opt/ros/jazzy DEBUGINFOD_URLS=https://debuginfod.ubuntu.com /usr/bin/cmake --install /home/silo/Desktop/cleaning_robot_ws/build/robot_camera
