[0.021s] Invoking command in '/home/silo/Desktop/cleaning_robot_ws/build/robot_simulation': CMAKE_PREFIX_PATH=${CMAKE_PREFIX_PATH}:/opt/ros/jazzy DEBUGINFOD_URLS=https://debuginfod.ubuntu.com /usr/bin/cmake --build /home/silo/Desktop/cleaning_robot_ws/build/robot_simulation -- -j12 -l12
[0.070s] Invoked command in '/home/silo/Desktop/cleaning_robot_ws/build/robot_simulation' returned '0': CMAKE_PREFIX_PATH=${CMAKE_PREFIX_PATH}:/opt/ros/jazzy DEBUGINFOD_URLS=https://debuginfod.ubuntu.com /usr/bin/cmake --build /home/silo/Desktop/cleaning_robot_ws/build/robot_simulation -- -j12 -l12
[0.099s] Invoking command in '/home/silo/Desktop/cleaning_robot_ws/build/robot_simulation': CMAKE_PREFIX_PATH=${CMAKE_PREFIX_PATH}:/opt/ros/jazzy DEBUGINFOD_URLS=https://debuginfod.ubuntu.com /usr/bin/cmake --install /home/silo/Desktop/cleaning_robot_ws/build/robot_simulation
[0.108s] -- Install configuration: ""
[0.109s] -- Execute custom install script
[0.109s] -- Up-to-date symlink: /home/silo/Desktop/cleaning_robot_ws/install/robot_simulation/share/ament_index/resource_index/package_run_dependencies/robot_simulation
[0.110s] -- Up-to-date symlink: /home/silo/Desktop/cleaning_robot_ws/install/robot_simulation/share/ament_index/resource_index/parent_prefix_path/robot_simulation
[0.111s] -- Up-to-date symlink: /home/silo/Desktop/cleaning_robot_ws/install/robot_simulation/share/robot_simulation/environment/ament_prefix_path.sh
[0.111s] -- Up-to-date symlink: /home/silo/Desktop/cleaning_robot_ws/install/robot_simulation/share/robot_simulation/environment/ament_prefix_path.dsv
[0.112s] -- Up-to-date symlink: /home/silo/Desktop/cleaning_robot_ws/install/robot_simulation/share/robot_simulation/environment/path.sh
[0.112s] -- Up-to-date symlink: /home/silo/Desktop/cleaning_robot_ws/install/robot_simulation/share/robot_simulation/environment/path.dsv
[0.113s] -- Up-to-date symlink: /home/silo/Desktop/cleaning_robot_ws/install/robot_simulation/share/robot_simulation/local_setup.bash
[0.114s] -- Up-to-date symlink: /home/silo/Desktop/cleaning_robot_ws/install/robot_simulation/share/robot_simulation/local_setup.sh
[0.114s] -- Up-to-date symlink: /home/silo/Desktop/cleaning_robot_ws/install/robot_simulation/share/robot_simulation/local_setup.zsh
[0.116s] -- Up-to-date symlink: /home/silo/Desktop/cleaning_robot_ws/install/robot_simulation/share/robot_simulation/local_setup.dsv
[0.116s] -- Symlinking: /home/silo/Desktop/cleaning_robot_ws/install/robot_simulation/share/robot_simulation/package.dsv
[0.130s] -- Up-to-date symlink: /home/silo/Desktop/cleaning_robot_ws/install/robot_simulation/share/ament_index/resource_index/packages/robot_simulation
[0.131s] -- Up-to-date symlink: /home/silo/Desktop/cleaning_robot_ws/install/robot_simulation/share/robot_simulation/cmake/robot_simulationConfig.cmake
[0.131s] -- Up-to-date symlink: /home/silo/Desktop/cleaning_robot_ws/install/robot_simulation/share/robot_simulation/cmake/robot_simulationConfig-version.cmake
[0.131s] -- Up-to-date symlink: /home/silo/Desktop/cleaning_robot_ws/install/robot_simulation/share/robot_simulation/package.xml
[0.152s] Invoked command in '/home/silo/Desktop/cleaning_robot_ws/build/robot_simulation' returned '0': CMAKE_PREFIX_PATH=${CMAKE_PREFIX_PATH}:/opt/ros/jazzy DEBUGINFOD_URLS=https://debuginfod.ubuntu.com /usr/bin/cmake --install /home/silo/Desktop/cleaning_robot_ws/build/robot_simulation
