[0.160s] DEBUG:colcon:Command line arguments: ['/usr/bin/colcon', 'build']
[0.160s] DEBUG:colcon:Parsed command line arguments: Namespace(log_base=None, log_level=None, verb_name='build', build_base='build', install_base='install', merge_install=False, symlink_install=False, test_result_base=None, continue_on_error=False, executor='parallel', parallel_workers=12, event_handlers=None, ignore_user_meta=False, metas=['./colcon.meta'], base_paths=['.'], packages_ignore=None, packages_ignore_regex=None, paths=None, packages_up_to=None, packages_up_to_regex=None, packages_above=None, packages_above_and_dependencies=None, packages_above_depth=None, packages_select_by_dep=None, packages_skip_by_dep=None, packages_skip_up_to=None, packages_select_build_failed=False, packages_skip_build_finished=False, packages_select_test_failures=False, packages_skip_test_passed=False, packages_select=None, packages_skip=None, packages_select_regex=None, packages_skip_regex=None, packages_start=None, packages_end=None, allow_overriding=[], cmake_args=None, cmake_target=None, cmake_target_skip_unavailable=False, cmake_clean_cache=False, cmake_clean_first=False, cmake_force_configure=False, ament_cmake_args=None, catkin_cmake_args=None, catkin_skip_building_tests=False, mixin_files=None, mixin=None, verb_parser=<colcon_mixin.mixin.mixin_argument.MixinArgumentDecorator object at 0x7ab810e321e0>, verb_extension=<colcon_core.verb.build.BuildVerb object at 0x7ab810dafdd0>, main=<bound method BuildVerb.main of <colcon_core.verb.build.BuildVerb object at 0x7ab810dafdd0>>, mixin_verb=('build',))
[0.219s] Level 1:colcon.colcon_core.package_discovery:discover_packages(colcon_meta) check parameters
[0.220s] Level 1:colcon.colcon_core.package_discovery:discover_packages(recursive) check parameters
[0.220s] Level 1:colcon.colcon_core.package_discovery:discover_packages(ignore) check parameters
[0.220s] Level 1:colcon.colcon_core.package_discovery:discover_packages(path) check parameters
[0.220s] Level 1:colcon.colcon_core.package_discovery:discover_packages(colcon_meta) discover
[0.220s] Level 1:colcon.colcon_core.package_discovery:discover_packages(recursive) discover
[0.220s] INFO:colcon.colcon_core.package_discovery:Crawling recursively for packages in '/home/silo/Desktop/cleaning_robot_ws'
[0.220s] Level 1:colcon.colcon_core.package_identification:_identify(.) by extensions ['ignore', 'ignore_ament_install']
[0.220s] Level 1:colcon.colcon_core.package_identification:_identify(.) by extension 'ignore'
[0.220s] Level 1:colcon.colcon_core.package_identification:_identify(.) by extension 'ignore_ament_install'
[0.220s] Level 1:colcon.colcon_core.package_identification:_identify(.) by extensions ['colcon_pkg']
[0.220s] Level 1:colcon.colcon_core.package_identification:_identify(.) by extension 'colcon_pkg'
[0.220s] Level 1:colcon.colcon_core.package_identification:_identify(.) by extensions ['colcon_meta']
[0.220s] Level 1:colcon.colcon_core.package_identification:_identify(.) by extension 'colcon_meta'
[0.220s] Level 1:colcon.colcon_core.package_identification:_identify(.) by extensions ['ros']
[0.221s] Level 1:colcon.colcon_core.package_identification:_identify(.) by extension 'ros'
[0.256s] Level 1:colcon.colcon_core.package_identification:_identify(.) by extensions ['cmake', 'python']
[0.256s] Level 1:colcon.colcon_core.package_identification:_identify(.) by extension 'cmake'
[0.256s] Level 1:colcon.colcon_core.package_identification:_identify(.) by extension 'python'
[0.256s] Level 1:colcon.colcon_core.package_identification:_identify(.) by extensions ['python_setup_py']
[0.256s] Level 1:colcon.colcon_core.package_identification:_identify(.) by extension 'python_setup_py'
[0.256s] Level 1:colcon.colcon_core.package_identification:_identify(build) by extensions ['ignore', 'ignore_ament_install']
[0.256s] Level 1:colcon.colcon_core.package_identification:_identify(build) by extension 'ignore'
[0.256s] Level 1:colcon.colcon_core.package_identification:_identify(build) ignored
[0.256s] Level 1:colcon.colcon_core.package_identification:_identify(install) by extensions ['ignore', 'ignore_ament_install']
[0.257s] Level 1:colcon.colcon_core.package_identification:_identify(install) by extension 'ignore'
[0.257s] Level 1:colcon.colcon_core.package_identification:_identify(install) ignored
[0.257s] Level 1:colcon.colcon_core.package_identification:_identify(log) by extensions ['ignore', 'ignore_ament_install']
[0.257s] Level 1:colcon.colcon_core.package_identification:_identify(log) by extension 'ignore'
[0.257s] Level 1:colcon.colcon_core.package_identification:_identify(log) ignored
[0.257s] Level 1:colcon.colcon_core.package_identification:_identify(src) by extensions ['ignore', 'ignore_ament_install']
[0.257s] Level 1:colcon.colcon_core.package_identification:_identify(src) by extension 'ignore'
[0.257s] Level 1:colcon.colcon_core.package_identification:_identify(src) by extension 'ignore_ament_install'
[0.257s] Level 1:colcon.colcon_core.package_identification:_identify(src) by extensions ['colcon_pkg']
[0.257s] Level 1:colcon.colcon_core.package_identification:_identify(src) by extension 'colcon_pkg'
[0.258s] Level 1:colcon.colcon_core.package_identification:_identify(src) by extensions ['colcon_meta']
[0.258s] Level 1:colcon.colcon_core.package_identification:_identify(src) by extension 'colcon_meta'
[0.258s] Level 1:colcon.colcon_core.package_identification:_identify(src) by extensions ['ros']
[0.258s] Level 1:colcon.colcon_core.package_identification:_identify(src) by extension 'ros'
[0.258s] Level 1:colcon.colcon_core.package_identification:_identify(src) by extensions ['cmake', 'python']
[0.258s] Level 1:colcon.colcon_core.package_identification:_identify(src) by extension 'cmake'
[0.258s] Level 1:colcon.colcon_core.package_identification:_identify(src) by extension 'python'
[0.258s] Level 1:colcon.colcon_core.package_identification:_identify(src) by extensions ['python_setup_py']
[0.258s] Level 1:colcon.colcon_core.package_identification:_identify(src) by extension 'python_setup_py'
[0.258s] Level 1:colcon.colcon_core.package_identification:_identify(src/robot_control) by extensions ['ignore', 'ignore_ament_install']
[0.258s] Level 1:colcon.colcon_core.package_identification:_identify(src/robot_control) by extension 'ignore'
[0.258s] Level 1:colcon.colcon_core.package_identification:_identify(src/robot_control) by extension 'ignore_ament_install'
[0.258s] Level 1:colcon.colcon_core.package_identification:_identify(src/robot_control) by extensions ['colcon_pkg']
[0.258s] Level 1:colcon.colcon_core.package_identification:_identify(src/robot_control) by extension 'colcon_pkg'
[0.259s] Level 1:colcon.colcon_core.package_identification:_identify(src/robot_control) by extensions ['colcon_meta']
[0.259s] Level 1:colcon.colcon_core.package_identification:_identify(src/robot_control) by extension 'colcon_meta'
[0.259s] Level 1:colcon.colcon_core.package_identification:_identify(src/robot_control) by extensions ['ros']
[0.259s] Level 1:colcon.colcon_core.package_identification:_identify(src/robot_control) by extension 'ros'
[0.259s] Level 1:colcon.colcon_core.package_identification:_identify(src/robot_control) by extensions ['cmake', 'python']
[0.259s] Level 1:colcon.colcon_core.package_identification:_identify(src/robot_control) by extension 'cmake'
[0.259s] Level 1:colcon.colcon_core.package_identification:_identify(src/robot_control) by extension 'python'
[0.259s] Level 1:colcon.colcon_core.package_identification:_identify(src/robot_control) by extensions ['python_setup_py']
[0.259s] Level 1:colcon.colcon_core.package_identification:_identify(src/robot_control) by extension 'python_setup_py'
[0.259s] Level 1:colcon.colcon_core.package_identification:_identify(src/robot_control/config) by extensions ['ignore', 'ignore_ament_install']
[0.259s] Level 1:colcon.colcon_core.package_identification:_identify(src/robot_control/config) by extension 'ignore'
[0.259s] Level 1:colcon.colcon_core.package_identification:_identify(src/robot_control/config) by extension 'ignore_ament_install'
[0.259s] Level 1:colcon.colcon_core.package_identification:_identify(src/robot_control/config) by extensions ['colcon_pkg']
[0.260s] Level 1:colcon.colcon_core.package_identification:_identify(src/robot_control/config) by extension 'colcon_pkg'
[0.260s] Level 1:colcon.colcon_core.package_identification:_identify(src/robot_control/config) by extensions ['colcon_meta']
[0.260s] Level 1:colcon.colcon_core.package_identification:_identify(src/robot_control/config) by extension 'colcon_meta'
[0.260s] Level 1:colcon.colcon_core.package_identification:_identify(src/robot_control/config) by extensions ['ros']
[0.260s] Level 1:colcon.colcon_core.package_identification:_identify(src/robot_control/config) by extension 'ros'
[0.260s] Level 1:colcon.colcon_core.package_identification:_identify(src/robot_control/config) by extensions ['cmake', 'python']
[0.260s] Level 1:colcon.colcon_core.package_identification:_identify(src/robot_control/config) by extension 'cmake'
[0.260s] Level 1:colcon.colcon_core.package_identification:_identify(src/robot_control/config) by extension 'python'
[0.260s] Level 1:colcon.colcon_core.package_identification:_identify(src/robot_control/config) by extensions ['python_setup_py']
[0.260s] Level 1:colcon.colcon_core.package_identification:_identify(src/robot_control/config) by extension 'python_setup_py'
[0.260s] Level 1:colcon.colcon_core.package_identification:_identify(src/robot_control/launch) by extensions ['ignore', 'ignore_ament_install']
[0.260s] Level 1:colcon.colcon_core.package_identification:_identify(src/robot_control/launch) by extension 'ignore'
[0.261s] Level 1:colcon.colcon_core.package_identification:_identify(src/robot_control/launch) by extension 'ignore_ament_install'
[0.261s] Level 1:colcon.colcon_core.package_identification:_identify(src/robot_control/launch) by extensions ['colcon_pkg']
[0.261s] Level 1:colcon.colcon_core.package_identification:_identify(src/robot_control/launch) by extension 'colcon_pkg'
[0.261s] Level 1:colcon.colcon_core.package_identification:_identify(src/robot_control/launch) by extensions ['colcon_meta']
[0.261s] Level 1:colcon.colcon_core.package_identification:_identify(src/robot_control/launch) by extension 'colcon_meta'
[0.261s] Level 1:colcon.colcon_core.package_identification:_identify(src/robot_control/launch) by extensions ['ros']
[0.261s] Level 1:colcon.colcon_core.package_identification:_identify(src/robot_control/launch) by extension 'ros'
[0.261s] Level 1:colcon.colcon_core.package_identification:_identify(src/robot_control/launch) by extensions ['cmake', 'python']
[0.261s] Level 1:colcon.colcon_core.package_identification:_identify(src/robot_control/launch) by extension 'cmake'
[0.261s] Level 1:colcon.colcon_core.package_identification:_identify(src/robot_control/launch) by extension 'python'
[0.261s] Level 1:colcon.colcon_core.package_identification:_identify(src/robot_control/launch) by extensions ['python_setup_py']
[0.261s] Level 1:colcon.colcon_core.package_identification:_identify(src/robot_control/launch) by extension 'python_setup_py'
[0.261s] Level 1:colcon.colcon_core.package_identification:_identify(src/robot_description) by extensions ['ignore', 'ignore_ament_install']
[0.261s] Level 1:colcon.colcon_core.package_identification:_identify(src/robot_description) by extension 'ignore'
[0.262s] Level 1:colcon.colcon_core.package_identification:_identify(src/robot_description) by extension 'ignore_ament_install'
[0.262s] Level 1:colcon.colcon_core.package_identification:_identify(src/robot_description) by extensions ['colcon_pkg']
[0.262s] Level 1:colcon.colcon_core.package_identification:_identify(src/robot_description) by extension 'colcon_pkg'
[0.262s] Level 1:colcon.colcon_core.package_identification:_identify(src/robot_description) by extensions ['colcon_meta']
[0.262s] Level 1:colcon.colcon_core.package_identification:_identify(src/robot_description) by extension 'colcon_meta'
[0.262s] Level 1:colcon.colcon_core.package_identification:_identify(src/robot_description) by extensions ['ros']
[0.262s] Level 1:colcon.colcon_core.package_identification:_identify(src/robot_description) by extension 'ros'
[0.262s] Level 1:colcon.colcon_core.package_identification:_identify(src/robot_description) by extensions ['cmake', 'python']
[0.262s] Level 1:colcon.colcon_core.package_identification:_identify(src/robot_description) by extension 'cmake'
[0.262s] Level 1:colcon.colcon_core.package_identification:_identify(src/robot_description) by extension 'python'
[0.262s] Level 1:colcon.colcon_core.package_identification:_identify(src/robot_description) by extensions ['python_setup_py']
[0.262s] Level 1:colcon.colcon_core.package_identification:_identify(src/robot_description) by extension 'python_setup_py'
[0.262s] Level 1:colcon.colcon_core.package_identification:_identify(src/robot_description/config) by extensions ['ignore', 'ignore_ament_install']
[0.262s] Level 1:colcon.colcon_core.package_identification:_identify(src/robot_description/config) by extension 'ignore'
[0.263s] Level 1:colcon.colcon_core.package_identification:_identify(src/robot_description/config) by extension 'ignore_ament_install'
[0.263s] Level 1:colcon.colcon_core.package_identification:_identify(src/robot_description/config) by extensions ['colcon_pkg']
[0.263s] Level 1:colcon.colcon_core.package_identification:_identify(src/robot_description/config) by extension 'colcon_pkg'
[0.263s] Level 1:colcon.colcon_core.package_identification:_identify(src/robot_description/config) by extensions ['colcon_meta']
[0.263s] Level 1:colcon.colcon_core.package_identification:_identify(src/robot_description/config) by extension 'colcon_meta'
[0.263s] Level 1:colcon.colcon_core.package_identification:_identify(src/robot_description/config) by extensions ['ros']
[0.263s] Level 1:colcon.colcon_core.package_identification:_identify(src/robot_description/config) by extension 'ros'
[0.263s] Level 1:colcon.colcon_core.package_identification:_identify(src/robot_description/config) by extensions ['cmake', 'python']
[0.263s] Level 1:colcon.colcon_core.package_identification:_identify(src/robot_description/config) by extension 'cmake'
[0.263s] Level 1:colcon.colcon_core.package_identification:_identify(src/robot_description/config) by extension 'python'
[0.263s] Level 1:colcon.colcon_core.package_identification:_identify(src/robot_description/config) by extensions ['python_setup_py']
[0.263s] Level 1:colcon.colcon_core.package_identification:_identify(src/robot_description/config) by extension 'python_setup_py'
[0.263s] Level 1:colcon.colcon_core.package_identification:_identify(src/robot_description/launch) by extensions ['ignore', 'ignore_ament_install']
[0.264s] Level 1:colcon.colcon_core.package_identification:_identify(src/robot_description/launch) by extension 'ignore'
[0.264s] Level 1:colcon.colcon_core.package_identification:_identify(src/robot_description/launch) by extension 'ignore_ament_install'
[0.264s] Level 1:colcon.colcon_core.package_identification:_identify(src/robot_description/launch) by extensions ['colcon_pkg']
[0.264s] Level 1:colcon.colcon_core.package_identification:_identify(src/robot_description/launch) by extension 'colcon_pkg'
[0.264s] Level 1:colcon.colcon_core.package_identification:_identify(src/robot_description/launch) by extensions ['colcon_meta']
[0.264s] Level 1:colcon.colcon_core.package_identification:_identify(src/robot_description/launch) by extension 'colcon_meta'
[0.264s] Level 1:colcon.colcon_core.package_identification:_identify(src/robot_description/launch) by extensions ['ros']
[0.264s] Level 1:colcon.colcon_core.package_identification:_identify(src/robot_description/launch) by extension 'ros'
[0.264s] Level 1:colcon.colcon_core.package_identification:_identify(src/robot_description/launch) by extensions ['cmake', 'python']
[0.264s] Level 1:colcon.colcon_core.package_identification:_identify(src/robot_description/launch) by extension 'cmake'
[0.264s] Level 1:colcon.colcon_core.package_identification:_identify(src/robot_description/launch) by extension 'python'
[0.264s] Level 1:colcon.colcon_core.package_identification:_identify(src/robot_description/launch) by extensions ['python_setup_py']
[0.264s] Level 1:colcon.colcon_core.package_identification:_identify(src/robot_description/launch) by extension 'python_setup_py'
[0.264s] Level 1:colcon.colcon_core.package_identification:_identify(src/robot_description/model) by extensions ['ignore', 'ignore_ament_install']
[0.265s] Level 1:colcon.colcon_core.package_identification:_identify(src/robot_description/model) by extension 'ignore'
[0.265s] Level 1:colcon.colcon_core.package_identification:_identify(src/robot_description/model) by extension 'ignore_ament_install'
[0.265s] Level 1:colcon.colcon_core.package_identification:_identify(src/robot_description/model) by extensions ['colcon_pkg']
[0.265s] Level 1:colcon.colcon_core.package_identification:_identify(src/robot_description/model) by extension 'colcon_pkg'
[0.265s] Level 1:colcon.colcon_core.package_identification:_identify(src/robot_description/model) by extensions ['colcon_meta']
[0.265s] Level 1:colcon.colcon_core.package_identification:_identify(src/robot_description/model) by extension 'colcon_meta'
[0.265s] Level 1:colcon.colcon_core.package_identification:_identify(src/robot_description/model) by extensions ['ros']
[0.265s] Level 1:colcon.colcon_core.package_identification:_identify(src/robot_description/model) by extension 'ros'
[0.265s] Level 1:colcon.colcon_core.package_identification:_identify(src/robot_description/model) by extensions ['cmake', 'python']
[0.265s] Level 1:colcon.colcon_core.package_identification:_identify(src/robot_description/model) by extension 'cmake'
[0.265s] Level 1:colcon.colcon_core.package_identification:_identify(src/robot_description/model) by extension 'python'
[0.265s] Level 1:colcon.colcon_core.package_identification:_identify(src/robot_description/model) by extensions ['python_setup_py']
[0.265s] Level 1:colcon.colcon_core.package_identification:_identify(src/robot_description/model) by extension 'python_setup_py'
[0.265s] Level 1:colcon.colcon_core.package_identification:_identify(src/robot_description/model/fm_description) by extensions ['ignore', 'ignore_ament_install']
[0.266s] Level 1:colcon.colcon_core.package_identification:_identify(src/robot_description/model/fm_description) by extension 'ignore'
[0.266s] Level 1:colcon.colcon_core.package_identification:_identify(src/robot_description/model/fm_description) by extension 'ignore_ament_install'
[0.266s] Level 1:colcon.colcon_core.package_identification:_identify(src/robot_description/model/fm_description) by extensions ['colcon_pkg']
[0.266s] Level 1:colcon.colcon_core.package_identification:_identify(src/robot_description/model/fm_description) by extension 'colcon_pkg'
[0.266s] Level 1:colcon.colcon_core.package_identification:_identify(src/robot_description/model/fm_description) by extensions ['colcon_meta']
[0.266s] Level 1:colcon.colcon_core.package_identification:_identify(src/robot_description/model/fm_description) by extension 'colcon_meta'
[0.266s] Level 1:colcon.colcon_core.package_identification:_identify(src/robot_description/model/fm_description) by extensions ['ros']
[0.266s] Level 1:colcon.colcon_core.package_identification:_identify(src/robot_description/model/fm_description) by extension 'ros'
[0.266s] Level 1:colcon.colcon_core.package_identification:_identify(src/robot_description/model/fm_description) by extensions ['cmake', 'python']
[0.266s] Level 1:colcon.colcon_core.package_identification:_identify(src/robot_description/model/fm_description) by extension 'cmake'
[0.266s] Level 1:colcon.colcon_core.package_identification:_identify(src/robot_description/model/fm_description) by extension 'python'
[0.266s] Level 1:colcon.colcon_core.package_identification:_identify(src/robot_description/model/fm_description) by extensions ['python_setup_py']
[0.266s] Level 1:colcon.colcon_core.package_identification:_identify(src/robot_description/model/fm_description) by extension 'python_setup_py'
[0.267s] Level 1:colcon.colcon_core.package_identification:_identify(src/robot_description/xacro) by extensions ['ignore', 'ignore_ament_install']
[0.267s] Level 1:colcon.colcon_core.package_identification:_identify(src/robot_description/xacro) by extension 'ignore'
[0.267s] Level 1:colcon.colcon_core.package_identification:_identify(src/robot_description/xacro) by extension 'ignore_ament_install'
[0.267s] Level 1:colcon.colcon_core.package_identification:_identify(src/robot_description/xacro) by extensions ['colcon_pkg']
[0.267s] Level 1:colcon.colcon_core.package_identification:_identify(src/robot_description/xacro) by extension 'colcon_pkg'
[0.267s] Level 1:colcon.colcon_core.package_identification:_identify(src/robot_description/xacro) by extensions ['colcon_meta']
[0.267s] Level 1:colcon.colcon_core.package_identification:_identify(src/robot_description/xacro) by extension 'colcon_meta'
[0.267s] Level 1:colcon.colcon_core.package_identification:_identify(src/robot_description/xacro) by extensions ['ros']
[0.267s] Level 1:colcon.colcon_core.package_identification:_identify(src/robot_description/xacro) by extension 'ros'
[0.267s] Level 1:colcon.colcon_core.package_identification:_identify(src/robot_description/xacro) by extensions ['cmake', 'python']
[0.267s] Level 1:colcon.colcon_core.package_identification:_identify(src/robot_description/xacro) by extension 'cmake'
[0.267s] Level 1:colcon.colcon_core.package_identification:_identify(src/robot_description/xacro) by extension 'python'
[0.267s] Level 1:colcon.colcon_core.package_identification:_identify(src/robot_description/xacro) by extensions ['python_setup_py']
[0.267s] Level 1:colcon.colcon_core.package_identification:_identify(src/robot_description/xacro) by extension 'python_setup_py'
[0.268s] Level 1:colcon.colcon_core.package_identification:_identify(src/robot_in_practice) by extensions ['ignore', 'ignore_ament_install']
[0.268s] Level 1:colcon.colcon_core.package_identification:_identify(src/robot_in_practice) by extension 'ignore'
[0.268s] Level 1:colcon.colcon_core.package_identification:_identify(src/robot_in_practice) by extension 'ignore_ament_install'
[0.268s] Level 1:colcon.colcon_core.package_identification:_identify(src/robot_in_practice) by extensions ['colcon_pkg']
[0.268s] Level 1:colcon.colcon_core.package_identification:_identify(src/robot_in_practice) by extension 'colcon_pkg'
[0.268s] Level 1:colcon.colcon_core.package_identification:_identify(src/robot_in_practice) by extensions ['colcon_meta']
[0.268s] Level 1:colcon.colcon_core.package_identification:_identify(src/robot_in_practice) by extension 'colcon_meta'
[0.268s] Level 1:colcon.colcon_core.package_identification:_identify(src/robot_in_practice) by extensions ['ros']
[0.268s] Level 1:colcon.colcon_core.package_identification:_identify(src/robot_in_practice) by extension 'ros'
[0.268s] Level 1:colcon.colcon_core.package_identification:_identify(src/robot_in_practice) by extensions ['cmake', 'python']
[0.268s] Level 1:colcon.colcon_core.package_identification:_identify(src/robot_in_practice) by extension 'cmake'
[0.268s] Level 1:colcon.colcon_core.package_identification:_identify(src/robot_in_practice) by extension 'python'
[0.268s] Level 1:colcon.colcon_core.package_identification:_identify(src/robot_in_practice) by extensions ['python_setup_py']
[0.268s] Level 1:colcon.colcon_core.package_identification:_identify(src/robot_in_practice) by extension 'python_setup_py'
[0.268s] Level 1:colcon.colcon_core.package_identification:_identify(src/robot_simulation) by extensions ['ignore', 'ignore_ament_install']
[0.269s] Level 1:colcon.colcon_core.package_identification:_identify(src/robot_simulation) by extension 'ignore'
[0.269s] Level 1:colcon.colcon_core.package_identification:_identify(src/robot_simulation) by extension 'ignore_ament_install'
[0.269s] Level 1:colcon.colcon_core.package_identification:_identify(src/robot_simulation) by extensions ['colcon_pkg']
[0.269s] Level 1:colcon.colcon_core.package_identification:_identify(src/robot_simulation) by extension 'colcon_pkg'
[0.269s] Level 1:colcon.colcon_core.package_identification:_identify(src/robot_simulation) by extensions ['colcon_meta']
[0.269s] Level 1:colcon.colcon_core.package_identification:_identify(src/robot_simulation) by extension 'colcon_meta'
[0.269s] Level 1:colcon.colcon_core.package_identification:_identify(src/robot_simulation) by extensions ['ros']
[0.269s] Level 1:colcon.colcon_core.package_identification:_identify(src/robot_simulation) by extension 'ros'
[0.269s] Level 1:colcon.colcon_core.package_identification:_identify(src/robot_simulation) by extensions ['cmake', 'python']
[0.269s] Level 1:colcon.colcon_core.package_identification:_identify(src/robot_simulation) by extension 'cmake'
[0.269s] Level 1:colcon.colcon_core.package_identification:_identify(src/robot_simulation) by extension 'python'
[0.269s] Level 1:colcon.colcon_core.package_identification:_identify(src/robot_simulation) by extensions ['python_setup_py']
[0.269s] Level 1:colcon.colcon_core.package_identification:_identify(src/robot_simulation) by extension 'python_setup_py'
[0.269s] Level 1:colcon.colcon_core.package_discovery:discover_packages(recursive) using defaults
[0.269s] Level 1:colcon.colcon_core.package_discovery:discover_packages(ignore) discover
[0.270s] Level 1:colcon.colcon_core.package_discovery:discover_packages(ignore) using defaults
[0.270s] Level 1:colcon.colcon_core.package_discovery:discover_packages(path) discover
[0.270s] Level 1:colcon.colcon_core.package_discovery:discover_packages(path) using defaults
[0.295s] Level 1:colcon.colcon_core.package_discovery:discover_packages(prefix_path) check parameters
[0.295s] Level 1:colcon.colcon_core.package_discovery:discover_packages(prefix_path) discover
[0.299s] DEBUG:colcon.colcon_installed_package_information.package_discovery:Found 364 installed packages in /opt/ros/jazzy
[0.301s] Level 1:colcon.colcon_core.package_discovery:discover_packages(prefix_path) using defaults
[0.369s] INFO:colcon.colcon_core.executor:Executing jobs using 'parallel' executor
[0.370s] DEBUG:colcon.colcon_parallel_executor.executor.parallel:run_until_complete
[0.370s] DEBUG:colcon.colcon_parallel_executor.executor.parallel:closing loop
[0.370s] DEBUG:colcon.colcon_parallel_executor.executor.parallel:loop closed
[0.370s] DEBUG:colcon.colcon_parallel_executor.executor.parallel:run_until_complete finished with '0'
[0.370s] DEBUG:colcon.colcon_core.event_reactor:joining thread
[0.378s] INFO:colcon.colcon_core.plugin_system:Skipping extension 'colcon_notification.desktop_notification.terminal_notifier': Not used on non-Darwin systems
[0.378s] INFO:colcon.colcon_core.plugin_system:Skipping extension 'colcon_notification.desktop_notification.win32': Not used on non-Windows systems
[0.378s] INFO:colcon.colcon_notification.desktop_notification:Sending desktop notification using 'notify2'
[0.395s] DEBUG:colcon.colcon_core.event_reactor:joined thread
[0.399s] INFO:colcon.colcon_core.plugin_system:Skipping extension 'colcon_core.shell.bat': Not used on non-Windows systems
[0.399s] INFO:colcon.colcon_core.shell:Creating prefix script '/home/silo/Desktop/cleaning_robot_ws/install/local_setup.ps1'
[0.400s] INFO:colcon.colcon_core.shell:Creating prefix util module '/home/silo/Desktop/cleaning_robot_ws/install/_local_setup_util_ps1.py'
[0.402s] INFO:colcon.colcon_core.shell:Creating prefix chain script '/home/silo/Desktop/cleaning_robot_ws/install/setup.ps1'
[0.403s] INFO:colcon.colcon_core.shell:Creating prefix script '/home/silo/Desktop/cleaning_robot_ws/install/local_setup.sh'
[0.403s] INFO:colcon.colcon_core.shell:Creating prefix util module '/home/silo/Desktop/cleaning_robot_ws/install/_local_setup_util_sh.py'
[0.404s] INFO:colcon.colcon_core.shell:Creating prefix chain script '/home/silo/Desktop/cleaning_robot_ws/install/setup.sh'
[0.405s] INFO:colcon.colcon_core.shell:Creating prefix script '/home/silo/Desktop/cleaning_robot_ws/install/local_setup.bash'
[0.406s] INFO:colcon.colcon_core.shell:Creating prefix chain script '/home/silo/Desktop/cleaning_robot_ws/install/setup.bash'
[0.407s] INFO:colcon.colcon_core.shell:Creating prefix script '/home/silo/Desktop/cleaning_robot_ws/install/local_setup.zsh'
[0.408s] INFO:colcon.colcon_core.shell:Creating prefix chain script '/home/silo/Desktop/cleaning_robot_ws/install/setup.zsh'
