[0.032s] Invoking command in '/home/silo/Desktop/cleaning_robot_ws/build/robot_control': CMAKE_PREFIX_PATH=${CMAKE_PREFIX_PATH}:/opt/ros/jazzy DEBUGINFOD_URLS=https://debuginfod.ubuntu.com /usr/bin/cmake /home/silo/Desktop/cleaning_robot_ws/src/robot_control -DCMAKE_INSTALL_PREFIX=/home/silo/Desktop/cleaning_robot_ws/install/robot_control
[0.161s] -- The C compiler identification is GNU 13.2.0
[0.279s] -- The CXX compiler identification is GNU 13.2.0
[0.302s] -- Detecting C compiler ABI info
[0.419s] -- Detecting C compiler ABI info - done
[0.435s] -- Check for working C compiler: /usr/bin/cc - skipped
[0.435s] -- Detecting C compile features
[0.436s] -- Detecting C compile features - done
[0.448s] -- Detecting CXX compiler ABI info
[0.588s] -- Detecting CXX compiler ABI info - done
[0.616s] -- Check for working CXX compiler: /usr/bin/c++ - skipped
[0.617s] -- Detecting CXX compile features
[0.618s] -- Detecting CXX compile features - done
[0.626s] -- Found ament_cmake: 2.5.2 (/opt/ros/jazzy/share/ament_cmake/cmake)
[0.871s] -- Found Python3: /usr/bin/python3 (found version "3.12.3") found components: Interpreter 
[1.065s] -- Found rclcpp: 28.1.3 (/opt/ros/jazzy/share/rclcpp/cmake)
[1.140s] -- Found rosidl_generator_c: 4.6.3 (/opt/ros/jazzy/share/rosidl_generator_c/cmake)
[1.166s] -- Found rosidl_generator_cpp: 4.6.3 (/opt/ros/jazzy/share/rosidl_generator_cpp/cmake)
[1.195s] -- Using all available rosidl_typesupport_c: rosidl_typesupport_fastrtps_c;rosidl_typesupport_introspection_c
[1.228s] -- Using all available rosidl_typesupport_cpp: rosidl_typesupport_fastrtps_cpp;rosidl_typesupport_introspection_cpp
[1.357s] -- Found rmw_implementation_cmake: 7.3.1 (/opt/ros/jazzy/share/rmw_implementation_cmake/cmake)
[1.363s] -- Found rmw_fastrtps_cpp: 8.4.1 (/opt/ros/jazzy/share/rmw_fastrtps_cpp/cmake)
[1.489s] -- Found OpenSSL: /usr/lib/x86_64-linux-gnu/libcrypto.so (found version "3.0.13")  
[1.530s] -- Found FastRTPS: /opt/ros/jazzy/include (Required is at least version "2.13") 
[1.578s] -- Using RMW implementation 'rmw_fastrtps_cpp' as default
[1.706s] -- Found std_msgs: 5.3.5 (/opt/ros/jazzy/share/std_msgs/cmake)
[1.730s] -- Found ament_lint_auto: 0.17.1 (/opt/ros/jazzy/share/ament_lint_auto/cmake)
[1.895s] -- Added test 'lint_cmake' to check CMake code style
[1.898s] -- Added test 'xmllint' to check XML markup files
[1.902s] -- Configuring done (1.9s)
[1.913s] -- Generating done (0.0s)
[1.918s] -- Build files have been written to: /home/silo/Desktop/cleaning_robot_ws/build/robot_control
[1.940s] Invoked command in '/home/silo/Desktop/cleaning_robot_ws/build/robot_control' returned '0': CMAKE_PREFIX_PATH=${CMAKE_PREFIX_PATH}:/opt/ros/jazzy DEBUGINFOD_URLS=https://debuginfod.ubuntu.com /usr/bin/cmake /home/silo/Desktop/cleaning_robot_ws/src/robot_control -DCMAKE_INSTALL_PREFIX=/home/silo/Desktop/cleaning_robot_ws/install/robot_control
[1.944s] Invoking command in '/home/silo/Desktop/cleaning_robot_ws/build/robot_control': CMAKE_PREFIX_PATH=${CMAKE_PREFIX_PATH}:/opt/ros/jazzy DEBUGINFOD_URLS=https://debuginfod.ubuntu.com /usr/bin/cmake --build /home/silo/Desktop/cleaning_robot_ws/build/robot_control -- -j12 -l12
[2.041s] Invoked command in '/home/silo/Desktop/cleaning_robot_ws/build/robot_control' returned '0': CMAKE_PREFIX_PATH=${CMAKE_PREFIX_PATH}:/opt/ros/jazzy DEBUGINFOD_URLS=https://debuginfod.ubuntu.com /usr/bin/cmake --build /home/silo/Desktop/cleaning_robot_ws/build/robot_control -- -j12 -l12
[2.100s] Invoking command in '/home/silo/Desktop/cleaning_robot_ws/build/robot_control': CMAKE_PREFIX_PATH=${CMAKE_PREFIX_PATH}:/opt/ros/jazzy DEBUGINFOD_URLS=https://debuginfod.ubuntu.com /usr/bin/cmake --install /home/silo/Desktop/cleaning_robot_ws/build/robot_control
[2.114s] -- Install configuration: ""
[2.114s] -- Installing: /home/silo/Desktop/cleaning_robot_ws/install/robot_control/share/ament_index/resource_index/package_run_dependencies/robot_control
[2.115s] -- Installing: /home/silo/Desktop/cleaning_robot_ws/install/robot_control/share/ament_index/resource_index/parent_prefix_path/robot_control
[2.117s] -- Installing: /home/silo/Desktop/cleaning_robot_ws/install/robot_control/share/robot_control/environment/ament_prefix_path.sh
[2.118s] -- Installing: /home/silo/Desktop/cleaning_robot_ws/install/robot_control/share/robot_control/environment/ament_prefix_path.dsv
[2.119s] -- Installing: /home/silo/Desktop/cleaning_robot_ws/install/robot_control/share/robot_control/environment/path.sh
[2.119s] -- Installing: /home/silo/Desktop/cleaning_robot_ws/install/robot_control/share/robot_control/environment/path.dsv
[2.120s] -- Installing: /home/silo/Desktop/cleaning_robot_ws/install/robot_control/share/robot_control/local_setup.bash
[2.121s] -- Installing: /home/silo/Desktop/cleaning_robot_ws/install/robot_control/share/robot_control/local_setup.sh
[2.122s] -- Installing: /home/silo/Desktop/cleaning_robot_ws/install/robot_control/share/robot_control/local_setup.zsh
[2.122s] -- Installing: /home/silo/Desktop/cleaning_robot_ws/install/robot_control/share/robot_control/local_setup.dsv
[2.123s] -- Installing: /home/silo/Desktop/cleaning_robot_ws/install/robot_control/share/robot_control/package.dsv
[2.125s] -- Installing: /home/silo/Desktop/cleaning_robot_ws/install/robot_control/share/ament_index/resource_index/packages/robot_control
[2.125s] -- Installing: /home/silo/Desktop/cleaning_robot_ws/install/robot_control/share/robot_control/cmake/robot_controlConfig.cmake
[2.126s] -- Installing: /home/silo/Desktop/cleaning_robot_ws/install/robot_control/share/robot_control/cmake/robot_controlConfig-version.cmake
[2.126s] -- Installing: /home/silo/Desktop/cleaning_robot_ws/install/robot_control/share/robot_control/package.xml
[2.144s] Invoked command in '/home/silo/Desktop/cleaning_robot_ws/build/robot_control' returned '0': CMAKE_PREFIX_PATH=${CMAKE_PREFIX_PATH}:/opt/ros/jazzy DEBUGINFOD_URLS=https://debuginfod.ubuntu.com /usr/bin/cmake --install /home/silo/Desktop/cleaning_robot_ws/build/robot_control
