[0.020s] Invoking command in '/home/silo/Desktop/cleaning_robot_ws/build/robot_in_practice': CMAKE_PREFIX_PATH=${CMAKE_PREFIX_PATH}:/opt/ros/jazzy DEBUGINFOD_URLS=https://debuginfod.ubuntu.com /usr/bin/cmake /home/silo/Desktop/cleaning_robot_ws/src/robot_in_practice -DAMENT_CMAKE_SYMLINK_INSTALL=1 -DCMAKE_INSTALL_PREFIX=/home/silo/Desktop/cleaning_robot_ws/install/robot_in_practice
[0.037s] -- Found ament_cmake: 2.5.2 (/opt/ros/jazzy/share/ament_cmake/cmake)
[0.312s] -- Override CMake install command with custom implementation using symlinks instead of copying resources
[0.327s] -- Found rclcpp: 28.1.3 (/opt/ros/jazzy/share/rclcpp/cmake)
[0.377s] -- Found rosidl_generator_c: 4.6.3 (/opt/ros/jazzy/share/rosidl_generator_c/cmake)
[0.396s] -- Found rosidl_generator_cpp: 4.6.3 (/opt/ros/jazzy/share/rosidl_generator_cpp/cmake)
[0.415s] -- Using all available rosidl_typesupport_c: rosidl_typesupport_fastrtps_c;rosidl_typesupport_introspection_c
[0.438s] -- Using all available rosidl_typesupport_cpp: rosidl_typesupport_fastrtps_cpp;rosidl_typesupport_introspection_cpp
[0.540s] -- Found rmw_implementation_cmake: 7.3.1 (/opt/ros/jazzy/share/rmw_implementation_cmake/cmake)
[0.543s] -- Found rmw_fastrtps_cpp: 8.4.1 (/opt/ros/jazzy/share/rmw_fastrtps_cpp/cmake)
[0.650s] -- Using RMW implementation 'rmw_fastrtps_cpp' as default
[0.741s] -- Found std_msgs: 5.3.5 (/opt/ros/jazzy/share/std_msgs/cmake)
[0.761s] -- Found ament_lint_auto: 0.17.1 (/opt/ros/jazzy/share/ament_lint_auto/cmake)
[0.904s] -- Added test 'lint_cmake' to check CMake code style
[0.906s] -- Added test 'xmllint' to check XML markup files
[0.908s] -- Configuring done (0.9s)
[0.915s] -- Generating done (0.0s)
[0.918s] -- Build files have been written to: /home/silo/Desktop/cleaning_robot_ws/build/robot_in_practice
[0.927s] Invoked command in '/home/silo/Desktop/cleaning_robot_ws/build/robot_in_practice' returned '0': CMAKE_PREFIX_PATH=${CMAKE_PREFIX_PATH}:/opt/ros/jazzy DEBUGINFOD_URLS=https://debuginfod.ubuntu.com /usr/bin/cmake /home/silo/Desktop/cleaning_robot_ws/src/robot_in_practice -DAMENT_CMAKE_SYMLINK_INSTALL=1 -DCMAKE_INSTALL_PREFIX=/home/silo/Desktop/cleaning_robot_ws/install/robot_in_practice
[0.929s] Invoking command in '/home/silo/Desktop/cleaning_robot_ws/build/robot_in_practice': CMAKE_PREFIX_PATH=${CMAKE_PREFIX_PATH}:/opt/ros/jazzy DEBUGINFOD_URLS=https://debuginfod.ubuntu.com /usr/bin/cmake --build /home/silo/Desktop/cleaning_robot_ws/build/robot_in_practice -- -j12 -l12
[0.994s] Invoked command in '/home/silo/Desktop/cleaning_robot_ws/build/robot_in_practice' returned '0': CMAKE_PREFIX_PATH=${CMAKE_PREFIX_PATH}:/opt/ros/jazzy DEBUGINFOD_URLS=https://debuginfod.ubuntu.com /usr/bin/cmake --build /home/silo/Desktop/cleaning_robot_ws/build/robot_in_practice -- -j12 -l12
[1.020s] Invoking command in '/home/silo/Desktop/cleaning_robot_ws/build/robot_in_practice': CMAKE_PREFIX_PATH=${CMAKE_PREFIX_PATH}:/opt/ros/jazzy DEBUGINFOD_URLS=https://debuginfod.ubuntu.com /usr/bin/cmake --install /home/silo/Desktop/cleaning_robot_ws/build/robot_in_practice
[1.031s] -- Install configuration: ""
[1.032s] -- Execute custom install script
[1.032s] -- Symlinking: /home/silo/Desktop/cleaning_robot_ws/install/robot_in_practice/share/ament_index/resource_index/package_run_dependencies/robot_in_practice
[1.044s] -- Symlinking: /home/silo/Desktop/cleaning_robot_ws/install/robot_in_practice/share/ament_index/resource_index/parent_prefix_path/robot_in_practice
[1.055s] -- Symlinking: /home/silo/Desktop/cleaning_robot_ws/install/robot_in_practice/share/robot_in_practice/environment/ament_prefix_path.sh
[1.066s] -- Symlinking: /home/silo/Desktop/cleaning_robot_ws/install/robot_in_practice/share/robot_in_practice/environment/ament_prefix_path.dsv
[1.077s] -- Symlinking: /home/silo/Desktop/cleaning_robot_ws/install/robot_in_practice/share/robot_in_practice/environment/path.sh
[1.089s] -- Symlinking: /home/silo/Desktop/cleaning_robot_ws/install/robot_in_practice/share/robot_in_practice/environment/path.dsv
[1.101s] -- Symlinking: /home/silo/Desktop/cleaning_robot_ws/install/robot_in_practice/share/robot_in_practice/local_setup.bash
[1.112s] -- Symlinking: /home/silo/Desktop/cleaning_robot_ws/install/robot_in_practice/share/robot_in_practice/local_setup.sh
[1.123s] -- Symlinking: /home/silo/Desktop/cleaning_robot_ws/install/robot_in_practice/share/robot_in_practice/local_setup.zsh
[1.135s] -- Symlinking: /home/silo/Desktop/cleaning_robot_ws/install/robot_in_practice/share/robot_in_practice/local_setup.dsv
[1.146s] -- Symlinking: /home/silo/Desktop/cleaning_robot_ws/install/robot_in_practice/share/robot_in_practice/package.dsv
[1.158s] -- Symlinking: /home/silo/Desktop/cleaning_robot_ws/install/robot_in_practice/share/ament_index/resource_index/packages/robot_in_practice
[1.169s] -- Symlinking: /home/silo/Desktop/cleaning_robot_ws/install/robot_in_practice/share/robot_in_practice/cmake/robot_in_practiceConfig.cmake
[1.185s] -- Symlinking: /home/silo/Desktop/cleaning_robot_ws/install/robot_in_practice/share/robot_in_practice/cmake/robot_in_practiceConfig-version.cmake
[1.197s] -- Symlinking: /home/silo/Desktop/cleaning_robot_ws/install/robot_in_practice/share/robot_in_practice/package.xml
[1.210s] Invoked command in '/home/silo/Desktop/cleaning_robot_ws/build/robot_in_practice' returned '0': CMAKE_PREFIX_PATH=${CMAKE_PREFIX_PATH}:/opt/ros/jazzy DEBUGINFOD_URLS=https://debuginfod.ubuntu.com /usr/bin/cmake --install /home/silo/Desktop/cleaning_robot_ws/build/robot_in_practice
