[0.018s] Invoking command in '/home/silo/Desktop/cleaning_robot_ws/build/robot_simulation': CMAKE_PREFIX_PATH=${CMAKE_PREFIX_PATH}:/opt/ros/jazzy DEBUGINFOD_URLS=https://debuginfod.ubuntu.com /usr/bin/cmake --build /home/silo/Desktop/cleaning_robot_ws/build/robot_simulation -- -j12 -l12
[0.053s] Invoked command in '/home/silo/Desktop/cleaning_robot_ws/build/robot_simulation' returned '0': CMAKE_PREFIX_PATH=${CMAKE_PREFIX_PATH}:/opt/ros/jazzy DEBUGINFOD_URLS=https://debuginfod.ubuntu.com /usr/bin/cmake --build /home/silo/Desktop/cleaning_robot_ws/build/robot_simulation -- -j12 -l12
[0.073s] Invoking command in '/home/silo/Desktop/cleaning_robot_ws/build/robot_simulation': CMAKE_PREFIX_PATH=${CMAKE_PREFIX_PATH}:/opt/ros/jazzy DEBUGINFOD_URLS=https://debuginfod.ubuntu.com /usr/bin/cmake --install /home/silo/Desktop/cleaning_robot_ws/build/robot_simulation
[0.081s] -- Install configuration: ""
[0.082s] -- Execute custom install script
[0.082s] -- Up-to-date symlink: /home/silo/Desktop/cleaning_robot_ws/install/robot_simulation/share/robot_simulation/launch/gz.launch.py
[0.083s] -- Symlinking: /home/silo/Desktop/cleaning_robot_ws/install/robot_simulation/share/robot_simulation/config/gazebo_bridge.yaml
[0.093s] -- Up-to-date symlink: /home/silo/Desktop/cleaning_robot_ws/install/robot_simulation/share/robot_simulation/worlds/firstWorld.sdf
[0.093s] -- Up-to-date symlink: /home/silo/Desktop/cleaning_robot_ws/install/robot_simulation/share/ament_index/resource_index/package_run_dependencies/robot_simulation
[0.093s] -- Up-to-date symlink: /home/silo/Desktop/cleaning_robot_ws/install/robot_simulation/share/ament_index/resource_index/parent_prefix_path/robot_simulation
[0.093s] -- Up-to-date symlink: /home/silo/Desktop/cleaning_robot_ws/install/robot_simulation/share/robot_simulation/environment/ament_prefix_path.sh
[0.095s] -- Up-to-date symlink: /home/silo/Desktop/cleaning_robot_ws/install/robot_simulation/share/robot_simulation/environment/ament_prefix_path.dsv
[0.095s] -- Up-to-date symlink: /home/silo/Desktop/cleaning_robot_ws/install/robot_simulation/share/robot_simulation/environment/path.sh
[0.095s] -- Up-to-date symlink: /home/silo/Desktop/cleaning_robot_ws/install/robot_simulation/share/robot_simulation/environment/path.dsv
[0.096s] -- Up-to-date symlink: /home/silo/Desktop/cleaning_robot_ws/install/robot_simulation/share/robot_simulation/local_setup.bash
[0.096s] -- Up-to-date symlink: /home/silo/Desktop/cleaning_robot_ws/install/robot_simulation/share/robot_simulation/local_setup.sh
[0.096s] -- Up-to-date symlink: /home/silo/Desktop/cleaning_robot_ws/install/robot_simulation/share/robot_simulation/local_setup.zsh
[0.097s] -- Up-to-date symlink: /home/silo/Desktop/cleaning_robot_ws/install/robot_simulation/share/robot_simulation/local_setup.dsv
[0.097s] -- Symlinking: /home/silo/Desktop/cleaning_robot_ws/install/robot_simulation/share/robot_simulation/package.dsv
[0.103s] -- Up-to-date symlink: /home/silo/Desktop/cleaning_robot_ws/install/robot_simulation/share/ament_index/resource_index/packages/robot_simulation
[0.103s] -- Up-to-date symlink: /home/silo/Desktop/cleaning_robot_ws/install/robot_simulation/share/robot_simulation/cmake/robot_simulationConfig.cmake
[0.104s] -- Up-to-date symlink: /home/silo/Desktop/cleaning_robot_ws/install/robot_simulation/share/robot_simulation/cmake/robot_simulationConfig-version.cmake
[0.104s] -- Up-to-date symlink: /home/silo/Desktop/cleaning_robot_ws/install/robot_simulation/share/robot_simulation/package.xml
[0.115s] Invoked command in '/home/silo/Desktop/cleaning_robot_ws/build/robot_simulation' returned '0': CMAKE_PREFIX_PATH=${CMAKE_PREFIX_PATH}:/opt/ros/jazzy DEBUGINFOD_URLS=https://debuginfod.ubuntu.com /usr/bin/cmake --install /home/silo/Desktop/cleaning_robot_ws/build/robot_simulation
