-- Found ament_cmake: 2.5.2 (/opt/ros/jazzy/share/ament_cmake/cmake)
-- Override CMake install command with custom implementation using symlinks instead of copying resources
-- Found rclcpp: 28.1.3 (/opt/ros/jazzy/share/rclcpp/cmake)
-- Found rosidl_generator_c: 4.6.3 (/opt/ros/jazzy/share/rosidl_generator_c/cmake)
-- Found rosidl_generator_cpp: 4.6.3 (/opt/ros/jazzy/share/rosidl_generator_cpp/cmake)
-- Using all available rosidl_typesupport_c: rosidl_typesupport_fastrtps_c;rosidl_typesupport_introspection_c
-- Using all available rosidl_typesupport_cpp: rosidl_typesupport_fastrtps_cpp;rosidl_typesupport_introspection_cpp
-- Found rmw_implementation_cmake: 7.3.1 (/opt/ros/jazzy/share/rmw_implementation_cmake/cmake)
-- Found rmw_fastrtps_cpp: 8.4.1 (/opt/ros/jazzy/share/rmw_fastrtps_cpp/cmake)
-- Using RMW implementation 'rmw_fastrtps_cpp' as default
-- Found std_msgs: 5.3.5 (/opt/ros/jazzy/share/std_msgs/cmake)
-- Found ament_lint_auto: 0.17.1 (/opt/ros/jazzy/share/ament_lint_auto/cmake)
-- Added test 'flake8' to check Python code syntax and style conventions
-- Configured 'flake8' exclude dirs and/or files: 
-- Added test 'lint_cmake' to check CMake code style
-- Added test 'pep257' to check Python code against some of the docstring style conventions in PEP 257
-- Added test 'xmllint' to check XML markup files
-- Configuring done (0.7s)
-- Generating done (0.0s)
-- Build files have been written to: /home/silo/Desktop/cleaning_robot_ws/build/robot_simulation
-- Install configuration: ""
-- Execute custom install script
-- Up-to-date symlink: /home/silo/Desktop/cleaning_robot_ws/install/robot_simulation/share/robot_simulation/launch/gz.launch.py
-- Up-to-date symlink: /home/silo/Desktop/cleaning_robot_ws/install/robot_simulation/share/robot_simulation/launch/gz_bridge.launch.py
-- Up-to-date symlink: /home/silo/Desktop/cleaning_robot_ws/install/robot_simulation/share/robot_simulation/launch/nav2.launch.py
-- Up-to-date symlink: /home/silo/Desktop/cleaning_robot_ws/install/robot_simulation/share/robot_simulation/launch/rviz.launch.py
-- Up-to-date symlink: /home/silo/Desktop/cleaning_robot_ws/install/robot_simulation/share/robot_simulation/launch/simulation.launch.py
-- Up-to-date symlink: /home/silo/Desktop/cleaning_robot_ws/install/robot_simulation/share/robot_simulation/launch/slam.launch.py
-- Up-to-date symlink: /home/silo/Desktop/cleaning_robot_ws/install/robot_simulation/share/robot_simulation/launch/test_lidar.launch.py
-- Up-to-date symlink: /home/silo/Desktop/cleaning_robot_ws/install/robot_simulation/share/robot_simulation/launch/test_lidar_and_robot.launch.py
-- Up-to-date symlink: /home/silo/Desktop/cleaning_robot_ws/install/robot_simulation/share/robot_simulation/launch/tester.launch.py
-- Up-to-date symlink: /home/silo/Desktop/cleaning_robot_ws/install/robot_simulation/share/robot_simulation/launch/tf_broadcaster.launch.py
-- Up-to-date symlink: /home/silo/Desktop/cleaning_robot_ws/install/robot_simulation/share/robot_simulation/config/all_in_one.rviz
-- Up-to-date symlink: /home/silo/Desktop/cleaning_robot_ws/install/robot_simulation/share/robot_simulation/config/gazebo_params.yaml
-- Up-to-date symlink: /home/silo/Desktop/cleaning_robot_ws/install/robot_simulation/share/robot_simulation/config/gz_bridge.yaml
-- Up-to-date symlink: /home/silo/Desktop/cleaning_robot_ws/install/robot_simulation/share/robot_simulation/config/laserscan.rviz
-- Up-to-date symlink: /home/silo/Desktop/cleaning_robot_ws/install/robot_simulation/share/robot_simulation/config/mapper_params_online_async.yaml
-- Up-to-date symlink: /home/silo/Desktop/cleaning_robot_ws/install/robot_simulation/share/robot_simulation/config/odom.rviz
-- Up-to-date symlink: /home/silo/Desktop/cleaning_robot_ws/install/robot_simulation/share/robot_simulation/config/show_lidar_scanner_output.rviz
-- Up-to-date symlink: /home/silo/Desktop/cleaning_robot_ws/install/robot_simulation/share/robot_simulation/config/view_robot.rviz
-- Up-to-date symlink: /home/silo/Desktop/cleaning_robot_ws/install/robot_simulation/share/robot_simulation/worlds/firstWorld.sdf
-- Up-to-date symlink: /home/silo/Desktop/cleaning_robot_ws/install/robot_simulation/share/robot_simulation/worlds/lidar_and_robot_world.sdf
-- Up-to-date symlink: /home/silo/Desktop/cleaning_robot_ws/install/robot_simulation/share/robot_simulation/worlds/lidar_world.sdf
-- Up-to-date symlink: /home/silo/Desktop/cleaning_robot_ws/install/robot_simulation/share/robot_simulation/worlds/robot_model.sdf
-- Up-to-date symlink: /home/silo/Desktop/cleaning_robot_ws/install/robot_simulation/share/robot_simulation/worlds/square_room.sdf
-- Symlinking: /home/silo/Desktop/cleaning_robot_ws/install/robot_simulation/share/robot_simulation/tf_broadcaster/tf_broadcaster.py
-- Up-to-date symlink: /home/silo/Desktop/cleaning_robot_ws/install/robot_simulation/share/ament_index/resource_index/package_run_dependencies/robot_simulation
-- Up-to-date symlink: /home/silo/Desktop/cleaning_robot_ws/install/robot_simulation/share/ament_index/resource_index/parent_prefix_path/robot_simulation
-- Up-to-date symlink: /home/silo/Desktop/cleaning_robot_ws/install/robot_simulation/share/robot_simulation/environment/ament_prefix_path.sh
-- Up-to-date symlink: /home/silo/Desktop/cleaning_robot_ws/install/robot_simulation/share/robot_simulation/environment/ament_prefix_path.dsv
-- Up-to-date symlink: /home/silo/Desktop/cleaning_robot_ws/install/robot_simulation/share/robot_simulation/environment/path.sh
-- Up-to-date symlink: /home/silo/Desktop/cleaning_robot_ws/install/robot_simulation/share/robot_simulation/environment/path.dsv
-- Up-to-date symlink: /home/silo/Desktop/cleaning_robot_ws/install/robot_simulation/share/robot_simulation/local_setup.bash
-- Up-to-date symlink: /home/silo/Desktop/cleaning_robot_ws/install/robot_simulation/share/robot_simulation/local_setup.sh
-- Up-to-date symlink: /home/silo/Desktop/cleaning_robot_ws/install/robot_simulation/share/robot_simulation/local_setup.zsh
-- Up-to-date symlink: /home/silo/Desktop/cleaning_robot_ws/install/robot_simulation/share/robot_simulation/local_setup.dsv
-- Symlinking: /home/silo/Desktop/cleaning_robot_ws/install/robot_simulation/share/robot_simulation/package.dsv
-- Up-to-date symlink: /home/silo/Desktop/cleaning_robot_ws/install/robot_simulation/share/ament_index/resource_index/packages/robot_simulation
-- Up-to-date symlink: /home/silo/Desktop/cleaning_robot_ws/install/robot_simulation/share/robot_simulation/cmake/robot_simulationConfig.cmake
-- Up-to-date symlink: /home/silo/Desktop/cleaning_robot_ws/install/robot_simulation/share/robot_simulation/cmake/robot_simulationConfig-version.cmake
-- Up-to-date symlink: /home/silo/Desktop/cleaning_robot_ws/install/robot_simulation/share/robot_simulation/package.xml
