-- Found ament_cmake: 2.5.2 (/opt/ros/jazzy/share/ament_cmake/cmake)
-- Override CMake install command with custom implementation using symlinks instead of copying resources
-- Found rclcpp: 28.1.3 (/opt/ros/jazzy/share/rclcpp/cmake)
-- Found rosidl_generator_c: 4.6.3 (/opt/ros/jazzy/share/rosidl_generator_c/cmake)
-- Found rosidl_generator_cpp: 4.6.3 (/opt/ros/jazzy/share/rosidl_generator_cpp/cmake)
-- Using all available rosidl_typesupport_c: rosidl_typesupport_fastrtps_c;rosidl_typesupport_introspection_c
-- Using all available rosidl_typesupport_cpp: rosidl_typesupport_fastrtps_cpp;rosidl_typesupport_introspection_cpp
-- Found rmw_implementation_cmake: 7.3.1 (/opt/ros/jazzy/share/rmw_implementation_cmake/cmake)
-- Found rmw_fastrtps_cpp: 8.4.1 (/opt/ros/jazzy/share/rmw_fastrtps_cpp/cmake)
-- Using RMW implementation 'rmw_fastrtps_cpp' as default
-- Found std_msgs: 5.3.5 (/opt/ros/jazzy/share/std_msgs/cmake)
-- Found ament_lint_auto: 0.17.1 (/opt/ros/jazzy/share/ament_lint_auto/cmake)
-- Added test 'flake8' to check Python code syntax and style conventions
-- Configured 'flake8' exclude dirs and/or files: 
-- Added test 'lint_cmake' to check CMake code style
-- Added test 'pep257' to check Python code against some of the docstring style conventions in PEP 257
-- Added test 'xmllint' to check XML markup files
-- Configuring done (0.6s)
-- Generating done (0.0s)
-- Build files have been written to: /home/silo/Desktop/cleaning_robot_ws/build/robot_control
-- Install configuration: ""
-- Execute custom install script
-- Up-to-date symlink: /home/silo/Desktop/cleaning_robot_ws/install/robot_control/share/robot_control/launch/keyboard.launch.py
-- Up-to-date symlink: /home/silo/Desktop/cleaning_robot_ws/install/robot_control/share/robot_control/config/controller.yaml
-- Up-to-date symlink: /home/silo/Desktop/cleaning_robot_ws/install/robot_control/share/robot_control/config/diff_drive_controller_velocity.yaml
-- Up-to-date symlink: /home/silo/Desktop/cleaning_robot_ws/install/robot_control/share/robot_control/config/joystick.yaml
-- Up-to-date symlink: /home/silo/Desktop/cleaning_robot_ws/install/robot_control/share/robot_control/config/twist_mux.yaml
-- Up-to-date symlink: /home/silo/Desktop/cleaning_robot_ws/install/robot_control/share/ament_index/resource_index/package_run_dependencies/robot_control
-- Up-to-date symlink: /home/silo/Desktop/cleaning_robot_ws/install/robot_control/share/ament_index/resource_index/parent_prefix_path/robot_control
-- Up-to-date symlink: /home/silo/Desktop/cleaning_robot_ws/install/robot_control/share/robot_control/environment/ament_prefix_path.sh
-- Up-to-date symlink: /home/silo/Desktop/cleaning_robot_ws/install/robot_control/share/robot_control/environment/ament_prefix_path.dsv
-- Up-to-date symlink: /home/silo/Desktop/cleaning_robot_ws/install/robot_control/share/robot_control/environment/path.sh
-- Up-to-date symlink: /home/silo/Desktop/cleaning_robot_ws/install/robot_control/share/robot_control/environment/path.dsv
-- Up-to-date symlink: /home/silo/Desktop/cleaning_robot_ws/install/robot_control/share/robot_control/local_setup.bash
-- Up-to-date symlink: /home/silo/Desktop/cleaning_robot_ws/install/robot_control/share/robot_control/local_setup.sh
-- Up-to-date symlink: /home/silo/Desktop/cleaning_robot_ws/install/robot_control/share/robot_control/local_setup.zsh
-- Up-to-date symlink: /home/silo/Desktop/cleaning_robot_ws/install/robot_control/share/robot_control/local_setup.dsv
-- Symlinking: /home/silo/Desktop/cleaning_robot_ws/install/robot_control/share/robot_control/package.dsv
-- Up-to-date symlink: /home/silo/Desktop/cleaning_robot_ws/install/robot_control/share/ament_index/resource_index/packages/robot_control
-- Up-to-date symlink: /home/silo/Desktop/cleaning_robot_ws/install/robot_control/share/robot_control/cmake/robot_controlConfig.cmake
-- Up-to-date symlink: /home/silo/Desktop/cleaning_robot_ws/install/robot_control/share/robot_control/cmake/robot_controlConfig-version.cmake
-- Up-to-date symlink: /home/silo/Desktop/cleaning_robot_ws/install/robot_control/share/robot_control/package.xml
