[0.018s] Invoking command in '/home/silo/Desktop/cleaning_robot_ws/build/robot_control': CMAKE_PREFIX_PATH=${CMAKE_PREFIX_PATH}:/opt/ros/jazzy DEBUGINFOD_URLS=https://debuginfod.ubuntu.com /usr/bin/cmake --build /home/silo/Desktop/cleaning_robot_ws/build/robot_control -- -j12 -l12
[0.042s] -- Found ament_cmake: 2.5.2 (/opt/ros/jazzy/share/ament_cmake/cmake)
[0.252s] -- Override CMake install command with custom implementation using symlinks instead of copying resources
[0.260s] -- Found rclcpp: 28.1.3 (/opt/ros/jazzy/share/rclcpp/cmake)
[0.288s] -- Found rosidl_generator_c: 4.6.3 (/opt/ros/jazzy/share/rosidl_generator_c/cmake)
[0.297s] -- Found rosidl_generator_cpp: 4.6.3 (/opt/ros/jazzy/share/rosidl_generator_cpp/cmake)
[0.309s] -- Using all available rosidl_typesupport_c: rosidl_typesupport_fastrtps_c;rosidl_typesupport_introspection_c
[0.323s] -- Using all available rosidl_typesupport_cpp: rosidl_typesupport_fastrtps_cpp;rosidl_typesupport_introspection_cpp
[0.387s] -- Found rmw_implementation_cmake: 7.3.1 (/opt/ros/jazzy/share/rmw_implementation_cmake/cmake)
[0.388s] -- Found rmw_fastrtps_cpp: 8.4.1 (/opt/ros/jazzy/share/rmw_fastrtps_cpp/cmake)
[0.452s] -- Using RMW implementation 'rmw_fastrtps_cpp' as default
[0.520s] -- Found std_msgs: 5.3.5 (/opt/ros/jazzy/share/std_msgs/cmake)
[0.534s] -- Found ament_lint_auto: 0.17.1 (/opt/ros/jazzy/share/ament_lint_auto/cmake)
[0.626s] -- Added test 'flake8' to check Python code syntax and style conventions
[0.626s] -- Configured 'flake8' exclude dirs and/or files: 
[0.626s] -- Added test 'lint_cmake' to check CMake code style
[0.627s] -- Added test 'pep257' to check Python code against some of the docstring style conventions in PEP 257
[0.627s] -- Added test 'xmllint' to check XML markup files
[0.628s] -- Configuring done (0.6s)
[0.633s] -- Generating done (0.0s)
[0.634s] -- Build files have been written to: /home/silo/Desktop/cleaning_robot_ws/build/robot_control
[0.657s] Invoked command in '/home/silo/Desktop/cleaning_robot_ws/build/robot_control' returned '0': CMAKE_PREFIX_PATH=${CMAKE_PREFIX_PATH}:/opt/ros/jazzy DEBUGINFOD_URLS=https://debuginfod.ubuntu.com /usr/bin/cmake --build /home/silo/Desktop/cleaning_robot_ws/build/robot_control -- -j12 -l12
[0.675s] Invoking command in '/home/silo/Desktop/cleaning_robot_ws/build/robot_control': CMAKE_PREFIX_PATH=${CMAKE_PREFIX_PATH}:/opt/ros/jazzy DEBUGINFOD_URLS=https://debuginfod.ubuntu.com /usr/bin/cmake --install /home/silo/Desktop/cleaning_robot_ws/build/robot_control
[0.682s] -- Install configuration: ""
[0.682s] -- Execute custom install script
[0.682s] -- Up-to-date symlink: /home/silo/Desktop/cleaning_robot_ws/install/robot_control/share/robot_control/launch/keyboard.launch.py
[0.683s] -- Up-to-date symlink: /home/silo/Desktop/cleaning_robot_ws/install/robot_control/share/robot_control/config/controller.yaml
[0.683s] -- Up-to-date symlink: /home/silo/Desktop/cleaning_robot_ws/install/robot_control/share/robot_control/config/diff_drive_controller_velocity.yaml
[0.683s] -- Up-to-date symlink: /home/silo/Desktop/cleaning_robot_ws/install/robot_control/share/robot_control/config/joystick.yaml
[0.683s] -- Up-to-date symlink: /home/silo/Desktop/cleaning_robot_ws/install/robot_control/share/robot_control/config/twist_mux.yaml
[0.683s] -- Up-to-date symlink: /home/silo/Desktop/cleaning_robot_ws/install/robot_control/share/ament_index/resource_index/package_run_dependencies/robot_control
[0.683s] -- Up-to-date symlink: /home/silo/Desktop/cleaning_robot_ws/install/robot_control/share/ament_index/resource_index/parent_prefix_path/robot_control
[0.684s] -- Up-to-date symlink: /home/silo/Desktop/cleaning_robot_ws/install/robot_control/share/robot_control/environment/ament_prefix_path.sh
[0.684s] -- Up-to-date symlink: /home/silo/Desktop/cleaning_robot_ws/install/robot_control/share/robot_control/environment/ament_prefix_path.dsv
[0.684s] -- Up-to-date symlink: /home/silo/Desktop/cleaning_robot_ws/install/robot_control/share/robot_control/environment/path.sh
[0.684s] -- Up-to-date symlink: /home/silo/Desktop/cleaning_robot_ws/install/robot_control/share/robot_control/environment/path.dsv
[0.684s] -- Up-to-date symlink: /home/silo/Desktop/cleaning_robot_ws/install/robot_control/share/robot_control/local_setup.bash
[0.684s] -- Up-to-date symlink: /home/silo/Desktop/cleaning_robot_ws/install/robot_control/share/robot_control/local_setup.sh
[0.684s] -- Up-to-date symlink: /home/silo/Desktop/cleaning_robot_ws/install/robot_control/share/robot_control/local_setup.zsh
[0.685s] -- Up-to-date symlink: /home/silo/Desktop/cleaning_robot_ws/install/robot_control/share/robot_control/local_setup.dsv
[0.685s] -- Symlinking: /home/silo/Desktop/cleaning_robot_ws/install/robot_control/share/robot_control/package.dsv
[0.692s] -- Up-to-date symlink: /home/silo/Desktop/cleaning_robot_ws/install/robot_control/share/ament_index/resource_index/packages/robot_control
[0.693s] -- Up-to-date symlink: /home/silo/Desktop/cleaning_robot_ws/install/robot_control/share/robot_control/cmake/robot_controlConfig.cmake
[0.693s] -- Up-to-date symlink: /home/silo/Desktop/cleaning_robot_ws/install/robot_control/share/robot_control/cmake/robot_controlConfig-version.cmake
[0.693s] -- Up-to-date symlink: /home/silo/Desktop/cleaning_robot_ws/install/robot_control/share/robot_control/package.xml
[0.695s] Invoked command in '/home/silo/Desktop/cleaning_robot_ws/build/robot_control' returned '0': CMAKE_PREFIX_PATH=${CMAKE_PREFIX_PATH}:/opt/ros/jazzy DEBUGINFOD_URLS=https://debuginfod.ubuntu.com /usr/bin/cmake --install /home/silo/Desktop/cleaning_robot_ws/build/robot_control
