[0.134s] DEBUG:colcon:Command line arguments: ['/usr/bin/colcon', 'build', '--symlink-install']
[0.134s] DEBUG:colcon:Parsed command line arguments: Namespace(log_base=None, log_level=None, verb_name='build', build_base='build', install_base='install', merge_install=False, symlink_install=True, test_result_base=None, continue_on_error=False, executor='parallel', parallel_workers=12, event_handlers=None, ignore_user_meta=False, metas=['./colcon.meta'], base_paths=['.'], packages_ignore=None, packages_ignore_regex=None, paths=None, packages_up_to=None, packages_up_to_regex=None, packages_above=None, packages_above_and_dependencies=None, packages_above_depth=None, packages_select_by_dep=None, packages_skip_by_dep=None, packages_skip_up_to=None, packages_select_build_failed=False, packages_skip_build_finished=False, packages_select_test_failures=False, packages_skip_test_passed=False, packages_select=None, packages_skip=None, packages_select_regex=None, packages_skip_regex=None, packages_start=None, packages_end=None, allow_overriding=[], cmake_args=None, cmake_target=None, cmake_target_skip_unavailable=False, cmake_clean_cache=False, cmake_clean_first=False, cmake_force_configure=False, ament_cmake_args=None, catkin_cmake_args=None, catkin_skip_building_tests=False, mixin_files=None, mixin=None, verb_parser=<colcon_mixin.mixin.mixin_argument.MixinArgumentDecorator object at 0x7d5225777260>, verb_extension=<colcon_core.verb.build.BuildVerb object at 0x7d5225720fb0>, main=<bound method BuildVerb.main of <colcon_core.verb.build.BuildVerb object at 0x7d5225720fb0>>, mixin_verb=('build',))
[0.182s] Level 1:colcon.colcon_core.package_discovery:discover_packages(colcon_meta) check parameters
[0.182s] Level 1:colcon.colcon_core.package_discovery:discover_packages(recursive) check parameters
[0.182s] Level 1:colcon.colcon_core.package_discovery:discover_packages(ignore) check parameters
[0.182s] Level 1:colcon.colcon_core.package_discovery:discover_packages(path) check parameters
[0.182s] Level 1:colcon.colcon_core.package_discovery:discover_packages(colcon_meta) discover
[0.182s] Level 1:colcon.colcon_core.package_discovery:discover_packages(recursive) discover
[0.182s] INFO:colcon.colcon_core.package_discovery:Crawling recursively for packages in '/home/silo/Desktop/cleaning_robot_ws'
[0.182s] Level 1:colcon.colcon_core.package_identification:_identify(.) by extensions ['ignore', 'ignore_ament_install']
[0.182s] Level 1:colcon.colcon_core.package_identification:_identify(.) by extension 'ignore'
[0.183s] Level 1:colcon.colcon_core.package_identification:_identify(.) by extension 'ignore_ament_install'
[0.183s] Level 1:colcon.colcon_core.package_identification:_identify(.) by extensions ['colcon_pkg']
[0.183s] Level 1:colcon.colcon_core.package_identification:_identify(.) by extension 'colcon_pkg'
[0.183s] Level 1:colcon.colcon_core.package_identification:_identify(.) by extensions ['colcon_meta']
[0.183s] Level 1:colcon.colcon_core.package_identification:_identify(.) by extension 'colcon_meta'
[0.183s] Level 1:colcon.colcon_core.package_identification:_identify(.) by extensions ['ros']
[0.183s] Level 1:colcon.colcon_core.package_identification:_identify(.) by extension 'ros'
[0.212s] Level 1:colcon.colcon_core.package_identification:_identify(.) by extensions ['cmake', 'python']
[0.212s] Level 1:colcon.colcon_core.package_identification:_identify(.) by extension 'cmake'
[0.212s] Level 1:colcon.colcon_core.package_identification:_identify(.) by extension 'python'
[0.212s] Level 1:colcon.colcon_core.package_identification:_identify(.) by extensions ['python_setup_py']
[0.212s] Level 1:colcon.colcon_core.package_identification:_identify(.) by extension 'python_setup_py'
[0.213s] Level 1:colcon.colcon_core.package_identification:_identify(build) by extensions ['ignore', 'ignore_ament_install']
[0.213s] Level 1:colcon.colcon_core.package_identification:_identify(build) by extension 'ignore'
[0.213s] Level 1:colcon.colcon_core.package_identification:_identify(build) ignored
[0.213s] Level 1:colcon.colcon_core.package_identification:_identify(install) by extensions ['ignore', 'ignore_ament_install']
[0.213s] Level 1:colcon.colcon_core.package_identification:_identify(install) by extension 'ignore'
[0.213s] Level 1:colcon.colcon_core.package_identification:_identify(install) ignored
[0.213s] Level 1:colcon.colcon_core.package_identification:_identify(log) by extensions ['ignore', 'ignore_ament_install']
[0.213s] Level 1:colcon.colcon_core.package_identification:_identify(log) by extension 'ignore'
[0.213s] Level 1:colcon.colcon_core.package_identification:_identify(log) ignored
[0.213s] Level 1:colcon.colcon_core.package_identification:_identify(src) by extensions ['ignore', 'ignore_ament_install']
[0.213s] Level 1:colcon.colcon_core.package_identification:_identify(src) by extension 'ignore'
[0.214s] Level 1:colcon.colcon_core.package_identification:_identify(src) by extension 'ignore_ament_install'
[0.214s] Level 1:colcon.colcon_core.package_identification:_identify(src) by extensions ['colcon_pkg']
[0.214s] Level 1:colcon.colcon_core.package_identification:_identify(src) by extension 'colcon_pkg'
[0.214s] Level 1:colcon.colcon_core.package_identification:_identify(src) by extensions ['colcon_meta']
[0.214s] Level 1:colcon.colcon_core.package_identification:_identify(src) by extension 'colcon_meta'
[0.214s] Level 1:colcon.colcon_core.package_identification:_identify(src) by extensions ['ros']
[0.214s] Level 1:colcon.colcon_core.package_identification:_identify(src) by extension 'ros'
[0.214s] Level 1:colcon.colcon_core.package_identification:_identify(src) by extensions ['cmake', 'python']
[0.214s] Level 1:colcon.colcon_core.package_identification:_identify(src) by extension 'cmake'
[0.214s] Level 1:colcon.colcon_core.package_identification:_identify(src) by extension 'python'
[0.214s] Level 1:colcon.colcon_core.package_identification:_identify(src) by extensions ['python_setup_py']
[0.214s] Level 1:colcon.colcon_core.package_identification:_identify(src) by extension 'python_setup_py'
[0.214s] Level 1:colcon.colcon_core.package_identification:_identify(src/robot_camera) by extensions ['ignore', 'ignore_ament_install']
[0.214s] Level 1:colcon.colcon_core.package_identification:_identify(src/robot_camera) by extension 'ignore'
[0.214s] Level 1:colcon.colcon_core.package_identification:_identify(src/robot_camera) by extension 'ignore_ament_install'
[0.214s] Level 1:colcon.colcon_core.package_identification:_identify(src/robot_camera) by extensions ['colcon_pkg']
[0.214s] Level 1:colcon.colcon_core.package_identification:_identify(src/robot_camera) by extension 'colcon_pkg'
[0.214s] Level 1:colcon.colcon_core.package_identification:_identify(src/robot_camera) by extensions ['colcon_meta']
[0.215s] Level 1:colcon.colcon_core.package_identification:_identify(src/robot_camera) by extension 'colcon_meta'
[0.215s] Level 1:colcon.colcon_core.package_identification:_identify(src/robot_camera) by extensions ['ros']
[0.215s] Level 1:colcon.colcon_core.package_identification:_identify(src/robot_camera) by extension 'ros'
[0.218s] DEBUG:colcon.colcon_core.package_identification:Package 'src/robot_camera' with type 'ros.ament_cmake' and name 'robot_camera'
[0.218s] Level 1:colcon.colcon_core.package_identification:_identify(src/robot_control) by extensions ['ignore', 'ignore_ament_install']
[0.218s] Level 1:colcon.colcon_core.package_identification:_identify(src/robot_control) by extension 'ignore'
[0.218s] Level 1:colcon.colcon_core.package_identification:_identify(src/robot_control) by extension 'ignore_ament_install'
[0.218s] Level 1:colcon.colcon_core.package_identification:_identify(src/robot_control) by extensions ['colcon_pkg']
[0.218s] Level 1:colcon.colcon_core.package_identification:_identify(src/robot_control) by extension 'colcon_pkg'
[0.218s] Level 1:colcon.colcon_core.package_identification:_identify(src/robot_control) by extensions ['colcon_meta']
[0.219s] Level 1:colcon.colcon_core.package_identification:_identify(src/robot_control) by extension 'colcon_meta'
[0.219s] Level 1:colcon.colcon_core.package_identification:_identify(src/robot_control) by extensions ['ros']
[0.219s] Level 1:colcon.colcon_core.package_identification:_identify(src/robot_control) by extension 'ros'
[0.219s] DEBUG:colcon.colcon_core.package_identification:Package 'src/robot_control' with type 'ros.ament_cmake' and name 'robot_control'
[0.220s] Level 1:colcon.colcon_core.package_identification:_identify(src/robot_description) by extensions ['ignore', 'ignore_ament_install']
[0.220s] Level 1:colcon.colcon_core.package_identification:_identify(src/robot_description) by extension 'ignore'
[0.220s] Level 1:colcon.colcon_core.package_identification:_identify(src/robot_description) by extension 'ignore_ament_install'
[0.220s] Level 1:colcon.colcon_core.package_identification:_identify(src/robot_description) by extensions ['colcon_pkg']
[0.220s] Level 1:colcon.colcon_core.package_identification:_identify(src/robot_description) by extension 'colcon_pkg'
[0.220s] Level 1:colcon.colcon_core.package_identification:_identify(src/robot_description) by extensions ['colcon_meta']
[0.220s] Level 1:colcon.colcon_core.package_identification:_identify(src/robot_description) by extension 'colcon_meta'
[0.220s] Level 1:colcon.colcon_core.package_identification:_identify(src/robot_description) by extensions ['ros']
[0.220s] Level 1:colcon.colcon_core.package_identification:_identify(src/robot_description) by extension 'ros'
[0.221s] DEBUG:colcon.colcon_core.package_identification:Package 'src/robot_description' with type 'ros.ament_cmake' and name 'robot_description'
[0.221s] Level 1:colcon.colcon_core.package_identification:_identify(src/robot_in_practice) by extensions ['ignore', 'ignore_ament_install']
[0.221s] Level 1:colcon.colcon_core.package_identification:_identify(src/robot_in_practice) by extension 'ignore'
[0.221s] Level 1:colcon.colcon_core.package_identification:_identify(src/robot_in_practice) by extension 'ignore_ament_install'
[0.221s] Level 1:colcon.colcon_core.package_identification:_identify(src/robot_in_practice) by extensions ['colcon_pkg']
[0.221s] Level 1:colcon.colcon_core.package_identification:_identify(src/robot_in_practice) by extension 'colcon_pkg'
[0.221s] Level 1:colcon.colcon_core.package_identification:_identify(src/robot_in_practice) by extensions ['colcon_meta']
[0.221s] Level 1:colcon.colcon_core.package_identification:_identify(src/robot_in_practice) by extension 'colcon_meta'
[0.221s] Level 1:colcon.colcon_core.package_identification:_identify(src/robot_in_practice) by extensions ['ros']
[0.221s] Level 1:colcon.colcon_core.package_identification:_identify(src/robot_in_practice) by extension 'ros'
[0.222s] DEBUG:colcon.colcon_core.package_identification:Package 'src/robot_in_practice' with type 'ros.ament_cmake' and name 'robot_in_practice'
[0.222s] Level 1:colcon.colcon_core.package_identification:_identify(src/robot_lidar) by extensions ['ignore', 'ignore_ament_install']
[0.222s] Level 1:colcon.colcon_core.package_identification:_identify(src/robot_lidar) by extension 'ignore'
[0.222s] Level 1:colcon.colcon_core.package_identification:_identify(src/robot_lidar) by extension 'ignore_ament_install'
[0.222s] Level 1:colcon.colcon_core.package_identification:_identify(src/robot_lidar) by extensions ['colcon_pkg']
[0.222s] Level 1:colcon.colcon_core.package_identification:_identify(src/robot_lidar) by extension 'colcon_pkg'
[0.222s] Level 1:colcon.colcon_core.package_identification:_identify(src/robot_lidar) by extensions ['colcon_meta']
[0.222s] Level 1:colcon.colcon_core.package_identification:_identify(src/robot_lidar) by extension 'colcon_meta'
[0.223s] Level 1:colcon.colcon_core.package_identification:_identify(src/robot_lidar) by extensions ['ros']
[0.223s] Level 1:colcon.colcon_core.package_identification:_identify(src/robot_lidar) by extension 'ros'
[0.223s] DEBUG:colcon.colcon_core.package_identification:Package 'src/robot_lidar' with type 'ros.ament_cmake' and name 'robot_lidar'
[0.223s] Level 1:colcon.colcon_core.package_identification:_identify(src/robot_simulation) by extensions ['ignore', 'ignore_ament_install']
[0.223s] Level 1:colcon.colcon_core.package_identification:_identify(src/robot_simulation) by extension 'ignore'
[0.224s] Level 1:colcon.colcon_core.package_identification:_identify(src/robot_simulation) by extension 'ignore_ament_install'
[0.224s] Level 1:colcon.colcon_core.package_identification:_identify(src/robot_simulation) by extensions ['colcon_pkg']
[0.224s] Level 1:colcon.colcon_core.package_identification:_identify(src/robot_simulation) by extension 'colcon_pkg'
[0.224s] Level 1:colcon.colcon_core.package_identification:_identify(src/robot_simulation) by extensions ['colcon_meta']
[0.224s] Level 1:colcon.colcon_core.package_identification:_identify(src/robot_simulation) by extension 'colcon_meta'
[0.224s] Level 1:colcon.colcon_core.package_identification:_identify(src/robot_simulation) by extensions ['ros']
[0.224s] Level 1:colcon.colcon_core.package_identification:_identify(src/robot_simulation) by extension 'ros'
[0.224s] DEBUG:colcon.colcon_core.package_identification:Package 'src/robot_simulation' with type 'ros.ament_cmake' and name 'robot_simulation'
[0.224s] Level 1:colcon.colcon_core.package_discovery:discover_packages(recursive) using defaults
[0.224s] Level 1:colcon.colcon_core.package_discovery:discover_packages(ignore) discover
[0.225s] Level 1:colcon.colcon_core.package_discovery:discover_packages(ignore) using defaults
[0.225s] Level 1:colcon.colcon_core.package_discovery:discover_packages(path) discover
[0.225s] Level 1:colcon.colcon_core.package_discovery:discover_packages(path) using defaults
[0.247s] Level 1:colcon.colcon_core.package_discovery:discover_packages(prefix_path) check parameters
[0.247s] Level 1:colcon.colcon_core.package_discovery:discover_packages(prefix_path) discover
[0.250s] DEBUG:colcon.colcon_installed_package_information.package_discovery:Found 369 installed packages in /opt/ros/jazzy
[0.252s] Level 1:colcon.colcon_core.package_discovery:discover_packages(prefix_path) using defaults
[0.309s] Level 5:colcon.colcon_core.verb:set package 'robot_camera' build argument 'cmake_args' from command line to 'None'
[0.309s] Level 5:colcon.colcon_core.verb:set package 'robot_camera' build argument 'cmake_target' from command line to 'None'
[0.309s] Level 5:colcon.colcon_core.verb:set package 'robot_camera' build argument 'cmake_target_skip_unavailable' from command line to 'False'
[0.309s] Level 5:colcon.colcon_core.verb:set package 'robot_camera' build argument 'cmake_clean_cache' from command line to 'False'
[0.309s] Level 5:colcon.colcon_core.verb:set package 'robot_camera' build argument 'cmake_clean_first' from command line to 'False'
[0.309s] Level 5:colcon.colcon_core.verb:set package 'robot_camera' build argument 'cmake_force_configure' from command line to 'False'
[0.309s] Level 5:colcon.colcon_core.verb:set package 'robot_camera' build argument 'ament_cmake_args' from command line to 'None'
[0.309s] Level 5:colcon.colcon_core.verb:set package 'robot_camera' build argument 'catkin_cmake_args' from command line to 'None'
[0.309s] Level 5:colcon.colcon_core.verb:set package 'robot_camera' build argument 'catkin_skip_building_tests' from command line to 'False'
[0.309s] DEBUG:colcon.colcon_core.verb:Building package 'robot_camera' with the following arguments: {'ament_cmake_args': None, 'build_base': '/home/silo/Desktop/cleaning_robot_ws/build/robot_camera', 'catkin_cmake_args': None, 'catkin_skip_building_tests': False, 'cmake_args': None, 'cmake_clean_cache': False, 'cmake_clean_first': False, 'cmake_force_configure': False, 'cmake_target': None, 'cmake_target_skip_unavailable': False, 'install_base': '/home/silo/Desktop/cleaning_robot_ws/install/robot_camera', 'merge_install': False, 'path': '/home/silo/Desktop/cleaning_robot_ws/src/robot_camera', 'symlink_install': True, 'test_result_base': None}
[0.310s] Level 5:colcon.colcon_core.verb:set package 'robot_control' build argument 'cmake_args' from command line to 'None'
[0.310s] Level 5:colcon.colcon_core.verb:set package 'robot_control' build argument 'cmake_target' from command line to 'None'
[0.310s] Level 5:colcon.colcon_core.verb:set package 'robot_control' build argument 'cmake_target_skip_unavailable' from command line to 'False'
[0.310s] Level 5:colcon.colcon_core.verb:set package 'robot_control' build argument 'cmake_clean_cache' from command line to 'False'
[0.310s] Level 5:colcon.colcon_core.verb:set package 'robot_control' build argument 'cmake_clean_first' from command line to 'False'
[0.310s] Level 5:colcon.colcon_core.verb:set package 'robot_control' build argument 'cmake_force_configure' from command line to 'False'
[0.310s] Level 5:colcon.colcon_core.verb:set package 'robot_control' build argument 'ament_cmake_args' from command line to 'None'
[0.310s] Level 5:colcon.colcon_core.verb:set package 'robot_control' build argument 'catkin_cmake_args' from command line to 'None'
[0.310s] Level 5:colcon.colcon_core.verb:set package 'robot_control' build argument 'catkin_skip_building_tests' from command line to 'False'
[0.310s] DEBUG:colcon.colcon_core.verb:Building package 'robot_control' with the following arguments: {'ament_cmake_args': None, 'build_base': '/home/silo/Desktop/cleaning_robot_ws/build/robot_control', 'catkin_cmake_args': None, 'catkin_skip_building_tests': False, 'cmake_args': None, 'cmake_clean_cache': False, 'cmake_clean_first': False, 'cmake_force_configure': False, 'cmake_target': None, 'cmake_target_skip_unavailable': False, 'install_base': '/home/silo/Desktop/cleaning_robot_ws/install/robot_control', 'merge_install': False, 'path': '/home/silo/Desktop/cleaning_robot_ws/src/robot_control', 'symlink_install': True, 'test_result_base': None}
[0.310s] Level 5:colcon.colcon_core.verb:set package 'robot_description' build argument 'cmake_args' from command line to 'None'
[0.310s] Level 5:colcon.colcon_core.verb:set package 'robot_description' build argument 'cmake_target' from command line to 'None'
[0.310s] Level 5:colcon.colcon_core.verb:set package 'robot_description' build argument 'cmake_target_skip_unavailable' from command line to 'False'
[0.310s] Level 5:colcon.colcon_core.verb:set package 'robot_description' build argument 'cmake_clean_cache' from command line to 'False'
[0.310s] Level 5:colcon.colcon_core.verb:set package 'robot_description' build argument 'cmake_clean_first' from command line to 'False'
[0.310s] Level 5:colcon.colcon_core.verb:set package 'robot_description' build argument 'cmake_force_configure' from command line to 'False'
[0.310s] Level 5:colcon.colcon_core.verb:set package 'robot_description' build argument 'ament_cmake_args' from command line to 'None'
[0.310s] Level 5:colcon.colcon_core.verb:set package 'robot_description' build argument 'catkin_cmake_args' from command line to 'None'
[0.310s] Level 5:colcon.colcon_core.verb:set package 'robot_description' build argument 'catkin_skip_building_tests' from command line to 'False'
[0.310s] DEBUG:colcon.colcon_core.verb:Building package 'robot_description' with the following arguments: {'ament_cmake_args': None, 'build_base': '/home/silo/Desktop/cleaning_robot_ws/build/robot_description', 'catkin_cmake_args': None, 'catkin_skip_building_tests': False, 'cmake_args': None, 'cmake_clean_cache': False, 'cmake_clean_first': False, 'cmake_force_configure': False, 'cmake_target': None, 'cmake_target_skip_unavailable': False, 'install_base': '/home/silo/Desktop/cleaning_robot_ws/install/robot_description', 'merge_install': False, 'path': '/home/silo/Desktop/cleaning_robot_ws/src/robot_description', 'symlink_install': True, 'test_result_base': None}
[0.311s] Level 5:colcon.colcon_core.verb:set package 'robot_in_practice' build argument 'cmake_args' from command line to 'None'
[0.311s] Level 5:colcon.colcon_core.verb:set package 'robot_in_practice' build argument 'cmake_target' from command line to 'None'
[0.311s] Level 5:colcon.colcon_core.verb:set package 'robot_in_practice' build argument 'cmake_target_skip_unavailable' from command line to 'False'
[0.311s] Level 5:colcon.colcon_core.verb:set package 'robot_in_practice' build argument 'cmake_clean_cache' from command line to 'False'
[0.311s] Level 5:colcon.colcon_core.verb:set package 'robot_in_practice' build argument 'cmake_clean_first' from command line to 'False'
[0.311s] Level 5:colcon.colcon_core.verb:set package 'robot_in_practice' build argument 'cmake_force_configure' from command line to 'False'
[0.311s] Level 5:colcon.colcon_core.verb:set package 'robot_in_practice' build argument 'ament_cmake_args' from command line to 'None'
[0.311s] Level 5:colcon.colcon_core.verb:set package 'robot_in_practice' build argument 'catkin_cmake_args' from command line to 'None'
[0.311s] Level 5:colcon.colcon_core.verb:set package 'robot_in_practice' build argument 'catkin_skip_building_tests' from command line to 'False'
[0.311s] DEBUG:colcon.colcon_core.verb:Building package 'robot_in_practice' with the following arguments: {'ament_cmake_args': None, 'build_base': '/home/silo/Desktop/cleaning_robot_ws/build/robot_in_practice', 'catkin_cmake_args': None, 'catkin_skip_building_tests': False, 'cmake_args': None, 'cmake_clean_cache': False, 'cmake_clean_first': False, 'cmake_force_configure': False, 'cmake_target': None, 'cmake_target_skip_unavailable': False, 'install_base': '/home/silo/Desktop/cleaning_robot_ws/install/robot_in_practice', 'merge_install': False, 'path': '/home/silo/Desktop/cleaning_robot_ws/src/robot_in_practice', 'symlink_install': True, 'test_result_base': None}
[0.311s] Level 5:colcon.colcon_core.verb:set package 'robot_lidar' build argument 'cmake_args' from command line to 'None'
[0.311s] Level 5:colcon.colcon_core.verb:set package 'robot_lidar' build argument 'cmake_target' from command line to 'None'
[0.311s] Level 5:colcon.colcon_core.verb:set package 'robot_lidar' build argument 'cmake_target_skip_unavailable' from command line to 'False'
[0.311s] Level 5:colcon.colcon_core.verb:set package 'robot_lidar' build argument 'cmake_clean_cache' from command line to 'False'
[0.311s] Level 5:colcon.colcon_core.verb:set package 'robot_lidar' build argument 'cmake_clean_first' from command line to 'False'
[0.311s] Level 5:colcon.colcon_core.verb:set package 'robot_lidar' build argument 'cmake_force_configure' from command line to 'False'
[0.311s] Level 5:colcon.colcon_core.verb:set package 'robot_lidar' build argument 'ament_cmake_args' from command line to 'None'
[0.311s] Level 5:colcon.colcon_core.verb:set package 'robot_lidar' build argument 'catkin_cmake_args' from command line to 'None'
[0.311s] Level 5:colcon.colcon_core.verb:set package 'robot_lidar' build argument 'catkin_skip_building_tests' from command line to 'False'
[0.311s] DEBUG:colcon.colcon_core.verb:Building package 'robot_lidar' with the following arguments: {'ament_cmake_args': None, 'build_base': '/home/silo/Desktop/cleaning_robot_ws/build/robot_lidar', 'catkin_cmake_args': None, 'catkin_skip_building_tests': False, 'cmake_args': None, 'cmake_clean_cache': False, 'cmake_clean_first': False, 'cmake_force_configure': False, 'cmake_target': None, 'cmake_target_skip_unavailable': False, 'install_base': '/home/silo/Desktop/cleaning_robot_ws/install/robot_lidar', 'merge_install': False, 'path': '/home/silo/Desktop/cleaning_robot_ws/src/robot_lidar', 'symlink_install': True, 'test_result_base': None}
[0.312s] Level 5:colcon.colcon_core.verb:set package 'robot_simulation' build argument 'cmake_args' from command line to 'None'
[0.312s] Level 5:colcon.colcon_core.verb:set package 'robot_simulation' build argument 'cmake_target' from command line to 'None'
[0.312s] Level 5:colcon.colcon_core.verb:set package 'robot_simulation' build argument 'cmake_target_skip_unavailable' from command line to 'False'
[0.312s] Level 5:colcon.colcon_core.verb:set package 'robot_simulation' build argument 'cmake_clean_cache' from command line to 'False'
[0.312s] Level 5:colcon.colcon_core.verb:set package 'robot_simulation' build argument 'cmake_clean_first' from command line to 'False'
[0.312s] Level 5:colcon.colcon_core.verb:set package 'robot_simulation' build argument 'cmake_force_configure' from command line to 'False'
[0.312s] Level 5:colcon.colcon_core.verb:set package 'robot_simulation' build argument 'ament_cmake_args' from command line to 'None'
[0.312s] Level 5:colcon.colcon_core.verb:set package 'robot_simulation' build argument 'catkin_cmake_args' from command line to 'None'
[0.312s] Level 5:colcon.colcon_core.verb:set package 'robot_simulation' build argument 'catkin_skip_building_tests' from command line to 'False'
[0.312s] DEBUG:colcon.colcon_core.verb:Building package 'robot_simulation' with the following arguments: {'ament_cmake_args': None, 'build_base': '/home/silo/Desktop/cleaning_robot_ws/build/robot_simulation', 'catkin_cmake_args': None, 'catkin_skip_building_tests': False, 'cmake_args': None, 'cmake_clean_cache': False, 'cmake_clean_first': False, 'cmake_force_configure': False, 'cmake_target': None, 'cmake_target_skip_unavailable': False, 'install_base': '/home/silo/Desktop/cleaning_robot_ws/install/robot_simulation', 'merge_install': False, 'path': '/home/silo/Desktop/cleaning_robot_ws/src/robot_simulation', 'symlink_install': True, 'test_result_base': None}
[0.312s] INFO:colcon.colcon_core.executor:Executing jobs using 'parallel' executor
[0.313s] DEBUG:colcon.colcon_parallel_executor.executor.parallel:run_until_complete
[0.313s] INFO:colcon.colcon_ros.task.ament_cmake.build:Building ROS package in '/home/silo/Desktop/cleaning_robot_ws/src/robot_camera' with build type 'ament_cmake'
[0.313s] INFO:colcon.colcon_cmake.task.cmake.build:Building CMake package in '/home/silo/Desktop/cleaning_robot_ws/src/robot_camera'
[0.317s] INFO:colcon.colcon_core.plugin_system:Skipping extension 'colcon_core.shell.bat': Not used on non-Windows systems
[0.317s] INFO:colcon.colcon_core.shell:Skip shell extension 'powershell' for command environment: Not usable outside of PowerShell
[0.317s] DEBUG:colcon.colcon_core.shell:Skip shell extension 'dsv' for command environment
[0.320s] INFO:colcon.colcon_ros.task.ament_cmake.build:Building ROS package in '/home/silo/Desktop/cleaning_robot_ws/src/robot_control' with build type 'ament_cmake'
[0.320s] INFO:colcon.colcon_cmake.task.cmake.build:Building CMake package in '/home/silo/Desktop/cleaning_robot_ws/src/robot_control'
[0.320s] INFO:colcon.colcon_core.shell:Skip shell extension 'powershell' for command environment: Not usable outside of PowerShell
[0.320s] DEBUG:colcon.colcon_core.shell:Skip shell extension 'dsv' for command environment
[0.323s] INFO:colcon.colcon_ros.task.ament_cmake.build:Building ROS package in '/home/silo/Desktop/cleaning_robot_ws/src/robot_description' with build type 'ament_cmake'
[0.323s] INFO:colcon.colcon_cmake.task.cmake.build:Building CMake package in '/home/silo/Desktop/cleaning_robot_ws/src/robot_description'
[0.323s] INFO:colcon.colcon_core.shell:Skip shell extension 'powershell' for command environment: Not usable outside of PowerShell
[0.323s] DEBUG:colcon.colcon_core.shell:Skip shell extension 'dsv' for command environment
[0.326s] INFO:colcon.colcon_ros.task.ament_cmake.build:Building ROS package in '/home/silo/Desktop/cleaning_robot_ws/src/robot_in_practice' with build type 'ament_cmake'
[0.326s] INFO:colcon.colcon_cmake.task.cmake.build:Building CMake package in '/home/silo/Desktop/cleaning_robot_ws/src/robot_in_practice'
[0.326s] INFO:colcon.colcon_core.shell:Skip shell extension 'powershell' for command environment: Not usable outside of PowerShell
[0.326s] DEBUG:colcon.colcon_core.shell:Skip shell extension 'dsv' for command environment
[0.329s] INFO:colcon.colcon_ros.task.ament_cmake.build:Building ROS package in '/home/silo/Desktop/cleaning_robot_ws/src/robot_lidar' with build type 'ament_cmake'
[0.329s] INFO:colcon.colcon_cmake.task.cmake.build:Building CMake package in '/home/silo/Desktop/cleaning_robot_ws/src/robot_lidar'
[0.330s] INFO:colcon.colcon_core.shell:Skip shell extension 'powershell' for command environment: Not usable outside of PowerShell
[0.330s] DEBUG:colcon.colcon_core.shell:Skip shell extension 'dsv' for command environment
[0.333s] INFO:colcon.colcon_ros.task.ament_cmake.build:Building ROS package in '/home/silo/Desktop/cleaning_robot_ws/src/robot_simulation' with build type 'ament_cmake'
[0.333s] INFO:colcon.colcon_cmake.task.cmake.build:Building CMake package in '/home/silo/Desktop/cleaning_robot_ws/src/robot_simulation'
[0.333s] INFO:colcon.colcon_core.shell:Skip shell extension 'powershell' for command environment: Not usable outside of PowerShell
[0.333s] DEBUG:colcon.colcon_core.shell:Skip shell extension 'dsv' for command environment
[0.341s] DEBUG:colcon.colcon_core.event_handler.log_command:Invoking command in '/home/silo/Desktop/cleaning_robot_ws/build/robot_camera': CMAKE_PREFIX_PATH=${CMAKE_PREFIX_PATH}:/opt/ros/jazzy DEBUGINFOD_URLS=https://debuginfod.ubuntu.com /usr/bin/cmake --build /home/silo/Desktop/cleaning_robot_ws/build/robot_camera -- -j12 -l12
[0.343s] DEBUG:colcon.colcon_core.event_handler.log_command:Invoking command in '/home/silo/Desktop/cleaning_robot_ws/build/robot_control': CMAKE_PREFIX_PATH=${CMAKE_PREFIX_PATH}:/opt/ros/jazzy DEBUGINFOD_URLS=https://debuginfod.ubuntu.com /usr/bin/cmake --build /home/silo/Desktop/cleaning_robot_ws/build/robot_control -- -j12 -l12
[0.346s] DEBUG:colcon.colcon_core.event_handler.log_command:Invoking command in '/home/silo/Desktop/cleaning_robot_ws/build/robot_description': CMAKE_PREFIX_PATH=${CMAKE_PREFIX_PATH}:/opt/ros/jazzy DEBUGINFOD_URLS=https://debuginfod.ubuntu.com /usr/bin/cmake --build /home/silo/Desktop/cleaning_robot_ws/build/robot_description -- -j12 -l12
[0.349s] DEBUG:colcon.colcon_core.event_handler.log_command:Invoking command in '/home/silo/Desktop/cleaning_robot_ws/build/robot_in_practice': CMAKE_PREFIX_PATH=${CMAKE_PREFIX_PATH}:/opt/ros/jazzy DEBUGINFOD_URLS=https://debuginfod.ubuntu.com /usr/bin/cmake --build /home/silo/Desktop/cleaning_robot_ws/build/robot_in_practice -- -j12 -l12
[0.354s] DEBUG:colcon.colcon_core.event_handler.log_command:Invoking command in '/home/silo/Desktop/cleaning_robot_ws/build/robot_lidar': CMAKE_PREFIX_PATH=${CMAKE_PREFIX_PATH}:/opt/ros/jazzy DEBUGINFOD_URLS=https://debuginfod.ubuntu.com /usr/bin/cmake --build /home/silo/Desktop/cleaning_robot_ws/build/robot_lidar -- -j12 -l12
[0.358s] DEBUG:colcon.colcon_core.event_handler.log_command:Invoking command in '/home/silo/Desktop/cleaning_robot_ws/build/robot_simulation': CMAKE_PREFIX_PATH=${CMAKE_PREFIX_PATH}:/opt/ros/jazzy DEBUGINFOD_URLS=https://debuginfod.ubuntu.com /usr/bin/cmake --build /home/silo/Desktop/cleaning_robot_ws/build/robot_simulation -- -j12 -l12
[0.399s] DEBUG:colcon.colcon_core.event_handler.log_command:Invoked command in '/home/silo/Desktop/cleaning_robot_ws/build/robot_in_practice' returned '0': CMAKE_PREFIX_PATH=${CMAKE_PREFIX_PATH}:/opt/ros/jazzy DEBUGINFOD_URLS=https://debuginfod.ubuntu.com /usr/bin/cmake --build /home/silo/Desktop/cleaning_robot_ws/build/robot_in_practice -- -j12 -l12
[0.401s] DEBUG:colcon.colcon_core.event_handler.log_command:Invoked command in '/home/silo/Desktop/cleaning_robot_ws/build/robot_lidar' returned '0': CMAKE_PREFIX_PATH=${CMAKE_PREFIX_PATH}:/opt/ros/jazzy DEBUGINFOD_URLS=https://debuginfod.ubuntu.com /usr/bin/cmake --build /home/silo/Desktop/cleaning_robot_ws/build/robot_lidar -- -j12 -l12
[0.401s] DEBUG:colcon.colcon_core.event_handler.log_command:Invoked command in '/home/silo/Desktop/cleaning_robot_ws/build/robot_control' returned '0': CMAKE_PREFIX_PATH=${CMAKE_PREFIX_PATH}:/opt/ros/jazzy DEBUGINFOD_URLS=https://debuginfod.ubuntu.com /usr/bin/cmake --build /home/silo/Desktop/cleaning_robot_ws/build/robot_control -- -j12 -l12
[0.402s] DEBUG:colcon.colcon_core.event_handler.log_command:Invoked command in '/home/silo/Desktop/cleaning_robot_ws/build/robot_simulation' returned '0': CMAKE_PREFIX_PATH=${CMAKE_PREFIX_PATH}:/opt/ros/jazzy DEBUGINFOD_URLS=https://debuginfod.ubuntu.com /usr/bin/cmake --build /home/silo/Desktop/cleaning_robot_ws/build/robot_simulation -- -j12 -l12
[0.403s] DEBUG:colcon.colcon_core.event_handler.log_command:Invoked command in '/home/silo/Desktop/cleaning_robot_ws/build/robot_camera' returned '0': CMAKE_PREFIX_PATH=${CMAKE_PREFIX_PATH}:/opt/ros/jazzy DEBUGINFOD_URLS=https://debuginfod.ubuntu.com /usr/bin/cmake --build /home/silo/Desktop/cleaning_robot_ws/build/robot_camera -- -j12 -l12
[0.404s] DEBUG:colcon.colcon_core.event_handler.log_command:Invoked command in '/home/silo/Desktop/cleaning_robot_ws/build/robot_description' returned '0': CMAKE_PREFIX_PATH=${CMAKE_PREFIX_PATH}:/opt/ros/jazzy DEBUGINFOD_URLS=https://debuginfod.ubuntu.com /usr/bin/cmake --build /home/silo/Desktop/cleaning_robot_ws/build/robot_description -- -j12 -l12
[0.427s] DEBUG:colcon.colcon_core.event_handler.log_command:Invoking command in '/home/silo/Desktop/cleaning_robot_ws/build/robot_in_practice': CMAKE_PREFIX_PATH=${CMAKE_PREFIX_PATH}:/opt/ros/jazzy DEBUGINFOD_URLS=https://debuginfod.ubuntu.com /usr/bin/cmake --install /home/silo/Desktop/cleaning_robot_ws/build/robot_in_practice
[0.429s] DEBUG:colcon.colcon_core.event_handler.log_command:Invoking command in '/home/silo/Desktop/cleaning_robot_ws/build/robot_lidar': CMAKE_PREFIX_PATH=${CMAKE_PREFIX_PATH}:/opt/ros/jazzy DEBUGINFOD_URLS=https://debuginfod.ubuntu.com /usr/bin/cmake --install /home/silo/Desktop/cleaning_robot_ws/build/robot_lidar
[0.430s] DEBUG:colcon.colcon_core.event_handler.log_command:Invoking command in '/home/silo/Desktop/cleaning_robot_ws/build/robot_description': CMAKE_PREFIX_PATH=${CMAKE_PREFIX_PATH}:/opt/ros/jazzy DEBUGINFOD_URLS=https://debuginfod.ubuntu.com /usr/bin/cmake --install /home/silo/Desktop/cleaning_robot_ws/build/robot_description
[0.431s] DEBUG:colcon.colcon_core.event_handler.log_command:Invoking command in '/home/silo/Desktop/cleaning_robot_ws/build/robot_camera': CMAKE_PREFIX_PATH=${CMAKE_PREFIX_PATH}:/opt/ros/jazzy DEBUGINFOD_URLS=https://debuginfod.ubuntu.com /usr/bin/cmake --install /home/silo/Desktop/cleaning_robot_ws/build/robot_camera
[0.432s] DEBUG:colcon.colcon_core.event_handler.log_command:Invoking command in '/home/silo/Desktop/cleaning_robot_ws/build/robot_control': CMAKE_PREFIX_PATH=${CMAKE_PREFIX_PATH}:/opt/ros/jazzy DEBUGINFOD_URLS=https://debuginfod.ubuntu.com /usr/bin/cmake --install /home/silo/Desktop/cleaning_robot_ws/build/robot_control
[0.434s] DEBUG:colcon.colcon_core.event_handler.log_command:Invoking command in '/home/silo/Desktop/cleaning_robot_ws/build/robot_simulation': CMAKE_PREFIX_PATH=${CMAKE_PREFIX_PATH}:/opt/ros/jazzy DEBUGINFOD_URLS=https://debuginfod.ubuntu.com /usr/bin/cmake --install /home/silo/Desktop/cleaning_robot_ws/build/robot_simulation
[0.455s] Level 1:colcon.colcon_core.environment:create_environment_scripts_only(robot_in_practice)
[0.464s] Level 1:colcon.colcon_core.environment:checking '/home/silo/Desktop/cleaning_robot_ws/install/robot_in_practice' for CMake module files
[0.466s] DEBUG:colcon.colcon_core.event_handler.log_command:Invoked command in '/home/silo/Desktop/cleaning_robot_ws/build/robot_in_practice' returned '0': CMAKE_PREFIX_PATH=${CMAKE_PREFIX_PATH}:/opt/ros/jazzy DEBUGINFOD_URLS=https://debuginfod.ubuntu.com /usr/bin/cmake --install /home/silo/Desktop/cleaning_robot_ws/build/robot_in_practice
[0.466s] Level 1:colcon.colcon_core.environment:checking '/home/silo/Desktop/cleaning_robot_ws/install/robot_in_practice' for CMake config files
[0.467s] Level 1:colcon.colcon_core.shell:create_environment_hook('robot_in_practice', 'cmake_prefix_path')
[0.467s] INFO:colcon.colcon_core.shell:Creating environment hook '/home/silo/Desktop/cleaning_robot_ws/install/robot_in_practice/share/robot_in_practice/hook/cmake_prefix_path.ps1'
[0.468s] INFO:colcon.colcon_core.shell:Creating environment descriptor '/home/silo/Desktop/cleaning_robot_ws/install/robot_in_practice/share/robot_in_practice/hook/cmake_prefix_path.dsv'
[0.469s] INFO:colcon.colcon_core.shell:Creating environment hook '/home/silo/Desktop/cleaning_robot_ws/install/robot_in_practice/share/robot_in_practice/hook/cmake_prefix_path.sh'
[0.469s] Level 1:colcon.colcon_core.environment:checking '/home/silo/Desktop/cleaning_robot_ws/install/robot_in_practice/bin'
[0.469s] Level 1:colcon.colcon_core.environment:checking '/home/silo/Desktop/cleaning_robot_ws/install/robot_in_practice/lib/pkgconfig/robot_in_practice.pc'
[0.470s] Level 1:colcon.colcon_core.environment:checking '/home/silo/Desktop/cleaning_robot_ws/install/robot_in_practice/lib/python3.12/site-packages'
[0.470s] Level 1:colcon.colcon_core.environment:checking '/home/silo/Desktop/cleaning_robot_ws/install/robot_in_practice/bin'
[0.470s] INFO:colcon.colcon_core.shell:Creating package script '/home/silo/Desktop/cleaning_robot_ws/install/robot_in_practice/share/robot_in_practice/package.ps1'
[0.471s] INFO:colcon.colcon_core.shell:Creating package descriptor '/home/silo/Desktop/cleaning_robot_ws/install/robot_in_practice/share/robot_in_practice/package.dsv'
[0.471s] INFO:colcon.colcon_core.shell:Creating package script '/home/silo/Desktop/cleaning_robot_ws/install/robot_in_practice/share/robot_in_practice/package.sh'
[0.472s] INFO:colcon.colcon_core.shell:Creating package script '/home/silo/Desktop/cleaning_robot_ws/install/robot_in_practice/share/robot_in_practice/package.bash'
[0.473s] INFO:colcon.colcon_core.shell:Creating package script '/home/silo/Desktop/cleaning_robot_ws/install/robot_in_practice/share/robot_in_practice/package.zsh'
[0.473s] Level 1:colcon.colcon_core.environment:create_file_with_runtime_dependencies(/home/silo/Desktop/cleaning_robot_ws/install/robot_in_practice/share/colcon-core/packages/robot_in_practice)
[0.474s] Level 1:colcon.colcon_core.environment:create_environment_scripts_only(robot_camera)
[0.474s] Level 1:colcon.colcon_core.environment:checking '/home/silo/Desktop/cleaning_robot_ws/install/robot_camera' for CMake module files
[0.475s] DEBUG:colcon.colcon_core.event_handler.log_command:Invoked command in '/home/silo/Desktop/cleaning_robot_ws/build/robot_camera' returned '0': CMAKE_PREFIX_PATH=${CMAKE_PREFIX_PATH}:/opt/ros/jazzy DEBUGINFOD_URLS=https://debuginfod.ubuntu.com /usr/bin/cmake --install /home/silo/Desktop/cleaning_robot_ws/build/robot_camera
[0.475s] Level 1:colcon.colcon_core.environment:checking '/home/silo/Desktop/cleaning_robot_ws/install/robot_camera' for CMake config files
[0.475s] Level 1:colcon.colcon_core.shell:create_environment_hook('robot_camera', 'cmake_prefix_path')
[0.476s] INFO:colcon.colcon_core.shell:Creating environment hook '/home/silo/Desktop/cleaning_robot_ws/install/robot_camera/share/robot_camera/hook/cmake_prefix_path.ps1'
[0.476s] INFO:colcon.colcon_core.shell:Creating environment descriptor '/home/silo/Desktop/cleaning_robot_ws/install/robot_camera/share/robot_camera/hook/cmake_prefix_path.dsv'
[0.476s] INFO:colcon.colcon_core.shell:Creating environment hook '/home/silo/Desktop/cleaning_robot_ws/install/robot_camera/share/robot_camera/hook/cmake_prefix_path.sh'
[0.477s] Level 1:colcon.colcon_core.environment:checking '/home/silo/Desktop/cleaning_robot_ws/install/robot_camera/bin'
[0.477s] Level 1:colcon.colcon_core.environment:checking '/home/silo/Desktop/cleaning_robot_ws/install/robot_camera/lib/pkgconfig/robot_camera.pc'
[0.477s] Level 1:colcon.colcon_core.environment:checking '/home/silo/Desktop/cleaning_robot_ws/install/robot_camera/lib/python3.12/site-packages'
[0.477s] Level 1:colcon.colcon_core.environment:checking '/home/silo/Desktop/cleaning_robot_ws/install/robot_camera/bin'
[0.477s] INFO:colcon.colcon_core.shell:Creating package script '/home/silo/Desktop/cleaning_robot_ws/install/robot_camera/share/robot_camera/package.ps1'
[0.478s] INFO:colcon.colcon_core.shell:Creating package descriptor '/home/silo/Desktop/cleaning_robot_ws/install/robot_camera/share/robot_camera/package.dsv'
[0.478s] INFO:colcon.colcon_core.shell:Creating package script '/home/silo/Desktop/cleaning_robot_ws/install/robot_camera/share/robot_camera/package.sh'
[0.479s] INFO:colcon.colcon_core.shell:Creating package script '/home/silo/Desktop/cleaning_robot_ws/install/robot_camera/share/robot_camera/package.bash'
[0.479s] INFO:colcon.colcon_core.shell:Creating package script '/home/silo/Desktop/cleaning_robot_ws/install/robot_camera/share/robot_camera/package.zsh'
[0.480s] Level 1:colcon.colcon_core.environment:create_file_with_runtime_dependencies(/home/silo/Desktop/cleaning_robot_ws/install/robot_camera/share/colcon-core/packages/robot_camera)
[0.481s] Level 1:colcon.colcon_core.environment:create_environment_scripts_only(robot_lidar)
[0.481s] Level 1:colcon.colcon_core.environment:checking '/home/silo/Desktop/cleaning_robot_ws/install/robot_lidar' for CMake module files
[0.481s] DEBUG:colcon.colcon_core.event_handler.log_command:Invoked command in '/home/silo/Desktop/cleaning_robot_ws/build/robot_lidar' returned '0': CMAKE_PREFIX_PATH=${CMAKE_PREFIX_PATH}:/opt/ros/jazzy DEBUGINFOD_URLS=https://debuginfod.ubuntu.com /usr/bin/cmake --install /home/silo/Desktop/cleaning_robot_ws/build/robot_lidar
[0.482s] Level 1:colcon.colcon_core.environment:checking '/home/silo/Desktop/cleaning_robot_ws/install/robot_lidar' for CMake config files
[0.482s] Level 1:colcon.colcon_core.shell:create_environment_hook('robot_lidar', 'cmake_prefix_path')
[0.482s] INFO:colcon.colcon_core.shell:Creating environment hook '/home/silo/Desktop/cleaning_robot_ws/install/robot_lidar/share/robot_lidar/hook/cmake_prefix_path.ps1'
[0.482s] INFO:colcon.colcon_core.shell:Creating environment descriptor '/home/silo/Desktop/cleaning_robot_ws/install/robot_lidar/share/robot_lidar/hook/cmake_prefix_path.dsv'
[0.483s] INFO:colcon.colcon_core.shell:Creating environment hook '/home/silo/Desktop/cleaning_robot_ws/install/robot_lidar/share/robot_lidar/hook/cmake_prefix_path.sh'
[0.483s] Level 1:colcon.colcon_core.environment:checking '/home/silo/Desktop/cleaning_robot_ws/install/robot_lidar/bin'
[0.483s] Level 1:colcon.colcon_core.environment:checking '/home/silo/Desktop/cleaning_robot_ws/install/robot_lidar/lib/pkgconfig/robot_lidar.pc'
[0.483s] Level 1:colcon.colcon_core.environment:checking '/home/silo/Desktop/cleaning_robot_ws/install/robot_lidar/lib/python3.12/site-packages'
[0.484s] Level 1:colcon.colcon_core.environment:checking '/home/silo/Desktop/cleaning_robot_ws/install/robot_lidar/bin'
[0.484s] INFO:colcon.colcon_core.shell:Creating package script '/home/silo/Desktop/cleaning_robot_ws/install/robot_lidar/share/robot_lidar/package.ps1'
[0.484s] INFO:colcon.colcon_core.shell:Creating package descriptor '/home/silo/Desktop/cleaning_robot_ws/install/robot_lidar/share/robot_lidar/package.dsv'
[0.485s] INFO:colcon.colcon_core.shell:Creating package script '/home/silo/Desktop/cleaning_robot_ws/install/robot_lidar/share/robot_lidar/package.sh'
[0.485s] INFO:colcon.colcon_core.shell:Creating package script '/home/silo/Desktop/cleaning_robot_ws/install/robot_lidar/share/robot_lidar/package.bash'
[0.485s] INFO:colcon.colcon_core.shell:Creating package script '/home/silo/Desktop/cleaning_robot_ws/install/robot_lidar/share/robot_lidar/package.zsh'
[0.485s] Level 1:colcon.colcon_core.environment:create_file_with_runtime_dependencies(/home/silo/Desktop/cleaning_robot_ws/install/robot_lidar/share/colcon-core/packages/robot_lidar)
[0.487s] Level 1:colcon.colcon_core.environment:create_environment_scripts_only(robot_simulation)
[0.487s] Level 1:colcon.colcon_core.environment:checking '/home/silo/Desktop/cleaning_robot_ws/install/robot_simulation' for CMake module files
[0.488s] DEBUG:colcon.colcon_core.event_handler.log_command:Invoked command in '/home/silo/Desktop/cleaning_robot_ws/build/robot_simulation' returned '0': CMAKE_PREFIX_PATH=${CMAKE_PREFIX_PATH}:/opt/ros/jazzy DEBUGINFOD_URLS=https://debuginfod.ubuntu.com /usr/bin/cmake --install /home/silo/Desktop/cleaning_robot_ws/build/robot_simulation
[0.488s] Level 1:colcon.colcon_core.environment:checking '/home/silo/Desktop/cleaning_robot_ws/install/robot_simulation' for CMake config files
[0.488s] Level 1:colcon.colcon_core.shell:create_environment_hook('robot_simulation', 'cmake_prefix_path')
[0.488s] INFO:colcon.colcon_core.shell:Creating environment hook '/home/silo/Desktop/cleaning_robot_ws/install/robot_simulation/share/robot_simulation/hook/cmake_prefix_path.ps1'
[0.489s] INFO:colcon.colcon_core.shell:Creating environment descriptor '/home/silo/Desktop/cleaning_robot_ws/install/robot_simulation/share/robot_simulation/hook/cmake_prefix_path.dsv'
[0.489s] INFO:colcon.colcon_core.shell:Creating environment hook '/home/silo/Desktop/cleaning_robot_ws/install/robot_simulation/share/robot_simulation/hook/cmake_prefix_path.sh'
[0.490s] Level 1:colcon.colcon_core.environment:checking '/home/silo/Desktop/cleaning_robot_ws/install/robot_simulation/lib'
[0.490s] Level 1:colcon.colcon_core.environment:checking '/home/silo/Desktop/cleaning_robot_ws/install/robot_simulation/bin'
[0.490s] Level 1:colcon.colcon_core.environment:checking '/home/silo/Desktop/cleaning_robot_ws/install/robot_simulation/lib/pkgconfig/robot_simulation.pc'
[0.490s] Level 1:colcon.colcon_core.environment:checking '/home/silo/Desktop/cleaning_robot_ws/install/robot_simulation/lib/python3.12/site-packages'
[0.491s] Level 1:colcon.colcon_core.environment:checking '/home/silo/Desktop/cleaning_robot_ws/install/robot_simulation/bin'
[0.491s] INFO:colcon.colcon_core.shell:Creating package script '/home/silo/Desktop/cleaning_robot_ws/install/robot_simulation/share/robot_simulation/package.ps1'
[0.491s] INFO:colcon.colcon_core.shell:Creating package descriptor '/home/silo/Desktop/cleaning_robot_ws/install/robot_simulation/share/robot_simulation/package.dsv'
[0.492s] INFO:colcon.colcon_core.shell:Creating package script '/home/silo/Desktop/cleaning_robot_ws/install/robot_simulation/share/robot_simulation/package.sh'
[0.492s] INFO:colcon.colcon_core.shell:Creating package script '/home/silo/Desktop/cleaning_robot_ws/install/robot_simulation/share/robot_simulation/package.bash'
[0.492s] INFO:colcon.colcon_core.shell:Creating package script '/home/silo/Desktop/cleaning_robot_ws/install/robot_simulation/share/robot_simulation/package.zsh'
[0.492s] Level 1:colcon.colcon_core.environment:create_file_with_runtime_dependencies(/home/silo/Desktop/cleaning_robot_ws/install/robot_simulation/share/colcon-core/packages/robot_simulation)
[0.493s] Level 1:colcon.colcon_core.environment:create_environment_scripts_only(robot_description)
[0.494s] Level 1:colcon.colcon_core.environment:checking '/home/silo/Desktop/cleaning_robot_ws/install/robot_description' for CMake module files
[0.494s] DEBUG:colcon.colcon_core.event_handler.log_command:Invoked command in '/home/silo/Desktop/cleaning_robot_ws/build/robot_description' returned '0': CMAKE_PREFIX_PATH=${CMAKE_PREFIX_PATH}:/opt/ros/jazzy DEBUGINFOD_URLS=https://debuginfod.ubuntu.com /usr/bin/cmake --install /home/silo/Desktop/cleaning_robot_ws/build/robot_description
[0.495s] Level 1:colcon.colcon_core.environment:checking '/home/silo/Desktop/cleaning_robot_ws/install/robot_description' for CMake config files
[0.495s] Level 1:colcon.colcon_core.shell:create_environment_hook('robot_description', 'cmake_prefix_path')
[0.495s] INFO:colcon.colcon_core.shell:Creating environment hook '/home/silo/Desktop/cleaning_robot_ws/install/robot_description/share/robot_description/hook/cmake_prefix_path.ps1'
[0.496s] INFO:colcon.colcon_core.shell:Creating environment descriptor '/home/silo/Desktop/cleaning_robot_ws/install/robot_description/share/robot_description/hook/cmake_prefix_path.dsv'
[0.496s] INFO:colcon.colcon_core.shell:Creating environment hook '/home/silo/Desktop/cleaning_robot_ws/install/robot_description/share/robot_description/hook/cmake_prefix_path.sh'
[0.497s] Level 1:colcon.colcon_core.environment:checking '/home/silo/Desktop/cleaning_robot_ws/install/robot_description/bin'
[0.497s] Level 1:colcon.colcon_core.environment:checking '/home/silo/Desktop/cleaning_robot_ws/install/robot_description/lib/pkgconfig/robot_description.pc'
[0.497s] Level 1:colcon.colcon_core.environment:checking '/home/silo/Desktop/cleaning_robot_ws/install/robot_description/lib/python3.12/site-packages'
[0.497s] Level 1:colcon.colcon_core.environment:checking '/home/silo/Desktop/cleaning_robot_ws/install/robot_description/bin'
[0.498s] INFO:colcon.colcon_core.shell:Creating package script '/home/silo/Desktop/cleaning_robot_ws/install/robot_description/share/robot_description/package.ps1'
[0.498s] INFO:colcon.colcon_core.shell:Creating package descriptor '/home/silo/Desktop/cleaning_robot_ws/install/robot_description/share/robot_description/package.dsv'
[0.499s] INFO:colcon.colcon_core.shell:Creating package script '/home/silo/Desktop/cleaning_robot_ws/install/robot_description/share/robot_description/package.sh'
[0.499s] INFO:colcon.colcon_core.shell:Creating package script '/home/silo/Desktop/cleaning_robot_ws/install/robot_description/share/robot_description/package.bash'
[0.499s] INFO:colcon.colcon_core.shell:Creating package script '/home/silo/Desktop/cleaning_robot_ws/install/robot_description/share/robot_description/package.zsh'
[0.499s] Level 1:colcon.colcon_core.environment:create_file_with_runtime_dependencies(/home/silo/Desktop/cleaning_robot_ws/install/robot_description/share/colcon-core/packages/robot_description)
[0.500s] Level 1:colcon.colcon_core.environment:create_environment_scripts_only(robot_control)
[0.500s] Level 1:colcon.colcon_core.environment:checking '/home/silo/Desktop/cleaning_robot_ws/install/robot_control' for CMake module files
[0.501s] DEBUG:colcon.colcon_core.event_handler.log_command:Invoked command in '/home/silo/Desktop/cleaning_robot_ws/build/robot_control' returned '0': CMAKE_PREFIX_PATH=${CMAKE_PREFIX_PATH}:/opt/ros/jazzy DEBUGINFOD_URLS=https://debuginfod.ubuntu.com /usr/bin/cmake --install /home/silo/Desktop/cleaning_robot_ws/build/robot_control
[0.501s] Level 1:colcon.colcon_core.environment:checking '/home/silo/Desktop/cleaning_robot_ws/install/robot_control' for CMake config files
[0.502s] Level 1:colcon.colcon_core.shell:create_environment_hook('robot_control', 'cmake_prefix_path')
[0.502s] INFO:colcon.colcon_core.shell:Creating environment hook '/home/silo/Desktop/cleaning_robot_ws/install/robot_control/share/robot_control/hook/cmake_prefix_path.ps1'
[0.502s] INFO:colcon.colcon_core.shell:Creating environment descriptor '/home/silo/Desktop/cleaning_robot_ws/install/robot_control/share/robot_control/hook/cmake_prefix_path.dsv'
[0.502s] INFO:colcon.colcon_core.shell:Creating environment hook '/home/silo/Desktop/cleaning_robot_ws/install/robot_control/share/robot_control/hook/cmake_prefix_path.sh'
[0.503s] Level 1:colcon.colcon_core.environment:checking '/home/silo/Desktop/cleaning_robot_ws/install/robot_control/bin'
[0.503s] Level 1:colcon.colcon_core.environment:checking '/home/silo/Desktop/cleaning_robot_ws/install/robot_control/lib/pkgconfig/robot_control.pc'
[0.503s] Level 1:colcon.colcon_core.environment:checking '/home/silo/Desktop/cleaning_robot_ws/install/robot_control/lib/python3.12/site-packages'
[0.503s] Level 1:colcon.colcon_core.environment:checking '/home/silo/Desktop/cleaning_robot_ws/install/robot_control/bin'
[0.504s] INFO:colcon.colcon_core.shell:Creating package script '/home/silo/Desktop/cleaning_robot_ws/install/robot_control/share/robot_control/package.ps1'
[0.504s] INFO:colcon.colcon_core.shell:Creating package descriptor '/home/silo/Desktop/cleaning_robot_ws/install/robot_control/share/robot_control/package.dsv'
[0.504s] INFO:colcon.colcon_core.shell:Creating package script '/home/silo/Desktop/cleaning_robot_ws/install/robot_control/share/robot_control/package.sh'
[0.505s] INFO:colcon.colcon_core.shell:Creating package script '/home/silo/Desktop/cleaning_robot_ws/install/robot_control/share/robot_control/package.bash'
[0.505s] INFO:colcon.colcon_core.shell:Creating package script '/home/silo/Desktop/cleaning_robot_ws/install/robot_control/share/robot_control/package.zsh'
[0.505s] Level 1:colcon.colcon_core.environment:create_file_with_runtime_dependencies(/home/silo/Desktop/cleaning_robot_ws/install/robot_control/share/colcon-core/packages/robot_control)
[0.507s] Level 1:colcon.colcon_core.environment:create_environment_scripts_only(robot_in_practice)
[0.507s] Level 1:colcon.colcon_core.environment:checking '/home/silo/Desktop/cleaning_robot_ws/install/robot_in_practice' for CMake module files
[0.507s] Level 1:colcon.colcon_core.environment:checking '/home/silo/Desktop/cleaning_robot_ws/install/robot_in_practice' for CMake config files
[0.507s] Level 1:colcon.colcon_core.shell:create_environment_hook('robot_in_practice', 'cmake_prefix_path')
[0.507s] INFO:colcon.colcon_core.shell:Creating environment hook '/home/silo/Desktop/cleaning_robot_ws/install/robot_in_practice/share/robot_in_practice/hook/cmake_prefix_path.ps1'
[0.508s] INFO:colcon.colcon_core.shell:Creating environment descriptor '/home/silo/Desktop/cleaning_robot_ws/install/robot_in_practice/share/robot_in_practice/hook/cmake_prefix_path.dsv'
[0.508s] INFO:colcon.colcon_core.shell:Creating environment hook '/home/silo/Desktop/cleaning_robot_ws/install/robot_in_practice/share/robot_in_practice/hook/cmake_prefix_path.sh'
[0.509s] Level 1:colcon.colcon_core.environment:checking '/home/silo/Desktop/cleaning_robot_ws/install/robot_in_practice/bin'
[0.509s] Level 1:colcon.colcon_core.environment:checking '/home/silo/Desktop/cleaning_robot_ws/install/robot_in_practice/lib/pkgconfig/robot_in_practice.pc'
[0.509s] Level 1:colcon.colcon_core.environment:checking '/home/silo/Desktop/cleaning_robot_ws/install/robot_in_practice/lib/python3.12/site-packages'
[0.509s] Level 1:colcon.colcon_core.environment:checking '/home/silo/Desktop/cleaning_robot_ws/install/robot_in_practice/bin'
[0.509s] INFO:colcon.colcon_core.shell:Creating package script '/home/silo/Desktop/cleaning_robot_ws/install/robot_in_practice/share/robot_in_practice/package.ps1'
[0.510s] INFO:colcon.colcon_core.shell:Creating package descriptor '/home/silo/Desktop/cleaning_robot_ws/install/robot_in_practice/share/robot_in_practice/package.dsv'
[0.510s] INFO:colcon.colcon_core.shell:Creating package script '/home/silo/Desktop/cleaning_robot_ws/install/robot_in_practice/share/robot_in_practice/package.sh'
[0.511s] INFO:colcon.colcon_core.shell:Creating package script '/home/silo/Desktop/cleaning_robot_ws/install/robot_in_practice/share/robot_in_practice/package.bash'
[0.511s] INFO:colcon.colcon_core.shell:Creating package script '/home/silo/Desktop/cleaning_robot_ws/install/robot_in_practice/share/robot_in_practice/package.zsh'
[0.511s] Level 1:colcon.colcon_core.environment:create_file_with_runtime_dependencies(/home/silo/Desktop/cleaning_robot_ws/install/robot_in_practice/share/colcon-core/packages/robot_in_practice)
[0.513s] Level 1:colcon.colcon_core.environment:create_environment_scripts_only(robot_camera)
[0.513s] Level 1:colcon.colcon_core.environment:checking '/home/silo/Desktop/cleaning_robot_ws/install/robot_camera' for CMake module files
[0.514s] Level 1:colcon.colcon_core.environment:checking '/home/silo/Desktop/cleaning_robot_ws/install/robot_camera' for CMake config files
[0.514s] Level 1:colcon.colcon_core.shell:create_environment_hook('robot_camera', 'cmake_prefix_path')
[0.515s] INFO:colcon.colcon_core.shell:Creating environment hook '/home/silo/Desktop/cleaning_robot_ws/install/robot_camera/share/robot_camera/hook/cmake_prefix_path.ps1'
[0.515s] INFO:colcon.colcon_core.shell:Creating environment descriptor '/home/silo/Desktop/cleaning_robot_ws/install/robot_camera/share/robot_camera/hook/cmake_prefix_path.dsv'
[0.515s] INFO:colcon.colcon_core.shell:Creating environment hook '/home/silo/Desktop/cleaning_robot_ws/install/robot_camera/share/robot_camera/hook/cmake_prefix_path.sh'
[0.516s] Level 1:colcon.colcon_core.environment:checking '/home/silo/Desktop/cleaning_robot_ws/install/robot_camera/bin'
[0.516s] Level 1:colcon.colcon_core.environment:checking '/home/silo/Desktop/cleaning_robot_ws/install/robot_camera/lib/pkgconfig/robot_camera.pc'
[0.516s] Level 1:colcon.colcon_core.environment:checking '/home/silo/Desktop/cleaning_robot_ws/install/robot_camera/lib/python3.12/site-packages'
[0.516s] Level 1:colcon.colcon_core.environment:checking '/home/silo/Desktop/cleaning_robot_ws/install/robot_camera/bin'
[0.517s] INFO:colcon.colcon_core.shell:Creating package script '/home/silo/Desktop/cleaning_robot_ws/install/robot_camera/share/robot_camera/package.ps1'
[0.517s] INFO:colcon.colcon_core.shell:Creating package descriptor '/home/silo/Desktop/cleaning_robot_ws/install/robot_camera/share/robot_camera/package.dsv'
[0.518s] INFO:colcon.colcon_core.shell:Creating package script '/home/silo/Desktop/cleaning_robot_ws/install/robot_camera/share/robot_camera/package.sh'
[0.518s] INFO:colcon.colcon_core.shell:Creating package script '/home/silo/Desktop/cleaning_robot_ws/install/robot_camera/share/robot_camera/package.bash'
[0.518s] INFO:colcon.colcon_core.shell:Creating package script '/home/silo/Desktop/cleaning_robot_ws/install/robot_camera/share/robot_camera/package.zsh'
[0.519s] Level 1:colcon.colcon_core.environment:create_file_with_runtime_dependencies(/home/silo/Desktop/cleaning_robot_ws/install/robot_camera/share/colcon-core/packages/robot_camera)
[0.519s] Level 1:colcon.colcon_core.environment:create_environment_scripts_only(robot_lidar)
[0.519s] Level 1:colcon.colcon_core.environment:checking '/home/silo/Desktop/cleaning_robot_ws/install/robot_lidar' for CMake module files
[0.520s] Level 1:colcon.colcon_core.environment:checking '/home/silo/Desktop/cleaning_robot_ws/install/robot_lidar' for CMake config files
[0.520s] Level 1:colcon.colcon_core.shell:create_environment_hook('robot_lidar', 'cmake_prefix_path')
[0.520s] INFO:colcon.colcon_core.shell:Creating environment hook '/home/silo/Desktop/cleaning_robot_ws/install/robot_lidar/share/robot_lidar/hook/cmake_prefix_path.ps1'
[0.521s] INFO:colcon.colcon_core.shell:Creating environment descriptor '/home/silo/Desktop/cleaning_robot_ws/install/robot_lidar/share/robot_lidar/hook/cmake_prefix_path.dsv'
[0.521s] INFO:colcon.colcon_core.shell:Creating environment hook '/home/silo/Desktop/cleaning_robot_ws/install/robot_lidar/share/robot_lidar/hook/cmake_prefix_path.sh'
[0.521s] Level 1:colcon.colcon_core.environment:checking '/home/silo/Desktop/cleaning_robot_ws/install/robot_lidar/bin'
[0.521s] Level 1:colcon.colcon_core.environment:checking '/home/silo/Desktop/cleaning_robot_ws/install/robot_lidar/lib/pkgconfig/robot_lidar.pc'
[0.522s] Level 1:colcon.colcon_core.environment:checking '/home/silo/Desktop/cleaning_robot_ws/install/robot_lidar/lib/python3.12/site-packages'
[0.522s] Level 1:colcon.colcon_core.environment:checking '/home/silo/Desktop/cleaning_robot_ws/install/robot_lidar/bin'
[0.522s] INFO:colcon.colcon_core.shell:Creating package script '/home/silo/Desktop/cleaning_robot_ws/install/robot_lidar/share/robot_lidar/package.ps1'
[0.522s] INFO:colcon.colcon_core.shell:Creating package descriptor '/home/silo/Desktop/cleaning_robot_ws/install/robot_lidar/share/robot_lidar/package.dsv'
[0.523s] INFO:colcon.colcon_core.shell:Creating package script '/home/silo/Desktop/cleaning_robot_ws/install/robot_lidar/share/robot_lidar/package.sh'
[0.523s] INFO:colcon.colcon_core.shell:Creating package script '/home/silo/Desktop/cleaning_robot_ws/install/robot_lidar/share/robot_lidar/package.bash'
[0.524s] INFO:colcon.colcon_core.shell:Creating package script '/home/silo/Desktop/cleaning_robot_ws/install/robot_lidar/share/robot_lidar/package.zsh'
[0.524s] Level 1:colcon.colcon_core.environment:create_file_with_runtime_dependencies(/home/silo/Desktop/cleaning_robot_ws/install/robot_lidar/share/colcon-core/packages/robot_lidar)
[0.525s] Level 1:colcon.colcon_core.environment:create_environment_scripts_only(robot_simulation)
[0.525s] Level 1:colcon.colcon_core.environment:checking '/home/silo/Desktop/cleaning_robot_ws/install/robot_simulation' for CMake module files
[0.526s] Level 1:colcon.colcon_core.environment:checking '/home/silo/Desktop/cleaning_robot_ws/install/robot_simulation' for CMake config files
[0.526s] Level 1:colcon.colcon_core.shell:create_environment_hook('robot_simulation', 'cmake_prefix_path')
[0.526s] INFO:colcon.colcon_core.shell:Creating environment hook '/home/silo/Desktop/cleaning_robot_ws/install/robot_simulation/share/robot_simulation/hook/cmake_prefix_path.ps1'
[0.526s] INFO:colcon.colcon_core.shell:Creating environment descriptor '/home/silo/Desktop/cleaning_robot_ws/install/robot_simulation/share/robot_simulation/hook/cmake_prefix_path.dsv'
[0.527s] INFO:colcon.colcon_core.shell:Creating environment hook '/home/silo/Desktop/cleaning_robot_ws/install/robot_simulation/share/robot_simulation/hook/cmake_prefix_path.sh'
[0.527s] Level 1:colcon.colcon_core.environment:checking '/home/silo/Desktop/cleaning_robot_ws/install/robot_simulation/lib'
[0.527s] Level 1:colcon.colcon_core.environment:checking '/home/silo/Desktop/cleaning_robot_ws/install/robot_simulation/bin'
[0.527s] Level 1:colcon.colcon_core.environment:checking '/home/silo/Desktop/cleaning_robot_ws/install/robot_simulation/lib/pkgconfig/robot_simulation.pc'
[0.528s] Level 1:colcon.colcon_core.environment:checking '/home/silo/Desktop/cleaning_robot_ws/install/robot_simulation/lib/python3.12/site-packages'
[0.528s] Level 1:colcon.colcon_core.environment:checking '/home/silo/Desktop/cleaning_robot_ws/install/robot_simulation/bin'
[0.528s] INFO:colcon.colcon_core.shell:Creating package script '/home/silo/Desktop/cleaning_robot_ws/install/robot_simulation/share/robot_simulation/package.ps1'
[0.529s] INFO:colcon.colcon_core.shell:Creating package descriptor '/home/silo/Desktop/cleaning_robot_ws/install/robot_simulation/share/robot_simulation/package.dsv'
[0.529s] INFO:colcon.colcon_core.shell:Creating package script '/home/silo/Desktop/cleaning_robot_ws/install/robot_simulation/share/robot_simulation/package.sh'
[0.530s] INFO:colcon.colcon_core.shell:Creating package script '/home/silo/Desktop/cleaning_robot_ws/install/robot_simulation/share/robot_simulation/package.bash'
[0.530s] INFO:colcon.colcon_core.shell:Creating package script '/home/silo/Desktop/cleaning_robot_ws/install/robot_simulation/share/robot_simulation/package.zsh'
[0.531s] Level 1:colcon.colcon_core.environment:create_file_with_runtime_dependencies(/home/silo/Desktop/cleaning_robot_ws/install/robot_simulation/share/colcon-core/packages/robot_simulation)
[0.531s] Level 1:colcon.colcon_core.environment:create_environment_scripts_only(robot_description)
[0.531s] Level 1:colcon.colcon_core.environment:checking '/home/silo/Desktop/cleaning_robot_ws/install/robot_description' for CMake module files
[0.532s] Level 1:colcon.colcon_core.environment:checking '/home/silo/Desktop/cleaning_robot_ws/install/robot_description' for CMake config files
[0.532s] Level 1:colcon.colcon_core.shell:create_environment_hook('robot_description', 'cmake_prefix_path')
[0.533s] INFO:colcon.colcon_core.shell:Creating environment hook '/home/silo/Desktop/cleaning_robot_ws/install/robot_description/share/robot_description/hook/cmake_prefix_path.ps1'
[0.533s] INFO:colcon.colcon_core.shell:Creating environment descriptor '/home/silo/Desktop/cleaning_robot_ws/install/robot_description/share/robot_description/hook/cmake_prefix_path.dsv'
[0.533s] INFO:colcon.colcon_core.shell:Creating environment hook '/home/silo/Desktop/cleaning_robot_ws/install/robot_description/share/robot_description/hook/cmake_prefix_path.sh'
[0.534s] Level 1:colcon.colcon_core.environment:checking '/home/silo/Desktop/cleaning_robot_ws/install/robot_description/bin'
[0.534s] Level 1:colcon.colcon_core.environment:checking '/home/silo/Desktop/cleaning_robot_ws/install/robot_description/lib/pkgconfig/robot_description.pc'
[0.534s] Level 1:colcon.colcon_core.environment:checking '/home/silo/Desktop/cleaning_robot_ws/install/robot_description/lib/python3.12/site-packages'
[0.534s] Level 1:colcon.colcon_core.environment:checking '/home/silo/Desktop/cleaning_robot_ws/install/robot_description/bin'
[0.535s] INFO:colcon.colcon_core.shell:Creating package script '/home/silo/Desktop/cleaning_robot_ws/install/robot_description/share/robot_description/package.ps1'
[0.535s] INFO:colcon.colcon_core.shell:Creating package descriptor '/home/silo/Desktop/cleaning_robot_ws/install/robot_description/share/robot_description/package.dsv'
[0.535s] INFO:colcon.colcon_core.shell:Creating package script '/home/silo/Desktop/cleaning_robot_ws/install/robot_description/share/robot_description/package.sh'
[0.536s] INFO:colcon.colcon_core.shell:Creating package script '/home/silo/Desktop/cleaning_robot_ws/install/robot_description/share/robot_description/package.bash'
[0.536s] INFO:colcon.colcon_core.shell:Creating package script '/home/silo/Desktop/cleaning_robot_ws/install/robot_description/share/robot_description/package.zsh'
[0.536s] Level 1:colcon.colcon_core.environment:create_file_with_runtime_dependencies(/home/silo/Desktop/cleaning_robot_ws/install/robot_description/share/colcon-core/packages/robot_description)
[0.537s] Level 1:colcon.colcon_core.environment:create_environment_scripts_only(robot_control)
[0.537s] Level 1:colcon.colcon_core.environment:checking '/home/silo/Desktop/cleaning_robot_ws/install/robot_control' for CMake module files
[0.538s] Level 1:colcon.colcon_core.environment:checking '/home/silo/Desktop/cleaning_robot_ws/install/robot_control' for CMake config files
[0.538s] Level 1:colcon.colcon_core.shell:create_environment_hook('robot_control', 'cmake_prefix_path')
[0.538s] INFO:colcon.colcon_core.shell:Creating environment hook '/home/silo/Desktop/cleaning_robot_ws/install/robot_control/share/robot_control/hook/cmake_prefix_path.ps1'
[0.538s] INFO:colcon.colcon_core.shell:Creating environment descriptor '/home/silo/Desktop/cleaning_robot_ws/install/robot_control/share/robot_control/hook/cmake_prefix_path.dsv'
[0.539s] INFO:colcon.colcon_core.shell:Creating environment hook '/home/silo/Desktop/cleaning_robot_ws/install/robot_control/share/robot_control/hook/cmake_prefix_path.sh'
[0.539s] Level 1:colcon.colcon_core.environment:checking '/home/silo/Desktop/cleaning_robot_ws/install/robot_control/bin'
[0.539s] Level 1:colcon.colcon_core.environment:checking '/home/silo/Desktop/cleaning_robot_ws/install/robot_control/lib/pkgconfig/robot_control.pc'
[0.539s] Level 1:colcon.colcon_core.environment:checking '/home/silo/Desktop/cleaning_robot_ws/install/robot_control/lib/python3.12/site-packages'
[0.540s] Level 1:colcon.colcon_core.environment:checking '/home/silo/Desktop/cleaning_robot_ws/install/robot_control/bin'
[0.540s] INFO:colcon.colcon_core.shell:Creating package script '/home/silo/Desktop/cleaning_robot_ws/install/robot_control/share/robot_control/package.ps1'
[0.540s] INFO:colcon.colcon_core.shell:Creating package descriptor '/home/silo/Desktop/cleaning_robot_ws/install/robot_control/share/robot_control/package.dsv'
[0.541s] INFO:colcon.colcon_core.shell:Creating package script '/home/silo/Desktop/cleaning_robot_ws/install/robot_control/share/robot_control/package.sh'
[0.541s] INFO:colcon.colcon_core.shell:Creating package script '/home/silo/Desktop/cleaning_robot_ws/install/robot_control/share/robot_control/package.bash'
[0.541s] INFO:colcon.colcon_core.shell:Creating package script '/home/silo/Desktop/cleaning_robot_ws/install/robot_control/share/robot_control/package.zsh'
[0.542s] Level 1:colcon.colcon_core.environment:create_file_with_runtime_dependencies(/home/silo/Desktop/cleaning_robot_ws/install/robot_control/share/colcon-core/packages/robot_control)
[0.542s] DEBUG:colcon.colcon_parallel_executor.executor.parallel:closing loop
[0.542s] DEBUG:colcon.colcon_parallel_executor.executor.parallel:loop closed
[0.542s] DEBUG:colcon.colcon_parallel_executor.executor.parallel:run_until_complete finished with '0'
[0.542s] DEBUG:colcon.colcon_core.event_reactor:joining thread
[0.550s] INFO:colcon.colcon_core.plugin_system:Skipping extension 'colcon_notification.desktop_notification.terminal_notifier': Not used on non-Darwin systems
[0.550s] INFO:colcon.colcon_core.plugin_system:Skipping extension 'colcon_notification.desktop_notification.win32': Not used on non-Windows systems
[0.550s] INFO:colcon.colcon_notification.desktop_notification:Sending desktop notification using 'notify2'
[0.575s] DEBUG:colcon.colcon_core.event_reactor:joined thread
[0.575s] INFO:colcon.colcon_core.shell:Creating prefix script '/home/silo/Desktop/cleaning_robot_ws/install/local_setup.ps1'
[0.576s] INFO:colcon.colcon_core.shell:Creating prefix util module '/home/silo/Desktop/cleaning_robot_ws/install/_local_setup_util_ps1.py'
[0.577s] INFO:colcon.colcon_core.shell:Creating prefix chain script '/home/silo/Desktop/cleaning_robot_ws/install/setup.ps1'
[0.578s] INFO:colcon.colcon_core.shell:Creating prefix script '/home/silo/Desktop/cleaning_robot_ws/install/local_setup.sh'
[0.579s] INFO:colcon.colcon_core.shell:Creating prefix util module '/home/silo/Desktop/cleaning_robot_ws/install/_local_setup_util_sh.py'
[0.579s] INFO:colcon.colcon_core.shell:Creating prefix chain script '/home/silo/Desktop/cleaning_robot_ws/install/setup.sh'
[0.581s] INFO:colcon.colcon_core.shell:Creating prefix script '/home/silo/Desktop/cleaning_robot_ws/install/local_setup.bash'
[0.581s] INFO:colcon.colcon_core.shell:Creating prefix chain script '/home/silo/Desktop/cleaning_robot_ws/install/setup.bash'
[0.582s] INFO:colcon.colcon_core.shell:Creating prefix script '/home/silo/Desktop/cleaning_robot_ws/install/local_setup.zsh'
[0.583s] INFO:colcon.colcon_core.shell:Creating prefix chain script '/home/silo/Desktop/cleaning_robot_ws/install/setup.zsh'
