-- Install configuration: ""
-- Execute custom install script
-- Up-to-date symlink: /home/silo/Desktop/cleaning_robot_ws/install/robot_description/share/robot_description/launch/robot_sdf.launch.py
-- Up-to-date symlink: /home/silo/Desktop/cleaning_robot_ws/install/robot_description/share/robot_description/launch/robot_xacro.launch.py
-- Up-to-date symlink: /home/silo/Desktop/cleaning_robot_ws/install/robot_description/share/robot_description/config/all_in_one.rviz
-- Up-to-date symlink: /home/silo/Desktop/cleaning_robot_ws/install/robot_description/share/robot_description/config/laserscan.rviz
-- Up-to-date symlink: /home/silo/Desktop/cleaning_robot_ws/install/robot_description/share/robot_description/config/my_controllers.yaml
-- Up-to-date symlink: /home/silo/Desktop/cleaning_robot_ws/install/robot_description/share/robot_description/config/show_lidar_scanner_output.rviz
-- Up-to-date symlink: /home/silo/Desktop/cleaning_robot_ws/install/robot_description/share/robot_description/config/view_robot.rviz
-- Up-to-date symlink: /home/silo/Desktop/cleaning_robot_ws/install/robot_description/share/robot_description/model/fm_description/v5 - AM0600115_INT_REV01_2_SW0001_1.stl
-- Up-to-date symlink: /home/silo/Desktop/cleaning_robot_ws/install/robot_description/share/robot_description/model/fm_description/v5 - D435-mount-V.stl
-- Up-to-date symlink: /home/silo/Desktop/cleaning_robot_ws/install/robot_description/share/robot_description/model/fm_description/v5 - D455-mount-h.stl
-- Up-to-date symlink: /home/silo/Desktop/cleaning_robot_ws/install/robot_description/share/robot_description/model/fm_description/v5 - DS5_0390_LABEL_FRONT_ADH_D455_3.stl
-- Up-to-date symlink: /home/silo/Desktop/cleaning_robot_ws/install/robot_description/share/robot_description/model/fm_description/v5 - DS5_0390_LABEL_FRONT_MOD_D455_5.stl
-- Up-to-date symlink: /home/silo/Desktop/cleaning_robot_ws/install/robot_description/share/robot_description/model/fm_description/v5 - MEC060304_3.stl
-- Up-to-date symlink: /home/silo/Desktop/cleaning_robot_ws/install/robot_description/share/robot_description/model/fm_description/v5 - MEC060311_6.stl
-- Up-to-date symlink: /home/silo/Desktop/cleaning_robot_ws/install/robot_description/share/robot_description/model/fm_description/v5 - MEC060316_8.stl
-- Up-to-date symlink: /home/silo/Desktop/cleaning_robot_ws/install/robot_description/share/robot_description/model/fm_description/v5 - MEC060318_11.stl
-- Up-to-date symlink: /home/silo/Desktop/cleaning_robot_ws/install/robot_description/share/robot_description/model/fm_description/v5 - Part 1.stl
-- Up-to-date symlink: /home/silo/Desktop/cleaning_robot_ws/install/robot_description/share/robot_description/model/fm_description/v5 - Part 4.stl
-- Up-to-date symlink: /home/silo/Desktop/cleaning_robot_ws/install/robot_description/share/robot_description/model/fm_description/v5 - Spur gear (16 teeth).stl
-- Up-to-date symlink: /home/silo/Desktop/cleaning_robot_ws/install/robot_description/share/robot_description/model/fm_description/v5 - Spur_gear_48_teeth.stl
-- Up-to-date symlink: /home/silo/Desktop/cleaning_robot_ws/install/robot_description/share/robot_description/model/fm_description/v5 - X.stl
-- Up-to-date symlink: /home/silo/Desktop/cleaning_robot_ws/install/robot_description/share/robot_description/model/fm_description/v5 - Y.stl
-- Up-to-date symlink: /home/silo/Desktop/cleaning_robot_ws/install/robot_description/share/robot_description/model/fm_description/v5 - Z.stl
-- Up-to-date symlink: /home/silo/Desktop/cleaning_robot_ws/install/robot_description/share/robot_description/model/fm_description/v5 - alu_20x20-inner.stl
-- Up-to-date symlink: /home/silo/Desktop/cleaning_robot_ws/install/robot_description/share/robot_description/model/fm_description/v5 - alu_20x20_cam-top.stl
-- Up-to-date symlink: /home/silo/Desktop/cleaning_robot_ws/install/robot_description/share/robot_description/model/fm_description/v5 - alu_20x20_to_fejemis.stl
-- Up-to-date symlink: /home/silo/Desktop/cleaning_robot_ws/install/robot_description/share/robot_description/model/fm_description/v5 - bearing-block.stl
-- Up-to-date symlink: /home/silo/Desktop/cleaning_robot_ws/install/robot_description/share/robot_description/model/fm_description/v5 - fix_left.stl
-- Up-to-date symlink: /home/silo/Desktop/cleaning_robot_ws/install/robot_description/share/robot_description/model/fm_description/v5 - fix_right.stl
-- Up-to-date symlink: /home/silo/Desktop/cleaning_robot_ws/install/robot_description/share/robot_description/model/fm_description/v5 - fixed-part.stl
-- Up-to-date symlink: /home/silo/Desktop/cleaning_robot_ws/install/robot_description/share/robot_description/model/fm_description/v5 - fork.stl
-- Up-to-date symlink: /home/silo/Desktop/cleaning_robot_ws/install/robot_description/share/robot_description/model/fm_description/v5 - kost_bottom.stl
-- Up-to-date symlink: /home/silo/Desktop/cleaning_robot_ws/install/robot_description/share/robot_description/model/fm_description/v5 - kost_top.stl
-- Up-to-date symlink: /home/silo/Desktop/cleaning_robot_ws/install/robot_description/share/robot_description/model/fm_description/v5 - link-lower.stl
-- Up-to-date symlink: /home/silo/Desktop/cleaning_robot_ws/install/robot_description/share/robot_description/model/fm_description/v5 - motor_dsmp420-12-504.stl
-- Up-to-date symlink: /home/silo/Desktop/cleaning_robot_ws/install/robot_description/share/robot_description/model/fm_description/v5 - mount_2_fejemis_1.stl
-- Up-to-date symlink: /home/silo/Desktop/cleaning_robot_ws/install/robot_description/share/robot_description/model/fm_description/v5 - mount_2_fejemis_2.stl
-- Up-to-date symlink: /home/silo/Desktop/cleaning_robot_ws/install/robot_description/share/robot_description/model/fm_description/v5 - pololu-8mm-flange.stl
-- Up-to-date symlink: /home/silo/Desktop/cleaning_robot_ws/install/robot_description/share/robot_description/model/fm_description/v5 - servi-horn.stl
-- Up-to-date symlink: /home/silo/Desktop/cleaning_robot_ws/install/robot_description/share/robot_description/model/fm_description/v5 - servo.stl
-- Up-to-date symlink: /home/silo/Desktop/cleaning_robot_ws/install/robot_description/share/robot_description/model/fm_description/v5 - side_1.stl
-- Up-to-date symlink: /home/silo/Desktop/cleaning_robot_ws/install/robot_description/share/robot_description/model/fm_description/v5 - side_2.stl
-- Up-to-date symlink: /home/silo/Desktop/cleaning_robot_ws/install/robot_description/share/robot_description/model/fm_description/v5 - side_back_1.stl
-- Up-to-date symlink: /home/silo/Desktop/cleaning_robot_ws/install/robot_description/share/robot_description/model/fm_description/v5 - side_back_2.stl
-- Up-to-date symlink: /home/silo/Desktop/cleaning_robot_ws/install/robot_description/share/robot_description/model/fm_description/v5 - teensy_board.stl
-- Up-to-date symlink: /home/silo/Desktop/cleaning_robot_ws/install/robot_description/share/robot_description/model/fm_description/v5 - tube-1-mount.stl
-- Up-to-date symlink: /home/silo/Desktop/cleaning_robot_ws/install/robot_description/share/robot_description/model/fm_description/v5 - tube-1.stl
-- Up-to-date symlink: /home/silo/Desktop/cleaning_robot_ws/install/robot_description/share/robot_description/model/fm_description/v5 - tube-2-mount.stl
-- Up-to-date symlink: /home/silo/Desktop/cleaning_robot_ws/install/robot_description/share/robot_description/model/fm_description/v5 - tube-2.stl
-- Up-to-date symlink: /home/silo/Desktop/cleaning_robot_ws/install/robot_description/share/robot_description/model/fm_description/v5 - tube-3-mount.stl
-- Up-to-date symlink: /home/silo/Desktop/cleaning_robot_ws/install/robot_description/share/robot_description/model/fm_description/v5 - tube-4-mount.stl
-- Up-to-date symlink: /home/silo/Desktop/cleaning_robot_ws/install/robot_description/share/robot_description/model/fm_description/v5 - tube-top.stl
-- Up-to-date symlink: /home/silo/Desktop/cleaning_robot_ws/install/robot_description/share/robot_description/model/fm_description/v5 - up-base.stl
-- Up-to-date symlink: /home/silo/Desktop/cleaning_robot_ws/install/robot_description/share/robot_description/model/fm_description/v5 - wheel-knot.stl
-- Up-to-date symlink: /home/silo/Desktop/cleaning_robot_ws/install/robot_description/share/robot_description/model/fm_description/v5 - wheel.stl
-- Up-to-date symlink: /home/silo/Desktop/cleaning_robot_ws/install/robot_description/share/robot_description/model/fm_description/v5 - wheel_adaptor_1.stl
-- Up-to-date symlink: /home/silo/Desktop/cleaning_robot_ws/install/robot_description/share/robot_description/model/fm_description/v5 - wheel_wide.stl
-- Up-to-date symlink: /home/silo/Desktop/cleaning_robot_ws/install/robot_description/share/robot_description/model/robot_model.sdf
-- Up-to-date symlink: /home/silo/Desktop/cleaning_robot_ws/install/robot_description/share/robot_description/xacro/camera.xacro
-- Up-to-date symlink: /home/silo/Desktop/cleaning_robot_ws/install/robot_description/share/robot_description/xacro/depth_camera.xacro
-- Up-to-date symlink: /home/silo/Desktop/cleaning_robot_ws/install/robot_description/share/robot_description/xacro/gazebo_control.xacro
-- Up-to-date symlink: /home/silo/Desktop/cleaning_robot_ws/install/robot_description/share/robot_description/xacro/inertial_macros.xacro
-- Up-to-date symlink: /home/silo/Desktop/cleaning_robot_ws/install/robot_description/share/robot_description/xacro/lidar.xacro
-- Up-to-date symlink: /home/silo/Desktop/cleaning_robot_ws/install/robot_description/share/robot_description/xacro/robot.urdf.xacro
-- Up-to-date symlink: /home/silo/Desktop/cleaning_robot_ws/install/robot_description/share/robot_description/xacro/robot_core.xacro
-- Up-to-date symlink: /home/silo/Desktop/cleaning_robot_ws/install/robot_description/share/robot_description/xacro/ros2_control.xacro
-- Up-to-date symlink: /home/silo/Desktop/cleaning_robot_ws/install/robot_description/share/ament_index/resource_index/package_run_dependencies/robot_description
-- Up-to-date symlink: /home/silo/Desktop/cleaning_robot_ws/install/robot_description/share/ament_index/resource_index/parent_prefix_path/robot_description
-- Up-to-date symlink: /home/silo/Desktop/cleaning_robot_ws/install/robot_description/share/robot_description/environment/ament_prefix_path.sh
-- Up-to-date symlink: /home/silo/Desktop/cleaning_robot_ws/install/robot_description/share/robot_description/environment/ament_prefix_path.dsv
-- Up-to-date symlink: /home/silo/Desktop/cleaning_robot_ws/install/robot_description/share/robot_description/environment/path.sh
-- Up-to-date symlink: /home/silo/Desktop/cleaning_robot_ws/install/robot_description/share/robot_description/environment/path.dsv
-- Up-to-date symlink: /home/silo/Desktop/cleaning_robot_ws/install/robot_description/share/robot_description/local_setup.bash
-- Up-to-date symlink: /home/silo/Desktop/cleaning_robot_ws/install/robot_description/share/robot_description/local_setup.sh
-- Up-to-date symlink: /home/silo/Desktop/cleaning_robot_ws/install/robot_description/share/robot_description/local_setup.zsh
-- Up-to-date symlink: /home/silo/Desktop/cleaning_robot_ws/install/robot_description/share/robot_description/local_setup.dsv
-- Symlinking: /home/silo/Desktop/cleaning_robot_ws/install/robot_description/share/robot_description/package.dsv
-- Up-to-date symlink: /home/silo/Desktop/cleaning_robot_ws/install/robot_description/share/ament_index/resource_index/packages/robot_description
-- Up-to-date symlink: /home/silo/Desktop/cleaning_robot_ws/install/robot_description/share/robot_description/cmake/robot_descriptionConfig.cmake
-- Up-to-date symlink: /home/silo/Desktop/cleaning_robot_ws/install/robot_description/share/robot_description/cmake/robot_descriptionConfig-version.cmake
-- Up-to-date symlink: /home/silo/Desktop/cleaning_robot_ws/install/robot_description/share/robot_description/package.xml
