[0.033s] Invoking command in '/home/silo/Desktop/cleaning_robot_ws/build/robot_simulation': CMAKE_PREFIX_PATH=${CMAKE_PREFIX_PATH}:/opt/ros/jazzy DEBUGINFOD_URLS=https://debuginfod.ubuntu.com /usr/bin/cmake --build /home/silo/Desktop/cleaning_robot_ws/build/robot_simulation -- -j12 -l12
[0.069s] -- Found ament_cmake: 2.5.2 (/opt/ros/jazzy/share/ament_cmake/cmake)
[0.341s] -- Override CMake install command with custom implementation using symlinks instead of copying resources
[0.358s] -- Found rclcpp: 28.1.3 (/opt/ros/jazzy/share/rclcpp/cmake)
[0.404s] -- Found rosidl_generator_c: 4.6.3 (/opt/ros/jazzy/share/rosidl_generator_c/cmake)
[0.420s] -- Found rosidl_generator_cpp: 4.6.3 (/opt/ros/jazzy/share/rosidl_generator_cpp/cmake)
[0.443s] -- Using all available rosidl_typesupport_c: rosidl_typesupport_fastrtps_c;rosidl_typesupport_introspection_c
[0.464s] -- Using all available rosidl_typesupport_cpp: rosidl_typesupport_fastrtps_cpp;rosidl_typesupport_introspection_cpp
[0.564s] -- Found rmw_implementation_cmake: 7.3.1 (/opt/ros/jazzy/share/rmw_implementation_cmake/cmake)
[0.567s] -- Found rmw_fastrtps_cpp: 8.4.1 (/opt/ros/jazzy/share/rmw_fastrtps_cpp/cmake)
[0.658s] -- Using RMW implementation 'rmw_fastrtps_cpp' as default
[0.749s] -- Found std_msgs: 5.3.5 (/opt/ros/jazzy/share/std_msgs/cmake)
[0.769s] -- Found ament_lint_auto: 0.17.1 (/opt/ros/jazzy/share/ament_lint_auto/cmake)
[0.892s] -- Added test 'flake8' to check Python code syntax and style conventions
[0.893s] -- Configured 'flake8' exclude dirs and/or files: 
[0.893s] -- Added test 'lint_cmake' to check CMake code style
[0.894s] -- Added test 'pep257' to check Python code against some of the docstring style conventions in PEP 257
[0.895s] -- Added test 'xmllint' to check XML markup files
[0.897s] -- Configuring done (0.8s)
[0.903s] -- Generating done (0.0s)
[0.904s] -- Build files have been written to: /home/silo/Desktop/cleaning_robot_ws/build/robot_simulation
[0.933s] Invoked command in '/home/silo/Desktop/cleaning_robot_ws/build/robot_simulation' returned '0': CMAKE_PREFIX_PATH=${CMAKE_PREFIX_PATH}:/opt/ros/jazzy DEBUGINFOD_URLS=https://debuginfod.ubuntu.com /usr/bin/cmake --build /home/silo/Desktop/cleaning_robot_ws/build/robot_simulation -- -j12 -l12
[0.956s] Invoking command in '/home/silo/Desktop/cleaning_robot_ws/build/robot_simulation': CMAKE_PREFIX_PATH=${CMAKE_PREFIX_PATH}:/opt/ros/jazzy DEBUGINFOD_URLS=https://debuginfod.ubuntu.com /usr/bin/cmake --install /home/silo/Desktop/cleaning_robot_ws/build/robot_simulation
[0.965s] -- Install configuration: ""
[0.966s] -- Execute custom install script
[0.966s] -- Up-to-date symlink: /home/silo/Desktop/cleaning_robot_ws/install/robot_simulation/share/robot_simulation/launch/gz.launch.py
[0.966s] -- Up-to-date symlink: /home/silo/Desktop/cleaning_robot_ws/install/robot_simulation/share/robot_simulation/launch/gz_bridge.launch.py
[0.966s] -- Up-to-date symlink: /home/silo/Desktop/cleaning_robot_ws/install/robot_simulation/share/robot_simulation/launch/nav2.launch.py
[0.967s] -- Up-to-date symlink: /home/silo/Desktop/cleaning_robot_ws/install/robot_simulation/share/robot_simulation/launch/rviz.launch.py
[0.967s] -- Up-to-date symlink: /home/silo/Desktop/cleaning_robot_ws/install/robot_simulation/share/robot_simulation/launch/simulation.launch.py
[0.967s] -- Up-to-date symlink: /home/silo/Desktop/cleaning_robot_ws/install/robot_simulation/share/robot_simulation/launch/slam.launch.py
[0.967s] -- Up-to-date symlink: /home/silo/Desktop/cleaning_robot_ws/install/robot_simulation/share/robot_simulation/launch/test_lidar.launch.py
[0.967s] -- Up-to-date symlink: /home/silo/Desktop/cleaning_robot_ws/install/robot_simulation/share/robot_simulation/launch/test_lidar_and_robot.launch.py
[0.968s] -- Up-to-date symlink: /home/silo/Desktop/cleaning_robot_ws/install/robot_simulation/share/robot_simulation/launch/tester.launch.py
[0.968s] -- Up-to-date symlink: /home/silo/Desktop/cleaning_robot_ws/install/robot_simulation/share/robot_simulation/launch/tf_broadcaster.launch.py
[0.968s] -- Up-to-date symlink: /home/silo/Desktop/cleaning_robot_ws/install/robot_simulation/share/robot_simulation/config/all_in_one.rviz
[0.968s] -- Up-to-date symlink: /home/silo/Desktop/cleaning_robot_ws/install/robot_simulation/share/robot_simulation/config/gazebo_params.yaml
[0.968s] -- Up-to-date symlink: /home/silo/Desktop/cleaning_robot_ws/install/robot_simulation/share/robot_simulation/config/gz_bridge.yaml
[0.968s] -- Up-to-date symlink: /home/silo/Desktop/cleaning_robot_ws/install/robot_simulation/share/robot_simulation/config/laserscan.rviz
[0.969s] -- Up-to-date symlink: /home/silo/Desktop/cleaning_robot_ws/install/robot_simulation/share/robot_simulation/config/mapper_params_online_async.yaml
[0.969s] -- Up-to-date symlink: /home/silo/Desktop/cleaning_robot_ws/install/robot_simulation/share/robot_simulation/config/odom.rviz
[0.969s] -- Up-to-date symlink: /home/silo/Desktop/cleaning_robot_ws/install/robot_simulation/share/robot_simulation/config/show_lidar_scanner_output.rviz
[0.969s] -- Up-to-date symlink: /home/silo/Desktop/cleaning_robot_ws/install/robot_simulation/share/robot_simulation/config/view_robot.rviz
[0.969s] -- Up-to-date symlink: /home/silo/Desktop/cleaning_robot_ws/install/robot_simulation/share/robot_simulation/worlds/firstWorld.sdf
[0.970s] -- Up-to-date symlink: /home/silo/Desktop/cleaning_robot_ws/install/robot_simulation/share/robot_simulation/worlds/lidar_and_robot_world.sdf
[0.970s] -- Up-to-date symlink: /home/silo/Desktop/cleaning_robot_ws/install/robot_simulation/share/robot_simulation/worlds/lidar_world.sdf
[0.970s] -- Up-to-date symlink: /home/silo/Desktop/cleaning_robot_ws/install/robot_simulation/share/robot_simulation/worlds/robot_model.sdf
[0.970s] -- Up-to-date symlink: /home/silo/Desktop/cleaning_robot_ws/install/robot_simulation/share/robot_simulation/worlds/square_room.sdf
[0.970s] -- Up-to-date symlink: /home/silo/Desktop/cleaning_robot_ws/install/robot_simulation/lib/robot_simulation/tf_broadcaster.py
[0.970s] -- Up-to-date symlink: /home/silo/Desktop/cleaning_robot_ws/install/robot_simulation/share/ament_index/resource_index/package_run_dependencies/robot_simulation
[0.971s] -- Up-to-date symlink: /home/silo/Desktop/cleaning_robot_ws/install/robot_simulation/share/ament_index/resource_index/parent_prefix_path/robot_simulation
[0.971s] -- Up-to-date symlink: /home/silo/Desktop/cleaning_robot_ws/install/robot_simulation/share/robot_simulation/environment/ament_prefix_path.sh
[0.971s] -- Up-to-date symlink: /home/silo/Desktop/cleaning_robot_ws/install/robot_simulation/share/robot_simulation/environment/ament_prefix_path.dsv
[0.971s] -- Up-to-date symlink: /home/silo/Desktop/cleaning_robot_ws/install/robot_simulation/share/robot_simulation/environment/path.sh
[0.971s] -- Up-to-date symlink: /home/silo/Desktop/cleaning_robot_ws/install/robot_simulation/share/robot_simulation/environment/path.dsv
[0.971s] -- Up-to-date symlink: /home/silo/Desktop/cleaning_robot_ws/install/robot_simulation/share/robot_simulation/local_setup.bash
[0.972s] -- Up-to-date symlink: /home/silo/Desktop/cleaning_robot_ws/install/robot_simulation/share/robot_simulation/local_setup.sh
[0.972s] -- Up-to-date symlink: /home/silo/Desktop/cleaning_robot_ws/install/robot_simulation/share/robot_simulation/local_setup.zsh
[0.972s] -- Up-to-date symlink: /home/silo/Desktop/cleaning_robot_ws/install/robot_simulation/share/robot_simulation/local_setup.dsv
[0.972s] -- Symlinking: /home/silo/Desktop/cleaning_robot_ws/install/robot_simulation/share/robot_simulation/package.dsv
[0.981s] -- Up-to-date symlink: /home/silo/Desktop/cleaning_robot_ws/install/robot_simulation/share/ament_index/resource_index/packages/robot_simulation
[0.982s] -- Up-to-date symlink: /home/silo/Desktop/cleaning_robot_ws/install/robot_simulation/share/robot_simulation/cmake/robot_simulationConfig.cmake
[0.982s] -- Up-to-date symlink: /home/silo/Desktop/cleaning_robot_ws/install/robot_simulation/share/robot_simulation/cmake/robot_simulationConfig-version.cmake
[0.982s] -- Up-to-date symlink: /home/silo/Desktop/cleaning_robot_ws/install/robot_simulation/share/robot_simulation/package.xml
[0.985s] Invoked command in '/home/silo/Desktop/cleaning_robot_ws/build/robot_simulation' returned '0': CMAKE_PREFIX_PATH=${CMAKE_PREFIX_PATH}:/opt/ros/jazzy DEBUGINFOD_URLS=https://debuginfod.ubuntu.com /usr/bin/cmake --install /home/silo/Desktop/cleaning_robot_ws/build/robot_simulation
