[0.137s] DEBUG:colcon:Command line arguments: ['/usr/bin/colcon', 'build']
[0.138s] DEBUG:colcon:Parsed command line arguments: Namespace(log_base=None, log_level=None, verb_name='build', build_base='build', install_base='install', merge_install=False, symlink_install=False, test_result_base=None, continue_on_error=False, executor='parallel', parallel_workers=12, event_handlers=None, ignore_user_meta=False, metas=['./colcon.meta'], base_paths=['.'], packages_ignore=None, packages_ignore_regex=None, paths=None, packages_up_to=None, packages_up_to_regex=None, packages_above=None, packages_above_and_dependencies=None, packages_above_depth=None, packages_select_by_dep=None, packages_skip_by_dep=None, packages_skip_up_to=None, packages_select_build_failed=False, packages_skip_build_finished=False, packages_select_test_failures=False, packages_skip_test_passed=False, packages_select=None, packages_skip=None, packages_select_regex=None, packages_skip_regex=None, packages_start=None, packages_end=None, allow_overriding=[], cmake_args=None, cmake_target=None, cmake_target_skip_unavailable=False, cmake_clean_cache=False, cmake_clean_first=False, cmake_force_configure=False, ament_cmake_args=None, catkin_cmake_args=None, catkin_skip_building_tests=False, mixin_files=None, mixin=None, verb_parser=<colcon_mixin.mixin.mixin_argument.MixinArgumentDecorator object at 0x741c41831f10>, verb_extension=<colcon_core.verb.build.BuildVerb object at 0x741c417ae300>, main=<bound method BuildVerb.main of <colcon_core.verb.build.BuildVerb object at 0x741c417ae300>>, mixin_verb=('build',))
[0.185s] Level 1:colcon.colcon_core.package_discovery:discover_packages(colcon_meta) check parameters
[0.185s] Level 1:colcon.colcon_core.package_discovery:discover_packages(recursive) check parameters
[0.185s] Level 1:colcon.colcon_core.package_discovery:discover_packages(ignore) check parameters
[0.185s] Level 1:colcon.colcon_core.package_discovery:discover_packages(path) check parameters
[0.185s] Level 1:colcon.colcon_core.package_discovery:discover_packages(colcon_meta) discover
[0.185s] Level 1:colcon.colcon_core.package_discovery:discover_packages(recursive) discover
[0.185s] INFO:colcon.colcon_core.package_discovery:Crawling recursively for packages in '/home/silo/Desktop/cleaning_robot_ws'
[0.185s] Level 1:colcon.colcon_core.package_identification:_identify(.) by extensions ['ignore', 'ignore_ament_install']
[0.185s] Level 1:colcon.colcon_core.package_identification:_identify(.) by extension 'ignore'
[0.185s] Level 1:colcon.colcon_core.package_identification:_identify(.) by extension 'ignore_ament_install'
[0.186s] Level 1:colcon.colcon_core.package_identification:_identify(.) by extensions ['colcon_pkg']
[0.186s] Level 1:colcon.colcon_core.package_identification:_identify(.) by extension 'colcon_pkg'
[0.186s] Level 1:colcon.colcon_core.package_identification:_identify(.) by extensions ['colcon_meta']
[0.186s] Level 1:colcon.colcon_core.package_identification:_identify(.) by extension 'colcon_meta'
[0.186s] Level 1:colcon.colcon_core.package_identification:_identify(.) by extensions ['ros']
[0.186s] Level 1:colcon.colcon_core.package_identification:_identify(.) by extension 'ros'
[0.218s] Level 1:colcon.colcon_core.package_identification:_identify(.) by extensions ['cmake', 'python']
[0.218s] Level 1:colcon.colcon_core.package_identification:_identify(.) by extension 'cmake'
[0.218s] Level 1:colcon.colcon_core.package_identification:_identify(.) by extension 'python'
[0.219s] Level 1:colcon.colcon_core.package_identification:_identify(.) by extensions ['python_setup_py']
[0.219s] Level 1:colcon.colcon_core.package_identification:_identify(.) by extension 'python_setup_py'
[0.219s] Level 1:colcon.colcon_core.package_identification:_identify(build) by extensions ['ignore', 'ignore_ament_install']
[0.219s] Level 1:colcon.colcon_core.package_identification:_identify(build) by extension 'ignore'
[0.219s] Level 1:colcon.colcon_core.package_identification:_identify(build) ignored
[0.219s] Level 1:colcon.colcon_core.package_identification:_identify(install) by extensions ['ignore', 'ignore_ament_install']
[0.219s] Level 1:colcon.colcon_core.package_identification:_identify(install) by extension 'ignore'
[0.219s] Level 1:colcon.colcon_core.package_identification:_identify(install) ignored
[0.219s] Level 1:colcon.colcon_core.package_identification:_identify(log) by extensions ['ignore', 'ignore_ament_install']
[0.220s] Level 1:colcon.colcon_core.package_identification:_identify(log) by extension 'ignore'
[0.220s] Level 1:colcon.colcon_core.package_identification:_identify(log) ignored
[0.220s] Level 1:colcon.colcon_core.package_identification:_identify(src) by extensions ['ignore', 'ignore_ament_install']
[0.220s] Level 1:colcon.colcon_core.package_identification:_identify(src) by extension 'ignore'
[0.220s] Level 1:colcon.colcon_core.package_identification:_identify(src) by extension 'ignore_ament_install'
[0.220s] Level 1:colcon.colcon_core.package_identification:_identify(src) by extensions ['colcon_pkg']
[0.220s] Level 1:colcon.colcon_core.package_identification:_identify(src) by extension 'colcon_pkg'
[0.220s] Level 1:colcon.colcon_core.package_identification:_identify(src) by extensions ['colcon_meta']
[0.220s] Level 1:colcon.colcon_core.package_identification:_identify(src) by extension 'colcon_meta'
[0.220s] Level 1:colcon.colcon_core.package_identification:_identify(src) by extensions ['ros']
[0.220s] Level 1:colcon.colcon_core.package_identification:_identify(src) by extension 'ros'
[0.220s] Level 1:colcon.colcon_core.package_identification:_identify(src) by extensions ['cmake', 'python']
[0.220s] Level 1:colcon.colcon_core.package_identification:_identify(src) by extension 'cmake'
[0.220s] Level 1:colcon.colcon_core.package_identification:_identify(src) by extension 'python'
[0.221s] Level 1:colcon.colcon_core.package_identification:_identify(src) by extensions ['python_setup_py']
[0.221s] Level 1:colcon.colcon_core.package_identification:_identify(src) by extension 'python_setup_py'
[0.221s] Level 1:colcon.colcon_core.package_identification:_identify(src/robot_control) by extensions ['ignore', 'ignore_ament_install']
[0.221s] Level 1:colcon.colcon_core.package_identification:_identify(src/robot_control) by extension 'ignore'
[0.221s] Level 1:colcon.colcon_core.package_identification:_identify(src/robot_control) by extension 'ignore_ament_install'
[0.221s] Level 1:colcon.colcon_core.package_identification:_identify(src/robot_control) by extensions ['colcon_pkg']
[0.221s] Level 1:colcon.colcon_core.package_identification:_identify(src/robot_control) by extension 'colcon_pkg'
[0.221s] Level 1:colcon.colcon_core.package_identification:_identify(src/robot_control) by extensions ['colcon_meta']
[0.221s] Level 1:colcon.colcon_core.package_identification:_identify(src/robot_control) by extension 'colcon_meta'
[0.221s] Level 1:colcon.colcon_core.package_identification:_identify(src/robot_control) by extensions ['ros']
[0.221s] Level 1:colcon.colcon_core.package_identification:_identify(src/robot_control) by extension 'ros'
[0.224s] DEBUG:colcon.colcon_core.package_identification:Package 'src/robot_control' with type 'ros.ament_cmake' and name 'robot_control'
[0.224s] Level 1:colcon.colcon_core.package_identification:_identify(src/robot_description) by extensions ['ignore', 'ignore_ament_install']
[0.224s] Level 1:colcon.colcon_core.package_identification:_identify(src/robot_description) by extension 'ignore'
[0.225s] Level 1:colcon.colcon_core.package_identification:_identify(src/robot_description) by extension 'ignore_ament_install'
[0.225s] Level 1:colcon.colcon_core.package_identification:_identify(src/robot_description) by extensions ['colcon_pkg']
[0.225s] Level 1:colcon.colcon_core.package_identification:_identify(src/robot_description) by extension 'colcon_pkg'
[0.225s] Level 1:colcon.colcon_core.package_identification:_identify(src/robot_description) by extensions ['colcon_meta']
[0.225s] Level 1:colcon.colcon_core.package_identification:_identify(src/robot_description) by extension 'colcon_meta'
[0.225s] Level 1:colcon.colcon_core.package_identification:_identify(src/robot_description) by extensions ['ros']
[0.225s] Level 1:colcon.colcon_core.package_identification:_identify(src/robot_description) by extension 'ros'
[0.226s] DEBUG:colcon.colcon_core.package_identification:Package 'src/robot_description' with type 'ros.ament_cmake' and name 'robot_description'
[0.226s] Level 1:colcon.colcon_core.package_identification:_identify(src/robot_in_practice) by extensions ['ignore', 'ignore_ament_install']
[0.226s] Level 1:colcon.colcon_core.package_identification:_identify(src/robot_in_practice) by extension 'ignore'
[0.226s] Level 1:colcon.colcon_core.package_identification:_identify(src/robot_in_practice) by extension 'ignore_ament_install'
[0.226s] Level 1:colcon.colcon_core.package_identification:_identify(src/robot_in_practice) by extensions ['colcon_pkg']
[0.226s] Level 1:colcon.colcon_core.package_identification:_identify(src/robot_in_practice) by extension 'colcon_pkg'
[0.226s] Level 1:colcon.colcon_core.package_identification:_identify(src/robot_in_practice) by extensions ['colcon_meta']
[0.226s] Level 1:colcon.colcon_core.package_identification:_identify(src/robot_in_practice) by extension 'colcon_meta'
[0.226s] Level 1:colcon.colcon_core.package_identification:_identify(src/robot_in_practice) by extensions ['ros']
[0.226s] Level 1:colcon.colcon_core.package_identification:_identify(src/robot_in_practice) by extension 'ros'
[0.227s] DEBUG:colcon.colcon_core.package_identification:Package 'src/robot_in_practice' with type 'ros.ament_cmake' and name 'robot_in_practice'
[0.227s] Level 1:colcon.colcon_core.package_identification:_identify(src/robot_simulation) by extensions ['ignore', 'ignore_ament_install']
[0.227s] Level 1:colcon.colcon_core.package_identification:_identify(src/robot_simulation) by extension 'ignore'
[0.227s] Level 1:colcon.colcon_core.package_identification:_identify(src/robot_simulation) by extension 'ignore_ament_install'
[0.227s] Level 1:colcon.colcon_core.package_identification:_identify(src/robot_simulation) by extensions ['colcon_pkg']
[0.227s] Level 1:colcon.colcon_core.package_identification:_identify(src/robot_simulation) by extension 'colcon_pkg'
[0.228s] Level 1:colcon.colcon_core.package_identification:_identify(src/robot_simulation) by extensions ['colcon_meta']
[0.228s] Level 1:colcon.colcon_core.package_identification:_identify(src/robot_simulation) by extension 'colcon_meta'
[0.228s] Level 1:colcon.colcon_core.package_identification:_identify(src/robot_simulation) by extensions ['ros']
[0.228s] Level 1:colcon.colcon_core.package_identification:_identify(src/robot_simulation) by extension 'ros'
[0.228s] DEBUG:colcon.colcon_core.package_identification:Package 'src/robot_simulation' with type 'ros.ament_cmake' and name 'robot_simulation'
[0.228s] Level 1:colcon.colcon_core.package_discovery:discover_packages(recursive) using defaults
[0.229s] Level 1:colcon.colcon_core.package_discovery:discover_packages(ignore) discover
[0.229s] Level 1:colcon.colcon_core.package_discovery:discover_packages(ignore) using defaults
[0.229s] Level 1:colcon.colcon_core.package_discovery:discover_packages(path) discover
[0.229s] Level 1:colcon.colcon_core.package_discovery:discover_packages(path) using defaults
[0.251s] Level 1:colcon.colcon_core.package_discovery:discover_packages(prefix_path) check parameters
[0.251s] Level 1:colcon.colcon_core.package_discovery:discover_packages(prefix_path) discover
[0.253s] DEBUG:colcon.colcon_installed_package_information.package_discovery:Found 4 installed packages in /home/silo/Desktop/cleaning_robot_ws/install
[0.255s] DEBUG:colcon.colcon_installed_package_information.package_discovery:Found 364 installed packages in /opt/ros/jazzy
[0.256s] Level 1:colcon.colcon_core.package_discovery:discover_packages(prefix_path) using defaults
[0.327s] Level 5:colcon.colcon_core.verb:set package 'robot_control' build argument 'cmake_args' from command line to 'None'
[0.327s] Level 5:colcon.colcon_core.verb:set package 'robot_control' build argument 'cmake_target' from command line to 'None'
[0.327s] Level 5:colcon.colcon_core.verb:set package 'robot_control' build argument 'cmake_target_skip_unavailable' from command line to 'False'
[0.327s] Level 5:colcon.colcon_core.verb:set package 'robot_control' build argument 'cmake_clean_cache' from command line to 'False'
[0.327s] Level 5:colcon.colcon_core.verb:set package 'robot_control' build argument 'cmake_clean_first' from command line to 'False'
[0.327s] Level 5:colcon.colcon_core.verb:set package 'robot_control' build argument 'cmake_force_configure' from command line to 'False'
[0.327s] Level 5:colcon.colcon_core.verb:set package 'robot_control' build argument 'ament_cmake_args' from command line to 'None'
[0.327s] Level 5:colcon.colcon_core.verb:set package 'robot_control' build argument 'catkin_cmake_args' from command line to 'None'
[0.327s] Level 5:colcon.colcon_core.verb:set package 'robot_control' build argument 'catkin_skip_building_tests' from command line to 'False'
[0.327s] DEBUG:colcon.colcon_core.verb:Building package 'robot_control' with the following arguments: {'ament_cmake_args': None, 'build_base': '/home/silo/Desktop/cleaning_robot_ws/build/robot_control', 'catkin_cmake_args': None, 'catkin_skip_building_tests': False, 'cmake_args': None, 'cmake_clean_cache': False, 'cmake_clean_first': False, 'cmake_force_configure': False, 'cmake_target': None, 'cmake_target_skip_unavailable': False, 'install_base': '/home/silo/Desktop/cleaning_robot_ws/install/robot_control', 'merge_install': False, 'path': '/home/silo/Desktop/cleaning_robot_ws/src/robot_control', 'symlink_install': False, 'test_result_base': None}
[0.328s] Level 5:colcon.colcon_core.verb:set package 'robot_description' build argument 'cmake_args' from command line to 'None'
[0.328s] Level 5:colcon.colcon_core.verb:set package 'robot_description' build argument 'cmake_target' from command line to 'None'
[0.328s] Level 5:colcon.colcon_core.verb:set package 'robot_description' build argument 'cmake_target_skip_unavailable' from command line to 'False'
[0.328s] Level 5:colcon.colcon_core.verb:set package 'robot_description' build argument 'cmake_clean_cache' from command line to 'False'
[0.328s] Level 5:colcon.colcon_core.verb:set package 'robot_description' build argument 'cmake_clean_first' from command line to 'False'
[0.328s] Level 5:colcon.colcon_core.verb:set package 'robot_description' build argument 'cmake_force_configure' from command line to 'False'
[0.328s] Level 5:colcon.colcon_core.verb:set package 'robot_description' build argument 'ament_cmake_args' from command line to 'None'
[0.328s] Level 5:colcon.colcon_core.verb:set package 'robot_description' build argument 'catkin_cmake_args' from command line to 'None'
[0.328s] Level 5:colcon.colcon_core.verb:set package 'robot_description' build argument 'catkin_skip_building_tests' from command line to 'False'
[0.328s] DEBUG:colcon.colcon_core.verb:Building package 'robot_description' with the following arguments: {'ament_cmake_args': None, 'build_base': '/home/silo/Desktop/cleaning_robot_ws/build/robot_description', 'catkin_cmake_args': None, 'catkin_skip_building_tests': False, 'cmake_args': None, 'cmake_clean_cache': False, 'cmake_clean_first': False, 'cmake_force_configure': False, 'cmake_target': None, 'cmake_target_skip_unavailable': False, 'install_base': '/home/silo/Desktop/cleaning_robot_ws/install/robot_description', 'merge_install': False, 'path': '/home/silo/Desktop/cleaning_robot_ws/src/robot_description', 'symlink_install': False, 'test_result_base': None}
[0.328s] Level 5:colcon.colcon_core.verb:set package 'robot_in_practice' build argument 'cmake_args' from command line to 'None'
[0.329s] Level 5:colcon.colcon_core.verb:set package 'robot_in_practice' build argument 'cmake_target' from command line to 'None'
[0.329s] Level 5:colcon.colcon_core.verb:set package 'robot_in_practice' build argument 'cmake_target_skip_unavailable' from command line to 'False'
[0.329s] Level 5:colcon.colcon_core.verb:set package 'robot_in_practice' build argument 'cmake_clean_cache' from command line to 'False'
[0.329s] Level 5:colcon.colcon_core.verb:set package 'robot_in_practice' build argument 'cmake_clean_first' from command line to 'False'
[0.329s] Level 5:colcon.colcon_core.verb:set package 'robot_in_practice' build argument 'cmake_force_configure' from command line to 'False'
[0.329s] Level 5:colcon.colcon_core.verb:set package 'robot_in_practice' build argument 'ament_cmake_args' from command line to 'None'
[0.329s] Level 5:colcon.colcon_core.verb:set package 'robot_in_practice' build argument 'catkin_cmake_args' from command line to 'None'
[0.329s] Level 5:colcon.colcon_core.verb:set package 'robot_in_practice' build argument 'catkin_skip_building_tests' from command line to 'False'
[0.329s] DEBUG:colcon.colcon_core.verb:Building package 'robot_in_practice' with the following arguments: {'ament_cmake_args': None, 'build_base': '/home/silo/Desktop/cleaning_robot_ws/build/robot_in_practice', 'catkin_cmake_args': None, 'catkin_skip_building_tests': False, 'cmake_args': None, 'cmake_clean_cache': False, 'cmake_clean_first': False, 'cmake_force_configure': False, 'cmake_target': None, 'cmake_target_skip_unavailable': False, 'install_base': '/home/silo/Desktop/cleaning_robot_ws/install/robot_in_practice', 'merge_install': False, 'path': '/home/silo/Desktop/cleaning_robot_ws/src/robot_in_practice', 'symlink_install': False, 'test_result_base': None}
[0.329s] Level 5:colcon.colcon_core.verb:set package 'robot_simulation' build argument 'cmake_args' from command line to 'None'
[0.329s] Level 5:colcon.colcon_core.verb:set package 'robot_simulation' build argument 'cmake_target' from command line to 'None'
[0.329s] Level 5:colcon.colcon_core.verb:set package 'robot_simulation' build argument 'cmake_target_skip_unavailable' from command line to 'False'
[0.329s] Level 5:colcon.colcon_core.verb:set package 'robot_simulation' build argument 'cmake_clean_cache' from command line to 'False'
[0.329s] Level 5:colcon.colcon_core.verb:set package 'robot_simulation' build argument 'cmake_clean_first' from command line to 'False'
[0.329s] Level 5:colcon.colcon_core.verb:set package 'robot_simulation' build argument 'cmake_force_configure' from command line to 'False'
[0.329s] Level 5:colcon.colcon_core.verb:set package 'robot_simulation' build argument 'ament_cmake_args' from command line to 'None'
[0.329s] Level 5:colcon.colcon_core.verb:set package 'robot_simulation' build argument 'catkin_cmake_args' from command line to 'None'
[0.329s] Level 5:colcon.colcon_core.verb:set package 'robot_simulation' build argument 'catkin_skip_building_tests' from command line to 'False'
[0.329s] DEBUG:colcon.colcon_core.verb:Building package 'robot_simulation' with the following arguments: {'ament_cmake_args': None, 'build_base': '/home/silo/Desktop/cleaning_robot_ws/build/robot_simulation', 'catkin_cmake_args': None, 'catkin_skip_building_tests': False, 'cmake_args': None, 'cmake_clean_cache': False, 'cmake_clean_first': False, 'cmake_force_configure': False, 'cmake_target': None, 'cmake_target_skip_unavailable': False, 'install_base': '/home/silo/Desktop/cleaning_robot_ws/install/robot_simulation', 'merge_install': False, 'path': '/home/silo/Desktop/cleaning_robot_ws/src/robot_simulation', 'symlink_install': False, 'test_result_base': None}
[0.330s] INFO:colcon.colcon_core.executor:Executing jobs using 'parallel' executor
[0.330s] DEBUG:colcon.colcon_parallel_executor.executor.parallel:run_until_complete
[0.331s] INFO:colcon.colcon_ros.task.ament_cmake.build:Building ROS package in '/home/silo/Desktop/cleaning_robot_ws/src/robot_control' with build type 'ament_cmake'
[0.331s] INFO:colcon.colcon_cmake.task.cmake.build:Building CMake package in '/home/silo/Desktop/cleaning_robot_ws/src/robot_control'
[0.333s] INFO:colcon.colcon_core.plugin_system:Skipping extension 'colcon_core.shell.bat': Not used on non-Windows systems
[0.334s] INFO:colcon.colcon_core.shell:Skip shell extension 'powershell' for command environment: Not usable outside of PowerShell
[0.334s] DEBUG:colcon.colcon_core.shell:Skip shell extension 'dsv' for command environment
[0.339s] INFO:colcon.colcon_ros.task.ament_cmake.build:Building ROS package in '/home/silo/Desktop/cleaning_robot_ws/src/robot_description' with build type 'ament_cmake'
[0.339s] INFO:colcon.colcon_cmake.task.cmake.build:Building CMake package in '/home/silo/Desktop/cleaning_robot_ws/src/robot_description'
[0.339s] INFO:colcon.colcon_core.shell:Skip shell extension 'powershell' for command environment: Not usable outside of PowerShell
[0.339s] DEBUG:colcon.colcon_core.shell:Skip shell extension 'dsv' for command environment
[0.343s] INFO:colcon.colcon_ros.task.ament_cmake.build:Building ROS package in '/home/silo/Desktop/cleaning_robot_ws/src/robot_in_practice' with build type 'ament_cmake'
[0.343s] INFO:colcon.colcon_cmake.task.cmake.build:Building CMake package in '/home/silo/Desktop/cleaning_robot_ws/src/robot_in_practice'
[0.344s] INFO:colcon.colcon_core.shell:Skip shell extension 'powershell' for command environment: Not usable outside of PowerShell
[0.344s] DEBUG:colcon.colcon_core.shell:Skip shell extension 'dsv' for command environment
[0.348s] INFO:colcon.colcon_ros.task.ament_cmake.build:Building ROS package in '/home/silo/Desktop/cleaning_robot_ws/src/robot_simulation' with build type 'ament_cmake'
[0.348s] INFO:colcon.colcon_cmake.task.cmake.build:Building CMake package in '/home/silo/Desktop/cleaning_robot_ws/src/robot_simulation'
[0.348s] INFO:colcon.colcon_core.shell:Skip shell extension 'powershell' for command environment: Not usable outside of PowerShell
[0.348s] DEBUG:colcon.colcon_core.shell:Skip shell extension 'dsv' for command environment
[0.359s] DEBUG:colcon.colcon_core.event_handler.log_command:Invoking command in '/home/silo/Desktop/cleaning_robot_ws/build/robot_control': CMAKE_PREFIX_PATH=${CMAKE_PREFIX_PATH}:/opt/ros/jazzy DEBUGINFOD_URLS=https://debuginfod.ubuntu.com /usr/bin/cmake --build /home/silo/Desktop/cleaning_robot_ws/build/robot_control -- -j12 -l12
[0.362s] DEBUG:colcon.colcon_core.event_handler.log_command:Invoking command in '/home/silo/Desktop/cleaning_robot_ws/build/robot_description': CMAKE_PREFIX_PATH=${CMAKE_PREFIX_PATH}:/opt/ros/jazzy DEBUGINFOD_URLS=https://debuginfod.ubuntu.com /usr/bin/cmake --build /home/silo/Desktop/cleaning_robot_ws/build/robot_description -- -j12 -l12
[0.364s] DEBUG:colcon.colcon_core.event_handler.log_command:Invoking command in '/home/silo/Desktop/cleaning_robot_ws/build/robot_in_practice': CMAKE_PREFIX_PATH=${CMAKE_PREFIX_PATH}:/opt/ros/jazzy DEBUGINFOD_URLS=https://debuginfod.ubuntu.com /usr/bin/cmake --build /home/silo/Desktop/cleaning_robot_ws/build/robot_in_practice -- -j12 -l12
[0.369s] DEBUG:colcon.colcon_core.event_handler.log_command:Invoking command in '/home/silo/Desktop/cleaning_robot_ws/build/robot_simulation': CMAKE_PREFIX_PATH=${CMAKE_PREFIX_PATH}:/opt/ros/jazzy DEBUGINFOD_URLS=https://debuginfod.ubuntu.com /usr/bin/cmake --build /home/silo/Desktop/cleaning_robot_ws/build/robot_simulation -- -j12 -l12
[0.409s] DEBUG:colcon.colcon_core.event_handler.log_command:Invoked command in '/home/silo/Desktop/cleaning_robot_ws/build/robot_control' returned '0': CMAKE_PREFIX_PATH=${CMAKE_PREFIX_PATH}:/opt/ros/jazzy DEBUGINFOD_URLS=https://debuginfod.ubuntu.com /usr/bin/cmake --build /home/silo/Desktop/cleaning_robot_ws/build/robot_control -- -j12 -l12
[0.413s] DEBUG:colcon.colcon_core.event_handler.log_command:Invoked command in '/home/silo/Desktop/cleaning_robot_ws/build/robot_in_practice' returned '0': CMAKE_PREFIX_PATH=${CMAKE_PREFIX_PATH}:/opt/ros/jazzy DEBUGINFOD_URLS=https://debuginfod.ubuntu.com /usr/bin/cmake --build /home/silo/Desktop/cleaning_robot_ws/build/robot_in_practice -- -j12 -l12
[0.418s] DEBUG:colcon.colcon_core.event_handler.log_command:Invoked command in '/home/silo/Desktop/cleaning_robot_ws/build/robot_simulation' returned '0': CMAKE_PREFIX_PATH=${CMAKE_PREFIX_PATH}:/opt/ros/jazzy DEBUGINFOD_URLS=https://debuginfod.ubuntu.com /usr/bin/cmake --build /home/silo/Desktop/cleaning_robot_ws/build/robot_simulation -- -j12 -l12
[0.447s] DEBUG:colcon.colcon_core.event_handler.log_command:Invoking command in '/home/silo/Desktop/cleaning_robot_ws/build/robot_control': CMAKE_PREFIX_PATH=${CMAKE_PREFIX_PATH}:/opt/ros/jazzy DEBUGINFOD_URLS=https://debuginfod.ubuntu.com /usr/bin/cmake --install /home/silo/Desktop/cleaning_robot_ws/build/robot_control
[0.449s] DEBUG:colcon.colcon_core.event_handler.log_command:Invoking command in '/home/silo/Desktop/cleaning_robot_ws/build/robot_simulation': CMAKE_PREFIX_PATH=${CMAKE_PREFIX_PATH}:/opt/ros/jazzy DEBUGINFOD_URLS=https://debuginfod.ubuntu.com /usr/bin/cmake --install /home/silo/Desktop/cleaning_robot_ws/build/robot_simulation
[0.450s] DEBUG:colcon.colcon_core.event_handler.log_command:Invoking command in '/home/silo/Desktop/cleaning_robot_ws/build/robot_in_practice': CMAKE_PREFIX_PATH=${CMAKE_PREFIX_PATH}:/opt/ros/jazzy DEBUGINFOD_URLS=https://debuginfod.ubuntu.com /usr/bin/cmake --install /home/silo/Desktop/cleaning_robot_ws/build/robot_in_practice
[0.461s] Level 1:colcon.colcon_core.environment:create_environment_scripts_only(robot_control)
[0.466s] Level 1:colcon.colcon_core.environment:checking '/home/silo/Desktop/cleaning_robot_ws/install/robot_control' for CMake module files
[0.467s] Level 1:colcon.colcon_core.environment:checking '/home/silo/Desktop/cleaning_robot_ws/install/robot_control' for CMake config files
[0.468s] Level 1:colcon.colcon_core.shell:create_environment_hook('robot_control', 'cmake_prefix_path')
[0.469s] INFO:colcon.colcon_core.shell:Creating environment hook '/home/silo/Desktop/cleaning_robot_ws/install/robot_control/share/robot_control/hook/cmake_prefix_path.ps1'
[0.469s] DEBUG:colcon.colcon_core.event_handler.log_command:Invoked command in '/home/silo/Desktop/cleaning_robot_ws/build/robot_control' returned '0': CMAKE_PREFIX_PATH=${CMAKE_PREFIX_PATH}:/opt/ros/jazzy DEBUGINFOD_URLS=https://debuginfod.ubuntu.com /usr/bin/cmake --install /home/silo/Desktop/cleaning_robot_ws/build/robot_control
[0.470s] INFO:colcon.colcon_core.shell:Creating environment descriptor '/home/silo/Desktop/cleaning_robot_ws/install/robot_control/share/robot_control/hook/cmake_prefix_path.dsv'
[0.470s] INFO:colcon.colcon_core.shell:Creating environment hook '/home/silo/Desktop/cleaning_robot_ws/install/robot_control/share/robot_control/hook/cmake_prefix_path.sh'
[0.471s] Level 1:colcon.colcon_core.environment:checking '/home/silo/Desktop/cleaning_robot_ws/install/robot_control/bin'
[0.471s] Level 1:colcon.colcon_core.environment:checking '/home/silo/Desktop/cleaning_robot_ws/install/robot_control/lib/pkgconfig/robot_control.pc'
[0.472s] Level 1:colcon.colcon_core.environment:checking '/home/silo/Desktop/cleaning_robot_ws/install/robot_control/lib/python3.12/site-packages'
[0.472s] Level 1:colcon.colcon_core.environment:checking '/home/silo/Desktop/cleaning_robot_ws/install/robot_control/bin'
[0.472s] INFO:colcon.colcon_core.shell:Creating package script '/home/silo/Desktop/cleaning_robot_ws/install/robot_control/share/robot_control/package.ps1'
[0.473s] INFO:colcon.colcon_core.shell:Creating package descriptor '/home/silo/Desktop/cleaning_robot_ws/install/robot_control/share/robot_control/package.dsv'
[0.473s] INFO:colcon.colcon_core.shell:Creating package script '/home/silo/Desktop/cleaning_robot_ws/install/robot_control/share/robot_control/package.sh'
[0.474s] INFO:colcon.colcon_core.shell:Creating package script '/home/silo/Desktop/cleaning_robot_ws/install/robot_control/share/robot_control/package.bash'
[0.475s] INFO:colcon.colcon_core.shell:Creating package script '/home/silo/Desktop/cleaning_robot_ws/install/robot_control/share/robot_control/package.zsh'
[0.476s] Level 1:colcon.colcon_core.environment:create_file_with_runtime_dependencies(/home/silo/Desktop/cleaning_robot_ws/install/robot_control/share/colcon-core/packages/robot_control)
[0.477s] Level 1:colcon.colcon_core.environment:create_environment_scripts_only(robot_simulation)
[0.478s] Level 1:colcon.colcon_core.environment:checking '/home/silo/Desktop/cleaning_robot_ws/install/robot_simulation' for CMake module files
[0.478s] DEBUG:colcon.colcon_core.event_handler.log_command:Invoked command in '/home/silo/Desktop/cleaning_robot_ws/build/robot_simulation' returned '0': CMAKE_PREFIX_PATH=${CMAKE_PREFIX_PATH}:/opt/ros/jazzy DEBUGINFOD_URLS=https://debuginfod.ubuntu.com /usr/bin/cmake --install /home/silo/Desktop/cleaning_robot_ws/build/robot_simulation
[0.478s] Level 1:colcon.colcon_core.environment:checking '/home/silo/Desktop/cleaning_robot_ws/install/robot_simulation' for CMake config files
[0.479s] Level 1:colcon.colcon_core.shell:create_environment_hook('robot_simulation', 'cmake_prefix_path')
[0.479s] INFO:colcon.colcon_core.shell:Creating environment hook '/home/silo/Desktop/cleaning_robot_ws/install/robot_simulation/share/robot_simulation/hook/cmake_prefix_path.ps1'
[0.479s] INFO:colcon.colcon_core.shell:Creating environment descriptor '/home/silo/Desktop/cleaning_robot_ws/install/robot_simulation/share/robot_simulation/hook/cmake_prefix_path.dsv'
[0.480s] INFO:colcon.colcon_core.shell:Creating environment hook '/home/silo/Desktop/cleaning_robot_ws/install/robot_simulation/share/robot_simulation/hook/cmake_prefix_path.sh'
[0.480s] Level 1:colcon.colcon_core.environment:checking '/home/silo/Desktop/cleaning_robot_ws/install/robot_simulation/bin'
[0.480s] Level 1:colcon.colcon_core.environment:checking '/home/silo/Desktop/cleaning_robot_ws/install/robot_simulation/lib/pkgconfig/robot_simulation.pc'
[0.481s] Level 1:colcon.colcon_core.environment:checking '/home/silo/Desktop/cleaning_robot_ws/install/robot_simulation/lib/python3.12/site-packages'
[0.481s] Level 1:colcon.colcon_core.environment:checking '/home/silo/Desktop/cleaning_robot_ws/install/robot_simulation/bin'
[0.481s] INFO:colcon.colcon_core.shell:Creating package script '/home/silo/Desktop/cleaning_robot_ws/install/robot_simulation/share/robot_simulation/package.ps1'
[0.482s] INFO:colcon.colcon_core.shell:Creating package descriptor '/home/silo/Desktop/cleaning_robot_ws/install/robot_simulation/share/robot_simulation/package.dsv'
[0.482s] INFO:colcon.colcon_core.shell:Creating package script '/home/silo/Desktop/cleaning_robot_ws/install/robot_simulation/share/robot_simulation/package.sh'
[0.483s] INFO:colcon.colcon_core.shell:Creating package script '/home/silo/Desktop/cleaning_robot_ws/install/robot_simulation/share/robot_simulation/package.bash'
[0.483s] INFO:colcon.colcon_core.shell:Creating package script '/home/silo/Desktop/cleaning_robot_ws/install/robot_simulation/share/robot_simulation/package.zsh'
[0.483s] Level 1:colcon.colcon_core.environment:create_file_with_runtime_dependencies(/home/silo/Desktop/cleaning_robot_ws/install/robot_simulation/share/colcon-core/packages/robot_simulation)
[0.484s] Level 1:colcon.colcon_core.environment:create_environment_scripts_only(robot_in_practice)
[0.485s] Level 1:colcon.colcon_core.environment:checking '/home/silo/Desktop/cleaning_robot_ws/install/robot_in_practice' for CMake module files
[0.485s] DEBUG:colcon.colcon_core.event_handler.log_command:Invoked command in '/home/silo/Desktop/cleaning_robot_ws/build/robot_in_practice' returned '0': CMAKE_PREFIX_PATH=${CMAKE_PREFIX_PATH}:/opt/ros/jazzy DEBUGINFOD_URLS=https://debuginfod.ubuntu.com /usr/bin/cmake --install /home/silo/Desktop/cleaning_robot_ws/build/robot_in_practice
[0.486s] Level 1:colcon.colcon_core.environment:checking '/home/silo/Desktop/cleaning_robot_ws/install/robot_in_practice' for CMake config files
[0.486s] Level 1:colcon.colcon_core.shell:create_environment_hook('robot_in_practice', 'cmake_prefix_path')
[0.486s] INFO:colcon.colcon_core.shell:Creating environment hook '/home/silo/Desktop/cleaning_robot_ws/install/robot_in_practice/share/robot_in_practice/hook/cmake_prefix_path.ps1'
[0.487s] INFO:colcon.colcon_core.shell:Creating environment descriptor '/home/silo/Desktop/cleaning_robot_ws/install/robot_in_practice/share/robot_in_practice/hook/cmake_prefix_path.dsv'
[0.487s] INFO:colcon.colcon_core.shell:Creating environment hook '/home/silo/Desktop/cleaning_robot_ws/install/robot_in_practice/share/robot_in_practice/hook/cmake_prefix_path.sh'
[0.488s] Level 1:colcon.colcon_core.environment:checking '/home/silo/Desktop/cleaning_robot_ws/install/robot_in_practice/bin'
[0.488s] Level 1:colcon.colcon_core.environment:checking '/home/silo/Desktop/cleaning_robot_ws/install/robot_in_practice/lib/pkgconfig/robot_in_practice.pc'
[0.489s] Level 1:colcon.colcon_core.environment:checking '/home/silo/Desktop/cleaning_robot_ws/install/robot_in_practice/lib/python3.12/site-packages'
[0.489s] Level 1:colcon.colcon_core.environment:checking '/home/silo/Desktop/cleaning_robot_ws/install/robot_in_practice/bin'
[0.489s] INFO:colcon.colcon_core.shell:Creating package script '/home/silo/Desktop/cleaning_robot_ws/install/robot_in_practice/share/robot_in_practice/package.ps1'
[0.490s] INFO:colcon.colcon_core.shell:Creating package descriptor '/home/silo/Desktop/cleaning_robot_ws/install/robot_in_practice/share/robot_in_practice/package.dsv'
[0.490s] INFO:colcon.colcon_core.shell:Creating package script '/home/silo/Desktop/cleaning_robot_ws/install/robot_in_practice/share/robot_in_practice/package.sh'
[0.491s] INFO:colcon.colcon_core.shell:Creating package script '/home/silo/Desktop/cleaning_robot_ws/install/robot_in_practice/share/robot_in_practice/package.bash'
[0.492s] INFO:colcon.colcon_core.shell:Creating package script '/home/silo/Desktop/cleaning_robot_ws/install/robot_in_practice/share/robot_in_practice/package.zsh'
[0.492s] Level 1:colcon.colcon_core.environment:create_file_with_runtime_dependencies(/home/silo/Desktop/cleaning_robot_ws/install/robot_in_practice/share/colcon-core/packages/robot_in_practice)
[0.499s] Level 1:colcon.colcon_core.environment:create_environment_scripts_only(robot_control)
[0.499s] Level 1:colcon.colcon_core.environment:checking '/home/silo/Desktop/cleaning_robot_ws/install/robot_control' for CMake module files
[0.500s] Level 1:colcon.colcon_core.environment:checking '/home/silo/Desktop/cleaning_robot_ws/install/robot_control' for CMake config files
[0.500s] Level 1:colcon.colcon_core.shell:create_environment_hook('robot_control', 'cmake_prefix_path')
[0.500s] INFO:colcon.colcon_core.shell:Creating environment hook '/home/silo/Desktop/cleaning_robot_ws/install/robot_control/share/robot_control/hook/cmake_prefix_path.ps1'
[0.501s] INFO:colcon.colcon_core.shell:Creating environment descriptor '/home/silo/Desktop/cleaning_robot_ws/install/robot_control/share/robot_control/hook/cmake_prefix_path.dsv'
[0.501s] INFO:colcon.colcon_core.shell:Creating environment hook '/home/silo/Desktop/cleaning_robot_ws/install/robot_control/share/robot_control/hook/cmake_prefix_path.sh'
[0.502s] Level 1:colcon.colcon_core.environment:checking '/home/silo/Desktop/cleaning_robot_ws/install/robot_control/bin'
[0.502s] Level 1:colcon.colcon_core.environment:checking '/home/silo/Desktop/cleaning_robot_ws/install/robot_control/lib/pkgconfig/robot_control.pc'
[0.502s] Level 1:colcon.colcon_core.environment:checking '/home/silo/Desktop/cleaning_robot_ws/install/robot_control/lib/python3.12/site-packages'
[0.503s] Level 1:colcon.colcon_core.environment:checking '/home/silo/Desktop/cleaning_robot_ws/install/robot_control/bin'
[0.503s] INFO:colcon.colcon_core.shell:Creating package script '/home/silo/Desktop/cleaning_robot_ws/install/robot_control/share/robot_control/package.ps1'
[0.504s] INFO:colcon.colcon_core.shell:Creating package descriptor '/home/silo/Desktop/cleaning_robot_ws/install/robot_control/share/robot_control/package.dsv'
[0.504s] INFO:colcon.colcon_core.shell:Creating package script '/home/silo/Desktop/cleaning_robot_ws/install/robot_control/share/robot_control/package.sh'
[0.505s] INFO:colcon.colcon_core.shell:Creating package script '/home/silo/Desktop/cleaning_robot_ws/install/robot_control/share/robot_control/package.bash'
[0.505s] INFO:colcon.colcon_core.shell:Creating package script '/home/silo/Desktop/cleaning_robot_ws/install/robot_control/share/robot_control/package.zsh'
[0.505s] Level 1:colcon.colcon_core.environment:create_file_with_runtime_dependencies(/home/silo/Desktop/cleaning_robot_ws/install/robot_control/share/colcon-core/packages/robot_control)
[0.508s] Level 1:colcon.colcon_core.environment:create_environment_scripts_only(robot_simulation)
[0.508s] Level 1:colcon.colcon_core.environment:checking '/home/silo/Desktop/cleaning_robot_ws/install/robot_simulation' for CMake module files
[0.509s] Level 1:colcon.colcon_core.environment:checking '/home/silo/Desktop/cleaning_robot_ws/install/robot_simulation' for CMake config files
[0.509s] Level 1:colcon.colcon_core.shell:create_environment_hook('robot_simulation', 'cmake_prefix_path')
[0.509s] INFO:colcon.colcon_core.shell:Creating environment hook '/home/silo/Desktop/cleaning_robot_ws/install/robot_simulation/share/robot_simulation/hook/cmake_prefix_path.ps1'
[0.510s] INFO:colcon.colcon_core.shell:Creating environment descriptor '/home/silo/Desktop/cleaning_robot_ws/install/robot_simulation/share/robot_simulation/hook/cmake_prefix_path.dsv'
[0.511s] INFO:colcon.colcon_core.shell:Creating environment hook '/home/silo/Desktop/cleaning_robot_ws/install/robot_simulation/share/robot_simulation/hook/cmake_prefix_path.sh'
[0.511s] Level 1:colcon.colcon_core.environment:checking '/home/silo/Desktop/cleaning_robot_ws/install/robot_simulation/bin'
[0.511s] Level 1:colcon.colcon_core.environment:checking '/home/silo/Desktop/cleaning_robot_ws/install/robot_simulation/lib/pkgconfig/robot_simulation.pc'
[0.512s] Level 1:colcon.colcon_core.environment:checking '/home/silo/Desktop/cleaning_robot_ws/install/robot_simulation/lib/python3.12/site-packages'
[0.512s] Level 1:colcon.colcon_core.environment:checking '/home/silo/Desktop/cleaning_robot_ws/install/robot_simulation/bin'
[0.512s] INFO:colcon.colcon_core.shell:Creating package script '/home/silo/Desktop/cleaning_robot_ws/install/robot_simulation/share/robot_simulation/package.ps1'
[0.513s] INFO:colcon.colcon_core.shell:Creating package descriptor '/home/silo/Desktop/cleaning_robot_ws/install/robot_simulation/share/robot_simulation/package.dsv'
[0.514s] INFO:colcon.colcon_core.shell:Creating package script '/home/silo/Desktop/cleaning_robot_ws/install/robot_simulation/share/robot_simulation/package.sh'
[0.514s] INFO:colcon.colcon_core.shell:Creating package script '/home/silo/Desktop/cleaning_robot_ws/install/robot_simulation/share/robot_simulation/package.bash'
[0.515s] INFO:colcon.colcon_core.shell:Creating package script '/home/silo/Desktop/cleaning_robot_ws/install/robot_simulation/share/robot_simulation/package.zsh'
[0.515s] Level 1:colcon.colcon_core.environment:create_file_with_runtime_dependencies(/home/silo/Desktop/cleaning_robot_ws/install/robot_simulation/share/colcon-core/packages/robot_simulation)
[0.517s] Level 1:colcon.colcon_core.environment:create_environment_scripts_only(robot_in_practice)
[0.517s] Level 1:colcon.colcon_core.environment:checking '/home/silo/Desktop/cleaning_robot_ws/install/robot_in_practice' for CMake module files
[0.518s] Level 1:colcon.colcon_core.environment:checking '/home/silo/Desktop/cleaning_robot_ws/install/robot_in_practice' for CMake config files
[0.518s] Level 1:colcon.colcon_core.shell:create_environment_hook('robot_in_practice', 'cmake_prefix_path')
[0.518s] INFO:colcon.colcon_core.shell:Creating environment hook '/home/silo/Desktop/cleaning_robot_ws/install/robot_in_practice/share/robot_in_practice/hook/cmake_prefix_path.ps1'
[0.519s] INFO:colcon.colcon_core.shell:Creating environment descriptor '/home/silo/Desktop/cleaning_robot_ws/install/robot_in_practice/share/robot_in_practice/hook/cmake_prefix_path.dsv'
[0.519s] INFO:colcon.colcon_core.shell:Creating environment hook '/home/silo/Desktop/cleaning_robot_ws/install/robot_in_practice/share/robot_in_practice/hook/cmake_prefix_path.sh'
[0.520s] Level 1:colcon.colcon_core.environment:checking '/home/silo/Desktop/cleaning_robot_ws/install/robot_in_practice/bin'
[0.520s] Level 1:colcon.colcon_core.environment:checking '/home/silo/Desktop/cleaning_robot_ws/install/robot_in_practice/lib/pkgconfig/robot_in_practice.pc'
[0.520s] Level 1:colcon.colcon_core.environment:checking '/home/silo/Desktop/cleaning_robot_ws/install/robot_in_practice/lib/python3.12/site-packages'
[0.520s] Level 1:colcon.colcon_core.environment:checking '/home/silo/Desktop/cleaning_robot_ws/install/robot_in_practice/bin'
[0.520s] INFO:colcon.colcon_core.shell:Creating package script '/home/silo/Desktop/cleaning_robot_ws/install/robot_in_practice/share/robot_in_practice/package.ps1'
[0.521s] INFO:colcon.colcon_core.shell:Creating package descriptor '/home/silo/Desktop/cleaning_robot_ws/install/robot_in_practice/share/robot_in_practice/package.dsv'
[0.522s] INFO:colcon.colcon_core.shell:Creating package script '/home/silo/Desktop/cleaning_robot_ws/install/robot_in_practice/share/robot_in_practice/package.sh'
[0.522s] INFO:colcon.colcon_core.shell:Creating package script '/home/silo/Desktop/cleaning_robot_ws/install/robot_in_practice/share/robot_in_practice/package.bash'
[0.523s] INFO:colcon.colcon_core.shell:Creating package script '/home/silo/Desktop/cleaning_robot_ws/install/robot_in_practice/share/robot_in_practice/package.zsh'
[0.523s] Level 1:colcon.colcon_core.environment:create_file_with_runtime_dependencies(/home/silo/Desktop/cleaning_robot_ws/install/robot_in_practice/share/colcon-core/packages/robot_in_practice)
[1.215s] DEBUG:colcon.colcon_core.event_handler.log_command:Invoked command in '/home/silo/Desktop/cleaning_robot_ws/build/robot_description' returned '2': CMAKE_PREFIX_PATH=${CMAKE_PREFIX_PATH}:/opt/ros/jazzy DEBUGINFOD_URLS=https://debuginfod.ubuntu.com /usr/bin/cmake --build /home/silo/Desktop/cleaning_robot_ws/build/robot_description -- -j12 -l12
[1.247s] Level 1:colcon.colcon_core.environment:create_environment_scripts_only(robot_description)
[1.247s] Level 1:colcon.colcon_core.environment:checking '/home/silo/Desktop/cleaning_robot_ws/install/robot_description' for CMake module files
[1.248s] Level 1:colcon.colcon_core.environment:checking '/home/silo/Desktop/cleaning_robot_ws/install/robot_description' for CMake config files
[1.249s] Level 1:colcon.colcon_core.shell:create_environment_hook('robot_description', 'cmake_prefix_path')
[1.249s] INFO:colcon.colcon_core.shell:Creating environment hook '/home/silo/Desktop/cleaning_robot_ws/install/robot_description/share/robot_description/hook/cmake_prefix_path.ps1'
[1.250s] INFO:colcon.colcon_core.shell:Creating environment descriptor '/home/silo/Desktop/cleaning_robot_ws/install/robot_description/share/robot_description/hook/cmake_prefix_path.dsv'
[1.250s] INFO:colcon.colcon_core.shell:Creating environment hook '/home/silo/Desktop/cleaning_robot_ws/install/robot_description/share/robot_description/hook/cmake_prefix_path.sh'
[1.251s] Level 1:colcon.colcon_core.environment:checking '/home/silo/Desktop/cleaning_robot_ws/install/robot_description/bin'
[1.251s] Level 1:colcon.colcon_core.environment:checking '/home/silo/Desktop/cleaning_robot_ws/install/robot_description/lib/pkgconfig/robot_description.pc'
[1.252s] Level 1:colcon.colcon_core.environment:checking '/home/silo/Desktop/cleaning_robot_ws/install/robot_description/lib/python3.12/site-packages'
[1.253s] Level 1:colcon.colcon_core.environment:checking '/home/silo/Desktop/cleaning_robot_ws/install/robot_description/bin'
[1.253s] INFO:colcon.colcon_core.shell:Creating package script '/home/silo/Desktop/cleaning_robot_ws/install/robot_description/share/robot_description/package.ps1'
[1.254s] INFO:colcon.colcon_core.shell:Creating package descriptor '/home/silo/Desktop/cleaning_robot_ws/install/robot_description/share/robot_description/package.dsv'
[1.255s] INFO:colcon.colcon_core.shell:Creating package script '/home/silo/Desktop/cleaning_robot_ws/install/robot_description/share/robot_description/package.sh'
[1.256s] INFO:colcon.colcon_core.shell:Creating package script '/home/silo/Desktop/cleaning_robot_ws/install/robot_description/share/robot_description/package.bash'
[1.257s] INFO:colcon.colcon_core.shell:Creating package script '/home/silo/Desktop/cleaning_robot_ws/install/robot_description/share/robot_description/package.zsh'
[1.258s] Level 1:colcon.colcon_core.environment:create_file_with_runtime_dependencies(/home/silo/Desktop/cleaning_robot_ws/install/robot_description/share/colcon-core/packages/robot_description)
[1.259s] DEBUG:colcon.colcon_parallel_executor.executor.parallel:closing loop
[1.259s] DEBUG:colcon.colcon_parallel_executor.executor.parallel:loop closed
[1.260s] DEBUG:colcon.colcon_parallel_executor.executor.parallel:run_until_complete finished with '2'
[1.260s] DEBUG:colcon.colcon_core.event_reactor:joining thread
[1.278s] INFO:colcon.colcon_core.plugin_system:Skipping extension 'colcon_notification.desktop_notification.terminal_notifier': Not used on non-Darwin systems
[1.278s] INFO:colcon.colcon_core.plugin_system:Skipping extension 'colcon_notification.desktop_notification.win32': Not used on non-Windows systems
[1.278s] INFO:colcon.colcon_notification.desktop_notification:Sending desktop notification using 'notify2'
[1.322s] DEBUG:colcon.colcon_core.event_reactor:joined thread
[1.323s] INFO:colcon.colcon_core.shell:Creating prefix script '/home/silo/Desktop/cleaning_robot_ws/install/local_setup.ps1'
[1.325s] INFO:colcon.colcon_core.shell:Creating prefix util module '/home/silo/Desktop/cleaning_robot_ws/install/_local_setup_util_ps1.py'
[1.329s] INFO:colcon.colcon_core.shell:Creating prefix chain script '/home/silo/Desktop/cleaning_robot_ws/install/setup.ps1'
[1.333s] INFO:colcon.colcon_core.shell:Creating prefix script '/home/silo/Desktop/cleaning_robot_ws/install/local_setup.sh'
[1.334s] INFO:colcon.colcon_core.shell:Creating prefix util module '/home/silo/Desktop/cleaning_robot_ws/install/_local_setup_util_sh.py'
[1.336s] INFO:colcon.colcon_core.shell:Creating prefix chain script '/home/silo/Desktop/cleaning_robot_ws/install/setup.sh'
[1.340s] INFO:colcon.colcon_core.shell:Creating prefix script '/home/silo/Desktop/cleaning_robot_ws/install/local_setup.bash'
[1.342s] INFO:colcon.colcon_core.shell:Creating prefix chain script '/home/silo/Desktop/cleaning_robot_ws/install/setup.bash'
[1.346s] INFO:colcon.colcon_core.shell:Creating prefix script '/home/silo/Desktop/cleaning_robot_ws/install/local_setup.zsh'
[1.347s] INFO:colcon.colcon_core.shell:Creating prefix chain script '/home/silo/Desktop/cleaning_robot_ws/install/setup.zsh'
