[0.154s] DEBUG:colcon:Command line arguments: ['/usr/bin/colcon', 'build', '--symlink-install']
[0.154s] DEBUG:colcon:Parsed command line arguments: Namespace(log_base=None, log_level=None, verb_name='build', build_base='build', install_base='install', merge_install=False, symlink_install=True, test_result_base=None, continue_on_error=False, executor='parallel', parallel_workers=12, event_handlers=None, ignore_user_meta=False, metas=['./colcon.meta'], base_paths=['.'], packages_ignore=None, packages_ignore_regex=None, paths=None, packages_up_to=None, packages_up_to_regex=None, packages_above=None, packages_above_and_dependencies=None, packages_above_depth=None, packages_select_by_dep=None, packages_skip_by_dep=None, packages_skip_up_to=None, packages_select_build_failed=False, packages_skip_build_finished=False, packages_select_test_failures=False, packages_skip_test_passed=False, packages_select=None, packages_skip=None, packages_select_regex=None, packages_skip_regex=None, packages_start=None, packages_end=None, allow_overriding=[], cmake_args=None, cmake_target=None, cmake_target_skip_unavailable=False, cmake_clean_cache=False, cmake_clean_first=False, cmake_force_configure=False, ament_cmake_args=None, catkin_cmake_args=None, catkin_skip_building_tests=False, mixin_files=None, mixin=None, verb_parser=<colcon_mixin.mixin.mixin_argument.MixinArgumentDecorator object at 0x7733b4f830b0>, verb_extension=<colcon_core.verb.build.BuildVerb object at 0x7733b4f310d0>, main=<bound method BuildVerb.main of <colcon_core.verb.build.BuildVerb object at 0x7733b4f310d0>>, mixin_verb=('build',))
[0.213s] Level 1:colcon.colcon_core.package_discovery:discover_packages(colcon_meta) check parameters
[0.214s] Level 1:colcon.colcon_core.package_discovery:discover_packages(recursive) check parameters
[0.214s] Level 1:colcon.colcon_core.package_discovery:discover_packages(ignore) check parameters
[0.214s] Level 1:colcon.colcon_core.package_discovery:discover_packages(path) check parameters
[0.214s] Level 1:colcon.colcon_core.package_discovery:discover_packages(colcon_meta) discover
[0.214s] Level 1:colcon.colcon_core.package_discovery:discover_packages(recursive) discover
[0.214s] INFO:colcon.colcon_core.package_discovery:Crawling recursively for packages in '/home/silo/Desktop/cleaning_robot_ws'
[0.214s] Level 1:colcon.colcon_core.package_identification:_identify(.) by extensions ['ignore', 'ignore_ament_install']
[0.214s] Level 1:colcon.colcon_core.package_identification:_identify(.) by extension 'ignore'
[0.215s] Level 1:colcon.colcon_core.package_identification:_identify(.) by extension 'ignore_ament_install'
[0.215s] Level 1:colcon.colcon_core.package_identification:_identify(.) by extensions ['colcon_pkg']
[0.215s] Level 1:colcon.colcon_core.package_identification:_identify(.) by extension 'colcon_pkg'
[0.215s] Level 1:colcon.colcon_core.package_identification:_identify(.) by extensions ['colcon_meta']
[0.215s] Level 1:colcon.colcon_core.package_identification:_identify(.) by extension 'colcon_meta'
[0.215s] Level 1:colcon.colcon_core.package_identification:_identify(.) by extensions ['ros']
[0.215s] Level 1:colcon.colcon_core.package_identification:_identify(.) by extension 'ros'
[0.256s] Level 1:colcon.colcon_core.package_identification:_identify(.) by extensions ['cmake', 'python']
[0.256s] Level 1:colcon.colcon_core.package_identification:_identify(.) by extension 'cmake'
[0.256s] Level 1:colcon.colcon_core.package_identification:_identify(.) by extension 'python'
[0.256s] Level 1:colcon.colcon_core.package_identification:_identify(.) by extensions ['python_setup_py']
[0.256s] Level 1:colcon.colcon_core.package_identification:_identify(.) by extension 'python_setup_py'
[0.256s] Level 1:colcon.colcon_core.package_identification:_identify(build) by extensions ['ignore', 'ignore_ament_install']
[0.256s] Level 1:colcon.colcon_core.package_identification:_identify(build) by extension 'ignore'
[0.256s] Level 1:colcon.colcon_core.package_identification:_identify(build) ignored
[0.257s] Level 1:colcon.colcon_core.package_identification:_identify(install) by extensions ['ignore', 'ignore_ament_install']
[0.257s] Level 1:colcon.colcon_core.package_identification:_identify(install) by extension 'ignore'
[0.257s] Level 1:colcon.colcon_core.package_identification:_identify(install) ignored
[0.257s] Level 1:colcon.colcon_core.package_identification:_identify(log) by extensions ['ignore', 'ignore_ament_install']
[0.257s] Level 1:colcon.colcon_core.package_identification:_identify(log) by extension 'ignore'
[0.257s] Level 1:colcon.colcon_core.package_identification:_identify(log) ignored
[0.257s] Level 1:colcon.colcon_core.package_identification:_identify(src) by extensions ['ignore', 'ignore_ament_install']
[0.257s] Level 1:colcon.colcon_core.package_identification:_identify(src) by extension 'ignore'
[0.257s] Level 1:colcon.colcon_core.package_identification:_identify(src) by extension 'ignore_ament_install'
[0.258s] Level 1:colcon.colcon_core.package_identification:_identify(src) by extensions ['colcon_pkg']
[0.258s] Level 1:colcon.colcon_core.package_identification:_identify(src) by extension 'colcon_pkg'
[0.258s] Level 1:colcon.colcon_core.package_identification:_identify(src) by extensions ['colcon_meta']
[0.258s] Level 1:colcon.colcon_core.package_identification:_identify(src) by extension 'colcon_meta'
[0.258s] Level 1:colcon.colcon_core.package_identification:_identify(src) by extensions ['ros']
[0.258s] Level 1:colcon.colcon_core.package_identification:_identify(src) by extension 'ros'
[0.258s] Level 1:colcon.colcon_core.package_identification:_identify(src) by extensions ['cmake', 'python']
[0.258s] Level 1:colcon.colcon_core.package_identification:_identify(src) by extension 'cmake'
[0.258s] Level 1:colcon.colcon_core.package_identification:_identify(src) by extension 'python'
[0.258s] Level 1:colcon.colcon_core.package_identification:_identify(src) by extensions ['python_setup_py']
[0.258s] Level 1:colcon.colcon_core.package_identification:_identify(src) by extension 'python_setup_py'
[0.258s] Level 1:colcon.colcon_core.package_identification:_identify(src/robot_camera) by extensions ['ignore', 'ignore_ament_install']
[0.258s] Level 1:colcon.colcon_core.package_identification:_identify(src/robot_camera) by extension 'ignore'
[0.258s] Level 1:colcon.colcon_core.package_identification:_identify(src/robot_camera) by extension 'ignore_ament_install'
[0.259s] Level 1:colcon.colcon_core.package_identification:_identify(src/robot_camera) by extensions ['colcon_pkg']
[0.259s] Level 1:colcon.colcon_core.package_identification:_identify(src/robot_camera) by extension 'colcon_pkg'
[0.259s] Level 1:colcon.colcon_core.package_identification:_identify(src/robot_camera) by extensions ['colcon_meta']
[0.259s] Level 1:colcon.colcon_core.package_identification:_identify(src/robot_camera) by extension 'colcon_meta'
[0.259s] Level 1:colcon.colcon_core.package_identification:_identify(src/robot_camera) by extensions ['ros']
[0.259s] Level 1:colcon.colcon_core.package_identification:_identify(src/robot_camera) by extension 'ros'
[0.274s] DEBUG:colcon.colcon_core.package_identification:Package 'src/robot_camera' with type 'ros.ament_cmake' and name 'robot_camera'
[0.274s] Level 1:colcon.colcon_core.package_identification:_identify(src/robot_control) by extensions ['ignore', 'ignore_ament_install']
[0.274s] Level 1:colcon.colcon_core.package_identification:_identify(src/robot_control) by extension 'ignore'
[0.275s] Level 1:colcon.colcon_core.package_identification:_identify(src/robot_control) by extension 'ignore_ament_install'
[0.275s] Level 1:colcon.colcon_core.package_identification:_identify(src/robot_control) by extensions ['colcon_pkg']
[0.275s] Level 1:colcon.colcon_core.package_identification:_identify(src/robot_control) by extension 'colcon_pkg'
[0.275s] Level 1:colcon.colcon_core.package_identification:_identify(src/robot_control) by extensions ['colcon_meta']
[0.275s] Level 1:colcon.colcon_core.package_identification:_identify(src/robot_control) by extension 'colcon_meta'
[0.275s] Level 1:colcon.colcon_core.package_identification:_identify(src/robot_control) by extensions ['ros']
[0.275s] Level 1:colcon.colcon_core.package_identification:_identify(src/robot_control) by extension 'ros'
[0.277s] DEBUG:colcon.colcon_core.package_identification:Package 'src/robot_control' with type 'ros.ament_cmake' and name 'robot_control'
[0.277s] Level 1:colcon.colcon_core.package_identification:_identify(src/robot_description) by extensions ['ignore', 'ignore_ament_install']
[0.278s] Level 1:colcon.colcon_core.package_identification:_identify(src/robot_description) by extension 'ignore'
[0.278s] Level 1:colcon.colcon_core.package_identification:_identify(src/robot_description) by extension 'ignore_ament_install'
[0.278s] Level 1:colcon.colcon_core.package_identification:_identify(src/robot_description) by extensions ['colcon_pkg']
[0.278s] Level 1:colcon.colcon_core.package_identification:_identify(src/robot_description) by extension 'colcon_pkg'
[0.278s] Level 1:colcon.colcon_core.package_identification:_identify(src/robot_description) by extensions ['colcon_meta']
[0.278s] Level 1:colcon.colcon_core.package_identification:_identify(src/robot_description) by extension 'colcon_meta'
[0.279s] Level 1:colcon.colcon_core.package_identification:_identify(src/robot_description) by extensions ['ros']
[0.279s] Level 1:colcon.colcon_core.package_identification:_identify(src/robot_description) by extension 'ros'
[0.280s] DEBUG:colcon.colcon_core.package_identification:Package 'src/robot_description' with type 'ros.ament_cmake' and name 'robot_description'
[0.280s] Level 1:colcon.colcon_core.package_identification:_identify(src/robot_in_practice) by extensions ['ignore', 'ignore_ament_install']
[0.280s] Level 1:colcon.colcon_core.package_identification:_identify(src/robot_in_practice) by extension 'ignore'
[0.280s] Level 1:colcon.colcon_core.package_identification:_identify(src/robot_in_practice) by extension 'ignore_ament_install'
[0.281s] Level 1:colcon.colcon_core.package_identification:_identify(src/robot_in_practice) by extensions ['colcon_pkg']
[0.281s] Level 1:colcon.colcon_core.package_identification:_identify(src/robot_in_practice) by extension 'colcon_pkg'
[0.281s] Level 1:colcon.colcon_core.package_identification:_identify(src/robot_in_practice) by extensions ['colcon_meta']
[0.281s] Level 1:colcon.colcon_core.package_identification:_identify(src/robot_in_practice) by extension 'colcon_meta'
[0.281s] Level 1:colcon.colcon_core.package_identification:_identify(src/robot_in_practice) by extensions ['ros']
[0.281s] Level 1:colcon.colcon_core.package_identification:_identify(src/robot_in_practice) by extension 'ros'
[0.282s] DEBUG:colcon.colcon_core.package_identification:Package 'src/robot_in_practice' with type 'ros.ament_cmake' and name 'robot_in_practice'
[0.282s] Level 1:colcon.colcon_core.package_identification:_identify(src/robot_lidar) by extensions ['ignore', 'ignore_ament_install']
[0.283s] Level 1:colcon.colcon_core.package_identification:_identify(src/robot_lidar) by extension 'ignore'
[0.283s] Level 1:colcon.colcon_core.package_identification:_identify(src/robot_lidar) by extension 'ignore_ament_install'
[0.283s] Level 1:colcon.colcon_core.package_identification:_identify(src/robot_lidar) by extensions ['colcon_pkg']
[0.283s] Level 1:colcon.colcon_core.package_identification:_identify(src/robot_lidar) by extension 'colcon_pkg'
[0.283s] Level 1:colcon.colcon_core.package_identification:_identify(src/robot_lidar) by extensions ['colcon_meta']
[0.283s] Level 1:colcon.colcon_core.package_identification:_identify(src/robot_lidar) by extension 'colcon_meta'
[0.283s] Level 1:colcon.colcon_core.package_identification:_identify(src/robot_lidar) by extensions ['ros']
[0.284s] Level 1:colcon.colcon_core.package_identification:_identify(src/robot_lidar) by extension 'ros'
[0.285s] DEBUG:colcon.colcon_core.package_identification:Package 'src/robot_lidar' with type 'ros.ament_cmake' and name 'robot_lidar'
[0.286s] Level 1:colcon.colcon_core.package_identification:_identify(src/robot_simulation) by extensions ['ignore', 'ignore_ament_install']
[0.286s] Level 1:colcon.colcon_core.package_identification:_identify(src/robot_simulation) by extension 'ignore'
[0.286s] Level 1:colcon.colcon_core.package_identification:_identify(src/robot_simulation) by extension 'ignore_ament_install'
[0.286s] Level 1:colcon.colcon_core.package_identification:_identify(src/robot_simulation) by extensions ['colcon_pkg']
[0.287s] Level 1:colcon.colcon_core.package_identification:_identify(src/robot_simulation) by extension 'colcon_pkg'
[0.287s] Level 1:colcon.colcon_core.package_identification:_identify(src/robot_simulation) by extensions ['colcon_meta']
[0.287s] Level 1:colcon.colcon_core.package_identification:_identify(src/robot_simulation) by extension 'colcon_meta'
[0.287s] Level 1:colcon.colcon_core.package_identification:_identify(src/robot_simulation) by extensions ['ros']
[0.287s] Level 1:colcon.colcon_core.package_identification:_identify(src/robot_simulation) by extension 'ros'
[0.288s] DEBUG:colcon.colcon_core.package_identification:Package 'src/robot_simulation' with type 'ros.ament_cmake' and name 'robot_simulation'
[0.288s] Level 1:colcon.colcon_core.package_discovery:discover_packages(recursive) using defaults
[0.288s] Level 1:colcon.colcon_core.package_discovery:discover_packages(ignore) discover
[0.288s] Level 1:colcon.colcon_core.package_discovery:discover_packages(ignore) using defaults
[0.288s] Level 1:colcon.colcon_core.package_discovery:discover_packages(path) discover
[0.288s] Level 1:colcon.colcon_core.package_discovery:discover_packages(path) using defaults
[0.314s] Level 1:colcon.colcon_core.package_discovery:discover_packages(prefix_path) check parameters
[0.315s] Level 1:colcon.colcon_core.package_discovery:discover_packages(prefix_path) discover
[0.319s] DEBUG:colcon.colcon_installed_package_information.package_discovery:Found 368 installed packages in /opt/ros/jazzy
[0.320s] Level 1:colcon.colcon_core.package_discovery:discover_packages(prefix_path) using defaults
[0.393s] Level 5:colcon.colcon_core.verb:set package 'robot_camera' build argument 'cmake_args' from command line to 'None'
[0.393s] Level 5:colcon.colcon_core.verb:set package 'robot_camera' build argument 'cmake_target' from command line to 'None'
[0.393s] Level 5:colcon.colcon_core.verb:set package 'robot_camera' build argument 'cmake_target_skip_unavailable' from command line to 'False'
[0.393s] Level 5:colcon.colcon_core.verb:set package 'robot_camera' build argument 'cmake_clean_cache' from command line to 'False'
[0.393s] Level 5:colcon.colcon_core.verb:set package 'robot_camera' build argument 'cmake_clean_first' from command line to 'False'
[0.393s] Level 5:colcon.colcon_core.verb:set package 'robot_camera' build argument 'cmake_force_configure' from command line to 'False'
[0.393s] Level 5:colcon.colcon_core.verb:set package 'robot_camera' build argument 'ament_cmake_args' from command line to 'None'
[0.393s] Level 5:colcon.colcon_core.verb:set package 'robot_camera' build argument 'catkin_cmake_args' from command line to 'None'
[0.393s] Level 5:colcon.colcon_core.verb:set package 'robot_camera' build argument 'catkin_skip_building_tests' from command line to 'False'
[0.393s] DEBUG:colcon.colcon_core.verb:Building package 'robot_camera' with the following arguments: {'ament_cmake_args': None, 'build_base': '/home/silo/Desktop/cleaning_robot_ws/build/robot_camera', 'catkin_cmake_args': None, 'catkin_skip_building_tests': False, 'cmake_args': None, 'cmake_clean_cache': False, 'cmake_clean_first': False, 'cmake_force_configure': False, 'cmake_target': None, 'cmake_target_skip_unavailable': False, 'install_base': '/home/silo/Desktop/cleaning_robot_ws/install/robot_camera', 'merge_install': False, 'path': '/home/silo/Desktop/cleaning_robot_ws/src/robot_camera', 'symlink_install': True, 'test_result_base': None}
[0.393s] Level 5:colcon.colcon_core.verb:set package 'robot_control' build argument 'cmake_args' from command line to 'None'
[0.393s] Level 5:colcon.colcon_core.verb:set package 'robot_control' build argument 'cmake_target' from command line to 'None'
[0.393s] Level 5:colcon.colcon_core.verb:set package 'robot_control' build argument 'cmake_target_skip_unavailable' from command line to 'False'
[0.393s] Level 5:colcon.colcon_core.verb:set package 'robot_control' build argument 'cmake_clean_cache' from command line to 'False'
[0.393s] Level 5:colcon.colcon_core.verb:set package 'robot_control' build argument 'cmake_clean_first' from command line to 'False'
[0.394s] Level 5:colcon.colcon_core.verb:set package 'robot_control' build argument 'cmake_force_configure' from command line to 'False'
[0.394s] Level 5:colcon.colcon_core.verb:set package 'robot_control' build argument 'ament_cmake_args' from command line to 'None'
[0.394s] Level 5:colcon.colcon_core.verb:set package 'robot_control' build argument 'catkin_cmake_args' from command line to 'None'
[0.394s] Level 5:colcon.colcon_core.verb:set package 'robot_control' build argument 'catkin_skip_building_tests' from command line to 'False'
[0.394s] DEBUG:colcon.colcon_core.verb:Building package 'robot_control' with the following arguments: {'ament_cmake_args': None, 'build_base': '/home/silo/Desktop/cleaning_robot_ws/build/robot_control', 'catkin_cmake_args': None, 'catkin_skip_building_tests': False, 'cmake_args': None, 'cmake_clean_cache': False, 'cmake_clean_first': False, 'cmake_force_configure': False, 'cmake_target': None, 'cmake_target_skip_unavailable': False, 'install_base': '/home/silo/Desktop/cleaning_robot_ws/install/robot_control', 'merge_install': False, 'path': '/home/silo/Desktop/cleaning_robot_ws/src/robot_control', 'symlink_install': True, 'test_result_base': None}
[0.394s] Level 5:colcon.colcon_core.verb:set package 'robot_description' build argument 'cmake_args' from command line to 'None'
[0.394s] Level 5:colcon.colcon_core.verb:set package 'robot_description' build argument 'cmake_target' from command line to 'None'
[0.394s] Level 5:colcon.colcon_core.verb:set package 'robot_description' build argument 'cmake_target_skip_unavailable' from command line to 'False'
[0.394s] Level 5:colcon.colcon_core.verb:set package 'robot_description' build argument 'cmake_clean_cache' from command line to 'False'
[0.394s] Level 5:colcon.colcon_core.verb:set package 'robot_description' build argument 'cmake_clean_first' from command line to 'False'
[0.394s] Level 5:colcon.colcon_core.verb:set package 'robot_description' build argument 'cmake_force_configure' from command line to 'False'
[0.394s] Level 5:colcon.colcon_core.verb:set package 'robot_description' build argument 'ament_cmake_args' from command line to 'None'
[0.394s] Level 5:colcon.colcon_core.verb:set package 'robot_description' build argument 'catkin_cmake_args' from command line to 'None'
[0.394s] Level 5:colcon.colcon_core.verb:set package 'robot_description' build argument 'catkin_skip_building_tests' from command line to 'False'
[0.394s] DEBUG:colcon.colcon_core.verb:Building package 'robot_description' with the following arguments: {'ament_cmake_args': None, 'build_base': '/home/silo/Desktop/cleaning_robot_ws/build/robot_description', 'catkin_cmake_args': None, 'catkin_skip_building_tests': False, 'cmake_args': None, 'cmake_clean_cache': False, 'cmake_clean_first': False, 'cmake_force_configure': False, 'cmake_target': None, 'cmake_target_skip_unavailable': False, 'install_base': '/home/silo/Desktop/cleaning_robot_ws/install/robot_description', 'merge_install': False, 'path': '/home/silo/Desktop/cleaning_robot_ws/src/robot_description', 'symlink_install': True, 'test_result_base': None}
[0.395s] Level 5:colcon.colcon_core.verb:set package 'robot_in_practice' build argument 'cmake_args' from command line to 'None'
[0.395s] Level 5:colcon.colcon_core.verb:set package 'robot_in_practice' build argument 'cmake_target' from command line to 'None'
[0.395s] Level 5:colcon.colcon_core.verb:set package 'robot_in_practice' build argument 'cmake_target_skip_unavailable' from command line to 'False'
[0.395s] Level 5:colcon.colcon_core.verb:set package 'robot_in_practice' build argument 'cmake_clean_cache' from command line to 'False'
[0.395s] Level 5:colcon.colcon_core.verb:set package 'robot_in_practice' build argument 'cmake_clean_first' from command line to 'False'
[0.395s] Level 5:colcon.colcon_core.verb:set package 'robot_in_practice' build argument 'cmake_force_configure' from command line to 'False'
[0.395s] Level 5:colcon.colcon_core.verb:set package 'robot_in_practice' build argument 'ament_cmake_args' from command line to 'None'
[0.395s] Level 5:colcon.colcon_core.verb:set package 'robot_in_practice' build argument 'catkin_cmake_args' from command line to 'None'
[0.395s] Level 5:colcon.colcon_core.verb:set package 'robot_in_practice' build argument 'catkin_skip_building_tests' from command line to 'False'
[0.395s] DEBUG:colcon.colcon_core.verb:Building package 'robot_in_practice' with the following arguments: {'ament_cmake_args': None, 'build_base': '/home/silo/Desktop/cleaning_robot_ws/build/robot_in_practice', 'catkin_cmake_args': None, 'catkin_skip_building_tests': False, 'cmake_args': None, 'cmake_clean_cache': False, 'cmake_clean_first': False, 'cmake_force_configure': False, 'cmake_target': None, 'cmake_target_skip_unavailable': False, 'install_base': '/home/silo/Desktop/cleaning_robot_ws/install/robot_in_practice', 'merge_install': False, 'path': '/home/silo/Desktop/cleaning_robot_ws/src/robot_in_practice', 'symlink_install': True, 'test_result_base': None}
[0.395s] Level 5:colcon.colcon_core.verb:set package 'robot_lidar' build argument 'cmake_args' from command line to 'None'
[0.395s] Level 5:colcon.colcon_core.verb:set package 'robot_lidar' build argument 'cmake_target' from command line to 'None'
[0.395s] Level 5:colcon.colcon_core.verb:set package 'robot_lidar' build argument 'cmake_target_skip_unavailable' from command line to 'False'
[0.395s] Level 5:colcon.colcon_core.verb:set package 'robot_lidar' build argument 'cmake_clean_cache' from command line to 'False'
[0.395s] Level 5:colcon.colcon_core.verb:set package 'robot_lidar' build argument 'cmake_clean_first' from command line to 'False'
[0.395s] Level 5:colcon.colcon_core.verb:set package 'robot_lidar' build argument 'cmake_force_configure' from command line to 'False'
[0.395s] Level 5:colcon.colcon_core.verb:set package 'robot_lidar' build argument 'ament_cmake_args' from command line to 'None'
[0.395s] Level 5:colcon.colcon_core.verb:set package 'robot_lidar' build argument 'catkin_cmake_args' from command line to 'None'
[0.396s] Level 5:colcon.colcon_core.verb:set package 'robot_lidar' build argument 'catkin_skip_building_tests' from command line to 'False'
[0.396s] DEBUG:colcon.colcon_core.verb:Building package 'robot_lidar' with the following arguments: {'ament_cmake_args': None, 'build_base': '/home/silo/Desktop/cleaning_robot_ws/build/robot_lidar', 'catkin_cmake_args': None, 'catkin_skip_building_tests': False, 'cmake_args': None, 'cmake_clean_cache': False, 'cmake_clean_first': False, 'cmake_force_configure': False, 'cmake_target': None, 'cmake_target_skip_unavailable': False, 'install_base': '/home/silo/Desktop/cleaning_robot_ws/install/robot_lidar', 'merge_install': False, 'path': '/home/silo/Desktop/cleaning_robot_ws/src/robot_lidar', 'symlink_install': True, 'test_result_base': None}
[0.396s] Level 5:colcon.colcon_core.verb:set package 'robot_simulation' build argument 'cmake_args' from command line to 'None'
[0.396s] Level 5:colcon.colcon_core.verb:set package 'robot_simulation' build argument 'cmake_target' from command line to 'None'
[0.396s] Level 5:colcon.colcon_core.verb:set package 'robot_simulation' build argument 'cmake_target_skip_unavailable' from command line to 'False'
[0.396s] Level 5:colcon.colcon_core.verb:set package 'robot_simulation' build argument 'cmake_clean_cache' from command line to 'False'
[0.396s] Level 5:colcon.colcon_core.verb:set package 'robot_simulation' build argument 'cmake_clean_first' from command line to 'False'
[0.396s] Level 5:colcon.colcon_core.verb:set package 'robot_simulation' build argument 'cmake_force_configure' from command line to 'False'
[0.396s] Level 5:colcon.colcon_core.verb:set package 'robot_simulation' build argument 'ament_cmake_args' from command line to 'None'
[0.396s] Level 5:colcon.colcon_core.verb:set package 'robot_simulation' build argument 'catkin_cmake_args' from command line to 'None'
[0.396s] Level 5:colcon.colcon_core.verb:set package 'robot_simulation' build argument 'catkin_skip_building_tests' from command line to 'False'
[0.396s] DEBUG:colcon.colcon_core.verb:Building package 'robot_simulation' with the following arguments: {'ament_cmake_args': None, 'build_base': '/home/silo/Desktop/cleaning_robot_ws/build/robot_simulation', 'catkin_cmake_args': None, 'catkin_skip_building_tests': False, 'cmake_args': None, 'cmake_clean_cache': False, 'cmake_clean_first': False, 'cmake_force_configure': False, 'cmake_target': None, 'cmake_target_skip_unavailable': False, 'install_base': '/home/silo/Desktop/cleaning_robot_ws/install/robot_simulation', 'merge_install': False, 'path': '/home/silo/Desktop/cleaning_robot_ws/src/robot_simulation', 'symlink_install': True, 'test_result_base': None}
[0.396s] INFO:colcon.colcon_core.executor:Executing jobs using 'parallel' executor
[0.397s] DEBUG:colcon.colcon_parallel_executor.executor.parallel:run_until_complete
[0.398s] INFO:colcon.colcon_ros.task.ament_cmake.build:Building ROS package in '/home/silo/Desktop/cleaning_robot_ws/src/robot_camera' with build type 'ament_cmake'
[0.398s] INFO:colcon.colcon_cmake.task.cmake.build:Building CMake package in '/home/silo/Desktop/cleaning_robot_ws/src/robot_camera'
[0.400s] INFO:colcon.colcon_core.plugin_system:Skipping extension 'colcon_core.shell.bat': Not used on non-Windows systems
[0.400s] INFO:colcon.colcon_core.shell:Skip shell extension 'powershell' for command environment: Not usable outside of PowerShell
[0.400s] DEBUG:colcon.colcon_core.shell:Skip shell extension 'dsv' for command environment
[0.404s] INFO:colcon.colcon_ros.task.ament_cmake.build:Building ROS package in '/home/silo/Desktop/cleaning_robot_ws/src/robot_control' with build type 'ament_cmake'
[0.405s] INFO:colcon.colcon_cmake.task.cmake.build:Building CMake package in '/home/silo/Desktop/cleaning_robot_ws/src/robot_control'
[0.405s] INFO:colcon.colcon_core.shell:Skip shell extension 'powershell' for command environment: Not usable outside of PowerShell
[0.405s] DEBUG:colcon.colcon_core.shell:Skip shell extension 'dsv' for command environment
[0.408s] INFO:colcon.colcon_ros.task.ament_cmake.build:Building ROS package in '/home/silo/Desktop/cleaning_robot_ws/src/robot_description' with build type 'ament_cmake'
[0.409s] INFO:colcon.colcon_cmake.task.cmake.build:Building CMake package in '/home/silo/Desktop/cleaning_robot_ws/src/robot_description'
[0.409s] INFO:colcon.colcon_core.shell:Skip shell extension 'powershell' for command environment: Not usable outside of PowerShell
[0.409s] DEBUG:colcon.colcon_core.shell:Skip shell extension 'dsv' for command environment
[0.412s] INFO:colcon.colcon_ros.task.ament_cmake.build:Building ROS package in '/home/silo/Desktop/cleaning_robot_ws/src/robot_in_practice' with build type 'ament_cmake'
[0.412s] INFO:colcon.colcon_cmake.task.cmake.build:Building CMake package in '/home/silo/Desktop/cleaning_robot_ws/src/robot_in_practice'
[0.412s] INFO:colcon.colcon_core.shell:Skip shell extension 'powershell' for command environment: Not usable outside of PowerShell
[0.413s] DEBUG:colcon.colcon_core.shell:Skip shell extension 'dsv' for command environment
[0.416s] INFO:colcon.colcon_ros.task.ament_cmake.build:Building ROS package in '/home/silo/Desktop/cleaning_robot_ws/src/robot_lidar' with build type 'ament_cmake'
[0.416s] INFO:colcon.colcon_cmake.task.cmake.build:Building CMake package in '/home/silo/Desktop/cleaning_robot_ws/src/robot_lidar'
[0.416s] INFO:colcon.colcon_core.shell:Skip shell extension 'powershell' for command environment: Not usable outside of PowerShell
[0.416s] DEBUG:colcon.colcon_core.shell:Skip shell extension 'dsv' for command environment
[0.420s] INFO:colcon.colcon_ros.task.ament_cmake.build:Building ROS package in '/home/silo/Desktop/cleaning_robot_ws/src/robot_simulation' with build type 'ament_cmake'
[0.420s] INFO:colcon.colcon_cmake.task.cmake.build:Building CMake package in '/home/silo/Desktop/cleaning_robot_ws/src/robot_simulation'
[0.420s] INFO:colcon.colcon_core.shell:Skip shell extension 'powershell' for command environment: Not usable outside of PowerShell
[0.420s] DEBUG:colcon.colcon_core.shell:Skip shell extension 'dsv' for command environment
[0.430s] DEBUG:colcon.colcon_core.event_handler.log_command:Invoking command in '/home/silo/Desktop/cleaning_robot_ws/build/robot_camera': CMAKE_PREFIX_PATH=${CMAKE_PREFIX_PATH}:/opt/ros/jazzy DEBUGINFOD_URLS=https://debuginfod.ubuntu.com /usr/bin/cmake --build /home/silo/Desktop/cleaning_robot_ws/build/robot_camera -- -j12 -l12
[0.433s] DEBUG:colcon.colcon_core.event_handler.log_command:Invoking command in '/home/silo/Desktop/cleaning_robot_ws/build/robot_control': CMAKE_PREFIX_PATH=${CMAKE_PREFIX_PATH}:/opt/ros/jazzy DEBUGINFOD_URLS=https://debuginfod.ubuntu.com /usr/bin/cmake --build /home/silo/Desktop/cleaning_robot_ws/build/robot_control -- -j12 -l12
[0.434s] DEBUG:colcon.colcon_core.event_handler.log_command:Invoking command in '/home/silo/Desktop/cleaning_robot_ws/build/robot_description': CMAKE_PREFIX_PATH=${CMAKE_PREFIX_PATH}:/opt/ros/jazzy DEBUGINFOD_URLS=https://debuginfod.ubuntu.com /usr/bin/cmake --build /home/silo/Desktop/cleaning_robot_ws/build/robot_description -- -j12 -l12
[0.440s] DEBUG:colcon.colcon_core.event_handler.log_command:Invoking command in '/home/silo/Desktop/cleaning_robot_ws/build/robot_in_practice': CMAKE_PREFIX_PATH=${CMAKE_PREFIX_PATH}:/opt/ros/jazzy DEBUGINFOD_URLS=https://debuginfod.ubuntu.com /usr/bin/cmake --build /home/silo/Desktop/cleaning_robot_ws/build/robot_in_practice -- -j12 -l12
[0.445s] DEBUG:colcon.colcon_core.event_handler.log_command:Invoking command in '/home/silo/Desktop/cleaning_robot_ws/build/robot_lidar': CMAKE_PREFIX_PATH=${CMAKE_PREFIX_PATH}:/opt/ros/jazzy DEBUGINFOD_URLS=https://debuginfod.ubuntu.com /usr/bin/cmake --build /home/silo/Desktop/cleaning_robot_ws/build/robot_lidar -- -j12 -l12
[0.451s] DEBUG:colcon.colcon_core.event_handler.log_command:Invoking command in '/home/silo/Desktop/cleaning_robot_ws/build/robot_simulation': CMAKE_PREFIX_PATH=${CMAKE_PREFIX_PATH}:/opt/ros/jazzy DEBUGINFOD_URLS=https://debuginfod.ubuntu.com /usr/bin/cmake --build /home/silo/Desktop/cleaning_robot_ws/build/robot_simulation -- -j12 -l12
[0.482s] DEBUG:colcon.colcon_core.event_handler.log_command:Invoked command in '/home/silo/Desktop/cleaning_robot_ws/build/robot_camera' returned '0': CMAKE_PREFIX_PATH=${CMAKE_PREFIX_PATH}:/opt/ros/jazzy DEBUGINFOD_URLS=https://debuginfod.ubuntu.com /usr/bin/cmake --build /home/silo/Desktop/cleaning_robot_ws/build/robot_camera -- -j12 -l12
[0.484s] DEBUG:colcon.colcon_core.event_handler.log_command:Invoked command in '/home/silo/Desktop/cleaning_robot_ws/build/robot_control' returned '0': CMAKE_PREFIX_PATH=${CMAKE_PREFIX_PATH}:/opt/ros/jazzy DEBUGINFOD_URLS=https://debuginfod.ubuntu.com /usr/bin/cmake --build /home/silo/Desktop/cleaning_robot_ws/build/robot_control -- -j12 -l12
[0.489s] DEBUG:colcon.colcon_core.event_handler.log_command:Invoked command in '/home/silo/Desktop/cleaning_robot_ws/build/robot_in_practice' returned '0': CMAKE_PREFIX_PATH=${CMAKE_PREFIX_PATH}:/opt/ros/jazzy DEBUGINFOD_URLS=https://debuginfod.ubuntu.com /usr/bin/cmake --build /home/silo/Desktop/cleaning_robot_ws/build/robot_in_practice -- -j12 -l12
[0.491s] DEBUG:colcon.colcon_core.event_handler.log_command:Invoked command in '/home/silo/Desktop/cleaning_robot_ws/build/robot_description' returned '0': CMAKE_PREFIX_PATH=${CMAKE_PREFIX_PATH}:/opt/ros/jazzy DEBUGINFOD_URLS=https://debuginfod.ubuntu.com /usr/bin/cmake --build /home/silo/Desktop/cleaning_robot_ws/build/robot_description -- -j12 -l12
[0.494s] DEBUG:colcon.colcon_core.event_handler.log_command:Invoked command in '/home/silo/Desktop/cleaning_robot_ws/build/robot_lidar' returned '0': CMAKE_PREFIX_PATH=${CMAKE_PREFIX_PATH}:/opt/ros/jazzy DEBUGINFOD_URLS=https://debuginfod.ubuntu.com /usr/bin/cmake --build /home/silo/Desktop/cleaning_robot_ws/build/robot_lidar -- -j12 -l12
[0.501s] DEBUG:colcon.colcon_core.event_handler.log_command:Invoked command in '/home/silo/Desktop/cleaning_robot_ws/build/robot_simulation' returned '0': CMAKE_PREFIX_PATH=${CMAKE_PREFIX_PATH}:/opt/ros/jazzy DEBUGINFOD_URLS=https://debuginfod.ubuntu.com /usr/bin/cmake --build /home/silo/Desktop/cleaning_robot_ws/build/robot_simulation -- -j12 -l12
[0.521s] DEBUG:colcon.colcon_core.event_handler.log_command:Invoking command in '/home/silo/Desktop/cleaning_robot_ws/build/robot_camera': CMAKE_PREFIX_PATH=${CMAKE_PREFIX_PATH}:/opt/ros/jazzy DEBUGINFOD_URLS=https://debuginfod.ubuntu.com /usr/bin/cmake --install /home/silo/Desktop/cleaning_robot_ws/build/robot_camera
[0.523s] DEBUG:colcon.colcon_core.event_handler.log_command:Invoking command in '/home/silo/Desktop/cleaning_robot_ws/build/robot_control': CMAKE_PREFIX_PATH=${CMAKE_PREFIX_PATH}:/opt/ros/jazzy DEBUGINFOD_URLS=https://debuginfod.ubuntu.com /usr/bin/cmake --install /home/silo/Desktop/cleaning_robot_ws/build/robot_control
[0.524s] DEBUG:colcon.colcon_core.event_handler.log_command:Invoking command in '/home/silo/Desktop/cleaning_robot_ws/build/robot_lidar': CMAKE_PREFIX_PATH=${CMAKE_PREFIX_PATH}:/opt/ros/jazzy DEBUGINFOD_URLS=https://debuginfod.ubuntu.com /usr/bin/cmake --install /home/silo/Desktop/cleaning_robot_ws/build/robot_lidar
[0.525s] DEBUG:colcon.colcon_core.event_handler.log_command:Invoking command in '/home/silo/Desktop/cleaning_robot_ws/build/robot_in_practice': CMAKE_PREFIX_PATH=${CMAKE_PREFIX_PATH}:/opt/ros/jazzy DEBUGINFOD_URLS=https://debuginfod.ubuntu.com /usr/bin/cmake --install /home/silo/Desktop/cleaning_robot_ws/build/robot_in_practice
[0.527s] DEBUG:colcon.colcon_core.event_handler.log_command:Invoking command in '/home/silo/Desktop/cleaning_robot_ws/build/robot_description': CMAKE_PREFIX_PATH=${CMAKE_PREFIX_PATH}:/opt/ros/jazzy DEBUGINFOD_URLS=https://debuginfod.ubuntu.com /usr/bin/cmake --install /home/silo/Desktop/cleaning_robot_ws/build/robot_description
[0.530s] DEBUG:colcon.colcon_core.event_handler.log_command:Invoking command in '/home/silo/Desktop/cleaning_robot_ws/build/robot_simulation': CMAKE_PREFIX_PATH=${CMAKE_PREFIX_PATH}:/opt/ros/jazzy DEBUGINFOD_URLS=https://debuginfod.ubuntu.com /usr/bin/cmake --install /home/silo/Desktop/cleaning_robot_ws/build/robot_simulation
[0.553s] Level 1:colcon.colcon_core.environment:create_environment_scripts_only(robot_camera)
[0.567s] DEBUG:colcon.colcon_core.event_handler.log_command:Invoked command in '/home/silo/Desktop/cleaning_robot_ws/build/robot_camera' returned '0': CMAKE_PREFIX_PATH=${CMAKE_PREFIX_PATH}:/opt/ros/jazzy DEBUGINFOD_URLS=https://debuginfod.ubuntu.com /usr/bin/cmake --install /home/silo/Desktop/cleaning_robot_ws/build/robot_camera
[0.571s] Level 1:colcon.colcon_core.environment:checking '/home/silo/Desktop/cleaning_robot_ws/install/robot_camera' for CMake module files
[0.573s] Level 1:colcon.colcon_core.environment:checking '/home/silo/Desktop/cleaning_robot_ws/install/robot_camera' for CMake config files
[0.573s] Level 1:colcon.colcon_core.shell:create_environment_hook('robot_camera', 'cmake_prefix_path')
[0.573s] INFO:colcon.colcon_core.shell:Creating environment hook '/home/silo/Desktop/cleaning_robot_ws/install/robot_camera/share/robot_camera/hook/cmake_prefix_path.ps1'
[0.574s] INFO:colcon.colcon_core.shell:Creating environment descriptor '/home/silo/Desktop/cleaning_robot_ws/install/robot_camera/share/robot_camera/hook/cmake_prefix_path.dsv'
[0.575s] INFO:colcon.colcon_core.shell:Creating environment hook '/home/silo/Desktop/cleaning_robot_ws/install/robot_camera/share/robot_camera/hook/cmake_prefix_path.sh'
[0.575s] Level 1:colcon.colcon_core.environment:checking '/home/silo/Desktop/cleaning_robot_ws/install/robot_camera/bin'
[0.576s] Level 1:colcon.colcon_core.environment:checking '/home/silo/Desktop/cleaning_robot_ws/install/robot_camera/lib/pkgconfig/robot_camera.pc'
[0.576s] Level 1:colcon.colcon_core.environment:checking '/home/silo/Desktop/cleaning_robot_ws/install/robot_camera/lib/python3.12/site-packages'
[0.576s] Level 1:colcon.colcon_core.environment:checking '/home/silo/Desktop/cleaning_robot_ws/install/robot_camera/bin'
[0.577s] INFO:colcon.colcon_core.shell:Creating package script '/home/silo/Desktop/cleaning_robot_ws/install/robot_camera/share/robot_camera/package.ps1'
[0.577s] INFO:colcon.colcon_core.shell:Creating package descriptor '/home/silo/Desktop/cleaning_robot_ws/install/robot_camera/share/robot_camera/package.dsv'
[0.578s] INFO:colcon.colcon_core.shell:Creating package script '/home/silo/Desktop/cleaning_robot_ws/install/robot_camera/share/robot_camera/package.sh'
[0.579s] INFO:colcon.colcon_core.shell:Creating package script '/home/silo/Desktop/cleaning_robot_ws/install/robot_camera/share/robot_camera/package.bash'
[0.579s] INFO:colcon.colcon_core.shell:Creating package script '/home/silo/Desktop/cleaning_robot_ws/install/robot_camera/share/robot_camera/package.zsh'
[0.580s] Level 1:colcon.colcon_core.environment:create_file_with_runtime_dependencies(/home/silo/Desktop/cleaning_robot_ws/install/robot_camera/share/colcon-core/packages/robot_camera)
[0.581s] Level 1:colcon.colcon_core.environment:create_environment_scripts_only(robot_control)
[0.581s] Level 1:colcon.colcon_core.environment:checking '/home/silo/Desktop/cleaning_robot_ws/install/robot_control' for CMake module files
[0.582s] DEBUG:colcon.colcon_core.event_handler.log_command:Invoked command in '/home/silo/Desktop/cleaning_robot_ws/build/robot_control' returned '0': CMAKE_PREFIX_PATH=${CMAKE_PREFIX_PATH}:/opt/ros/jazzy DEBUGINFOD_URLS=https://debuginfod.ubuntu.com /usr/bin/cmake --install /home/silo/Desktop/cleaning_robot_ws/build/robot_control
[0.583s] Level 1:colcon.colcon_core.environment:checking '/home/silo/Desktop/cleaning_robot_ws/install/robot_control' for CMake config files
[0.583s] Level 1:colcon.colcon_core.shell:create_environment_hook('robot_control', 'cmake_prefix_path')
[0.583s] INFO:colcon.colcon_core.shell:Creating environment hook '/home/silo/Desktop/cleaning_robot_ws/install/robot_control/share/robot_control/hook/cmake_prefix_path.ps1'
[0.584s] INFO:colcon.colcon_core.shell:Creating environment descriptor '/home/silo/Desktop/cleaning_robot_ws/install/robot_control/share/robot_control/hook/cmake_prefix_path.dsv'
[0.584s] INFO:colcon.colcon_core.shell:Creating environment hook '/home/silo/Desktop/cleaning_robot_ws/install/robot_control/share/robot_control/hook/cmake_prefix_path.sh'
[0.585s] Level 1:colcon.colcon_core.environment:checking '/home/silo/Desktop/cleaning_robot_ws/install/robot_control/bin'
[0.585s] Level 1:colcon.colcon_core.environment:checking '/home/silo/Desktop/cleaning_robot_ws/install/robot_control/lib/pkgconfig/robot_control.pc'
[0.586s] Level 1:colcon.colcon_core.environment:checking '/home/silo/Desktop/cleaning_robot_ws/install/robot_control/lib/python3.12/site-packages'
[0.586s] Level 1:colcon.colcon_core.environment:checking '/home/silo/Desktop/cleaning_robot_ws/install/robot_control/bin'
[0.586s] INFO:colcon.colcon_core.shell:Creating package script '/home/silo/Desktop/cleaning_robot_ws/install/robot_control/share/robot_control/package.ps1'
[0.587s] INFO:colcon.colcon_core.shell:Creating package descriptor '/home/silo/Desktop/cleaning_robot_ws/install/robot_control/share/robot_control/package.dsv'
[0.587s] INFO:colcon.colcon_core.shell:Creating package script '/home/silo/Desktop/cleaning_robot_ws/install/robot_control/share/robot_control/package.sh'
[0.588s] INFO:colcon.colcon_core.shell:Creating package script '/home/silo/Desktop/cleaning_robot_ws/install/robot_control/share/robot_control/package.bash'
[0.588s] INFO:colcon.colcon_core.shell:Creating package script '/home/silo/Desktop/cleaning_robot_ws/install/robot_control/share/robot_control/package.zsh'
[0.588s] Level 1:colcon.colcon_core.environment:create_file_with_runtime_dependencies(/home/silo/Desktop/cleaning_robot_ws/install/robot_control/share/colcon-core/packages/robot_control)
[0.591s] Level 1:colcon.colcon_core.environment:create_environment_scripts_only(robot_lidar)
[0.591s] Level 1:colcon.colcon_core.environment:checking '/home/silo/Desktop/cleaning_robot_ws/install/robot_lidar' for CMake module files
[0.592s] DEBUG:colcon.colcon_core.event_handler.log_command:Invoked command in '/home/silo/Desktop/cleaning_robot_ws/build/robot_lidar' returned '0': CMAKE_PREFIX_PATH=${CMAKE_PREFIX_PATH}:/opt/ros/jazzy DEBUGINFOD_URLS=https://debuginfod.ubuntu.com /usr/bin/cmake --install /home/silo/Desktop/cleaning_robot_ws/build/robot_lidar
[0.592s] Level 1:colcon.colcon_core.environment:checking '/home/silo/Desktop/cleaning_robot_ws/install/robot_lidar' for CMake config files
[0.592s] Level 1:colcon.colcon_core.shell:create_environment_hook('robot_lidar', 'cmake_prefix_path')
[0.593s] INFO:colcon.colcon_core.shell:Creating environment hook '/home/silo/Desktop/cleaning_robot_ws/install/robot_lidar/share/robot_lidar/hook/cmake_prefix_path.ps1'
[0.593s] INFO:colcon.colcon_core.shell:Creating environment descriptor '/home/silo/Desktop/cleaning_robot_ws/install/robot_lidar/share/robot_lidar/hook/cmake_prefix_path.dsv'
[0.594s] INFO:colcon.colcon_core.shell:Creating environment hook '/home/silo/Desktop/cleaning_robot_ws/install/robot_lidar/share/robot_lidar/hook/cmake_prefix_path.sh'
[0.594s] Level 1:colcon.colcon_core.environment:checking '/home/silo/Desktop/cleaning_robot_ws/install/robot_lidar/bin'
[0.594s] Level 1:colcon.colcon_core.environment:checking '/home/silo/Desktop/cleaning_robot_ws/install/robot_lidar/lib/pkgconfig/robot_lidar.pc'
[0.595s] Level 1:colcon.colcon_core.environment:checking '/home/silo/Desktop/cleaning_robot_ws/install/robot_lidar/lib/python3.12/site-packages'
[0.595s] Level 1:colcon.colcon_core.environment:checking '/home/silo/Desktop/cleaning_robot_ws/install/robot_lidar/bin'
[0.595s] INFO:colcon.colcon_core.shell:Creating package script '/home/silo/Desktop/cleaning_robot_ws/install/robot_lidar/share/robot_lidar/package.ps1'
[0.596s] INFO:colcon.colcon_core.shell:Creating package descriptor '/home/silo/Desktop/cleaning_robot_ws/install/robot_lidar/share/robot_lidar/package.dsv'
[0.596s] INFO:colcon.colcon_core.shell:Creating package script '/home/silo/Desktop/cleaning_robot_ws/install/robot_lidar/share/robot_lidar/package.sh'
[0.597s] INFO:colcon.colcon_core.shell:Creating package script '/home/silo/Desktop/cleaning_robot_ws/install/robot_lidar/share/robot_lidar/package.bash'
[0.597s] INFO:colcon.colcon_core.shell:Creating package script '/home/silo/Desktop/cleaning_robot_ws/install/robot_lidar/share/robot_lidar/package.zsh'
[0.598s] Level 1:colcon.colcon_core.environment:create_file_with_runtime_dependencies(/home/silo/Desktop/cleaning_robot_ws/install/robot_lidar/share/colcon-core/packages/robot_lidar)
[0.599s] Level 1:colcon.colcon_core.environment:create_environment_scripts_only(robot_in_practice)
[0.599s] Level 1:colcon.colcon_core.environment:checking '/home/silo/Desktop/cleaning_robot_ws/install/robot_in_practice' for CMake module files
[0.600s] DEBUG:colcon.colcon_core.event_handler.log_command:Invoked command in '/home/silo/Desktop/cleaning_robot_ws/build/robot_in_practice' returned '0': CMAKE_PREFIX_PATH=${CMAKE_PREFIX_PATH}:/opt/ros/jazzy DEBUGINFOD_URLS=https://debuginfod.ubuntu.com /usr/bin/cmake --install /home/silo/Desktop/cleaning_robot_ws/build/robot_in_practice
[0.601s] Level 1:colcon.colcon_core.environment:checking '/home/silo/Desktop/cleaning_robot_ws/install/robot_in_practice' for CMake config files
[0.601s] Level 1:colcon.colcon_core.shell:create_environment_hook('robot_in_practice', 'cmake_prefix_path')
[0.602s] INFO:colcon.colcon_core.shell:Creating environment hook '/home/silo/Desktop/cleaning_robot_ws/install/robot_in_practice/share/robot_in_practice/hook/cmake_prefix_path.ps1'
[0.603s] INFO:colcon.colcon_core.shell:Creating environment descriptor '/home/silo/Desktop/cleaning_robot_ws/install/robot_in_practice/share/robot_in_practice/hook/cmake_prefix_path.dsv'
[0.603s] INFO:colcon.colcon_core.shell:Creating environment hook '/home/silo/Desktop/cleaning_robot_ws/install/robot_in_practice/share/robot_in_practice/hook/cmake_prefix_path.sh'
[0.604s] Level 1:colcon.colcon_core.environment:checking '/home/silo/Desktop/cleaning_robot_ws/install/robot_in_practice/bin'
[0.604s] Level 1:colcon.colcon_core.environment:checking '/home/silo/Desktop/cleaning_robot_ws/install/robot_in_practice/lib/pkgconfig/robot_in_practice.pc'
[0.605s] Level 1:colcon.colcon_core.environment:checking '/home/silo/Desktop/cleaning_robot_ws/install/robot_in_practice/lib/python3.12/site-packages'
[0.605s] Level 1:colcon.colcon_core.environment:checking '/home/silo/Desktop/cleaning_robot_ws/install/robot_in_practice/bin'
[0.606s] INFO:colcon.colcon_core.shell:Creating package script '/home/silo/Desktop/cleaning_robot_ws/install/robot_in_practice/share/robot_in_practice/package.ps1'
[0.607s] INFO:colcon.colcon_core.shell:Creating package descriptor '/home/silo/Desktop/cleaning_robot_ws/install/robot_in_practice/share/robot_in_practice/package.dsv'
[0.608s] INFO:colcon.colcon_core.shell:Creating package script '/home/silo/Desktop/cleaning_robot_ws/install/robot_in_practice/share/robot_in_practice/package.sh'
[0.608s] INFO:colcon.colcon_core.shell:Creating package script '/home/silo/Desktop/cleaning_robot_ws/install/robot_in_practice/share/robot_in_practice/package.bash'
[0.609s] INFO:colcon.colcon_core.shell:Creating package script '/home/silo/Desktop/cleaning_robot_ws/install/robot_in_practice/share/robot_in_practice/package.zsh'
[0.609s] Level 1:colcon.colcon_core.environment:create_file_with_runtime_dependencies(/home/silo/Desktop/cleaning_robot_ws/install/robot_in_practice/share/colcon-core/packages/robot_in_practice)
[0.611s] Level 1:colcon.colcon_core.environment:create_environment_scripts_only(robot_simulation)
[0.611s] DEBUG:colcon.colcon_core.event_handler.log_command:Invoked command in '/home/silo/Desktop/cleaning_robot_ws/build/robot_simulation' returned '0': CMAKE_PREFIX_PATH=${CMAKE_PREFIX_PATH}:/opt/ros/jazzy DEBUGINFOD_URLS=https://debuginfod.ubuntu.com /usr/bin/cmake --install /home/silo/Desktop/cleaning_robot_ws/build/robot_simulation
[0.612s] Level 1:colcon.colcon_core.environment:checking '/home/silo/Desktop/cleaning_robot_ws/install/robot_simulation' for CMake module files
[0.613s] Level 1:colcon.colcon_core.environment:checking '/home/silo/Desktop/cleaning_robot_ws/install/robot_simulation' for CMake config files
[0.614s] Level 1:colcon.colcon_core.shell:create_environment_hook('robot_simulation', 'cmake_prefix_path')
[0.614s] INFO:colcon.colcon_core.shell:Creating environment hook '/home/silo/Desktop/cleaning_robot_ws/install/robot_simulation/share/robot_simulation/hook/cmake_prefix_path.ps1'
[0.615s] INFO:colcon.colcon_core.shell:Creating environment descriptor '/home/silo/Desktop/cleaning_robot_ws/install/robot_simulation/share/robot_simulation/hook/cmake_prefix_path.dsv'
[0.615s] INFO:colcon.colcon_core.shell:Creating environment hook '/home/silo/Desktop/cleaning_robot_ws/install/robot_simulation/share/robot_simulation/hook/cmake_prefix_path.sh'
[0.616s] Level 1:colcon.colcon_core.environment:checking '/home/silo/Desktop/cleaning_robot_ws/install/robot_simulation/lib'
[0.616s] Level 1:colcon.colcon_core.environment:checking '/home/silo/Desktop/cleaning_robot_ws/install/robot_simulation/bin'
[0.616s] Level 1:colcon.colcon_core.environment:checking '/home/silo/Desktop/cleaning_robot_ws/install/robot_simulation/lib/pkgconfig/robot_simulation.pc'
[0.617s] Level 1:colcon.colcon_core.environment:checking '/home/silo/Desktop/cleaning_robot_ws/install/robot_simulation/lib/python3.12/site-packages'
[0.617s] Level 1:colcon.colcon_core.environment:checking '/home/silo/Desktop/cleaning_robot_ws/install/robot_simulation/bin'
[0.617s] INFO:colcon.colcon_core.shell:Creating package script '/home/silo/Desktop/cleaning_robot_ws/install/robot_simulation/share/robot_simulation/package.ps1'
[0.618s] INFO:colcon.colcon_core.shell:Creating package descriptor '/home/silo/Desktop/cleaning_robot_ws/install/robot_simulation/share/robot_simulation/package.dsv'
[0.619s] INFO:colcon.colcon_core.shell:Creating package script '/home/silo/Desktop/cleaning_robot_ws/install/robot_simulation/share/robot_simulation/package.sh'
[0.619s] INFO:colcon.colcon_core.shell:Creating package script '/home/silo/Desktop/cleaning_robot_ws/install/robot_simulation/share/robot_simulation/package.bash'
[0.620s] INFO:colcon.colcon_core.shell:Creating package script '/home/silo/Desktop/cleaning_robot_ws/install/robot_simulation/share/robot_simulation/package.zsh'
[0.620s] Level 1:colcon.colcon_core.environment:create_file_with_runtime_dependencies(/home/silo/Desktop/cleaning_robot_ws/install/robot_simulation/share/colcon-core/packages/robot_simulation)
[0.621s] Level 1:colcon.colcon_core.environment:create_environment_scripts_only(robot_description)
[0.622s] Level 1:colcon.colcon_core.environment:checking '/home/silo/Desktop/cleaning_robot_ws/install/robot_description' for CMake module files
[0.622s] DEBUG:colcon.colcon_core.event_handler.log_command:Invoked command in '/home/silo/Desktop/cleaning_robot_ws/build/robot_description' returned '0': CMAKE_PREFIX_PATH=${CMAKE_PREFIX_PATH}:/opt/ros/jazzy DEBUGINFOD_URLS=https://debuginfod.ubuntu.com /usr/bin/cmake --install /home/silo/Desktop/cleaning_robot_ws/build/robot_description
[0.623s] Level 1:colcon.colcon_core.environment:checking '/home/silo/Desktop/cleaning_robot_ws/install/robot_description' for CMake config files
[0.624s] Level 1:colcon.colcon_core.shell:create_environment_hook('robot_description', 'cmake_prefix_path')
[0.624s] INFO:colcon.colcon_core.shell:Creating environment hook '/home/silo/Desktop/cleaning_robot_ws/install/robot_description/share/robot_description/hook/cmake_prefix_path.ps1'
[0.625s] INFO:colcon.colcon_core.shell:Creating environment descriptor '/home/silo/Desktop/cleaning_robot_ws/install/robot_description/share/robot_description/hook/cmake_prefix_path.dsv'
[0.626s] INFO:colcon.colcon_core.shell:Creating environment hook '/home/silo/Desktop/cleaning_robot_ws/install/robot_description/share/robot_description/hook/cmake_prefix_path.sh'
[0.627s] Level 1:colcon.colcon_core.environment:checking '/home/silo/Desktop/cleaning_robot_ws/install/robot_description/bin'
[0.627s] Level 1:colcon.colcon_core.environment:checking '/home/silo/Desktop/cleaning_robot_ws/install/robot_description/lib/pkgconfig/robot_description.pc'
[0.627s] Level 1:colcon.colcon_core.environment:checking '/home/silo/Desktop/cleaning_robot_ws/install/robot_description/lib/python3.12/site-packages'
[0.628s] Level 1:colcon.colcon_core.environment:checking '/home/silo/Desktop/cleaning_robot_ws/install/robot_description/bin'
[0.628s] INFO:colcon.colcon_core.shell:Creating package script '/home/silo/Desktop/cleaning_robot_ws/install/robot_description/share/robot_description/package.ps1'
[0.629s] INFO:colcon.colcon_core.shell:Creating package descriptor '/home/silo/Desktop/cleaning_robot_ws/install/robot_description/share/robot_description/package.dsv'
[0.630s] INFO:colcon.colcon_core.shell:Creating package script '/home/silo/Desktop/cleaning_robot_ws/install/robot_description/share/robot_description/package.sh'
[0.631s] INFO:colcon.colcon_core.shell:Creating package script '/home/silo/Desktop/cleaning_robot_ws/install/robot_description/share/robot_description/package.bash'
[0.631s] INFO:colcon.colcon_core.shell:Creating package script '/home/silo/Desktop/cleaning_robot_ws/install/robot_description/share/robot_description/package.zsh'
[0.632s] Level 1:colcon.colcon_core.environment:create_file_with_runtime_dependencies(/home/silo/Desktop/cleaning_robot_ws/install/robot_description/share/colcon-core/packages/robot_description)
[0.635s] Level 1:colcon.colcon_core.environment:create_environment_scripts_only(robot_camera)
[0.636s] Level 1:colcon.colcon_core.environment:checking '/home/silo/Desktop/cleaning_robot_ws/install/robot_camera' for CMake module files
[0.637s] Level 1:colcon.colcon_core.environment:checking '/home/silo/Desktop/cleaning_robot_ws/install/robot_camera' for CMake config files
[0.637s] Level 1:colcon.colcon_core.shell:create_environment_hook('robot_camera', 'cmake_prefix_path')
[0.638s] INFO:colcon.colcon_core.shell:Creating environment hook '/home/silo/Desktop/cleaning_robot_ws/install/robot_camera/share/robot_camera/hook/cmake_prefix_path.ps1'
[0.638s] INFO:colcon.colcon_core.shell:Creating environment descriptor '/home/silo/Desktop/cleaning_robot_ws/install/robot_camera/share/robot_camera/hook/cmake_prefix_path.dsv'
[0.639s] INFO:colcon.colcon_core.shell:Creating environment hook '/home/silo/Desktop/cleaning_robot_ws/install/robot_camera/share/robot_camera/hook/cmake_prefix_path.sh'
[0.639s] Level 1:colcon.colcon_core.environment:checking '/home/silo/Desktop/cleaning_robot_ws/install/robot_camera/bin'
[0.640s] Level 1:colcon.colcon_core.environment:checking '/home/silo/Desktop/cleaning_robot_ws/install/robot_camera/lib/pkgconfig/robot_camera.pc'
[0.640s] Level 1:colcon.colcon_core.environment:checking '/home/silo/Desktop/cleaning_robot_ws/install/robot_camera/lib/python3.12/site-packages'
[0.640s] Level 1:colcon.colcon_core.environment:checking '/home/silo/Desktop/cleaning_robot_ws/install/robot_camera/bin'
[0.641s] INFO:colcon.colcon_core.shell:Creating package script '/home/silo/Desktop/cleaning_robot_ws/install/robot_camera/share/robot_camera/package.ps1'
[0.641s] INFO:colcon.colcon_core.shell:Creating package descriptor '/home/silo/Desktop/cleaning_robot_ws/install/robot_camera/share/robot_camera/package.dsv'
[0.642s] INFO:colcon.colcon_core.shell:Creating package script '/home/silo/Desktop/cleaning_robot_ws/install/robot_camera/share/robot_camera/package.sh'
[0.642s] INFO:colcon.colcon_core.shell:Creating package script '/home/silo/Desktop/cleaning_robot_ws/install/robot_camera/share/robot_camera/package.bash'
[0.643s] INFO:colcon.colcon_core.shell:Creating package script '/home/silo/Desktop/cleaning_robot_ws/install/robot_camera/share/robot_camera/package.zsh'
[0.644s] Level 1:colcon.colcon_core.environment:create_file_with_runtime_dependencies(/home/silo/Desktop/cleaning_robot_ws/install/robot_camera/share/colcon-core/packages/robot_camera)
[0.644s] Level 1:colcon.colcon_core.environment:create_environment_scripts_only(robot_control)
[0.644s] Level 1:colcon.colcon_core.environment:checking '/home/silo/Desktop/cleaning_robot_ws/install/robot_control' for CMake module files
[0.646s] Level 1:colcon.colcon_core.environment:checking '/home/silo/Desktop/cleaning_robot_ws/install/robot_control' for CMake config files
[0.647s] Level 1:colcon.colcon_core.shell:create_environment_hook('robot_control', 'cmake_prefix_path')
[0.647s] INFO:colcon.colcon_core.shell:Creating environment hook '/home/silo/Desktop/cleaning_robot_ws/install/robot_control/share/robot_control/hook/cmake_prefix_path.ps1'
[0.648s] INFO:colcon.colcon_core.shell:Creating environment descriptor '/home/silo/Desktop/cleaning_robot_ws/install/robot_control/share/robot_control/hook/cmake_prefix_path.dsv'
[0.648s] INFO:colcon.colcon_core.shell:Creating environment hook '/home/silo/Desktop/cleaning_robot_ws/install/robot_control/share/robot_control/hook/cmake_prefix_path.sh'
[0.649s] Level 1:colcon.colcon_core.environment:checking '/home/silo/Desktop/cleaning_robot_ws/install/robot_control/bin'
[0.649s] Level 1:colcon.colcon_core.environment:checking '/home/silo/Desktop/cleaning_robot_ws/install/robot_control/lib/pkgconfig/robot_control.pc'
[0.649s] Level 1:colcon.colcon_core.environment:checking '/home/silo/Desktop/cleaning_robot_ws/install/robot_control/lib/python3.12/site-packages'
[0.650s] Level 1:colcon.colcon_core.environment:checking '/home/silo/Desktop/cleaning_robot_ws/install/robot_control/bin'
[0.650s] INFO:colcon.colcon_core.shell:Creating package script '/home/silo/Desktop/cleaning_robot_ws/install/robot_control/share/robot_control/package.ps1'
[0.651s] INFO:colcon.colcon_core.shell:Creating package descriptor '/home/silo/Desktop/cleaning_robot_ws/install/robot_control/share/robot_control/package.dsv'
[0.652s] INFO:colcon.colcon_core.shell:Creating package script '/home/silo/Desktop/cleaning_robot_ws/install/robot_control/share/robot_control/package.sh'
[0.652s] INFO:colcon.colcon_core.shell:Creating package script '/home/silo/Desktop/cleaning_robot_ws/install/robot_control/share/robot_control/package.bash'
[0.653s] INFO:colcon.colcon_core.shell:Creating package script '/home/silo/Desktop/cleaning_robot_ws/install/robot_control/share/robot_control/package.zsh'
[0.654s] Level 1:colcon.colcon_core.environment:create_file_with_runtime_dependencies(/home/silo/Desktop/cleaning_robot_ws/install/robot_control/share/colcon-core/packages/robot_control)
[0.655s] Level 1:colcon.colcon_core.environment:create_environment_scripts_only(robot_lidar)
[0.655s] Level 1:colcon.colcon_core.environment:checking '/home/silo/Desktop/cleaning_robot_ws/install/robot_lidar' for CMake module files
[0.656s] Level 1:colcon.colcon_core.environment:checking '/home/silo/Desktop/cleaning_robot_ws/install/robot_lidar' for CMake config files
[0.656s] Level 1:colcon.colcon_core.shell:create_environment_hook('robot_lidar', 'cmake_prefix_path')
[0.657s] INFO:colcon.colcon_core.shell:Creating environment hook '/home/silo/Desktop/cleaning_robot_ws/install/robot_lidar/share/robot_lidar/hook/cmake_prefix_path.ps1'
[0.657s] INFO:colcon.colcon_core.shell:Creating environment descriptor '/home/silo/Desktop/cleaning_robot_ws/install/robot_lidar/share/robot_lidar/hook/cmake_prefix_path.dsv'
[0.658s] INFO:colcon.colcon_core.shell:Creating environment hook '/home/silo/Desktop/cleaning_robot_ws/install/robot_lidar/share/robot_lidar/hook/cmake_prefix_path.sh'
[0.658s] Level 1:colcon.colcon_core.environment:checking '/home/silo/Desktop/cleaning_robot_ws/install/robot_lidar/bin'
[0.658s] Level 1:colcon.colcon_core.environment:checking '/home/silo/Desktop/cleaning_robot_ws/install/robot_lidar/lib/pkgconfig/robot_lidar.pc'
[0.659s] Level 1:colcon.colcon_core.environment:checking '/home/silo/Desktop/cleaning_robot_ws/install/robot_lidar/lib/python3.12/site-packages'
[0.659s] Level 1:colcon.colcon_core.environment:checking '/home/silo/Desktop/cleaning_robot_ws/install/robot_lidar/bin'
[0.660s] INFO:colcon.colcon_core.shell:Creating package script '/home/silo/Desktop/cleaning_robot_ws/install/robot_lidar/share/robot_lidar/package.ps1'
[0.660s] INFO:colcon.colcon_core.shell:Creating package descriptor '/home/silo/Desktop/cleaning_robot_ws/install/robot_lidar/share/robot_lidar/package.dsv'
[0.661s] INFO:colcon.colcon_core.shell:Creating package script '/home/silo/Desktop/cleaning_robot_ws/install/robot_lidar/share/robot_lidar/package.sh'
[0.662s] INFO:colcon.colcon_core.shell:Creating package script '/home/silo/Desktop/cleaning_robot_ws/install/robot_lidar/share/robot_lidar/package.bash'
[0.663s] INFO:colcon.colcon_core.shell:Creating package script '/home/silo/Desktop/cleaning_robot_ws/install/robot_lidar/share/robot_lidar/package.zsh'
[0.663s] Level 1:colcon.colcon_core.environment:create_file_with_runtime_dependencies(/home/silo/Desktop/cleaning_robot_ws/install/robot_lidar/share/colcon-core/packages/robot_lidar)
[0.664s] Level 1:colcon.colcon_core.environment:create_environment_scripts_only(robot_in_practice)
[0.665s] Level 1:colcon.colcon_core.environment:checking '/home/silo/Desktop/cleaning_robot_ws/install/robot_in_practice' for CMake module files
[0.666s] Level 1:colcon.colcon_core.environment:checking '/home/silo/Desktop/cleaning_robot_ws/install/robot_in_practice' for CMake config files
[0.666s] Level 1:colcon.colcon_core.shell:create_environment_hook('robot_in_practice', 'cmake_prefix_path')
[0.666s] INFO:colcon.colcon_core.shell:Creating environment hook '/home/silo/Desktop/cleaning_robot_ws/install/robot_in_practice/share/robot_in_practice/hook/cmake_prefix_path.ps1'
[0.667s] INFO:colcon.colcon_core.shell:Creating environment descriptor '/home/silo/Desktop/cleaning_robot_ws/install/robot_in_practice/share/robot_in_practice/hook/cmake_prefix_path.dsv'
[0.667s] INFO:colcon.colcon_core.shell:Creating environment hook '/home/silo/Desktop/cleaning_robot_ws/install/robot_in_practice/share/robot_in_practice/hook/cmake_prefix_path.sh'
[0.668s] Level 1:colcon.colcon_core.environment:checking '/home/silo/Desktop/cleaning_robot_ws/install/robot_in_practice/bin'
[0.668s] Level 1:colcon.colcon_core.environment:checking '/home/silo/Desktop/cleaning_robot_ws/install/robot_in_practice/lib/pkgconfig/robot_in_practice.pc'
[0.668s] Level 1:colcon.colcon_core.environment:checking '/home/silo/Desktop/cleaning_robot_ws/install/robot_in_practice/lib/python3.12/site-packages'
[0.669s] Level 1:colcon.colcon_core.environment:checking '/home/silo/Desktop/cleaning_robot_ws/install/robot_in_practice/bin'
[0.669s] INFO:colcon.colcon_core.shell:Creating package script '/home/silo/Desktop/cleaning_robot_ws/install/robot_in_practice/share/robot_in_practice/package.ps1'
[0.670s] INFO:colcon.colcon_core.shell:Creating package descriptor '/home/silo/Desktop/cleaning_robot_ws/install/robot_in_practice/share/robot_in_practice/package.dsv'
[0.670s] INFO:colcon.colcon_core.shell:Creating package script '/home/silo/Desktop/cleaning_robot_ws/install/robot_in_practice/share/robot_in_practice/package.sh'
[0.671s] INFO:colcon.colcon_core.shell:Creating package script '/home/silo/Desktop/cleaning_robot_ws/install/robot_in_practice/share/robot_in_practice/package.bash'
[0.672s] INFO:colcon.colcon_core.shell:Creating package script '/home/silo/Desktop/cleaning_robot_ws/install/robot_in_practice/share/robot_in_practice/package.zsh'
[0.672s] Level 1:colcon.colcon_core.environment:create_file_with_runtime_dependencies(/home/silo/Desktop/cleaning_robot_ws/install/robot_in_practice/share/colcon-core/packages/robot_in_practice)
[0.673s] Level 1:colcon.colcon_core.environment:create_environment_scripts_only(robot_simulation)
[0.673s] Level 1:colcon.colcon_core.environment:checking '/home/silo/Desktop/cleaning_robot_ws/install/robot_simulation' for CMake module files
[0.674s] Level 1:colcon.colcon_core.environment:checking '/home/silo/Desktop/cleaning_robot_ws/install/robot_simulation' for CMake config files
[0.675s] Level 1:colcon.colcon_core.shell:create_environment_hook('robot_simulation', 'cmake_prefix_path')
[0.675s] INFO:colcon.colcon_core.shell:Creating environment hook '/home/silo/Desktop/cleaning_robot_ws/install/robot_simulation/share/robot_simulation/hook/cmake_prefix_path.ps1'
[0.675s] INFO:colcon.colcon_core.shell:Creating environment descriptor '/home/silo/Desktop/cleaning_robot_ws/install/robot_simulation/share/robot_simulation/hook/cmake_prefix_path.dsv'
[0.676s] INFO:colcon.colcon_core.shell:Creating environment hook '/home/silo/Desktop/cleaning_robot_ws/install/robot_simulation/share/robot_simulation/hook/cmake_prefix_path.sh'
[0.676s] Level 1:colcon.colcon_core.environment:checking '/home/silo/Desktop/cleaning_robot_ws/install/robot_simulation/lib'
[0.677s] Level 1:colcon.colcon_core.environment:checking '/home/silo/Desktop/cleaning_robot_ws/install/robot_simulation/bin'
[0.677s] Level 1:colcon.colcon_core.environment:checking '/home/silo/Desktop/cleaning_robot_ws/install/robot_simulation/lib/pkgconfig/robot_simulation.pc'
[0.677s] Level 1:colcon.colcon_core.environment:checking '/home/silo/Desktop/cleaning_robot_ws/install/robot_simulation/lib/python3.12/site-packages'
[0.677s] Level 1:colcon.colcon_core.environment:checking '/home/silo/Desktop/cleaning_robot_ws/install/robot_simulation/bin'
[0.678s] INFO:colcon.colcon_core.shell:Creating package script '/home/silo/Desktop/cleaning_robot_ws/install/robot_simulation/share/robot_simulation/package.ps1'
[0.678s] INFO:colcon.colcon_core.shell:Creating package descriptor '/home/silo/Desktop/cleaning_robot_ws/install/robot_simulation/share/robot_simulation/package.dsv'
[0.679s] INFO:colcon.colcon_core.shell:Creating package script '/home/silo/Desktop/cleaning_robot_ws/install/robot_simulation/share/robot_simulation/package.sh'
[0.679s] INFO:colcon.colcon_core.shell:Creating package script '/home/silo/Desktop/cleaning_robot_ws/install/robot_simulation/share/robot_simulation/package.bash'
[0.680s] INFO:colcon.colcon_core.shell:Creating package script '/home/silo/Desktop/cleaning_robot_ws/install/robot_simulation/share/robot_simulation/package.zsh'
[0.680s] Level 1:colcon.colcon_core.environment:create_file_with_runtime_dependencies(/home/silo/Desktop/cleaning_robot_ws/install/robot_simulation/share/colcon-core/packages/robot_simulation)
[0.681s] Level 1:colcon.colcon_core.environment:create_environment_scripts_only(robot_description)
[0.681s] Level 1:colcon.colcon_core.environment:checking '/home/silo/Desktop/cleaning_robot_ws/install/robot_description' for CMake module files
[0.682s] Level 1:colcon.colcon_core.environment:checking '/home/silo/Desktop/cleaning_robot_ws/install/robot_description' for CMake config files
[0.682s] Level 1:colcon.colcon_core.shell:create_environment_hook('robot_description', 'cmake_prefix_path')
[0.682s] INFO:colcon.colcon_core.shell:Creating environment hook '/home/silo/Desktop/cleaning_robot_ws/install/robot_description/share/robot_description/hook/cmake_prefix_path.ps1'
[0.683s] INFO:colcon.colcon_core.shell:Creating environment descriptor '/home/silo/Desktop/cleaning_robot_ws/install/robot_description/share/robot_description/hook/cmake_prefix_path.dsv'
[0.683s] INFO:colcon.colcon_core.shell:Creating environment hook '/home/silo/Desktop/cleaning_robot_ws/install/robot_description/share/robot_description/hook/cmake_prefix_path.sh'
[0.684s] Level 1:colcon.colcon_core.environment:checking '/home/silo/Desktop/cleaning_robot_ws/install/robot_description/bin'
[0.684s] Level 1:colcon.colcon_core.environment:checking '/home/silo/Desktop/cleaning_robot_ws/install/robot_description/lib/pkgconfig/robot_description.pc'
[0.685s] Level 1:colcon.colcon_core.environment:checking '/home/silo/Desktop/cleaning_robot_ws/install/robot_description/lib/python3.12/site-packages'
[0.685s] Level 1:colcon.colcon_core.environment:checking '/home/silo/Desktop/cleaning_robot_ws/install/robot_description/bin'
[0.685s] INFO:colcon.colcon_core.shell:Creating package script '/home/silo/Desktop/cleaning_robot_ws/install/robot_description/share/robot_description/package.ps1'
[0.686s] INFO:colcon.colcon_core.shell:Creating package descriptor '/home/silo/Desktop/cleaning_robot_ws/install/robot_description/share/robot_description/package.dsv'
[0.687s] INFO:colcon.colcon_core.shell:Creating package script '/home/silo/Desktop/cleaning_robot_ws/install/robot_description/share/robot_description/package.sh'
[0.688s] INFO:colcon.colcon_core.shell:Creating package script '/home/silo/Desktop/cleaning_robot_ws/install/robot_description/share/robot_description/package.bash'
[0.688s] INFO:colcon.colcon_core.shell:Creating package script '/home/silo/Desktop/cleaning_robot_ws/install/robot_description/share/robot_description/package.zsh'
[0.688s] Level 1:colcon.colcon_core.environment:create_file_with_runtime_dependencies(/home/silo/Desktop/cleaning_robot_ws/install/robot_description/share/colcon-core/packages/robot_description)
[0.689s] DEBUG:colcon.colcon_parallel_executor.executor.parallel:closing loop
[0.689s] DEBUG:colcon.colcon_parallel_executor.executor.parallel:loop closed
[0.689s] DEBUG:colcon.colcon_parallel_executor.executor.parallel:run_until_complete finished with '0'
[0.689s] DEBUG:colcon.colcon_core.event_reactor:joining thread
[0.698s] INFO:colcon.colcon_core.plugin_system:Skipping extension 'colcon_notification.desktop_notification.terminal_notifier': Not used on non-Darwin systems
[0.698s] INFO:colcon.colcon_core.plugin_system:Skipping extension 'colcon_notification.desktop_notification.win32': Not used on non-Windows systems
[0.698s] INFO:colcon.colcon_notification.desktop_notification:Sending desktop notification using 'notify2'
[0.714s] DEBUG:colcon.colcon_core.event_reactor:joined thread
[0.715s] INFO:colcon.colcon_core.shell:Creating prefix script '/home/silo/Desktop/cleaning_robot_ws/install/local_setup.ps1'
[0.716s] INFO:colcon.colcon_core.shell:Creating prefix util module '/home/silo/Desktop/cleaning_robot_ws/install/_local_setup_util_ps1.py'
[0.717s] INFO:colcon.colcon_core.shell:Creating prefix chain script '/home/silo/Desktop/cleaning_robot_ws/install/setup.ps1'
[0.718s] INFO:colcon.colcon_core.shell:Creating prefix script '/home/silo/Desktop/cleaning_robot_ws/install/local_setup.sh'
[0.719s] INFO:colcon.colcon_core.shell:Creating prefix util module '/home/silo/Desktop/cleaning_robot_ws/install/_local_setup_util_sh.py'
[0.720s] INFO:colcon.colcon_core.shell:Creating prefix chain script '/home/silo/Desktop/cleaning_robot_ws/install/setup.sh'
[0.721s] INFO:colcon.colcon_core.shell:Creating prefix script '/home/silo/Desktop/cleaning_robot_ws/install/local_setup.bash'
[0.722s] INFO:colcon.colcon_core.shell:Creating prefix chain script '/home/silo/Desktop/cleaning_robot_ws/install/setup.bash'
[0.723s] INFO:colcon.colcon_core.shell:Creating prefix script '/home/silo/Desktop/cleaning_robot_ws/install/local_setup.zsh'
[0.723s] INFO:colcon.colcon_core.shell:Creating prefix chain script '/home/silo/Desktop/cleaning_robot_ws/install/setup.zsh'
