[0.023s] Invoking command in '/home/silo/Desktop/cleaning_robot_ws/build/robot_in_practice': CMAKE_PREFIX_PATH=${CMAKE_PREFIX_PATH}:/opt/ros/jazzy DEBUGINFOD_URLS=https://debuginfod.ubuntu.com /usr/bin/cmake --build /home/silo/Desktop/cleaning_robot_ws/build/robot_in_practice -- -j12 -l12
[0.073s] Invoked command in '/home/silo/Desktop/cleaning_robot_ws/build/robot_in_practice' returned '0': CMAKE_PREFIX_PATH=${CMAKE_PREFIX_PATH}:/opt/ros/jazzy DEBUGINFOD_URLS=https://debuginfod.ubuntu.com /usr/bin/cmake --build /home/silo/Desktop/cleaning_robot_ws/build/robot_in_practice -- -j12 -l12
[0.101s] Invoking command in '/home/silo/Desktop/cleaning_robot_ws/build/robot_in_practice': CMAKE_PREFIX_PATH=${CMAKE_PREFIX_PATH}:/opt/ros/jazzy DEBUGINFOD_URLS=https://debuginfod.ubuntu.com /usr/bin/cmake --install /home/silo/Desktop/cleaning_robot_ws/build/robot_in_practice
[0.110s] -- Install configuration: ""
[0.110s] -- Execute custom install script
[0.111s] -- Up-to-date symlink: /home/silo/Desktop/cleaning_robot_ws/install/robot_in_practice/share/ament_index/resource_index/package_run_dependencies/robot_in_practice
[0.111s] -- Up-to-date symlink: /home/silo/Desktop/cleaning_robot_ws/install/robot_in_practice/share/ament_index/resource_index/parent_prefix_path/robot_in_practice
[0.111s] -- Up-to-date symlink: /home/silo/Desktop/cleaning_robot_ws/install/robot_in_practice/share/robot_in_practice/environment/ament_prefix_path.sh
[0.111s] -- Up-to-date symlink: /home/silo/Desktop/cleaning_robot_ws/install/robot_in_practice/share/robot_in_practice/environment/ament_prefix_path.dsv
[0.111s] -- Up-to-date symlink: /home/silo/Desktop/cleaning_robot_ws/install/robot_in_practice/share/robot_in_practice/environment/path.sh
[0.113s] -- Up-to-date symlink: /home/silo/Desktop/cleaning_robot_ws/install/robot_in_practice/share/robot_in_practice/environment/path.dsv
[0.113s] -- Up-to-date symlink: /home/silo/Desktop/cleaning_robot_ws/install/robot_in_practice/share/robot_in_practice/local_setup.bash
[0.113s] -- Up-to-date symlink: /home/silo/Desktop/cleaning_robot_ws/install/robot_in_practice/share/robot_in_practice/local_setup.sh
[0.113s] -- Up-to-date symlink: /home/silo/Desktop/cleaning_robot_ws/install/robot_in_practice/share/robot_in_practice/local_setup.zsh
[0.114s] -- Up-to-date symlink: /home/silo/Desktop/cleaning_robot_ws/install/robot_in_practice/share/robot_in_practice/local_setup.dsv
[0.114s] -- Symlinking: /home/silo/Desktop/cleaning_robot_ws/install/robot_in_practice/share/robot_in_practice/package.dsv
[0.130s] -- Up-to-date symlink: /home/silo/Desktop/cleaning_robot_ws/install/robot_in_practice/share/ament_index/resource_index/packages/robot_in_practice
[0.130s] -- Up-to-date symlink: /home/silo/Desktop/cleaning_robot_ws/install/robot_in_practice/share/robot_in_practice/cmake/robot_in_practiceConfig.cmake
[0.130s] -- Up-to-date symlink: /home/silo/Desktop/cleaning_robot_ws/install/robot_in_practice/share/robot_in_practice/cmake/robot_in_practiceConfig-version.cmake
[0.130s] -- Up-to-date symlink: /home/silo/Desktop/cleaning_robot_ws/install/robot_in_practice/share/robot_in_practice/package.xml
[0.140s] Invoked command in '/home/silo/Desktop/cleaning_robot_ws/build/robot_in_practice' returned '0': CMAKE_PREFIX_PATH=${CMAKE_PREFIX_PATH}:/opt/ros/jazzy DEBUGINFOD_URLS=https://debuginfod.ubuntu.com /usr/bin/cmake --install /home/silo/Desktop/cleaning_robot_ws/build/robot_in_practice
