[0.024s] Invoking command in '/home/silo/Desktop/cleaning_robot_ws/build/robot_lidar': CMAKE_PREFIX_PATH=${CMAKE_PREFIX_PATH}:/opt/ros/jazzy DEBUGINFOD_URLS=https://debuginfod.ubuntu.com /usr/bin/cmake --build /home/silo/Desktop/cleaning_robot_ws/build/robot_lidar -- -j12 -l12
[0.070s] Invoked command in '/home/silo/Desktop/cleaning_robot_ws/build/robot_lidar' returned '0': CMAKE_PREFIX_PATH=${CMAKE_PREFIX_PATH}:/opt/ros/jazzy DEBUGINFOD_URLS=https://debuginfod.ubuntu.com /usr/bin/cmake --build /home/silo/Desktop/cleaning_robot_ws/build/robot_lidar -- -j12 -l12
[0.099s] Invoking command in '/home/silo/Desktop/cleaning_robot_ws/build/robot_lidar': CMAKE_PREFIX_PATH=${CMAKE_PREFIX_PATH}:/opt/ros/jazzy DEBUGINFOD_URLS=https://debuginfod.ubuntu.com /usr/bin/cmake --install /home/silo/Desktop/cleaning_robot_ws/build/robot_lidar
[0.107s] -- Install configuration: ""
[0.108s] -- Execute custom install script
[0.108s] -- Up-to-date symlink: /home/silo/Desktop/cleaning_robot_ws/install/robot_lidar/share/ament_index/resource_index/package_run_dependencies/robot_lidar
[0.108s] -- Up-to-date symlink: /home/silo/Desktop/cleaning_robot_ws/install/robot_lidar/share/ament_index/resource_index/parent_prefix_path/robot_lidar
[0.108s] -- Up-to-date symlink: /home/silo/Desktop/cleaning_robot_ws/install/robot_lidar/share/robot_lidar/environment/ament_prefix_path.sh
[0.109s] -- Up-to-date symlink: /home/silo/Desktop/cleaning_robot_ws/install/robot_lidar/share/robot_lidar/environment/ament_prefix_path.dsv
[0.110s] -- Up-to-date symlink: /home/silo/Desktop/cleaning_robot_ws/install/robot_lidar/share/robot_lidar/environment/path.sh
[0.110s] -- Up-to-date symlink: /home/silo/Desktop/cleaning_robot_ws/install/robot_lidar/share/robot_lidar/environment/path.dsv
[0.110s] -- Up-to-date symlink: /home/silo/Desktop/cleaning_robot_ws/install/robot_lidar/share/robot_lidar/local_setup.bash
[0.111s] -- Up-to-date symlink: /home/silo/Desktop/cleaning_robot_ws/install/robot_lidar/share/robot_lidar/local_setup.sh
[0.111s] -- Up-to-date symlink: /home/silo/Desktop/cleaning_robot_ws/install/robot_lidar/share/robot_lidar/local_setup.zsh
[0.111s] -- Up-to-date symlink: /home/silo/Desktop/cleaning_robot_ws/install/robot_lidar/share/robot_lidar/local_setup.dsv
[0.112s] -- Symlinking: /home/silo/Desktop/cleaning_robot_ws/install/robot_lidar/share/robot_lidar/package.dsv
[0.122s] -- Up-to-date symlink: /home/silo/Desktop/cleaning_robot_ws/install/robot_lidar/share/ament_index/resource_index/packages/robot_lidar
[0.127s] -- Up-to-date symlink: /home/silo/Desktop/cleaning_robot_ws/install/robot_lidar/share/robot_lidar/cmake/robot_lidarConfig.cmake
[0.127s] -- Up-to-date symlink: /home/silo/Desktop/cleaning_robot_ws/install/robot_lidar/share/robot_lidar/cmake/robot_lidarConfig-version.cmake
[0.131s] -- Up-to-date symlink: /home/silo/Desktop/cleaning_robot_ws/install/robot_lidar/share/robot_lidar/package.xml
[0.151s] Invoked command in '/home/silo/Desktop/cleaning_robot_ws/build/robot_lidar' returned '0': CMAKE_PREFIX_PATH=${CMAKE_PREFIX_PATH}:/opt/ros/jazzy DEBUGINFOD_URLS=https://debuginfod.ubuntu.com /usr/bin/cmake --install /home/silo/Desktop/cleaning_robot_ws/build/robot_lidar
