[0.104s] DEBUG:colcon:Command line arguments: ['/usr/bin/colcon', 'build', '--symlink-install']
[0.104s] DEBUG:colcon:Parsed command line arguments: Namespace(log_base=None, log_level=None, verb_name='build', build_base='build', install_base='install', merge_install=False, symlink_install=True, test_result_base=None, continue_on_error=False, executor='parallel', parallel_workers=12, event_handlers=None, ignore_user_meta=False, metas=['./colcon.meta'], base_paths=['.'], packages_ignore=None, packages_ignore_regex=None, paths=None, packages_up_to=None, packages_up_to_regex=None, packages_above=None, packages_above_and_dependencies=None, packages_above_depth=None, packages_select_by_dep=None, packages_skip_by_dep=None, packages_skip_up_to=None, packages_select_build_failed=False, packages_skip_build_finished=False, packages_select_test_failures=False, packages_skip_test_passed=False, packages_select=None, packages_skip=None, packages_select_regex=None, packages_skip_regex=None, packages_start=None, packages_end=None, allow_overriding=[], cmake_args=None, cmake_target=None, cmake_target_skip_unavailable=False, cmake_clean_cache=False, cmake_clean_first=False, cmake_force_configure=False, ament_cmake_args=None, catkin_cmake_args=None, catkin_skip_building_tests=False, mixin_files=None, mixin=None, verb_parser=<colcon_mixin.mixin.mixin_argument.MixinArgumentDecorator object at 0x7af398585c10>, verb_extension=<colcon_core.verb.build.BuildVerb object at 0x7af3986ff5f0>, main=<bound method BuildVerb.main of <colcon_core.verb.build.BuildVerb object at 0x7af3986ff5f0>>, mixin_verb=('build',))
[0.139s] Level 1:colcon.colcon_core.package_discovery:discover_packages(colcon_meta) check parameters
[0.139s] Level 1:colcon.colcon_core.package_discovery:discover_packages(recursive) check parameters
[0.139s] Level 1:colcon.colcon_core.package_discovery:discover_packages(ignore) check parameters
[0.139s] Level 1:colcon.colcon_core.package_discovery:discover_packages(path) check parameters
[0.139s] Level 1:colcon.colcon_core.package_discovery:discover_packages(colcon_meta) discover
[0.139s] Level 1:colcon.colcon_core.package_discovery:discover_packages(recursive) discover
[0.139s] INFO:colcon.colcon_core.package_discovery:Crawling recursively for packages in '/home/silo/Desktop/cleaning_robot_ws'
[0.139s] Level 1:colcon.colcon_core.package_identification:_identify(.) by extensions ['ignore', 'ignore_ament_install']
[0.139s] Level 1:colcon.colcon_core.package_identification:_identify(.) by extension 'ignore'
[0.139s] Level 1:colcon.colcon_core.package_identification:_identify(.) by extension 'ignore_ament_install'
[0.140s] Level 1:colcon.colcon_core.package_identification:_identify(.) by extensions ['colcon_pkg']
[0.140s] Level 1:colcon.colcon_core.package_identification:_identify(.) by extension 'colcon_pkg'
[0.140s] Level 1:colcon.colcon_core.package_identification:_identify(.) by extensions ['colcon_meta']
[0.140s] Level 1:colcon.colcon_core.package_identification:_identify(.) by extension 'colcon_meta'
[0.140s] Level 1:colcon.colcon_core.package_identification:_identify(.) by extensions ['ros']
[0.140s] Level 1:colcon.colcon_core.package_identification:_identify(.) by extension 'ros'
[0.164s] Level 1:colcon.colcon_core.package_identification:_identify(.) by extensions ['cmake', 'python']
[0.165s] Level 1:colcon.colcon_core.package_identification:_identify(.) by extension 'cmake'
[0.165s] Level 1:colcon.colcon_core.package_identification:_identify(.) by extension 'python'
[0.165s] Level 1:colcon.colcon_core.package_identification:_identify(.) by extensions ['python_setup_py']
[0.165s] Level 1:colcon.colcon_core.package_identification:_identify(.) by extension 'python_setup_py'
[0.165s] Level 1:colcon.colcon_core.package_identification:_identify(build) by extensions ['ignore', 'ignore_ament_install']
[0.165s] Level 1:colcon.colcon_core.package_identification:_identify(build) by extension 'ignore'
[0.165s] Level 1:colcon.colcon_core.package_identification:_identify(build) ignored
[0.165s] Level 1:colcon.colcon_core.package_identification:_identify(install) by extensions ['ignore', 'ignore_ament_install']
[0.165s] Level 1:colcon.colcon_core.package_identification:_identify(install) by extension 'ignore'
[0.165s] Level 1:colcon.colcon_core.package_identification:_identify(install) ignored
[0.165s] Level 1:colcon.colcon_core.package_identification:_identify(log) by extensions ['ignore', 'ignore_ament_install']
[0.165s] Level 1:colcon.colcon_core.package_identification:_identify(log) by extension 'ignore'
[0.165s] Level 1:colcon.colcon_core.package_identification:_identify(log) ignored
[0.166s] Level 1:colcon.colcon_core.package_identification:_identify(src) by extensions ['ignore', 'ignore_ament_install']
[0.166s] Level 1:colcon.colcon_core.package_identification:_identify(src) by extension 'ignore'
[0.166s] Level 1:colcon.colcon_core.package_identification:_identify(src) by extension 'ignore_ament_install'
[0.166s] Level 1:colcon.colcon_core.package_identification:_identify(src) by extensions ['colcon_pkg']
[0.166s] Level 1:colcon.colcon_core.package_identification:_identify(src) by extension 'colcon_pkg'
[0.166s] Level 1:colcon.colcon_core.package_identification:_identify(src) by extensions ['colcon_meta']
[0.166s] Level 1:colcon.colcon_core.package_identification:_identify(src) by extension 'colcon_meta'
[0.166s] Level 1:colcon.colcon_core.package_identification:_identify(src) by extensions ['ros']
[0.166s] Level 1:colcon.colcon_core.package_identification:_identify(src) by extension 'ros'
[0.166s] Level 1:colcon.colcon_core.package_identification:_identify(src) by extensions ['cmake', 'python']
[0.166s] Level 1:colcon.colcon_core.package_identification:_identify(src) by extension 'cmake'
[0.166s] Level 1:colcon.colcon_core.package_identification:_identify(src) by extension 'python'
[0.166s] Level 1:colcon.colcon_core.package_identification:_identify(src) by extensions ['python_setup_py']
[0.166s] Level 1:colcon.colcon_core.package_identification:_identify(src) by extension 'python_setup_py'
[0.166s] Level 1:colcon.colcon_core.package_identification:_identify(src/robot_control) by extensions ['ignore', 'ignore_ament_install']
[0.166s] Level 1:colcon.colcon_core.package_identification:_identify(src/robot_control) by extension 'ignore'
[0.166s] Level 1:colcon.colcon_core.package_identification:_identify(src/robot_control) by extension 'ignore_ament_install'
[0.166s] Level 1:colcon.colcon_core.package_identification:_identify(src/robot_control) by extensions ['colcon_pkg']
[0.166s] Level 1:colcon.colcon_core.package_identification:_identify(src/robot_control) by extension 'colcon_pkg'
[0.167s] Level 1:colcon.colcon_core.package_identification:_identify(src/robot_control) by extensions ['colcon_meta']
[0.167s] Level 1:colcon.colcon_core.package_identification:_identify(src/robot_control) by extension 'colcon_meta'
[0.167s] Level 1:colcon.colcon_core.package_identification:_identify(src/robot_control) by extensions ['ros']
[0.167s] Level 1:colcon.colcon_core.package_identification:_identify(src/robot_control) by extension 'ros'
[0.169s] DEBUG:colcon.colcon_core.package_identification:Package 'src/robot_control' with type 'ros.ament_cmake' and name 'robot_control'
[0.169s] Level 1:colcon.colcon_core.package_identification:_identify(src/robot_description) by extensions ['ignore', 'ignore_ament_install']
[0.169s] Level 1:colcon.colcon_core.package_identification:_identify(src/robot_description) by extension 'ignore'
[0.169s] Level 1:colcon.colcon_core.package_identification:_identify(src/robot_description) by extension 'ignore_ament_install'
[0.169s] Level 1:colcon.colcon_core.package_identification:_identify(src/robot_description) by extensions ['colcon_pkg']
[0.169s] Level 1:colcon.colcon_core.package_identification:_identify(src/robot_description) by extension 'colcon_pkg'
[0.169s] Level 1:colcon.colcon_core.package_identification:_identify(src/robot_description) by extensions ['colcon_meta']
[0.169s] Level 1:colcon.colcon_core.package_identification:_identify(src/robot_description) by extension 'colcon_meta'
[0.169s] Level 1:colcon.colcon_core.package_identification:_identify(src/robot_description) by extensions ['ros']
[0.169s] Level 1:colcon.colcon_core.package_identification:_identify(src/robot_description) by extension 'ros'
[0.170s] DEBUG:colcon.colcon_core.package_identification:Package 'src/robot_description' with type 'ros.ament_cmake' and name 'robot_description'
[0.170s] Level 1:colcon.colcon_core.package_identification:_identify(src/robot_in_practice) by extensions ['ignore', 'ignore_ament_install']
[0.170s] Level 1:colcon.colcon_core.package_identification:_identify(src/robot_in_practice) by extension 'ignore'
[0.170s] Level 1:colcon.colcon_core.package_identification:_identify(src/robot_in_practice) by extension 'ignore_ament_install'
[0.170s] Level 1:colcon.colcon_core.package_identification:_identify(src/robot_in_practice) by extensions ['colcon_pkg']
[0.170s] Level 1:colcon.colcon_core.package_identification:_identify(src/robot_in_practice) by extension 'colcon_pkg'
[0.170s] Level 1:colcon.colcon_core.package_identification:_identify(src/robot_in_practice) by extensions ['colcon_meta']
[0.170s] Level 1:colcon.colcon_core.package_identification:_identify(src/robot_in_practice) by extension 'colcon_meta'
[0.170s] Level 1:colcon.colcon_core.package_identification:_identify(src/robot_in_practice) by extensions ['ros']
[0.170s] Level 1:colcon.colcon_core.package_identification:_identify(src/robot_in_practice) by extension 'ros'
[0.171s] DEBUG:colcon.colcon_core.package_identification:Package 'src/robot_in_practice' with type 'ros.ament_cmake' and name 'robot_in_practice'
[0.171s] Level 1:colcon.colcon_core.package_identification:_identify(src/robot_simulation) by extensions ['ignore', 'ignore_ament_install']
[0.171s] Level 1:colcon.colcon_core.package_identification:_identify(src/robot_simulation) by extension 'ignore'
[0.171s] Level 1:colcon.colcon_core.package_identification:_identify(src/robot_simulation) by extension 'ignore_ament_install'
[0.171s] Level 1:colcon.colcon_core.package_identification:_identify(src/robot_simulation) by extensions ['colcon_pkg']
[0.171s] Level 1:colcon.colcon_core.package_identification:_identify(src/robot_simulation) by extension 'colcon_pkg'
[0.171s] Level 1:colcon.colcon_core.package_identification:_identify(src/robot_simulation) by extensions ['colcon_meta']
[0.171s] Level 1:colcon.colcon_core.package_identification:_identify(src/robot_simulation) by extension 'colcon_meta'
[0.171s] Level 1:colcon.colcon_core.package_identification:_identify(src/robot_simulation) by extensions ['ros']
[0.171s] Level 1:colcon.colcon_core.package_identification:_identify(src/robot_simulation) by extension 'ros'
[0.172s] DEBUG:colcon.colcon_core.package_identification:Package 'src/robot_simulation' with type 'ros.ament_cmake' and name 'robot_simulation'
[0.172s] Level 1:colcon.colcon_core.package_discovery:discover_packages(recursive) using defaults
[0.172s] Level 1:colcon.colcon_core.package_discovery:discover_packages(ignore) discover
[0.172s] Level 1:colcon.colcon_core.package_discovery:discover_packages(ignore) using defaults
[0.172s] Level 1:colcon.colcon_core.package_discovery:discover_packages(path) discover
[0.172s] Level 1:colcon.colcon_core.package_discovery:discover_packages(path) using defaults
[0.188s] Level 1:colcon.colcon_core.package_discovery:discover_packages(prefix_path) check parameters
[0.189s] Level 1:colcon.colcon_core.package_discovery:discover_packages(prefix_path) discover
[0.190s] DEBUG:colcon.colcon_installed_package_information.package_discovery:Found 4 installed packages in /home/silo/Desktop/cleaning_robot_ws/install
[0.192s] DEBUG:colcon.colcon_installed_package_information.package_discovery:Found 363 installed packages in /opt/ros/jazzy
[0.193s] Level 1:colcon.colcon_core.package_discovery:discover_packages(prefix_path) using defaults
[0.244s] Level 5:colcon.colcon_core.verb:set package 'robot_control' build argument 'cmake_args' from command line to 'None'
[0.244s] Level 5:colcon.colcon_core.verb:set package 'robot_control' build argument 'cmake_target' from command line to 'None'
[0.244s] Level 5:colcon.colcon_core.verb:set package 'robot_control' build argument 'cmake_target_skip_unavailable' from command line to 'False'
[0.244s] Level 5:colcon.colcon_core.verb:set package 'robot_control' build argument 'cmake_clean_cache' from command line to 'False'
[0.244s] Level 5:colcon.colcon_core.verb:set package 'robot_control' build argument 'cmake_clean_first' from command line to 'False'
[0.244s] Level 5:colcon.colcon_core.verb:set package 'robot_control' build argument 'cmake_force_configure' from command line to 'False'
[0.244s] Level 5:colcon.colcon_core.verb:set package 'robot_control' build argument 'ament_cmake_args' from command line to 'None'
[0.244s] Level 5:colcon.colcon_core.verb:set package 'robot_control' build argument 'catkin_cmake_args' from command line to 'None'
[0.244s] Level 5:colcon.colcon_core.verb:set package 'robot_control' build argument 'catkin_skip_building_tests' from command line to 'False'
[0.244s] DEBUG:colcon.colcon_core.verb:Building package 'robot_control' with the following arguments: {'ament_cmake_args': None, 'build_base': '/home/silo/Desktop/cleaning_robot_ws/build/robot_control', 'catkin_cmake_args': None, 'catkin_skip_building_tests': False, 'cmake_args': None, 'cmake_clean_cache': False, 'cmake_clean_first': False, 'cmake_force_configure': False, 'cmake_target': None, 'cmake_target_skip_unavailable': False, 'install_base': '/home/silo/Desktop/cleaning_robot_ws/install/robot_control', 'merge_install': False, 'path': '/home/silo/Desktop/cleaning_robot_ws/src/robot_control', 'symlink_install': True, 'test_result_base': None}
[0.245s] Level 5:colcon.colcon_core.verb:set package 'robot_description' build argument 'cmake_args' from command line to 'None'
[0.245s] Level 5:colcon.colcon_core.verb:set package 'robot_description' build argument 'cmake_target' from command line to 'None'
[0.245s] Level 5:colcon.colcon_core.verb:set package 'robot_description' build argument 'cmake_target_skip_unavailable' from command line to 'False'
[0.245s] Level 5:colcon.colcon_core.verb:set package 'robot_description' build argument 'cmake_clean_cache' from command line to 'False'
[0.245s] Level 5:colcon.colcon_core.verb:set package 'robot_description' build argument 'cmake_clean_first' from command line to 'False'
[0.245s] Level 5:colcon.colcon_core.verb:set package 'robot_description' build argument 'cmake_force_configure' from command line to 'False'
[0.245s] Level 5:colcon.colcon_core.verb:set package 'robot_description' build argument 'ament_cmake_args' from command line to 'None'
[0.245s] Level 5:colcon.colcon_core.verb:set package 'robot_description' build argument 'catkin_cmake_args' from command line to 'None'
[0.245s] Level 5:colcon.colcon_core.verb:set package 'robot_description' build argument 'catkin_skip_building_tests' from command line to 'False'
[0.245s] DEBUG:colcon.colcon_core.verb:Building package 'robot_description' with the following arguments: {'ament_cmake_args': None, 'build_base': '/home/silo/Desktop/cleaning_robot_ws/build/robot_description', 'catkin_cmake_args': None, 'catkin_skip_building_tests': False, 'cmake_args': None, 'cmake_clean_cache': False, 'cmake_clean_first': False, 'cmake_force_configure': False, 'cmake_target': None, 'cmake_target_skip_unavailable': False, 'install_base': '/home/silo/Desktop/cleaning_robot_ws/install/robot_description', 'merge_install': False, 'path': '/home/silo/Desktop/cleaning_robot_ws/src/robot_description', 'symlink_install': True, 'test_result_base': None}
[0.245s] Level 5:colcon.colcon_core.verb:set package 'robot_in_practice' build argument 'cmake_args' from command line to 'None'
[0.245s] Level 5:colcon.colcon_core.verb:set package 'robot_in_practice' build argument 'cmake_target' from command line to 'None'
[0.245s] Level 5:colcon.colcon_core.verb:set package 'robot_in_practice' build argument 'cmake_target_skip_unavailable' from command line to 'False'
[0.245s] Level 5:colcon.colcon_core.verb:set package 'robot_in_practice' build argument 'cmake_clean_cache' from command line to 'False'
[0.245s] Level 5:colcon.colcon_core.verb:set package 'robot_in_practice' build argument 'cmake_clean_first' from command line to 'False'
[0.245s] Level 5:colcon.colcon_core.verb:set package 'robot_in_practice' build argument 'cmake_force_configure' from command line to 'False'
[0.245s] Level 5:colcon.colcon_core.verb:set package 'robot_in_practice' build argument 'ament_cmake_args' from command line to 'None'
[0.245s] Level 5:colcon.colcon_core.verb:set package 'robot_in_practice' build argument 'catkin_cmake_args' from command line to 'None'
[0.245s] Level 5:colcon.colcon_core.verb:set package 'robot_in_practice' build argument 'catkin_skip_building_tests' from command line to 'False'
[0.245s] DEBUG:colcon.colcon_core.verb:Building package 'robot_in_practice' with the following arguments: {'ament_cmake_args': None, 'build_base': '/home/silo/Desktop/cleaning_robot_ws/build/robot_in_practice', 'catkin_cmake_args': None, 'catkin_skip_building_tests': False, 'cmake_args': None, 'cmake_clean_cache': False, 'cmake_clean_first': False, 'cmake_force_configure': False, 'cmake_target': None, 'cmake_target_skip_unavailable': False, 'install_base': '/home/silo/Desktop/cleaning_robot_ws/install/robot_in_practice', 'merge_install': False, 'path': '/home/silo/Desktop/cleaning_robot_ws/src/robot_in_practice', 'symlink_install': True, 'test_result_base': None}
[0.246s] Level 5:colcon.colcon_core.verb:set package 'robot_simulation' build argument 'cmake_args' from command line to 'None'
[0.246s] Level 5:colcon.colcon_core.verb:set package 'robot_simulation' build argument 'cmake_target' from command line to 'None'
[0.246s] Level 5:colcon.colcon_core.verb:set package 'robot_simulation' build argument 'cmake_target_skip_unavailable' from command line to 'False'
[0.246s] Level 5:colcon.colcon_core.verb:set package 'robot_simulation' build argument 'cmake_clean_cache' from command line to 'False'
[0.246s] Level 5:colcon.colcon_core.verb:set package 'robot_simulation' build argument 'cmake_clean_first' from command line to 'False'
[0.246s] Level 5:colcon.colcon_core.verb:set package 'robot_simulation' build argument 'cmake_force_configure' from command line to 'False'
[0.246s] Level 5:colcon.colcon_core.verb:set package 'robot_simulation' build argument 'ament_cmake_args' from command line to 'None'
[0.246s] Level 5:colcon.colcon_core.verb:set package 'robot_simulation' build argument 'catkin_cmake_args' from command line to 'None'
[0.246s] Level 5:colcon.colcon_core.verb:set package 'robot_simulation' build argument 'catkin_skip_building_tests' from command line to 'False'
[0.246s] DEBUG:colcon.colcon_core.verb:Building package 'robot_simulation' with the following arguments: {'ament_cmake_args': None, 'build_base': '/home/silo/Desktop/cleaning_robot_ws/build/robot_simulation', 'catkin_cmake_args': None, 'catkin_skip_building_tests': False, 'cmake_args': None, 'cmake_clean_cache': False, 'cmake_clean_first': False, 'cmake_force_configure': False, 'cmake_target': None, 'cmake_target_skip_unavailable': False, 'install_base': '/home/silo/Desktop/cleaning_robot_ws/install/robot_simulation', 'merge_install': False, 'path': '/home/silo/Desktop/cleaning_robot_ws/src/robot_simulation', 'symlink_install': True, 'test_result_base': None}
[0.246s] INFO:colcon.colcon_core.executor:Executing jobs using 'parallel' executor
[0.247s] DEBUG:colcon.colcon_parallel_executor.executor.parallel:run_until_complete
[0.247s] INFO:colcon.colcon_ros.task.ament_cmake.build:Building ROS package in '/home/silo/Desktop/cleaning_robot_ws/src/robot_control' with build type 'ament_cmake'
[0.247s] INFO:colcon.colcon_cmake.task.cmake.build:Building CMake package in '/home/silo/Desktop/cleaning_robot_ws/src/robot_control'
[0.249s] INFO:colcon.colcon_core.plugin_system:Skipping extension 'colcon_core.shell.bat': Not used on non-Windows systems
[0.249s] INFO:colcon.colcon_core.shell:Skip shell extension 'powershell' for command environment: Not usable outside of PowerShell
[0.249s] DEBUG:colcon.colcon_core.shell:Skip shell extension 'dsv' for command environment
[0.252s] INFO:colcon.colcon_ros.task.ament_cmake.build:Building ROS package in '/home/silo/Desktop/cleaning_robot_ws/src/robot_description' with build type 'ament_cmake'
[0.252s] INFO:colcon.colcon_cmake.task.cmake.build:Building CMake package in '/home/silo/Desktop/cleaning_robot_ws/src/robot_description'
[0.253s] INFO:colcon.colcon_core.shell:Skip shell extension 'powershell' for command environment: Not usable outside of PowerShell
[0.253s] DEBUG:colcon.colcon_core.shell:Skip shell extension 'dsv' for command environment
[0.256s] INFO:colcon.colcon_ros.task.ament_cmake.build:Building ROS package in '/home/silo/Desktop/cleaning_robot_ws/src/robot_in_practice' with build type 'ament_cmake'
[0.256s] INFO:colcon.colcon_cmake.task.cmake.build:Building CMake package in '/home/silo/Desktop/cleaning_robot_ws/src/robot_in_practice'
[0.256s] INFO:colcon.colcon_core.shell:Skip shell extension 'powershell' for command environment: Not usable outside of PowerShell
[0.256s] DEBUG:colcon.colcon_core.shell:Skip shell extension 'dsv' for command environment
[0.259s] INFO:colcon.colcon_ros.task.ament_cmake.build:Building ROS package in '/home/silo/Desktop/cleaning_robot_ws/src/robot_simulation' with build type 'ament_cmake'
[0.259s] INFO:colcon.colcon_cmake.task.cmake.build:Building CMake package in '/home/silo/Desktop/cleaning_robot_ws/src/robot_simulation'
[0.259s] INFO:colcon.colcon_core.shell:Skip shell extension 'powershell' for command environment: Not usable outside of PowerShell
[0.259s] DEBUG:colcon.colcon_core.shell:Skip shell extension 'dsv' for command environment
[0.266s] DEBUG:colcon.colcon_core.event_handler.log_command:Invoking command in '/home/silo/Desktop/cleaning_robot_ws/build/robot_control': CMAKE_PREFIX_PATH=${CMAKE_PREFIX_PATH}:/opt/ros/jazzy DEBUGINFOD_URLS=https://debuginfod.ubuntu.com /usr/bin/cmake --build /home/silo/Desktop/cleaning_robot_ws/build/robot_control -- -j12 -l12
[0.268s] DEBUG:colcon.colcon_core.event_handler.log_command:Invoking command in '/home/silo/Desktop/cleaning_robot_ws/build/robot_description': CMAKE_PREFIX_PATH=${CMAKE_PREFIX_PATH}:/opt/ros/jazzy DEBUGINFOD_URLS=https://debuginfod.ubuntu.com /usr/bin/cmake --build /home/silo/Desktop/cleaning_robot_ws/build/robot_description -- -j12 -l12
[0.271s] DEBUG:colcon.colcon_core.event_handler.log_command:Invoking command in '/home/silo/Desktop/cleaning_robot_ws/build/robot_in_practice': CMAKE_PREFIX_PATH=${CMAKE_PREFIX_PATH}:/opt/ros/jazzy DEBUGINFOD_URLS=https://debuginfod.ubuntu.com /usr/bin/cmake --build /home/silo/Desktop/cleaning_robot_ws/build/robot_in_practice -- -j12 -l12
[0.275s] DEBUG:colcon.colcon_core.event_handler.log_command:Invoking command in '/home/silo/Desktop/cleaning_robot_ws/build/robot_simulation': CMAKE_PREFIX_PATH=${CMAKE_PREFIX_PATH}:/opt/ros/jazzy DEBUGINFOD_URLS=https://debuginfod.ubuntu.com /usr/bin/cmake --build /home/silo/Desktop/cleaning_robot_ws/build/robot_simulation -- -j12 -l12
[0.302s] DEBUG:colcon.colcon_core.event_handler.log_command:Invoked command in '/home/silo/Desktop/cleaning_robot_ws/build/robot_control' returned '0': CMAKE_PREFIX_PATH=${CMAKE_PREFIX_PATH}:/opt/ros/jazzy DEBUGINFOD_URLS=https://debuginfod.ubuntu.com /usr/bin/cmake --build /home/silo/Desktop/cleaning_robot_ws/build/robot_control -- -j12 -l12
[0.303s] DEBUG:colcon.colcon_core.event_handler.log_command:Invoked command in '/home/silo/Desktop/cleaning_robot_ws/build/robot_description' returned '0': CMAKE_PREFIX_PATH=${CMAKE_PREFIX_PATH}:/opt/ros/jazzy DEBUGINFOD_URLS=https://debuginfod.ubuntu.com /usr/bin/cmake --build /home/silo/Desktop/cleaning_robot_ws/build/robot_description -- -j12 -l12
[0.307s] DEBUG:colcon.colcon_core.event_handler.log_command:Invoked command in '/home/silo/Desktop/cleaning_robot_ws/build/robot_in_practice' returned '0': CMAKE_PREFIX_PATH=${CMAKE_PREFIX_PATH}:/opt/ros/jazzy DEBUGINFOD_URLS=https://debuginfod.ubuntu.com /usr/bin/cmake --build /home/silo/Desktop/cleaning_robot_ws/build/robot_in_practice -- -j12 -l12
[0.310s] DEBUG:colcon.colcon_core.event_handler.log_command:Invoked command in '/home/silo/Desktop/cleaning_robot_ws/build/robot_simulation' returned '0': CMAKE_PREFIX_PATH=${CMAKE_PREFIX_PATH}:/opt/ros/jazzy DEBUGINFOD_URLS=https://debuginfod.ubuntu.com /usr/bin/cmake --build /home/silo/Desktop/cleaning_robot_ws/build/robot_simulation -- -j12 -l12
[0.327s] DEBUG:colcon.colcon_core.event_handler.log_command:Invoking command in '/home/silo/Desktop/cleaning_robot_ws/build/robot_control': CMAKE_PREFIX_PATH=${CMAKE_PREFIX_PATH}:/opt/ros/jazzy DEBUGINFOD_URLS=https://debuginfod.ubuntu.com /usr/bin/cmake --install /home/silo/Desktop/cleaning_robot_ws/build/robot_control
[0.328s] DEBUG:colcon.colcon_core.event_handler.log_command:Invoking command in '/home/silo/Desktop/cleaning_robot_ws/build/robot_description': CMAKE_PREFIX_PATH=${CMAKE_PREFIX_PATH}:/opt/ros/jazzy DEBUGINFOD_URLS=https://debuginfod.ubuntu.com /usr/bin/cmake --install /home/silo/Desktop/cleaning_robot_ws/build/robot_description
[0.329s] DEBUG:colcon.colcon_core.event_handler.log_command:Invoking command in '/home/silo/Desktop/cleaning_robot_ws/build/robot_in_practice': CMAKE_PREFIX_PATH=${CMAKE_PREFIX_PATH}:/opt/ros/jazzy DEBUGINFOD_URLS=https://debuginfod.ubuntu.com /usr/bin/cmake --install /home/silo/Desktop/cleaning_robot_ws/build/robot_in_practice
[0.330s] DEBUG:colcon.colcon_core.event_handler.log_command:Invoking command in '/home/silo/Desktop/cleaning_robot_ws/build/robot_simulation': CMAKE_PREFIX_PATH=${CMAKE_PREFIX_PATH}:/opt/ros/jazzy DEBUGINFOD_URLS=https://debuginfod.ubuntu.com /usr/bin/cmake --install /home/silo/Desktop/cleaning_robot_ws/build/robot_simulation
[0.349s] Level 1:colcon.colcon_core.environment:create_environment_scripts_only(robot_control)
[0.353s] DEBUG:colcon.colcon_core.event_handler.log_command:Invoked command in '/home/silo/Desktop/cleaning_robot_ws/build/robot_control' returned '0': CMAKE_PREFIX_PATH=${CMAKE_PREFIX_PATH}:/opt/ros/jazzy DEBUGINFOD_URLS=https://debuginfod.ubuntu.com /usr/bin/cmake --install /home/silo/Desktop/cleaning_robot_ws/build/robot_control
[0.354s] Level 1:colcon.colcon_core.environment:checking '/home/silo/Desktop/cleaning_robot_ws/install/robot_control' for CMake module files
[0.354s] Level 1:colcon.colcon_core.environment:checking '/home/silo/Desktop/cleaning_robot_ws/install/robot_control' for CMake config files
[0.356s] Level 1:colcon.colcon_core.shell:create_environment_hook('robot_control', 'cmake_prefix_path')
[0.356s] INFO:colcon.colcon_core.shell:Creating environment hook '/home/silo/Desktop/cleaning_robot_ws/install/robot_control/share/robot_control/hook/cmake_prefix_path.ps1'
[0.357s] INFO:colcon.colcon_core.shell:Creating environment descriptor '/home/silo/Desktop/cleaning_robot_ws/install/robot_control/share/robot_control/hook/cmake_prefix_path.dsv'
[0.358s] INFO:colcon.colcon_core.shell:Creating environment hook '/home/silo/Desktop/cleaning_robot_ws/install/robot_control/share/robot_control/hook/cmake_prefix_path.sh'
[0.359s] Level 1:colcon.colcon_core.environment:checking '/home/silo/Desktop/cleaning_robot_ws/install/robot_control/bin'
[0.359s] Level 1:colcon.colcon_core.environment:checking '/home/silo/Desktop/cleaning_robot_ws/install/robot_control/lib/pkgconfig/robot_control.pc'
[0.359s] Level 1:colcon.colcon_core.environment:checking '/home/silo/Desktop/cleaning_robot_ws/install/robot_control/lib/python3.12/site-packages'
[0.360s] Level 1:colcon.colcon_core.environment:checking '/home/silo/Desktop/cleaning_robot_ws/install/robot_control/bin'
[0.360s] INFO:colcon.colcon_core.shell:Creating package script '/home/silo/Desktop/cleaning_robot_ws/install/robot_control/share/robot_control/package.ps1'
[0.360s] INFO:colcon.colcon_core.shell:Creating package descriptor '/home/silo/Desktop/cleaning_robot_ws/install/robot_control/share/robot_control/package.dsv'
[0.361s] INFO:colcon.colcon_core.shell:Creating package script '/home/silo/Desktop/cleaning_robot_ws/install/robot_control/share/robot_control/package.sh'
[0.361s] INFO:colcon.colcon_core.shell:Creating package script '/home/silo/Desktop/cleaning_robot_ws/install/robot_control/share/robot_control/package.bash'
[0.362s] INFO:colcon.colcon_core.shell:Creating package script '/home/silo/Desktop/cleaning_robot_ws/install/robot_control/share/robot_control/package.zsh'
[0.363s] Level 1:colcon.colcon_core.environment:create_file_with_runtime_dependencies(/home/silo/Desktop/cleaning_robot_ws/install/robot_control/share/colcon-core/packages/robot_control)
[0.363s] Level 1:colcon.colcon_core.environment:create_environment_scripts_only(robot_in_practice)
[0.364s] Level 1:colcon.colcon_core.environment:checking '/home/silo/Desktop/cleaning_robot_ws/install/robot_in_practice' for CMake module files
[0.364s] DEBUG:colcon.colcon_core.event_handler.log_command:Invoked command in '/home/silo/Desktop/cleaning_robot_ws/build/robot_in_practice' returned '0': CMAKE_PREFIX_PATH=${CMAKE_PREFIX_PATH}:/opt/ros/jazzy DEBUGINFOD_URLS=https://debuginfod.ubuntu.com /usr/bin/cmake --install /home/silo/Desktop/cleaning_robot_ws/build/robot_in_practice
[0.364s] Level 1:colcon.colcon_core.environment:checking '/home/silo/Desktop/cleaning_robot_ws/install/robot_in_practice' for CMake config files
[0.365s] Level 1:colcon.colcon_core.shell:create_environment_hook('robot_in_practice', 'cmake_prefix_path')
[0.365s] INFO:colcon.colcon_core.shell:Creating environment hook '/home/silo/Desktop/cleaning_robot_ws/install/robot_in_practice/share/robot_in_practice/hook/cmake_prefix_path.ps1'
[0.365s] INFO:colcon.colcon_core.shell:Creating environment descriptor '/home/silo/Desktop/cleaning_robot_ws/install/robot_in_practice/share/robot_in_practice/hook/cmake_prefix_path.dsv'
[0.365s] INFO:colcon.colcon_core.shell:Creating environment hook '/home/silo/Desktop/cleaning_robot_ws/install/robot_in_practice/share/robot_in_practice/hook/cmake_prefix_path.sh'
[0.366s] Level 1:colcon.colcon_core.environment:checking '/home/silo/Desktop/cleaning_robot_ws/install/robot_in_practice/bin'
[0.366s] Level 1:colcon.colcon_core.environment:checking '/home/silo/Desktop/cleaning_robot_ws/install/robot_in_practice/lib/pkgconfig/robot_in_practice.pc'
[0.366s] Level 1:colcon.colcon_core.environment:checking '/home/silo/Desktop/cleaning_robot_ws/install/robot_in_practice/lib/python3.12/site-packages'
[0.366s] Level 1:colcon.colcon_core.environment:checking '/home/silo/Desktop/cleaning_robot_ws/install/robot_in_practice/bin'
[0.367s] INFO:colcon.colcon_core.shell:Creating package script '/home/silo/Desktop/cleaning_robot_ws/install/robot_in_practice/share/robot_in_practice/package.ps1'
[0.367s] INFO:colcon.colcon_core.shell:Creating package descriptor '/home/silo/Desktop/cleaning_robot_ws/install/robot_in_practice/share/robot_in_practice/package.dsv'
[0.368s] INFO:colcon.colcon_core.shell:Creating package script '/home/silo/Desktop/cleaning_robot_ws/install/robot_in_practice/share/robot_in_practice/package.sh'
[0.368s] INFO:colcon.colcon_core.shell:Creating package script '/home/silo/Desktop/cleaning_robot_ws/install/robot_in_practice/share/robot_in_practice/package.bash'
[0.369s] INFO:colcon.colcon_core.shell:Creating package script '/home/silo/Desktop/cleaning_robot_ws/install/robot_in_practice/share/robot_in_practice/package.zsh'
[0.369s] Level 1:colcon.colcon_core.environment:create_file_with_runtime_dependencies(/home/silo/Desktop/cleaning_robot_ws/install/robot_in_practice/share/colcon-core/packages/robot_in_practice)
[0.371s] Level 1:colcon.colcon_core.environment:create_environment_scripts_only(robot_description)
[0.371s] Level 1:colcon.colcon_core.environment:checking '/home/silo/Desktop/cleaning_robot_ws/install/robot_description' for CMake module files
[0.372s] DEBUG:colcon.colcon_core.event_handler.log_command:Invoked command in '/home/silo/Desktop/cleaning_robot_ws/build/robot_description' returned '0': CMAKE_PREFIX_PATH=${CMAKE_PREFIX_PATH}:/opt/ros/jazzy DEBUGINFOD_URLS=https://debuginfod.ubuntu.com /usr/bin/cmake --install /home/silo/Desktop/cleaning_robot_ws/build/robot_description
[0.372s] Level 1:colcon.colcon_core.environment:checking '/home/silo/Desktop/cleaning_robot_ws/install/robot_description' for CMake config files
[0.372s] Level 1:colcon.colcon_core.shell:create_environment_hook('robot_description', 'cmake_prefix_path')
[0.372s] INFO:colcon.colcon_core.shell:Creating environment hook '/home/silo/Desktop/cleaning_robot_ws/install/robot_description/share/robot_description/hook/cmake_prefix_path.ps1'
[0.373s] INFO:colcon.colcon_core.shell:Creating environment descriptor '/home/silo/Desktop/cleaning_robot_ws/install/robot_description/share/robot_description/hook/cmake_prefix_path.dsv'
[0.373s] INFO:colcon.colcon_core.shell:Creating environment hook '/home/silo/Desktop/cleaning_robot_ws/install/robot_description/share/robot_description/hook/cmake_prefix_path.sh'
[0.374s] Level 1:colcon.colcon_core.environment:checking '/home/silo/Desktop/cleaning_robot_ws/install/robot_description/bin'
[0.374s] Level 1:colcon.colcon_core.environment:checking '/home/silo/Desktop/cleaning_robot_ws/install/robot_description/lib/pkgconfig/robot_description.pc'
[0.374s] Level 1:colcon.colcon_core.environment:checking '/home/silo/Desktop/cleaning_robot_ws/install/robot_description/lib/python3.12/site-packages'
[0.374s] Level 1:colcon.colcon_core.environment:checking '/home/silo/Desktop/cleaning_robot_ws/install/robot_description/bin'
[0.374s] INFO:colcon.colcon_core.shell:Creating package script '/home/silo/Desktop/cleaning_robot_ws/install/robot_description/share/robot_description/package.ps1'
[0.375s] INFO:colcon.colcon_core.shell:Creating package descriptor '/home/silo/Desktop/cleaning_robot_ws/install/robot_description/share/robot_description/package.dsv'
[0.375s] INFO:colcon.colcon_core.shell:Creating package script '/home/silo/Desktop/cleaning_robot_ws/install/robot_description/share/robot_description/package.sh'
[0.375s] INFO:colcon.colcon_core.shell:Creating package script '/home/silo/Desktop/cleaning_robot_ws/install/robot_description/share/robot_description/package.bash'
[0.376s] INFO:colcon.colcon_core.shell:Creating package script '/home/silo/Desktop/cleaning_robot_ws/install/robot_description/share/robot_description/package.zsh'
[0.376s] Level 1:colcon.colcon_core.environment:create_file_with_runtime_dependencies(/home/silo/Desktop/cleaning_robot_ws/install/robot_description/share/colcon-core/packages/robot_description)
[0.377s] Level 1:colcon.colcon_core.environment:create_environment_scripts_only(robot_simulation)
[0.377s] Level 1:colcon.colcon_core.environment:checking '/home/silo/Desktop/cleaning_robot_ws/install/robot_simulation' for CMake module files
[0.378s] DEBUG:colcon.colcon_core.event_handler.log_command:Invoked command in '/home/silo/Desktop/cleaning_robot_ws/build/robot_simulation' returned '0': CMAKE_PREFIX_PATH=${CMAKE_PREFIX_PATH}:/opt/ros/jazzy DEBUGINFOD_URLS=https://debuginfod.ubuntu.com /usr/bin/cmake --install /home/silo/Desktop/cleaning_robot_ws/build/robot_simulation
[0.378s] Level 1:colcon.colcon_core.environment:checking '/home/silo/Desktop/cleaning_robot_ws/install/robot_simulation' for CMake config files
[0.378s] Level 1:colcon.colcon_core.shell:create_environment_hook('robot_simulation', 'cmake_prefix_path')
[0.378s] INFO:colcon.colcon_core.shell:Creating environment hook '/home/silo/Desktop/cleaning_robot_ws/install/robot_simulation/share/robot_simulation/hook/cmake_prefix_path.ps1'
[0.379s] INFO:colcon.colcon_core.shell:Creating environment descriptor '/home/silo/Desktop/cleaning_robot_ws/install/robot_simulation/share/robot_simulation/hook/cmake_prefix_path.dsv'
[0.379s] INFO:colcon.colcon_core.shell:Creating environment hook '/home/silo/Desktop/cleaning_robot_ws/install/robot_simulation/share/robot_simulation/hook/cmake_prefix_path.sh'
[0.380s] Level 1:colcon.colcon_core.environment:checking '/home/silo/Desktop/cleaning_robot_ws/install/robot_simulation/bin'
[0.380s] Level 1:colcon.colcon_core.environment:checking '/home/silo/Desktop/cleaning_robot_ws/install/robot_simulation/lib/pkgconfig/robot_simulation.pc'
[0.380s] Level 1:colcon.colcon_core.environment:checking '/home/silo/Desktop/cleaning_robot_ws/install/robot_simulation/lib/python3.12/site-packages'
[0.380s] Level 1:colcon.colcon_core.environment:checking '/home/silo/Desktop/cleaning_robot_ws/install/robot_simulation/bin'
[0.380s] INFO:colcon.colcon_core.shell:Creating package script '/home/silo/Desktop/cleaning_robot_ws/install/robot_simulation/share/robot_simulation/package.ps1'
[0.381s] INFO:colcon.colcon_core.shell:Creating package descriptor '/home/silo/Desktop/cleaning_robot_ws/install/robot_simulation/share/robot_simulation/package.dsv'
[0.381s] INFO:colcon.colcon_core.shell:Creating package script '/home/silo/Desktop/cleaning_robot_ws/install/robot_simulation/share/robot_simulation/package.sh'
[0.381s] INFO:colcon.colcon_core.shell:Creating package script '/home/silo/Desktop/cleaning_robot_ws/install/robot_simulation/share/robot_simulation/package.bash'
[0.382s] INFO:colcon.colcon_core.shell:Creating package script '/home/silo/Desktop/cleaning_robot_ws/install/robot_simulation/share/robot_simulation/package.zsh'
[0.382s] Level 1:colcon.colcon_core.environment:create_file_with_runtime_dependencies(/home/silo/Desktop/cleaning_robot_ws/install/robot_simulation/share/colcon-core/packages/robot_simulation)
[0.383s] Level 1:colcon.colcon_core.environment:create_environment_scripts_only(robot_control)
[0.383s] Level 1:colcon.colcon_core.environment:checking '/home/silo/Desktop/cleaning_robot_ws/install/robot_control' for CMake module files
[0.384s] Level 1:colcon.colcon_core.environment:checking '/home/silo/Desktop/cleaning_robot_ws/install/robot_control' for CMake config files
[0.384s] Level 1:colcon.colcon_core.shell:create_environment_hook('robot_control', 'cmake_prefix_path')
[0.384s] INFO:colcon.colcon_core.shell:Creating environment hook '/home/silo/Desktop/cleaning_robot_ws/install/robot_control/share/robot_control/hook/cmake_prefix_path.ps1'
[0.385s] INFO:colcon.colcon_core.shell:Creating environment descriptor '/home/silo/Desktop/cleaning_robot_ws/install/robot_control/share/robot_control/hook/cmake_prefix_path.dsv'
[0.385s] INFO:colcon.colcon_core.shell:Creating environment hook '/home/silo/Desktop/cleaning_robot_ws/install/robot_control/share/robot_control/hook/cmake_prefix_path.sh'
[0.385s] Level 1:colcon.colcon_core.environment:checking '/home/silo/Desktop/cleaning_robot_ws/install/robot_control/bin'
[0.385s] Level 1:colcon.colcon_core.environment:checking '/home/silo/Desktop/cleaning_robot_ws/install/robot_control/lib/pkgconfig/robot_control.pc'
[0.386s] Level 1:colcon.colcon_core.environment:checking '/home/silo/Desktop/cleaning_robot_ws/install/robot_control/lib/python3.12/site-packages'
[0.386s] Level 1:colcon.colcon_core.environment:checking '/home/silo/Desktop/cleaning_robot_ws/install/robot_control/bin'
[0.386s] INFO:colcon.colcon_core.shell:Creating package script '/home/silo/Desktop/cleaning_robot_ws/install/robot_control/share/robot_control/package.ps1'
[0.387s] INFO:colcon.colcon_core.shell:Creating package descriptor '/home/silo/Desktop/cleaning_robot_ws/install/robot_control/share/robot_control/package.dsv'
[0.387s] INFO:colcon.colcon_core.shell:Creating package script '/home/silo/Desktop/cleaning_robot_ws/install/robot_control/share/robot_control/package.sh'
[0.387s] INFO:colcon.colcon_core.shell:Creating package script '/home/silo/Desktop/cleaning_robot_ws/install/robot_control/share/robot_control/package.bash'
[0.388s] INFO:colcon.colcon_core.shell:Creating package script '/home/silo/Desktop/cleaning_robot_ws/install/robot_control/share/robot_control/package.zsh'
[0.388s] Level 1:colcon.colcon_core.environment:create_file_with_runtime_dependencies(/home/silo/Desktop/cleaning_robot_ws/install/robot_control/share/colcon-core/packages/robot_control)
[0.389s] Level 1:colcon.colcon_core.environment:create_environment_scripts_only(robot_in_practice)
[0.389s] Level 1:colcon.colcon_core.environment:checking '/home/silo/Desktop/cleaning_robot_ws/install/robot_in_practice' for CMake module files
[0.390s] Level 1:colcon.colcon_core.environment:checking '/home/silo/Desktop/cleaning_robot_ws/install/robot_in_practice' for CMake config files
[0.390s] Level 1:colcon.colcon_core.shell:create_environment_hook('robot_in_practice', 'cmake_prefix_path')
[0.390s] INFO:colcon.colcon_core.shell:Creating environment hook '/home/silo/Desktop/cleaning_robot_ws/install/robot_in_practice/share/robot_in_practice/hook/cmake_prefix_path.ps1'
[0.391s] INFO:colcon.colcon_core.shell:Creating environment descriptor '/home/silo/Desktop/cleaning_robot_ws/install/robot_in_practice/share/robot_in_practice/hook/cmake_prefix_path.dsv'
[0.391s] INFO:colcon.colcon_core.shell:Creating environment hook '/home/silo/Desktop/cleaning_robot_ws/install/robot_in_practice/share/robot_in_practice/hook/cmake_prefix_path.sh'
[0.392s] Level 1:colcon.colcon_core.environment:checking '/home/silo/Desktop/cleaning_robot_ws/install/robot_in_practice/bin'
[0.392s] Level 1:colcon.colcon_core.environment:checking '/home/silo/Desktop/cleaning_robot_ws/install/robot_in_practice/lib/pkgconfig/robot_in_practice.pc'
[0.392s] Level 1:colcon.colcon_core.environment:checking '/home/silo/Desktop/cleaning_robot_ws/install/robot_in_practice/lib/python3.12/site-packages'
[0.392s] Level 1:colcon.colcon_core.environment:checking '/home/silo/Desktop/cleaning_robot_ws/install/robot_in_practice/bin'
[0.392s] INFO:colcon.colcon_core.shell:Creating package script '/home/silo/Desktop/cleaning_robot_ws/install/robot_in_practice/share/robot_in_practice/package.ps1'
[0.393s] INFO:colcon.colcon_core.shell:Creating package descriptor '/home/silo/Desktop/cleaning_robot_ws/install/robot_in_practice/share/robot_in_practice/package.dsv'
[0.393s] INFO:colcon.colcon_core.shell:Creating package script '/home/silo/Desktop/cleaning_robot_ws/install/robot_in_practice/share/robot_in_practice/package.sh'
[0.394s] INFO:colcon.colcon_core.shell:Creating package script '/home/silo/Desktop/cleaning_robot_ws/install/robot_in_practice/share/robot_in_practice/package.bash'
[0.394s] INFO:colcon.colcon_core.shell:Creating package script '/home/silo/Desktop/cleaning_robot_ws/install/robot_in_practice/share/robot_in_practice/package.zsh'
[0.394s] Level 1:colcon.colcon_core.environment:create_file_with_runtime_dependencies(/home/silo/Desktop/cleaning_robot_ws/install/robot_in_practice/share/colcon-core/packages/robot_in_practice)
[0.395s] Level 1:colcon.colcon_core.environment:create_environment_scripts_only(robot_description)
[0.395s] Level 1:colcon.colcon_core.environment:checking '/home/silo/Desktop/cleaning_robot_ws/install/robot_description' for CMake module files
[0.396s] Level 1:colcon.colcon_core.environment:checking '/home/silo/Desktop/cleaning_robot_ws/install/robot_description' for CMake config files
[0.396s] Level 1:colcon.colcon_core.shell:create_environment_hook('robot_description', 'cmake_prefix_path')
[0.396s] INFO:colcon.colcon_core.shell:Creating environment hook '/home/silo/Desktop/cleaning_robot_ws/install/robot_description/share/robot_description/hook/cmake_prefix_path.ps1'
[0.397s] INFO:colcon.colcon_core.shell:Creating environment descriptor '/home/silo/Desktop/cleaning_robot_ws/install/robot_description/share/robot_description/hook/cmake_prefix_path.dsv'
[0.397s] INFO:colcon.colcon_core.shell:Creating environment hook '/home/silo/Desktop/cleaning_robot_ws/install/robot_description/share/robot_description/hook/cmake_prefix_path.sh'
[0.397s] Level 1:colcon.colcon_core.environment:checking '/home/silo/Desktop/cleaning_robot_ws/install/robot_description/bin'
[0.398s] Level 1:colcon.colcon_core.environment:checking '/home/silo/Desktop/cleaning_robot_ws/install/robot_description/lib/pkgconfig/robot_description.pc'
[0.398s] Level 1:colcon.colcon_core.environment:checking '/home/silo/Desktop/cleaning_robot_ws/install/robot_description/lib/python3.12/site-packages'
[0.398s] Level 1:colcon.colcon_core.environment:checking '/home/silo/Desktop/cleaning_robot_ws/install/robot_description/bin'
[0.398s] INFO:colcon.colcon_core.shell:Creating package script '/home/silo/Desktop/cleaning_robot_ws/install/robot_description/share/robot_description/package.ps1'
[0.399s] INFO:colcon.colcon_core.shell:Creating package descriptor '/home/silo/Desktop/cleaning_robot_ws/install/robot_description/share/robot_description/package.dsv'
[0.399s] INFO:colcon.colcon_core.shell:Creating package script '/home/silo/Desktop/cleaning_robot_ws/install/robot_description/share/robot_description/package.sh'
[0.399s] INFO:colcon.colcon_core.shell:Creating package script '/home/silo/Desktop/cleaning_robot_ws/install/robot_description/share/robot_description/package.bash'
[0.400s] INFO:colcon.colcon_core.shell:Creating package script '/home/silo/Desktop/cleaning_robot_ws/install/robot_description/share/robot_description/package.zsh'
[0.400s] Level 1:colcon.colcon_core.environment:create_file_with_runtime_dependencies(/home/silo/Desktop/cleaning_robot_ws/install/robot_description/share/colcon-core/packages/robot_description)
[0.401s] Level 1:colcon.colcon_core.environment:create_environment_scripts_only(robot_simulation)
[0.401s] Level 1:colcon.colcon_core.environment:checking '/home/silo/Desktop/cleaning_robot_ws/install/robot_simulation' for CMake module files
[0.402s] Level 1:colcon.colcon_core.environment:checking '/home/silo/Desktop/cleaning_robot_ws/install/robot_simulation' for CMake config files
[0.402s] Level 1:colcon.colcon_core.shell:create_environment_hook('robot_simulation', 'cmake_prefix_path')
[0.402s] INFO:colcon.colcon_core.shell:Creating environment hook '/home/silo/Desktop/cleaning_robot_ws/install/robot_simulation/share/robot_simulation/hook/cmake_prefix_path.ps1'
[0.402s] INFO:colcon.colcon_core.shell:Creating environment descriptor '/home/silo/Desktop/cleaning_robot_ws/install/robot_simulation/share/robot_simulation/hook/cmake_prefix_path.dsv'
[0.403s] INFO:colcon.colcon_core.shell:Creating environment hook '/home/silo/Desktop/cleaning_robot_ws/install/robot_simulation/share/robot_simulation/hook/cmake_prefix_path.sh'
[0.403s] Level 1:colcon.colcon_core.environment:checking '/home/silo/Desktop/cleaning_robot_ws/install/robot_simulation/bin'
[0.403s] Level 1:colcon.colcon_core.environment:checking '/home/silo/Desktop/cleaning_robot_ws/install/robot_simulation/lib/pkgconfig/robot_simulation.pc'
[0.403s] Level 1:colcon.colcon_core.environment:checking '/home/silo/Desktop/cleaning_robot_ws/install/robot_simulation/lib/python3.12/site-packages'
[0.404s] Level 1:colcon.colcon_core.environment:checking '/home/silo/Desktop/cleaning_robot_ws/install/robot_simulation/bin'
[0.404s] INFO:colcon.colcon_core.shell:Creating package script '/home/silo/Desktop/cleaning_robot_ws/install/robot_simulation/share/robot_simulation/package.ps1'
[0.404s] INFO:colcon.colcon_core.shell:Creating package descriptor '/home/silo/Desktop/cleaning_robot_ws/install/robot_simulation/share/robot_simulation/package.dsv'
[0.405s] INFO:colcon.colcon_core.shell:Creating package script '/home/silo/Desktop/cleaning_robot_ws/install/robot_simulation/share/robot_simulation/package.sh'
[0.405s] INFO:colcon.colcon_core.shell:Creating package script '/home/silo/Desktop/cleaning_robot_ws/install/robot_simulation/share/robot_simulation/package.bash'
[0.405s] INFO:colcon.colcon_core.shell:Creating package script '/home/silo/Desktop/cleaning_robot_ws/install/robot_simulation/share/robot_simulation/package.zsh'
[0.406s] Level 1:colcon.colcon_core.environment:create_file_with_runtime_dependencies(/home/silo/Desktop/cleaning_robot_ws/install/robot_simulation/share/colcon-core/packages/robot_simulation)
[0.406s] DEBUG:colcon.colcon_parallel_executor.executor.parallel:closing loop
[0.406s] DEBUG:colcon.colcon_parallel_executor.executor.parallel:loop closed
[0.406s] DEBUG:colcon.colcon_parallel_executor.executor.parallel:run_until_complete finished with '0'
[0.406s] DEBUG:colcon.colcon_core.event_reactor:joining thread
[0.411s] INFO:colcon.colcon_core.plugin_system:Skipping extension 'colcon_notification.desktop_notification.terminal_notifier': Not used on non-Darwin systems
[0.411s] INFO:colcon.colcon_core.plugin_system:Skipping extension 'colcon_notification.desktop_notification.win32': Not used on non-Windows systems
[0.411s] INFO:colcon.colcon_notification.desktop_notification:Sending desktop notification using 'notify2'
[0.423s] DEBUG:colcon.colcon_core.event_reactor:joined thread
[0.423s] INFO:colcon.colcon_core.shell:Creating prefix script '/home/silo/Desktop/cleaning_robot_ws/install/local_setup.ps1'
[0.424s] INFO:colcon.colcon_core.shell:Creating prefix util module '/home/silo/Desktop/cleaning_robot_ws/install/_local_setup_util_ps1.py'
[0.425s] INFO:colcon.colcon_core.shell:Creating prefix chain script '/home/silo/Desktop/cleaning_robot_ws/install/setup.ps1'
[0.426s] INFO:colcon.colcon_core.shell:Creating prefix script '/home/silo/Desktop/cleaning_robot_ws/install/local_setup.sh'
[0.427s] INFO:colcon.colcon_core.shell:Creating prefix util module '/home/silo/Desktop/cleaning_robot_ws/install/_local_setup_util_sh.py'
[0.427s] INFO:colcon.colcon_core.shell:Creating prefix chain script '/home/silo/Desktop/cleaning_robot_ws/install/setup.sh'
[0.428s] INFO:colcon.colcon_core.shell:Creating prefix script '/home/silo/Desktop/cleaning_robot_ws/install/local_setup.bash'
[0.428s] INFO:colcon.colcon_core.shell:Creating prefix chain script '/home/silo/Desktop/cleaning_robot_ws/install/setup.bash'
[0.429s] INFO:colcon.colcon_core.shell:Creating prefix script '/home/silo/Desktop/cleaning_robot_ws/install/local_setup.zsh'
[0.430s] INFO:colcon.colcon_core.shell:Creating prefix chain script '/home/silo/Desktop/cleaning_robot_ws/install/setup.zsh'
