[0.108s] DEBUG:colcon:Command line arguments: ['/usr/bin/colcon', 'build', '--symlink-install']
[0.108s] DEBUG:colcon:Parsed command line arguments: Namespace(log_base=None, log_level=None, verb_name='build', build_base='build', install_base='install', merge_install=False, symlink_install=True, test_result_base=None, continue_on_error=False, executor='parallel', parallel_workers=12, event_handlers=None, ignore_user_meta=False, metas=['./colcon.meta'], base_paths=['.'], packages_ignore=None, packages_ignore_regex=None, paths=None, packages_up_to=None, packages_up_to_regex=None, packages_above=None, packages_above_and_dependencies=None, packages_above_depth=None, packages_select_by_dep=None, packages_skip_by_dep=None, packages_skip_up_to=None, packages_select_build_failed=False, packages_skip_build_finished=False, packages_select_test_failures=False, packages_skip_test_passed=False, packages_select=None, packages_skip=None, packages_select_regex=None, packages_skip_regex=None, packages_start=None, packages_end=None, allow_overriding=[], cmake_args=None, cmake_target=None, cmake_target_skip_unavailable=False, cmake_clean_cache=False, cmake_clean_first=False, cmake_force_configure=False, ament_cmake_args=None, catkin_cmake_args=None, catkin_skip_building_tests=False, mixin_files=None, mixin=None, verb_parser=<colcon_mixin.mixin.mixin_argument.MixinArgumentDecorator object at 0x7d7ee8426b40>, verb_extension=<colcon_core.verb.build.BuildVerb object at 0x7d7ee83d4aa0>, main=<bound method BuildVerb.main of <colcon_core.verb.build.BuildVerb object at 0x7d7ee83d4aa0>>, mixin_verb=('build',))
[0.143s] Level 1:colcon.colcon_core.package_discovery:discover_packages(colcon_meta) check parameters
[0.143s] Level 1:colcon.colcon_core.package_discovery:discover_packages(recursive) check parameters
[0.143s] Level 1:colcon.colcon_core.package_discovery:discover_packages(ignore) check parameters
[0.143s] Level 1:colcon.colcon_core.package_discovery:discover_packages(path) check parameters
[0.143s] Level 1:colcon.colcon_core.package_discovery:discover_packages(colcon_meta) discover
[0.143s] Level 1:colcon.colcon_core.package_discovery:discover_packages(recursive) discover
[0.143s] INFO:colcon.colcon_core.package_discovery:Crawling recursively for packages in '/home/silo/Desktop/cleaning_robot_ws'
[0.144s] Level 1:colcon.colcon_core.package_identification:_identify(.) by extensions ['ignore', 'ignore_ament_install']
[0.144s] Level 1:colcon.colcon_core.package_identification:_identify(.) by extension 'ignore'
[0.144s] Level 1:colcon.colcon_core.package_identification:_identify(.) by extension 'ignore_ament_install'
[0.144s] Level 1:colcon.colcon_core.package_identification:_identify(.) by extensions ['colcon_pkg']
[0.144s] Level 1:colcon.colcon_core.package_identification:_identify(.) by extension 'colcon_pkg'
[0.144s] Level 1:colcon.colcon_core.package_identification:_identify(.) by extensions ['colcon_meta']
[0.144s] Level 1:colcon.colcon_core.package_identification:_identify(.) by extension 'colcon_meta'
[0.144s] Level 1:colcon.colcon_core.package_identification:_identify(.) by extensions ['ros']
[0.144s] Level 1:colcon.colcon_core.package_identification:_identify(.) by extension 'ros'
[0.168s] Level 1:colcon.colcon_core.package_identification:_identify(.) by extensions ['cmake', 'python']
[0.168s] Level 1:colcon.colcon_core.package_identification:_identify(.) by extension 'cmake'
[0.168s] Level 1:colcon.colcon_core.package_identification:_identify(.) by extension 'python'
[0.168s] Level 1:colcon.colcon_core.package_identification:_identify(.) by extensions ['python_setup_py']
[0.168s] Level 1:colcon.colcon_core.package_identification:_identify(.) by extension 'python_setup_py'
[0.168s] Level 1:colcon.colcon_core.package_identification:_identify(build) by extensions ['ignore', 'ignore_ament_install']
[0.168s] Level 1:colcon.colcon_core.package_identification:_identify(build) by extension 'ignore'
[0.168s] Level 1:colcon.colcon_core.package_identification:_identify(build) ignored
[0.169s] Level 1:colcon.colcon_core.package_identification:_identify(install) by extensions ['ignore', 'ignore_ament_install']
[0.169s] Level 1:colcon.colcon_core.package_identification:_identify(install) by extension 'ignore'
[0.169s] Level 1:colcon.colcon_core.package_identification:_identify(install) ignored
[0.169s] Level 1:colcon.colcon_core.package_identification:_identify(log) by extensions ['ignore', 'ignore_ament_install']
[0.169s] Level 1:colcon.colcon_core.package_identification:_identify(log) by extension 'ignore'
[0.169s] Level 1:colcon.colcon_core.package_identification:_identify(log) ignored
[0.169s] Level 1:colcon.colcon_core.package_identification:_identify(src) by extensions ['ignore', 'ignore_ament_install']
[0.169s] Level 1:colcon.colcon_core.package_identification:_identify(src) by extension 'ignore'
[0.169s] Level 1:colcon.colcon_core.package_identification:_identify(src) by extension 'ignore_ament_install'
[0.169s] Level 1:colcon.colcon_core.package_identification:_identify(src) by extensions ['colcon_pkg']
[0.169s] Level 1:colcon.colcon_core.package_identification:_identify(src) by extension 'colcon_pkg'
[0.169s] Level 1:colcon.colcon_core.package_identification:_identify(src) by extensions ['colcon_meta']
[0.169s] Level 1:colcon.colcon_core.package_identification:_identify(src) by extension 'colcon_meta'
[0.169s] Level 1:colcon.colcon_core.package_identification:_identify(src) by extensions ['ros']
[0.169s] Level 1:colcon.colcon_core.package_identification:_identify(src) by extension 'ros'
[0.169s] Level 1:colcon.colcon_core.package_identification:_identify(src) by extensions ['cmake', 'python']
[0.169s] Level 1:colcon.colcon_core.package_identification:_identify(src) by extension 'cmake'
[0.170s] Level 1:colcon.colcon_core.package_identification:_identify(src) by extension 'python'
[0.170s] Level 1:colcon.colcon_core.package_identification:_identify(src) by extensions ['python_setup_py']
[0.170s] Level 1:colcon.colcon_core.package_identification:_identify(src) by extension 'python_setup_py'
[0.170s] Level 1:colcon.colcon_core.package_identification:_identify(src/robot_camera) by extensions ['ignore', 'ignore_ament_install']
[0.170s] Level 1:colcon.colcon_core.package_identification:_identify(src/robot_camera) by extension 'ignore'
[0.170s] Level 1:colcon.colcon_core.package_identification:_identify(src/robot_camera) by extension 'ignore_ament_install'
[0.170s] Level 1:colcon.colcon_core.package_identification:_identify(src/robot_camera) by extensions ['colcon_pkg']
[0.170s] Level 1:colcon.colcon_core.package_identification:_identify(src/robot_camera) by extension 'colcon_pkg'
[0.170s] Level 1:colcon.colcon_core.package_identification:_identify(src/robot_camera) by extensions ['colcon_meta']
[0.170s] Level 1:colcon.colcon_core.package_identification:_identify(src/robot_camera) by extension 'colcon_meta'
[0.170s] Level 1:colcon.colcon_core.package_identification:_identify(src/robot_camera) by extensions ['ros']
[0.170s] Level 1:colcon.colcon_core.package_identification:_identify(src/robot_camera) by extension 'ros'
[0.172s] DEBUG:colcon.colcon_core.package_identification:Package 'src/robot_camera' with type 'ros.ament_cmake' and name 'robot_camera'
[0.172s] Level 1:colcon.colcon_core.package_identification:_identify(src/robot_control) by extensions ['ignore', 'ignore_ament_install']
[0.172s] Level 1:colcon.colcon_core.package_identification:_identify(src/robot_control) by extension 'ignore'
[0.173s] Level 1:colcon.colcon_core.package_identification:_identify(src/robot_control) by extension 'ignore_ament_install'
[0.173s] Level 1:colcon.colcon_core.package_identification:_identify(src/robot_control) by extensions ['colcon_pkg']
[0.173s] Level 1:colcon.colcon_core.package_identification:_identify(src/robot_control) by extension 'colcon_pkg'
[0.173s] Level 1:colcon.colcon_core.package_identification:_identify(src/robot_control) by extensions ['colcon_meta']
[0.173s] Level 1:colcon.colcon_core.package_identification:_identify(src/robot_control) by extension 'colcon_meta'
[0.173s] Level 1:colcon.colcon_core.package_identification:_identify(src/robot_control) by extensions ['ros']
[0.173s] Level 1:colcon.colcon_core.package_identification:_identify(src/robot_control) by extension 'ros'
[0.173s] DEBUG:colcon.colcon_core.package_identification:Package 'src/robot_control' with type 'ros.ament_cmake' and name 'robot_control'
[0.173s] Level 1:colcon.colcon_core.package_identification:_identify(src/robot_description) by extensions ['ignore', 'ignore_ament_install']
[0.173s] Level 1:colcon.colcon_core.package_identification:_identify(src/robot_description) by extension 'ignore'
[0.174s] Level 1:colcon.colcon_core.package_identification:_identify(src/robot_description) by extension 'ignore_ament_install'
[0.174s] Level 1:colcon.colcon_core.package_identification:_identify(src/robot_description) by extensions ['colcon_pkg']
[0.174s] Level 1:colcon.colcon_core.package_identification:_identify(src/robot_description) by extension 'colcon_pkg'
[0.174s] Level 1:colcon.colcon_core.package_identification:_identify(src/robot_description) by extensions ['colcon_meta']
[0.174s] Level 1:colcon.colcon_core.package_identification:_identify(src/robot_description) by extension 'colcon_meta'
[0.174s] Level 1:colcon.colcon_core.package_identification:_identify(src/robot_description) by extensions ['ros']
[0.174s] Level 1:colcon.colcon_core.package_identification:_identify(src/robot_description) by extension 'ros'
[0.174s] DEBUG:colcon.colcon_core.package_identification:Package 'src/robot_description' with type 'ros.ament_cmake' and name 'robot_description'
[0.174s] Level 1:colcon.colcon_core.package_identification:_identify(src/robot_in_practice) by extensions ['ignore', 'ignore_ament_install']
[0.174s] Level 1:colcon.colcon_core.package_identification:_identify(src/robot_in_practice) by extension 'ignore'
[0.175s] Level 1:colcon.colcon_core.package_identification:_identify(src/robot_in_practice) by extension 'ignore_ament_install'
[0.175s] Level 1:colcon.colcon_core.package_identification:_identify(src/robot_in_practice) by extensions ['colcon_pkg']
[0.175s] Level 1:colcon.colcon_core.package_identification:_identify(src/robot_in_practice) by extension 'colcon_pkg'
[0.175s] Level 1:colcon.colcon_core.package_identification:_identify(src/robot_in_practice) by extensions ['colcon_meta']
[0.175s] Level 1:colcon.colcon_core.package_identification:_identify(src/robot_in_practice) by extension 'colcon_meta'
[0.175s] Level 1:colcon.colcon_core.package_identification:_identify(src/robot_in_practice) by extensions ['ros']
[0.175s] Level 1:colcon.colcon_core.package_identification:_identify(src/robot_in_practice) by extension 'ros'
[0.175s] DEBUG:colcon.colcon_core.package_identification:Package 'src/robot_in_practice' with type 'ros.ament_cmake' and name 'robot_in_practice'
[0.175s] Level 1:colcon.colcon_core.package_identification:_identify(src/robot_lidar) by extensions ['ignore', 'ignore_ament_install']
[0.175s] Level 1:colcon.colcon_core.package_identification:_identify(src/robot_lidar) by extension 'ignore'
[0.176s] Level 1:colcon.colcon_core.package_identification:_identify(src/robot_lidar) by extension 'ignore_ament_install'
[0.176s] Level 1:colcon.colcon_core.package_identification:_identify(src/robot_lidar) by extensions ['colcon_pkg']
[0.176s] Level 1:colcon.colcon_core.package_identification:_identify(src/robot_lidar) by extension 'colcon_pkg'
[0.176s] Level 1:colcon.colcon_core.package_identification:_identify(src/robot_lidar) by extensions ['colcon_meta']
[0.176s] Level 1:colcon.colcon_core.package_identification:_identify(src/robot_lidar) by extension 'colcon_meta'
[0.176s] Level 1:colcon.colcon_core.package_identification:_identify(src/robot_lidar) by extensions ['ros']
[0.176s] Level 1:colcon.colcon_core.package_identification:_identify(src/robot_lidar) by extension 'ros'
[0.176s] DEBUG:colcon.colcon_core.package_identification:Package 'src/robot_lidar' with type 'ros.ament_cmake' and name 'robot_lidar'
[0.176s] Level 1:colcon.colcon_core.package_identification:_identify(src/robot_simulation) by extensions ['ignore', 'ignore_ament_install']
[0.176s] Level 1:colcon.colcon_core.package_identification:_identify(src/robot_simulation) by extension 'ignore'
[0.177s] Level 1:colcon.colcon_core.package_identification:_identify(src/robot_simulation) by extension 'ignore_ament_install'
[0.177s] Level 1:colcon.colcon_core.package_identification:_identify(src/robot_simulation) by extensions ['colcon_pkg']
[0.177s] Level 1:colcon.colcon_core.package_identification:_identify(src/robot_simulation) by extension 'colcon_pkg'
[0.177s] Level 1:colcon.colcon_core.package_identification:_identify(src/robot_simulation) by extensions ['colcon_meta']
[0.177s] Level 1:colcon.colcon_core.package_identification:_identify(src/robot_simulation) by extension 'colcon_meta'
[0.177s] Level 1:colcon.colcon_core.package_identification:_identify(src/robot_simulation) by extensions ['ros']
[0.177s] Level 1:colcon.colcon_core.package_identification:_identify(src/robot_simulation) by extension 'ros'
[0.177s] DEBUG:colcon.colcon_core.package_identification:Package 'src/robot_simulation' with type 'ros.ament_cmake' and name 'robot_simulation'
[0.177s] Level 1:colcon.colcon_core.package_discovery:discover_packages(recursive) using defaults
[0.177s] Level 1:colcon.colcon_core.package_discovery:discover_packages(ignore) discover
[0.177s] Level 1:colcon.colcon_core.package_discovery:discover_packages(ignore) using defaults
[0.177s] Level 1:colcon.colcon_core.package_discovery:discover_packages(path) discover
[0.177s] Level 1:colcon.colcon_core.package_discovery:discover_packages(path) using defaults
[0.194s] Level 1:colcon.colcon_core.package_discovery:discover_packages(prefix_path) check parameters
[0.194s] Level 1:colcon.colcon_core.package_discovery:discover_packages(prefix_path) discover
[0.196s] DEBUG:colcon.colcon_installed_package_information.package_discovery:Found 6 installed packages in /home/silo/Desktop/cleaning_robot_ws/install
[0.198s] DEBUG:colcon.colcon_installed_package_information.package_discovery:Found 368 installed packages in /opt/ros/jazzy
[0.199s] Level 1:colcon.colcon_core.package_discovery:discover_packages(prefix_path) using defaults
[0.252s] Level 5:colcon.colcon_core.verb:set package 'robot_camera' build argument 'cmake_args' from command line to 'None'
[0.252s] Level 5:colcon.colcon_core.verb:set package 'robot_camera' build argument 'cmake_target' from command line to 'None'
[0.252s] Level 5:colcon.colcon_core.verb:set package 'robot_camera' build argument 'cmake_target_skip_unavailable' from command line to 'False'
[0.252s] Level 5:colcon.colcon_core.verb:set package 'robot_camera' build argument 'cmake_clean_cache' from command line to 'False'
[0.252s] Level 5:colcon.colcon_core.verb:set package 'robot_camera' build argument 'cmake_clean_first' from command line to 'False'
[0.252s] Level 5:colcon.colcon_core.verb:set package 'robot_camera' build argument 'cmake_force_configure' from command line to 'False'
[0.253s] Level 5:colcon.colcon_core.verb:set package 'robot_camera' build argument 'ament_cmake_args' from command line to 'None'
[0.253s] Level 5:colcon.colcon_core.verb:set package 'robot_camera' build argument 'catkin_cmake_args' from command line to 'None'
[0.253s] Level 5:colcon.colcon_core.verb:set package 'robot_camera' build argument 'catkin_skip_building_tests' from command line to 'False'
[0.253s] DEBUG:colcon.colcon_core.verb:Building package 'robot_camera' with the following arguments: {'ament_cmake_args': None, 'build_base': '/home/silo/Desktop/cleaning_robot_ws/build/robot_camera', 'catkin_cmake_args': None, 'catkin_skip_building_tests': False, 'cmake_args': None, 'cmake_clean_cache': False, 'cmake_clean_first': False, 'cmake_force_configure': False, 'cmake_target': None, 'cmake_target_skip_unavailable': False, 'install_base': '/home/silo/Desktop/cleaning_robot_ws/install/robot_camera', 'merge_install': False, 'path': '/home/silo/Desktop/cleaning_robot_ws/src/robot_camera', 'symlink_install': True, 'test_result_base': None}
[0.253s] Level 5:colcon.colcon_core.verb:set package 'robot_control' build argument 'cmake_args' from command line to 'None'
[0.253s] Level 5:colcon.colcon_core.verb:set package 'robot_control' build argument 'cmake_target' from command line to 'None'
[0.253s] Level 5:colcon.colcon_core.verb:set package 'robot_control' build argument 'cmake_target_skip_unavailable' from command line to 'False'
[0.253s] Level 5:colcon.colcon_core.verb:set package 'robot_control' build argument 'cmake_clean_cache' from command line to 'False'
[0.253s] Level 5:colcon.colcon_core.verb:set package 'robot_control' build argument 'cmake_clean_first' from command line to 'False'
[0.253s] Level 5:colcon.colcon_core.verb:set package 'robot_control' build argument 'cmake_force_configure' from command line to 'False'
[0.253s] Level 5:colcon.colcon_core.verb:set package 'robot_control' build argument 'ament_cmake_args' from command line to 'None'
[0.253s] Level 5:colcon.colcon_core.verb:set package 'robot_control' build argument 'catkin_cmake_args' from command line to 'None'
[0.253s] Level 5:colcon.colcon_core.verb:set package 'robot_control' build argument 'catkin_skip_building_tests' from command line to 'False'
[0.253s] DEBUG:colcon.colcon_core.verb:Building package 'robot_control' with the following arguments: {'ament_cmake_args': None, 'build_base': '/home/silo/Desktop/cleaning_robot_ws/build/robot_control', 'catkin_cmake_args': None, 'catkin_skip_building_tests': False, 'cmake_args': None, 'cmake_clean_cache': False, 'cmake_clean_first': False, 'cmake_force_configure': False, 'cmake_target': None, 'cmake_target_skip_unavailable': False, 'install_base': '/home/silo/Desktop/cleaning_robot_ws/install/robot_control', 'merge_install': False, 'path': '/home/silo/Desktop/cleaning_robot_ws/src/robot_control', 'symlink_install': True, 'test_result_base': None}
[0.253s] Level 5:colcon.colcon_core.verb:set package 'robot_description' build argument 'cmake_args' from command line to 'None'
[0.253s] Level 5:colcon.colcon_core.verb:set package 'robot_description' build argument 'cmake_target' from command line to 'None'
[0.253s] Level 5:colcon.colcon_core.verb:set package 'robot_description' build argument 'cmake_target_skip_unavailable' from command line to 'False'
[0.253s] Level 5:colcon.colcon_core.verb:set package 'robot_description' build argument 'cmake_clean_cache' from command line to 'False'
[0.253s] Level 5:colcon.colcon_core.verb:set package 'robot_description' build argument 'cmake_clean_first' from command line to 'False'
[0.253s] Level 5:colcon.colcon_core.verb:set package 'robot_description' build argument 'cmake_force_configure' from command line to 'False'
[0.254s] Level 5:colcon.colcon_core.verb:set package 'robot_description' build argument 'ament_cmake_args' from command line to 'None'
[0.254s] Level 5:colcon.colcon_core.verb:set package 'robot_description' build argument 'catkin_cmake_args' from command line to 'None'
[0.254s] Level 5:colcon.colcon_core.verb:set package 'robot_description' build argument 'catkin_skip_building_tests' from command line to 'False'
[0.254s] DEBUG:colcon.colcon_core.verb:Building package 'robot_description' with the following arguments: {'ament_cmake_args': None, 'build_base': '/home/silo/Desktop/cleaning_robot_ws/build/robot_description', 'catkin_cmake_args': None, 'catkin_skip_building_tests': False, 'cmake_args': None, 'cmake_clean_cache': False, 'cmake_clean_first': False, 'cmake_force_configure': False, 'cmake_target': None, 'cmake_target_skip_unavailable': False, 'install_base': '/home/silo/Desktop/cleaning_robot_ws/install/robot_description', 'merge_install': False, 'path': '/home/silo/Desktop/cleaning_robot_ws/src/robot_description', 'symlink_install': True, 'test_result_base': None}
[0.254s] Level 5:colcon.colcon_core.verb:set package 'robot_in_practice' build argument 'cmake_args' from command line to 'None'
[0.254s] Level 5:colcon.colcon_core.verb:set package 'robot_in_practice' build argument 'cmake_target' from command line to 'None'
[0.254s] Level 5:colcon.colcon_core.verb:set package 'robot_in_practice' build argument 'cmake_target_skip_unavailable' from command line to 'False'
[0.254s] Level 5:colcon.colcon_core.verb:set package 'robot_in_practice' build argument 'cmake_clean_cache' from command line to 'False'
[0.254s] Level 5:colcon.colcon_core.verb:set package 'robot_in_practice' build argument 'cmake_clean_first' from command line to 'False'
[0.254s] Level 5:colcon.colcon_core.verb:set package 'robot_in_practice' build argument 'cmake_force_configure' from command line to 'False'
[0.254s] Level 5:colcon.colcon_core.verb:set package 'robot_in_practice' build argument 'ament_cmake_args' from command line to 'None'
[0.254s] Level 5:colcon.colcon_core.verb:set package 'robot_in_practice' build argument 'catkin_cmake_args' from command line to 'None'
[0.254s] Level 5:colcon.colcon_core.verb:set package 'robot_in_practice' build argument 'catkin_skip_building_tests' from command line to 'False'
[0.254s] DEBUG:colcon.colcon_core.verb:Building package 'robot_in_practice' with the following arguments: {'ament_cmake_args': None, 'build_base': '/home/silo/Desktop/cleaning_robot_ws/build/robot_in_practice', 'catkin_cmake_args': None, 'catkin_skip_building_tests': False, 'cmake_args': None, 'cmake_clean_cache': False, 'cmake_clean_first': False, 'cmake_force_configure': False, 'cmake_target': None, 'cmake_target_skip_unavailable': False, 'install_base': '/home/silo/Desktop/cleaning_robot_ws/install/robot_in_practice', 'merge_install': False, 'path': '/home/silo/Desktop/cleaning_robot_ws/src/robot_in_practice', 'symlink_install': True, 'test_result_base': None}
[0.254s] Level 5:colcon.colcon_core.verb:set package 'robot_lidar' build argument 'cmake_args' from command line to 'None'
[0.254s] Level 5:colcon.colcon_core.verb:set package 'robot_lidar' build argument 'cmake_target' from command line to 'None'
[0.254s] Level 5:colcon.colcon_core.verb:set package 'robot_lidar' build argument 'cmake_target_skip_unavailable' from command line to 'False'
[0.254s] Level 5:colcon.colcon_core.verb:set package 'robot_lidar' build argument 'cmake_clean_cache' from command line to 'False'
[0.254s] Level 5:colcon.colcon_core.verb:set package 'robot_lidar' build argument 'cmake_clean_first' from command line to 'False'
[0.254s] Level 5:colcon.colcon_core.verb:set package 'robot_lidar' build argument 'cmake_force_configure' from command line to 'False'
[0.254s] Level 5:colcon.colcon_core.verb:set package 'robot_lidar' build argument 'ament_cmake_args' from command line to 'None'
[0.254s] Level 5:colcon.colcon_core.verb:set package 'robot_lidar' build argument 'catkin_cmake_args' from command line to 'None'
[0.255s] Level 5:colcon.colcon_core.verb:set package 'robot_lidar' build argument 'catkin_skip_building_tests' from command line to 'False'
[0.255s] DEBUG:colcon.colcon_core.verb:Building package 'robot_lidar' with the following arguments: {'ament_cmake_args': None, 'build_base': '/home/silo/Desktop/cleaning_robot_ws/build/robot_lidar', 'catkin_cmake_args': None, 'catkin_skip_building_tests': False, 'cmake_args': None, 'cmake_clean_cache': False, 'cmake_clean_first': False, 'cmake_force_configure': False, 'cmake_target': None, 'cmake_target_skip_unavailable': False, 'install_base': '/home/silo/Desktop/cleaning_robot_ws/install/robot_lidar', 'merge_install': False, 'path': '/home/silo/Desktop/cleaning_robot_ws/src/robot_lidar', 'symlink_install': True, 'test_result_base': None}
[0.255s] Level 5:colcon.colcon_core.verb:set package 'robot_simulation' build argument 'cmake_args' from command line to 'None'
[0.255s] Level 5:colcon.colcon_core.verb:set package 'robot_simulation' build argument 'cmake_target' from command line to 'None'
[0.255s] Level 5:colcon.colcon_core.verb:set package 'robot_simulation' build argument 'cmake_target_skip_unavailable' from command line to 'False'
[0.255s] Level 5:colcon.colcon_core.verb:set package 'robot_simulation' build argument 'cmake_clean_cache' from command line to 'False'
[0.255s] Level 5:colcon.colcon_core.verb:set package 'robot_simulation' build argument 'cmake_clean_first' from command line to 'False'
[0.255s] Level 5:colcon.colcon_core.verb:set package 'robot_simulation' build argument 'cmake_force_configure' from command line to 'False'
[0.255s] Level 5:colcon.colcon_core.verb:set package 'robot_simulation' build argument 'ament_cmake_args' from command line to 'None'
[0.255s] Level 5:colcon.colcon_core.verb:set package 'robot_simulation' build argument 'catkin_cmake_args' from command line to 'None'
[0.255s] Level 5:colcon.colcon_core.verb:set package 'robot_simulation' build argument 'catkin_skip_building_tests' from command line to 'False'
[0.255s] DEBUG:colcon.colcon_core.verb:Building package 'robot_simulation' with the following arguments: {'ament_cmake_args': None, 'build_base': '/home/silo/Desktop/cleaning_robot_ws/build/robot_simulation', 'catkin_cmake_args': None, 'catkin_skip_building_tests': False, 'cmake_args': None, 'cmake_clean_cache': False, 'cmake_clean_first': False, 'cmake_force_configure': False, 'cmake_target': None, 'cmake_target_skip_unavailable': False, 'install_base': '/home/silo/Desktop/cleaning_robot_ws/install/robot_simulation', 'merge_install': False, 'path': '/home/silo/Desktop/cleaning_robot_ws/src/robot_simulation', 'symlink_install': True, 'test_result_base': None}
[0.255s] INFO:colcon.colcon_core.executor:Executing jobs using 'parallel' executor
[0.256s] DEBUG:colcon.colcon_parallel_executor.executor.parallel:run_until_complete
[0.256s] INFO:colcon.colcon_ros.task.ament_cmake.build:Building ROS package in '/home/silo/Desktop/cleaning_robot_ws/src/robot_camera' with build type 'ament_cmake'
[0.256s] INFO:colcon.colcon_cmake.task.cmake.build:Building CMake package in '/home/silo/Desktop/cleaning_robot_ws/src/robot_camera'
[0.258s] INFO:colcon.colcon_core.plugin_system:Skipping extension 'colcon_core.shell.bat': Not used on non-Windows systems
[0.258s] INFO:colcon.colcon_core.shell:Skip shell extension 'powershell' for command environment: Not usable outside of PowerShell
[0.258s] DEBUG:colcon.colcon_core.shell:Skip shell extension 'dsv' for command environment
[0.263s] INFO:colcon.colcon_ros.task.ament_cmake.build:Building ROS package in '/home/silo/Desktop/cleaning_robot_ws/src/robot_control' with build type 'ament_cmake'
[0.263s] INFO:colcon.colcon_cmake.task.cmake.build:Building CMake package in '/home/silo/Desktop/cleaning_robot_ws/src/robot_control'
[0.263s] INFO:colcon.colcon_core.shell:Skip shell extension 'powershell' for command environment: Not usable outside of PowerShell
[0.263s] DEBUG:colcon.colcon_core.shell:Skip shell extension 'dsv' for command environment
[0.267s] INFO:colcon.colcon_ros.task.ament_cmake.build:Building ROS package in '/home/silo/Desktop/cleaning_robot_ws/src/robot_description' with build type 'ament_cmake'
[0.267s] INFO:colcon.colcon_cmake.task.cmake.build:Building CMake package in '/home/silo/Desktop/cleaning_robot_ws/src/robot_description'
[0.267s] INFO:colcon.colcon_core.shell:Skip shell extension 'powershell' for command environment: Not usable outside of PowerShell
[0.267s] DEBUG:colcon.colcon_core.shell:Skip shell extension 'dsv' for command environment
[0.270s] INFO:colcon.colcon_ros.task.ament_cmake.build:Building ROS package in '/home/silo/Desktop/cleaning_robot_ws/src/robot_in_practice' with build type 'ament_cmake'
[0.270s] INFO:colcon.colcon_cmake.task.cmake.build:Building CMake package in '/home/silo/Desktop/cleaning_robot_ws/src/robot_in_practice'
[0.270s] INFO:colcon.colcon_core.shell:Skip shell extension 'powershell' for command environment: Not usable outside of PowerShell
[0.271s] DEBUG:colcon.colcon_core.shell:Skip shell extension 'dsv' for command environment
[0.274s] INFO:colcon.colcon_ros.task.ament_cmake.build:Building ROS package in '/home/silo/Desktop/cleaning_robot_ws/src/robot_lidar' with build type 'ament_cmake'
[0.274s] INFO:colcon.colcon_cmake.task.cmake.build:Building CMake package in '/home/silo/Desktop/cleaning_robot_ws/src/robot_lidar'
[0.274s] INFO:colcon.colcon_core.shell:Skip shell extension 'powershell' for command environment: Not usable outside of PowerShell
[0.274s] DEBUG:colcon.colcon_core.shell:Skip shell extension 'dsv' for command environment
[0.277s] INFO:colcon.colcon_ros.task.ament_cmake.build:Building ROS package in '/home/silo/Desktop/cleaning_robot_ws/src/robot_simulation' with build type 'ament_cmake'
[0.277s] INFO:colcon.colcon_cmake.task.cmake.build:Building CMake package in '/home/silo/Desktop/cleaning_robot_ws/src/robot_simulation'
[0.277s] INFO:colcon.colcon_core.shell:Skip shell extension 'powershell' for command environment: Not usable outside of PowerShell
[0.277s] DEBUG:colcon.colcon_core.shell:Skip shell extension 'dsv' for command environment
[0.286s] DEBUG:colcon.colcon_core.event_handler.log_command:Invoking command in '/home/silo/Desktop/cleaning_robot_ws/build/robot_camera': CMAKE_PREFIX_PATH=${CMAKE_PREFIX_PATH}:/opt/ros/jazzy DEBUGINFOD_URLS=https://debuginfod.ubuntu.com /usr/bin/cmake --build /home/silo/Desktop/cleaning_robot_ws/build/robot_camera -- -j12 -l12
[0.288s] DEBUG:colcon.colcon_core.event_handler.log_command:Invoking command in '/home/silo/Desktop/cleaning_robot_ws/build/robot_control': CMAKE_PREFIX_PATH=${CMAKE_PREFIX_PATH}:/opt/ros/jazzy DEBUGINFOD_URLS=https://debuginfod.ubuntu.com /usr/bin/cmake --build /home/silo/Desktop/cleaning_robot_ws/build/robot_control -- -j12 -l12
[0.290s] DEBUG:colcon.colcon_core.event_handler.log_command:Invoking command in '/home/silo/Desktop/cleaning_robot_ws/build/robot_description': CMAKE_PREFIX_PATH=${CMAKE_PREFIX_PATH}:/opt/ros/jazzy DEBUGINFOD_URLS=https://debuginfod.ubuntu.com /usr/bin/cmake --build /home/silo/Desktop/cleaning_robot_ws/build/robot_description -- -j12 -l12
[0.292s] DEBUG:colcon.colcon_core.event_handler.log_command:Invoking command in '/home/silo/Desktop/cleaning_robot_ws/build/robot_in_practice': CMAKE_PREFIX_PATH=${CMAKE_PREFIX_PATH}:/opt/ros/jazzy DEBUGINFOD_URLS=https://debuginfod.ubuntu.com /usr/bin/cmake --build /home/silo/Desktop/cleaning_robot_ws/build/robot_in_practice -- -j12 -l12
[0.296s] DEBUG:colcon.colcon_core.event_handler.log_command:Invoking command in '/home/silo/Desktop/cleaning_robot_ws/build/robot_lidar': CMAKE_PREFIX_PATH=${CMAKE_PREFIX_PATH}:/opt/ros/jazzy DEBUGINFOD_URLS=https://debuginfod.ubuntu.com /usr/bin/cmake --build /home/silo/Desktop/cleaning_robot_ws/build/robot_lidar -- -j12 -l12
[0.300s] DEBUG:colcon.colcon_core.event_handler.log_command:Invoking command in '/home/silo/Desktop/cleaning_robot_ws/build/robot_simulation': CMAKE_PREFIX_PATH=${CMAKE_PREFIX_PATH}:/opt/ros/jazzy DEBUGINFOD_URLS=https://debuginfod.ubuntu.com /usr/bin/cmake --build /home/silo/Desktop/cleaning_robot_ws/build/robot_simulation -- -j12 -l12
[0.324s] DEBUG:colcon.colcon_core.event_handler.log_command:Invoked command in '/home/silo/Desktop/cleaning_robot_ws/build/robot_control' returned '0': CMAKE_PREFIX_PATH=${CMAKE_PREFIX_PATH}:/opt/ros/jazzy DEBUGINFOD_URLS=https://debuginfod.ubuntu.com /usr/bin/cmake --build /home/silo/Desktop/cleaning_robot_ws/build/robot_control -- -j12 -l12
[0.325s] DEBUG:colcon.colcon_core.event_handler.log_command:Invoked command in '/home/silo/Desktop/cleaning_robot_ws/build/robot_camera' returned '0': CMAKE_PREFIX_PATH=${CMAKE_PREFIX_PATH}:/opt/ros/jazzy DEBUGINFOD_URLS=https://debuginfod.ubuntu.com /usr/bin/cmake --build /home/silo/Desktop/cleaning_robot_ws/build/robot_camera -- -j12 -l12
[0.327s] DEBUG:colcon.colcon_core.event_handler.log_command:Invoked command in '/home/silo/Desktop/cleaning_robot_ws/build/robot_description' returned '0': CMAKE_PREFIX_PATH=${CMAKE_PREFIX_PATH}:/opt/ros/jazzy DEBUGINFOD_URLS=https://debuginfod.ubuntu.com /usr/bin/cmake --build /home/silo/Desktop/cleaning_robot_ws/build/robot_description -- -j12 -l12
[0.330s] DEBUG:colcon.colcon_core.event_handler.log_command:Invoked command in '/home/silo/Desktop/cleaning_robot_ws/build/robot_in_practice' returned '0': CMAKE_PREFIX_PATH=${CMAKE_PREFIX_PATH}:/opt/ros/jazzy DEBUGINFOD_URLS=https://debuginfod.ubuntu.com /usr/bin/cmake --build /home/silo/Desktop/cleaning_robot_ws/build/robot_in_practice -- -j12 -l12
[0.333s] DEBUG:colcon.colcon_core.event_handler.log_command:Invoked command in '/home/silo/Desktop/cleaning_robot_ws/build/robot_lidar' returned '0': CMAKE_PREFIX_PATH=${CMAKE_PREFIX_PATH}:/opt/ros/jazzy DEBUGINFOD_URLS=https://debuginfod.ubuntu.com /usr/bin/cmake --build /home/silo/Desktop/cleaning_robot_ws/build/robot_lidar -- -j12 -l12
[0.351s] DEBUG:colcon.colcon_core.event_handler.log_command:Invoking command in '/home/silo/Desktop/cleaning_robot_ws/build/robot_control': CMAKE_PREFIX_PATH=${CMAKE_PREFIX_PATH}:/opt/ros/jazzy DEBUGINFOD_URLS=https://debuginfod.ubuntu.com /usr/bin/cmake --install /home/silo/Desktop/cleaning_robot_ws/build/robot_control
[0.354s] DEBUG:colcon.colcon_core.event_handler.log_command:Invoking command in '/home/silo/Desktop/cleaning_robot_ws/build/robot_camera': CMAKE_PREFIX_PATH=${CMAKE_PREFIX_PATH}:/opt/ros/jazzy DEBUGINFOD_URLS=https://debuginfod.ubuntu.com /usr/bin/cmake --install /home/silo/Desktop/cleaning_robot_ws/build/robot_camera
[0.354s] DEBUG:colcon.colcon_core.event_handler.log_command:Invoking command in '/home/silo/Desktop/cleaning_robot_ws/build/robot_in_practice': CMAKE_PREFIX_PATH=${CMAKE_PREFIX_PATH}:/opt/ros/jazzy DEBUGINFOD_URLS=https://debuginfod.ubuntu.com /usr/bin/cmake --install /home/silo/Desktop/cleaning_robot_ws/build/robot_in_practice
[0.355s] DEBUG:colcon.colcon_core.event_handler.log_command:Invoking command in '/home/silo/Desktop/cleaning_robot_ws/build/robot_description': CMAKE_PREFIX_PATH=${CMAKE_PREFIX_PATH}:/opt/ros/jazzy DEBUGINFOD_URLS=https://debuginfod.ubuntu.com /usr/bin/cmake --install /home/silo/Desktop/cleaning_robot_ws/build/robot_description
[0.357s] DEBUG:colcon.colcon_core.event_handler.log_command:Invoking command in '/home/silo/Desktop/cleaning_robot_ws/build/robot_lidar': CMAKE_PREFIX_PATH=${CMAKE_PREFIX_PATH}:/opt/ros/jazzy DEBUGINFOD_URLS=https://debuginfod.ubuntu.com /usr/bin/cmake --install /home/silo/Desktop/cleaning_robot_ws/build/robot_lidar
[0.376s] Level 1:colcon.colcon_core.environment:create_environment_scripts_only(robot_control)
[0.385s] DEBUG:colcon.colcon_core.event_handler.log_command:Invoked command in '/home/silo/Desktop/cleaning_robot_ws/build/robot_control' returned '0': CMAKE_PREFIX_PATH=${CMAKE_PREFIX_PATH}:/opt/ros/jazzy DEBUGINFOD_URLS=https://debuginfod.ubuntu.com /usr/bin/cmake --install /home/silo/Desktop/cleaning_robot_ws/build/robot_control
[0.387s] Level 1:colcon.colcon_core.environment:checking '/home/silo/Desktop/cleaning_robot_ws/install/robot_control' for CMake module files
[0.388s] Level 1:colcon.colcon_core.environment:checking '/home/silo/Desktop/cleaning_robot_ws/install/robot_control' for CMake config files
[0.388s] Level 1:colcon.colcon_core.shell:create_environment_hook('robot_control', 'cmake_prefix_path')
[0.388s] INFO:colcon.colcon_core.shell:Creating environment hook '/home/silo/Desktop/cleaning_robot_ws/install/robot_control/share/robot_control/hook/cmake_prefix_path.ps1'
[0.389s] INFO:colcon.colcon_core.shell:Creating environment descriptor '/home/silo/Desktop/cleaning_robot_ws/install/robot_control/share/robot_control/hook/cmake_prefix_path.dsv'
[0.389s] INFO:colcon.colcon_core.shell:Creating environment hook '/home/silo/Desktop/cleaning_robot_ws/install/robot_control/share/robot_control/hook/cmake_prefix_path.sh'
[0.390s] Level 1:colcon.colcon_core.environment:checking '/home/silo/Desktop/cleaning_robot_ws/install/robot_control/bin'
[0.390s] Level 1:colcon.colcon_core.environment:checking '/home/silo/Desktop/cleaning_robot_ws/install/robot_control/lib/pkgconfig/robot_control.pc'
[0.390s] Level 1:colcon.colcon_core.environment:checking '/home/silo/Desktop/cleaning_robot_ws/install/robot_control/lib/python3.12/site-packages'
[0.390s] Level 1:colcon.colcon_core.environment:checking '/home/silo/Desktop/cleaning_robot_ws/install/robot_control/bin'
[0.390s] INFO:colcon.colcon_core.shell:Creating package script '/home/silo/Desktop/cleaning_robot_ws/install/robot_control/share/robot_control/package.ps1'
[0.391s] INFO:colcon.colcon_core.shell:Creating package descriptor '/home/silo/Desktop/cleaning_robot_ws/install/robot_control/share/robot_control/package.dsv'
[0.391s] INFO:colcon.colcon_core.shell:Creating package script '/home/silo/Desktop/cleaning_robot_ws/install/robot_control/share/robot_control/package.sh'
[0.392s] INFO:colcon.colcon_core.shell:Creating package script '/home/silo/Desktop/cleaning_robot_ws/install/robot_control/share/robot_control/package.bash'
[0.393s] INFO:colcon.colcon_core.shell:Creating package script '/home/silo/Desktop/cleaning_robot_ws/install/robot_control/share/robot_control/package.zsh'
[0.393s] Level 1:colcon.colcon_core.environment:create_file_with_runtime_dependencies(/home/silo/Desktop/cleaning_robot_ws/install/robot_control/share/colcon-core/packages/robot_control)
[0.395s] Level 1:colcon.colcon_core.environment:create_environment_scripts_only(robot_camera)
[0.395s] Level 1:colcon.colcon_core.environment:checking '/home/silo/Desktop/cleaning_robot_ws/install/robot_camera' for CMake module files
[0.396s] DEBUG:colcon.colcon_core.event_handler.log_command:Invoked command in '/home/silo/Desktop/cleaning_robot_ws/build/robot_camera' returned '0': CMAKE_PREFIX_PATH=${CMAKE_PREFIX_PATH}:/opt/ros/jazzy DEBUGINFOD_URLS=https://debuginfod.ubuntu.com /usr/bin/cmake --install /home/silo/Desktop/cleaning_robot_ws/build/robot_camera
[0.396s] Level 1:colcon.colcon_core.environment:checking '/home/silo/Desktop/cleaning_robot_ws/install/robot_camera' for CMake config files
[0.396s] Level 1:colcon.colcon_core.shell:create_environment_hook('robot_camera', 'cmake_prefix_path')
[0.397s] INFO:colcon.colcon_core.shell:Creating environment hook '/home/silo/Desktop/cleaning_robot_ws/install/robot_camera/share/robot_camera/hook/cmake_prefix_path.ps1'
[0.397s] INFO:colcon.colcon_core.shell:Creating environment descriptor '/home/silo/Desktop/cleaning_robot_ws/install/robot_camera/share/robot_camera/hook/cmake_prefix_path.dsv'
[0.397s] INFO:colcon.colcon_core.shell:Creating environment hook '/home/silo/Desktop/cleaning_robot_ws/install/robot_camera/share/robot_camera/hook/cmake_prefix_path.sh'
[0.398s] Level 1:colcon.colcon_core.environment:checking '/home/silo/Desktop/cleaning_robot_ws/install/robot_camera/bin'
[0.398s] Level 1:colcon.colcon_core.environment:checking '/home/silo/Desktop/cleaning_robot_ws/install/robot_camera/lib/pkgconfig/robot_camera.pc'
[0.399s] Level 1:colcon.colcon_core.environment:checking '/home/silo/Desktop/cleaning_robot_ws/install/robot_camera/lib/python3.12/site-packages'
[0.399s] Level 1:colcon.colcon_core.environment:checking '/home/silo/Desktop/cleaning_robot_ws/install/robot_camera/bin'
[0.399s] INFO:colcon.colcon_core.shell:Creating package script '/home/silo/Desktop/cleaning_robot_ws/install/robot_camera/share/robot_camera/package.ps1'
[0.399s] INFO:colcon.colcon_core.shell:Creating package descriptor '/home/silo/Desktop/cleaning_robot_ws/install/robot_camera/share/robot_camera/package.dsv'
[0.400s] INFO:colcon.colcon_core.shell:Creating package script '/home/silo/Desktop/cleaning_robot_ws/install/robot_camera/share/robot_camera/package.sh'
[0.400s] INFO:colcon.colcon_core.shell:Creating package script '/home/silo/Desktop/cleaning_robot_ws/install/robot_camera/share/robot_camera/package.bash'
[0.400s] INFO:colcon.colcon_core.shell:Creating package script '/home/silo/Desktop/cleaning_robot_ws/install/robot_camera/share/robot_camera/package.zsh'
[0.401s] Level 1:colcon.colcon_core.environment:create_file_with_runtime_dependencies(/home/silo/Desktop/cleaning_robot_ws/install/robot_camera/share/colcon-core/packages/robot_camera)
[0.401s] Level 1:colcon.colcon_core.environment:create_environment_scripts_only(robot_description)
[0.402s] Level 1:colcon.colcon_core.environment:checking '/home/silo/Desktop/cleaning_robot_ws/install/robot_description' for CMake module files
[0.402s] DEBUG:colcon.colcon_core.event_handler.log_command:Invoked command in '/home/silo/Desktop/cleaning_robot_ws/build/robot_description' returned '0': CMAKE_PREFIX_PATH=${CMAKE_PREFIX_PATH}:/opt/ros/jazzy DEBUGINFOD_URLS=https://debuginfod.ubuntu.com /usr/bin/cmake --install /home/silo/Desktop/cleaning_robot_ws/build/robot_description
[0.403s] Level 1:colcon.colcon_core.environment:checking '/home/silo/Desktop/cleaning_robot_ws/install/robot_description' for CMake config files
[0.403s] Level 1:colcon.colcon_core.shell:create_environment_hook('robot_description', 'cmake_prefix_path')
[0.403s] INFO:colcon.colcon_core.shell:Creating environment hook '/home/silo/Desktop/cleaning_robot_ws/install/robot_description/share/robot_description/hook/cmake_prefix_path.ps1'
[0.403s] INFO:colcon.colcon_core.shell:Creating environment descriptor '/home/silo/Desktop/cleaning_robot_ws/install/robot_description/share/robot_description/hook/cmake_prefix_path.dsv'
[0.404s] INFO:colcon.colcon_core.shell:Creating environment hook '/home/silo/Desktop/cleaning_robot_ws/install/robot_description/share/robot_description/hook/cmake_prefix_path.sh'
[0.404s] Level 1:colcon.colcon_core.environment:checking '/home/silo/Desktop/cleaning_robot_ws/install/robot_description/bin'
[0.404s] Level 1:colcon.colcon_core.environment:checking '/home/silo/Desktop/cleaning_robot_ws/install/robot_description/lib/pkgconfig/robot_description.pc'
[0.404s] Level 1:colcon.colcon_core.environment:checking '/home/silo/Desktop/cleaning_robot_ws/install/robot_description/lib/python3.12/site-packages'
[0.405s] Level 1:colcon.colcon_core.environment:checking '/home/silo/Desktop/cleaning_robot_ws/install/robot_description/bin'
[0.405s] INFO:colcon.colcon_core.shell:Creating package script '/home/silo/Desktop/cleaning_robot_ws/install/robot_description/share/robot_description/package.ps1'
[0.405s] INFO:colcon.colcon_core.shell:Creating package descriptor '/home/silo/Desktop/cleaning_robot_ws/install/robot_description/share/robot_description/package.dsv'
[0.405s] INFO:colcon.colcon_core.shell:Creating package script '/home/silo/Desktop/cleaning_robot_ws/install/robot_description/share/robot_description/package.sh'
[0.406s] INFO:colcon.colcon_core.shell:Creating package script '/home/silo/Desktop/cleaning_robot_ws/install/robot_description/share/robot_description/package.bash'
[0.406s] INFO:colcon.colcon_core.shell:Creating package script '/home/silo/Desktop/cleaning_robot_ws/install/robot_description/share/robot_description/package.zsh'
[0.406s] Level 1:colcon.colcon_core.environment:create_file_with_runtime_dependencies(/home/silo/Desktop/cleaning_robot_ws/install/robot_description/share/colcon-core/packages/robot_description)
[0.407s] Level 1:colcon.colcon_core.environment:create_environment_scripts_only(robot_in_practice)
[0.407s] Level 1:colcon.colcon_core.environment:checking '/home/silo/Desktop/cleaning_robot_ws/install/robot_in_practice' for CMake module files
[0.408s] DEBUG:colcon.colcon_core.event_handler.log_command:Invoked command in '/home/silo/Desktop/cleaning_robot_ws/build/robot_in_practice' returned '0': CMAKE_PREFIX_PATH=${CMAKE_PREFIX_PATH}:/opt/ros/jazzy DEBUGINFOD_URLS=https://debuginfod.ubuntu.com /usr/bin/cmake --install /home/silo/Desktop/cleaning_robot_ws/build/robot_in_practice
[0.408s] Level 1:colcon.colcon_core.environment:checking '/home/silo/Desktop/cleaning_robot_ws/install/robot_in_practice' for CMake config files
[0.409s] Level 1:colcon.colcon_core.shell:create_environment_hook('robot_in_practice', 'cmake_prefix_path')
[0.409s] INFO:colcon.colcon_core.shell:Creating environment hook '/home/silo/Desktop/cleaning_robot_ws/install/robot_in_practice/share/robot_in_practice/hook/cmake_prefix_path.ps1'
[0.409s] INFO:colcon.colcon_core.shell:Creating environment descriptor '/home/silo/Desktop/cleaning_robot_ws/install/robot_in_practice/share/robot_in_practice/hook/cmake_prefix_path.dsv'
[0.410s] INFO:colcon.colcon_core.shell:Creating environment hook '/home/silo/Desktop/cleaning_robot_ws/install/robot_in_practice/share/robot_in_practice/hook/cmake_prefix_path.sh'
[0.410s] Level 1:colcon.colcon_core.environment:checking '/home/silo/Desktop/cleaning_robot_ws/install/robot_in_practice/bin'
[0.410s] Level 1:colcon.colcon_core.environment:checking '/home/silo/Desktop/cleaning_robot_ws/install/robot_in_practice/lib/pkgconfig/robot_in_practice.pc'
[0.411s] Level 1:colcon.colcon_core.environment:checking '/home/silo/Desktop/cleaning_robot_ws/install/robot_in_practice/lib/python3.12/site-packages'
[0.411s] Level 1:colcon.colcon_core.environment:checking '/home/silo/Desktop/cleaning_robot_ws/install/robot_in_practice/bin'
[0.411s] INFO:colcon.colcon_core.shell:Creating package script '/home/silo/Desktop/cleaning_robot_ws/install/robot_in_practice/share/robot_in_practice/package.ps1'
[0.412s] INFO:colcon.colcon_core.shell:Creating package descriptor '/home/silo/Desktop/cleaning_robot_ws/install/robot_in_practice/share/robot_in_practice/package.dsv'
[0.412s] INFO:colcon.colcon_core.shell:Creating package script '/home/silo/Desktop/cleaning_robot_ws/install/robot_in_practice/share/robot_in_practice/package.sh'
[0.413s] INFO:colcon.colcon_core.shell:Creating package script '/home/silo/Desktop/cleaning_robot_ws/install/robot_in_practice/share/robot_in_practice/package.bash'
[0.413s] INFO:colcon.colcon_core.shell:Creating package script '/home/silo/Desktop/cleaning_robot_ws/install/robot_in_practice/share/robot_in_practice/package.zsh'
[0.414s] Level 1:colcon.colcon_core.environment:create_file_with_runtime_dependencies(/home/silo/Desktop/cleaning_robot_ws/install/robot_in_practice/share/colcon-core/packages/robot_in_practice)
[0.415s] Level 1:colcon.colcon_core.environment:create_environment_scripts_only(robot_lidar)
[0.415s] Level 1:colcon.colcon_core.environment:checking '/home/silo/Desktop/cleaning_robot_ws/install/robot_lidar' for CMake module files
[0.416s] DEBUG:colcon.colcon_core.event_handler.log_command:Invoked command in '/home/silo/Desktop/cleaning_robot_ws/build/robot_lidar' returned '0': CMAKE_PREFIX_PATH=${CMAKE_PREFIX_PATH}:/opt/ros/jazzy DEBUGINFOD_URLS=https://debuginfod.ubuntu.com /usr/bin/cmake --install /home/silo/Desktop/cleaning_robot_ws/build/robot_lidar
[0.416s] Level 1:colcon.colcon_core.environment:checking '/home/silo/Desktop/cleaning_robot_ws/install/robot_lidar' for CMake config files
[0.416s] Level 1:colcon.colcon_core.shell:create_environment_hook('robot_lidar', 'cmake_prefix_path')
[0.417s] INFO:colcon.colcon_core.shell:Creating environment hook '/home/silo/Desktop/cleaning_robot_ws/install/robot_lidar/share/robot_lidar/hook/cmake_prefix_path.ps1'
[0.417s] INFO:colcon.colcon_core.shell:Creating environment descriptor '/home/silo/Desktop/cleaning_robot_ws/install/robot_lidar/share/robot_lidar/hook/cmake_prefix_path.dsv'
[0.418s] INFO:colcon.colcon_core.shell:Creating environment hook '/home/silo/Desktop/cleaning_robot_ws/install/robot_lidar/share/robot_lidar/hook/cmake_prefix_path.sh'
[0.418s] Level 1:colcon.colcon_core.environment:checking '/home/silo/Desktop/cleaning_robot_ws/install/robot_lidar/bin'
[0.418s] Level 1:colcon.colcon_core.environment:checking '/home/silo/Desktop/cleaning_robot_ws/install/robot_lidar/lib/pkgconfig/robot_lidar.pc'
[0.419s] Level 1:colcon.colcon_core.environment:checking '/home/silo/Desktop/cleaning_robot_ws/install/robot_lidar/lib/python3.12/site-packages'
[0.419s] Level 1:colcon.colcon_core.environment:checking '/home/silo/Desktop/cleaning_robot_ws/install/robot_lidar/bin'
[0.419s] INFO:colcon.colcon_core.shell:Creating package script '/home/silo/Desktop/cleaning_robot_ws/install/robot_lidar/share/robot_lidar/package.ps1'
[0.420s] INFO:colcon.colcon_core.shell:Creating package descriptor '/home/silo/Desktop/cleaning_robot_ws/install/robot_lidar/share/robot_lidar/package.dsv'
[0.420s] INFO:colcon.colcon_core.shell:Creating package script '/home/silo/Desktop/cleaning_robot_ws/install/robot_lidar/share/robot_lidar/package.sh'
[0.421s] INFO:colcon.colcon_core.shell:Creating package script '/home/silo/Desktop/cleaning_robot_ws/install/robot_lidar/share/robot_lidar/package.bash'
[0.421s] INFO:colcon.colcon_core.shell:Creating package script '/home/silo/Desktop/cleaning_robot_ws/install/robot_lidar/share/robot_lidar/package.zsh'
[0.422s] Level 1:colcon.colcon_core.environment:create_file_with_runtime_dependencies(/home/silo/Desktop/cleaning_robot_ws/install/robot_lidar/share/colcon-core/packages/robot_lidar)
[0.423s] Level 1:colcon.colcon_core.environment:create_environment_scripts_only(robot_control)
[0.424s] Level 1:colcon.colcon_core.environment:checking '/home/silo/Desktop/cleaning_robot_ws/install/robot_control' for CMake module files
[0.425s] Level 1:colcon.colcon_core.environment:checking '/home/silo/Desktop/cleaning_robot_ws/install/robot_control' for CMake config files
[0.425s] Level 1:colcon.colcon_core.shell:create_environment_hook('robot_control', 'cmake_prefix_path')
[0.425s] INFO:colcon.colcon_core.shell:Creating environment hook '/home/silo/Desktop/cleaning_robot_ws/install/robot_control/share/robot_control/hook/cmake_prefix_path.ps1'
[0.426s] INFO:colcon.colcon_core.shell:Creating environment descriptor '/home/silo/Desktop/cleaning_robot_ws/install/robot_control/share/robot_control/hook/cmake_prefix_path.dsv'
[0.426s] INFO:colcon.colcon_core.shell:Creating environment hook '/home/silo/Desktop/cleaning_robot_ws/install/robot_control/share/robot_control/hook/cmake_prefix_path.sh'
[0.427s] Level 1:colcon.colcon_core.environment:checking '/home/silo/Desktop/cleaning_robot_ws/install/robot_control/bin'
[0.427s] Level 1:colcon.colcon_core.environment:checking '/home/silo/Desktop/cleaning_robot_ws/install/robot_control/lib/pkgconfig/robot_control.pc'
[0.427s] Level 1:colcon.colcon_core.environment:checking '/home/silo/Desktop/cleaning_robot_ws/install/robot_control/lib/python3.12/site-packages'
[0.427s] Level 1:colcon.colcon_core.environment:checking '/home/silo/Desktop/cleaning_robot_ws/install/robot_control/bin'
[0.428s] INFO:colcon.colcon_core.shell:Creating package script '/home/silo/Desktop/cleaning_robot_ws/install/robot_control/share/robot_control/package.ps1'
[0.428s] INFO:colcon.colcon_core.shell:Creating package descriptor '/home/silo/Desktop/cleaning_robot_ws/install/robot_control/share/robot_control/package.dsv'
[0.429s] INFO:colcon.colcon_core.shell:Creating package script '/home/silo/Desktop/cleaning_robot_ws/install/robot_control/share/robot_control/package.sh'
[0.429s] INFO:colcon.colcon_core.shell:Creating package script '/home/silo/Desktop/cleaning_robot_ws/install/robot_control/share/robot_control/package.bash'
[0.430s] INFO:colcon.colcon_core.shell:Creating package script '/home/silo/Desktop/cleaning_robot_ws/install/robot_control/share/robot_control/package.zsh'
[0.430s] Level 1:colcon.colcon_core.environment:create_file_with_runtime_dependencies(/home/silo/Desktop/cleaning_robot_ws/install/robot_control/share/colcon-core/packages/robot_control)
[0.432s] Level 1:colcon.colcon_core.environment:create_environment_scripts_only(robot_camera)
[0.432s] Level 1:colcon.colcon_core.environment:checking '/home/silo/Desktop/cleaning_robot_ws/install/robot_camera' for CMake module files
[0.433s] Level 1:colcon.colcon_core.environment:checking '/home/silo/Desktop/cleaning_robot_ws/install/robot_camera' for CMake config files
[0.433s] Level 1:colcon.colcon_core.shell:create_environment_hook('robot_camera', 'cmake_prefix_path')
[0.433s] INFO:colcon.colcon_core.shell:Creating environment hook '/home/silo/Desktop/cleaning_robot_ws/install/robot_camera/share/robot_camera/hook/cmake_prefix_path.ps1'
[0.434s] INFO:colcon.colcon_core.shell:Creating environment descriptor '/home/silo/Desktop/cleaning_robot_ws/install/robot_camera/share/robot_camera/hook/cmake_prefix_path.dsv'
[0.434s] INFO:colcon.colcon_core.shell:Creating environment hook '/home/silo/Desktop/cleaning_robot_ws/install/robot_camera/share/robot_camera/hook/cmake_prefix_path.sh'
[0.435s] Level 1:colcon.colcon_core.environment:checking '/home/silo/Desktop/cleaning_robot_ws/install/robot_camera/bin'
[0.435s] Level 1:colcon.colcon_core.environment:checking '/home/silo/Desktop/cleaning_robot_ws/install/robot_camera/lib/pkgconfig/robot_camera.pc'
[0.436s] Level 1:colcon.colcon_core.environment:checking '/home/silo/Desktop/cleaning_robot_ws/install/robot_camera/lib/python3.12/site-packages'
[0.436s] Level 1:colcon.colcon_core.environment:checking '/home/silo/Desktop/cleaning_robot_ws/install/robot_camera/bin'
[0.436s] INFO:colcon.colcon_core.shell:Creating package script '/home/silo/Desktop/cleaning_robot_ws/install/robot_camera/share/robot_camera/package.ps1'
[0.437s] INFO:colcon.colcon_core.shell:Creating package descriptor '/home/silo/Desktop/cleaning_robot_ws/install/robot_camera/share/robot_camera/package.dsv'
[0.438s] INFO:colcon.colcon_core.shell:Creating package script '/home/silo/Desktop/cleaning_robot_ws/install/robot_camera/share/robot_camera/package.sh'
[0.438s] INFO:colcon.colcon_core.shell:Creating package script '/home/silo/Desktop/cleaning_robot_ws/install/robot_camera/share/robot_camera/package.bash'
[0.439s] INFO:colcon.colcon_core.shell:Creating package script '/home/silo/Desktop/cleaning_robot_ws/install/robot_camera/share/robot_camera/package.zsh'
[0.439s] Level 1:colcon.colcon_core.environment:create_file_with_runtime_dependencies(/home/silo/Desktop/cleaning_robot_ws/install/robot_camera/share/colcon-core/packages/robot_camera)
[0.440s] Level 1:colcon.colcon_core.environment:create_environment_scripts_only(robot_description)
[0.440s] Level 1:colcon.colcon_core.environment:checking '/home/silo/Desktop/cleaning_robot_ws/install/robot_description' for CMake module files
[0.441s] Level 1:colcon.colcon_core.environment:checking '/home/silo/Desktop/cleaning_robot_ws/install/robot_description' for CMake config files
[0.441s] Level 1:colcon.colcon_core.shell:create_environment_hook('robot_description', 'cmake_prefix_path')
[0.442s] INFO:colcon.colcon_core.shell:Creating environment hook '/home/silo/Desktop/cleaning_robot_ws/install/robot_description/share/robot_description/hook/cmake_prefix_path.ps1'
[0.442s] INFO:colcon.colcon_core.shell:Creating environment descriptor '/home/silo/Desktop/cleaning_robot_ws/install/robot_description/share/robot_description/hook/cmake_prefix_path.dsv'
[0.443s] INFO:colcon.colcon_core.shell:Creating environment hook '/home/silo/Desktop/cleaning_robot_ws/install/robot_description/share/robot_description/hook/cmake_prefix_path.sh'
[0.443s] Level 1:colcon.colcon_core.environment:checking '/home/silo/Desktop/cleaning_robot_ws/install/robot_description/bin'
[0.443s] Level 1:colcon.colcon_core.environment:checking '/home/silo/Desktop/cleaning_robot_ws/install/robot_description/lib/pkgconfig/robot_description.pc'
[0.443s] Level 1:colcon.colcon_core.environment:checking '/home/silo/Desktop/cleaning_robot_ws/install/robot_description/lib/python3.12/site-packages'
[0.444s] Level 1:colcon.colcon_core.environment:checking '/home/silo/Desktop/cleaning_robot_ws/install/robot_description/bin'
[0.444s] INFO:colcon.colcon_core.shell:Creating package script '/home/silo/Desktop/cleaning_robot_ws/install/robot_description/share/robot_description/package.ps1'
[0.444s] INFO:colcon.colcon_core.shell:Creating package descriptor '/home/silo/Desktop/cleaning_robot_ws/install/robot_description/share/robot_description/package.dsv'
[0.445s] INFO:colcon.colcon_core.shell:Creating package script '/home/silo/Desktop/cleaning_robot_ws/install/robot_description/share/robot_description/package.sh'
[0.445s] INFO:colcon.colcon_core.shell:Creating package script '/home/silo/Desktop/cleaning_robot_ws/install/robot_description/share/robot_description/package.bash'
[0.445s] INFO:colcon.colcon_core.shell:Creating package script '/home/silo/Desktop/cleaning_robot_ws/install/robot_description/share/robot_description/package.zsh'
[0.446s] Level 1:colcon.colcon_core.environment:create_file_with_runtime_dependencies(/home/silo/Desktop/cleaning_robot_ws/install/robot_description/share/colcon-core/packages/robot_description)
[0.446s] Level 1:colcon.colcon_core.environment:create_environment_scripts_only(robot_in_practice)
[0.446s] Level 1:colcon.colcon_core.environment:checking '/home/silo/Desktop/cleaning_robot_ws/install/robot_in_practice' for CMake module files
[0.447s] Level 1:colcon.colcon_core.environment:checking '/home/silo/Desktop/cleaning_robot_ws/install/robot_in_practice' for CMake config files
[0.447s] Level 1:colcon.colcon_core.shell:create_environment_hook('robot_in_practice', 'cmake_prefix_path')
[0.447s] INFO:colcon.colcon_core.shell:Creating environment hook '/home/silo/Desktop/cleaning_robot_ws/install/robot_in_practice/share/robot_in_practice/hook/cmake_prefix_path.ps1'
[0.448s] INFO:colcon.colcon_core.shell:Creating environment descriptor '/home/silo/Desktop/cleaning_robot_ws/install/robot_in_practice/share/robot_in_practice/hook/cmake_prefix_path.dsv'
[0.448s] INFO:colcon.colcon_core.shell:Creating environment hook '/home/silo/Desktop/cleaning_robot_ws/install/robot_in_practice/share/robot_in_practice/hook/cmake_prefix_path.sh'
[0.448s] Level 1:colcon.colcon_core.environment:checking '/home/silo/Desktop/cleaning_robot_ws/install/robot_in_practice/bin'
[0.448s] Level 1:colcon.colcon_core.environment:checking '/home/silo/Desktop/cleaning_robot_ws/install/robot_in_practice/lib/pkgconfig/robot_in_practice.pc'
[0.449s] Level 1:colcon.colcon_core.environment:checking '/home/silo/Desktop/cleaning_robot_ws/install/robot_in_practice/lib/python3.12/site-packages'
[0.449s] Level 1:colcon.colcon_core.environment:checking '/home/silo/Desktop/cleaning_robot_ws/install/robot_in_practice/bin'
[0.449s] INFO:colcon.colcon_core.shell:Creating package script '/home/silo/Desktop/cleaning_robot_ws/install/robot_in_practice/share/robot_in_practice/package.ps1'
[0.449s] INFO:colcon.colcon_core.shell:Creating package descriptor '/home/silo/Desktop/cleaning_robot_ws/install/robot_in_practice/share/robot_in_practice/package.dsv'
[0.450s] INFO:colcon.colcon_core.shell:Creating package script '/home/silo/Desktop/cleaning_robot_ws/install/robot_in_practice/share/robot_in_practice/package.sh'
[0.450s] INFO:colcon.colcon_core.shell:Creating package script '/home/silo/Desktop/cleaning_robot_ws/install/robot_in_practice/share/robot_in_practice/package.bash'
[0.451s] INFO:colcon.colcon_core.shell:Creating package script '/home/silo/Desktop/cleaning_robot_ws/install/robot_in_practice/share/robot_in_practice/package.zsh'
[0.451s] Level 1:colcon.colcon_core.environment:create_file_with_runtime_dependencies(/home/silo/Desktop/cleaning_robot_ws/install/robot_in_practice/share/colcon-core/packages/robot_in_practice)
[0.452s] Level 1:colcon.colcon_core.environment:create_environment_scripts_only(robot_lidar)
[0.452s] Level 1:colcon.colcon_core.environment:checking '/home/silo/Desktop/cleaning_robot_ws/install/robot_lidar' for CMake module files
[0.453s] Level 1:colcon.colcon_core.environment:checking '/home/silo/Desktop/cleaning_robot_ws/install/robot_lidar' for CMake config files
[0.453s] Level 1:colcon.colcon_core.shell:create_environment_hook('robot_lidar', 'cmake_prefix_path')
[0.453s] INFO:colcon.colcon_core.shell:Creating environment hook '/home/silo/Desktop/cleaning_robot_ws/install/robot_lidar/share/robot_lidar/hook/cmake_prefix_path.ps1'
[0.453s] INFO:colcon.colcon_core.shell:Creating environment descriptor '/home/silo/Desktop/cleaning_robot_ws/install/robot_lidar/share/robot_lidar/hook/cmake_prefix_path.dsv'
[0.454s] INFO:colcon.colcon_core.shell:Creating environment hook '/home/silo/Desktop/cleaning_robot_ws/install/robot_lidar/share/robot_lidar/hook/cmake_prefix_path.sh'
[0.454s] Level 1:colcon.colcon_core.environment:checking '/home/silo/Desktop/cleaning_robot_ws/install/robot_lidar/bin'
[0.454s] Level 1:colcon.colcon_core.environment:checking '/home/silo/Desktop/cleaning_robot_ws/install/robot_lidar/lib/pkgconfig/robot_lidar.pc'
[0.455s] Level 1:colcon.colcon_core.environment:checking '/home/silo/Desktop/cleaning_robot_ws/install/robot_lidar/lib/python3.12/site-packages'
[0.455s] Level 1:colcon.colcon_core.environment:checking '/home/silo/Desktop/cleaning_robot_ws/install/robot_lidar/bin'
[0.455s] INFO:colcon.colcon_core.shell:Creating package script '/home/silo/Desktop/cleaning_robot_ws/install/robot_lidar/share/robot_lidar/package.ps1'
[0.456s] INFO:colcon.colcon_core.shell:Creating package descriptor '/home/silo/Desktop/cleaning_robot_ws/install/robot_lidar/share/robot_lidar/package.dsv'
[0.456s] INFO:colcon.colcon_core.shell:Creating package script '/home/silo/Desktop/cleaning_robot_ws/install/robot_lidar/share/robot_lidar/package.sh'
[0.457s] INFO:colcon.colcon_core.shell:Creating package script '/home/silo/Desktop/cleaning_robot_ws/install/robot_lidar/share/robot_lidar/package.bash'
[0.457s] INFO:colcon.colcon_core.shell:Creating package script '/home/silo/Desktop/cleaning_robot_ws/install/robot_lidar/share/robot_lidar/package.zsh'
[0.457s] Level 1:colcon.colcon_core.environment:create_file_with_runtime_dependencies(/home/silo/Desktop/cleaning_robot_ws/install/robot_lidar/share/colcon-core/packages/robot_lidar)
[1.016s] DEBUG:colcon.colcon_core.event_handler.log_command:Invoked command in '/home/silo/Desktop/cleaning_robot_ws/build/robot_simulation' returned '0': CMAKE_PREFIX_PATH=${CMAKE_PREFIX_PATH}:/opt/ros/jazzy DEBUGINFOD_URLS=https://debuginfod.ubuntu.com /usr/bin/cmake --build /home/silo/Desktop/cleaning_robot_ws/build/robot_simulation -- -j12 -l12
[1.034s] DEBUG:colcon.colcon_core.event_handler.log_command:Invoking command in '/home/silo/Desktop/cleaning_robot_ws/build/robot_simulation': CMAKE_PREFIX_PATH=${CMAKE_PREFIX_PATH}:/opt/ros/jazzy DEBUGINFOD_URLS=https://debuginfod.ubuntu.com /usr/bin/cmake --install /home/silo/Desktop/cleaning_robot_ws/build/robot_simulation
[1.064s] Level 1:colcon.colcon_core.environment:create_environment_scripts_only(robot_simulation)
[1.065s] Level 1:colcon.colcon_core.environment:checking '/home/silo/Desktop/cleaning_robot_ws/install/robot_simulation' for CMake module files
[1.065s] DEBUG:colcon.colcon_core.event_handler.log_command:Invoked command in '/home/silo/Desktop/cleaning_robot_ws/build/robot_simulation' returned '0': CMAKE_PREFIX_PATH=${CMAKE_PREFIX_PATH}:/opt/ros/jazzy DEBUGINFOD_URLS=https://debuginfod.ubuntu.com /usr/bin/cmake --install /home/silo/Desktop/cleaning_robot_ws/build/robot_simulation
[1.066s] Level 1:colcon.colcon_core.environment:checking '/home/silo/Desktop/cleaning_robot_ws/install/robot_simulation' for CMake config files
[1.066s] Level 1:colcon.colcon_core.shell:create_environment_hook('robot_simulation', 'cmake_prefix_path')
[1.066s] INFO:colcon.colcon_core.shell:Creating environment hook '/home/silo/Desktop/cleaning_robot_ws/install/robot_simulation/share/robot_simulation/hook/cmake_prefix_path.ps1'
[1.066s] INFO:colcon.colcon_core.shell:Creating environment descriptor '/home/silo/Desktop/cleaning_robot_ws/install/robot_simulation/share/robot_simulation/hook/cmake_prefix_path.dsv'
[1.067s] INFO:colcon.colcon_core.shell:Creating environment hook '/home/silo/Desktop/cleaning_robot_ws/install/robot_simulation/share/robot_simulation/hook/cmake_prefix_path.sh'
[1.067s] Level 1:colcon.colcon_core.environment:checking '/home/silo/Desktop/cleaning_robot_ws/install/robot_simulation/bin'
[1.067s] Level 1:colcon.colcon_core.environment:checking '/home/silo/Desktop/cleaning_robot_ws/install/robot_simulation/lib/pkgconfig/robot_simulation.pc'
[1.068s] Level 1:colcon.colcon_core.environment:checking '/home/silo/Desktop/cleaning_robot_ws/install/robot_simulation/lib/python3.12/site-packages'
[1.068s] Level 1:colcon.colcon_core.environment:checking '/home/silo/Desktop/cleaning_robot_ws/install/robot_simulation/bin'
[1.068s] INFO:colcon.colcon_core.shell:Creating package script '/home/silo/Desktop/cleaning_robot_ws/install/robot_simulation/share/robot_simulation/package.ps1'
[1.068s] INFO:colcon.colcon_core.shell:Creating package descriptor '/home/silo/Desktop/cleaning_robot_ws/install/robot_simulation/share/robot_simulation/package.dsv'
[1.069s] INFO:colcon.colcon_core.shell:Creating package script '/home/silo/Desktop/cleaning_robot_ws/install/robot_simulation/share/robot_simulation/package.sh'
[1.069s] INFO:colcon.colcon_core.shell:Creating package script '/home/silo/Desktop/cleaning_robot_ws/install/robot_simulation/share/robot_simulation/package.bash'
[1.069s] INFO:colcon.colcon_core.shell:Creating package script '/home/silo/Desktop/cleaning_robot_ws/install/robot_simulation/share/robot_simulation/package.zsh'
[1.070s] Level 1:colcon.colcon_core.environment:create_file_with_runtime_dependencies(/home/silo/Desktop/cleaning_robot_ws/install/robot_simulation/share/colcon-core/packages/robot_simulation)
[1.088s] Level 1:colcon.colcon_core.environment:create_environment_scripts_only(robot_simulation)
[1.088s] Level 1:colcon.colcon_core.environment:checking '/home/silo/Desktop/cleaning_robot_ws/install/robot_simulation' for CMake module files
[1.088s] Level 1:colcon.colcon_core.environment:checking '/home/silo/Desktop/cleaning_robot_ws/install/robot_simulation' for CMake config files
[1.088s] Level 1:colcon.colcon_core.shell:create_environment_hook('robot_simulation', 'cmake_prefix_path')
[1.088s] INFO:colcon.colcon_core.shell:Creating environment hook '/home/silo/Desktop/cleaning_robot_ws/install/robot_simulation/share/robot_simulation/hook/cmake_prefix_path.ps1'
[1.089s] INFO:colcon.colcon_core.shell:Creating environment descriptor '/home/silo/Desktop/cleaning_robot_ws/install/robot_simulation/share/robot_simulation/hook/cmake_prefix_path.dsv'
[1.089s] INFO:colcon.colcon_core.shell:Creating environment hook '/home/silo/Desktop/cleaning_robot_ws/install/robot_simulation/share/robot_simulation/hook/cmake_prefix_path.sh'
[1.090s] Level 1:colcon.colcon_core.environment:checking '/home/silo/Desktop/cleaning_robot_ws/install/robot_simulation/bin'
[1.090s] Level 1:colcon.colcon_core.environment:checking '/home/silo/Desktop/cleaning_robot_ws/install/robot_simulation/lib/pkgconfig/robot_simulation.pc'
[1.090s] Level 1:colcon.colcon_core.environment:checking '/home/silo/Desktop/cleaning_robot_ws/install/robot_simulation/lib/python3.12/site-packages'
[1.090s] Level 1:colcon.colcon_core.environment:checking '/home/silo/Desktop/cleaning_robot_ws/install/robot_simulation/bin'
[1.090s] INFO:colcon.colcon_core.shell:Creating package script '/home/silo/Desktop/cleaning_robot_ws/install/robot_simulation/share/robot_simulation/package.ps1'
[1.091s] INFO:colcon.colcon_core.shell:Creating package descriptor '/home/silo/Desktop/cleaning_robot_ws/install/robot_simulation/share/robot_simulation/package.dsv'
[1.091s] INFO:colcon.colcon_core.shell:Creating package script '/home/silo/Desktop/cleaning_robot_ws/install/robot_simulation/share/robot_simulation/package.sh'
[1.091s] INFO:colcon.colcon_core.shell:Creating package script '/home/silo/Desktop/cleaning_robot_ws/install/robot_simulation/share/robot_simulation/package.bash'
[1.092s] INFO:colcon.colcon_core.shell:Creating package script '/home/silo/Desktop/cleaning_robot_ws/install/robot_simulation/share/robot_simulation/package.zsh'
[1.092s] Level 1:colcon.colcon_core.environment:create_file_with_runtime_dependencies(/home/silo/Desktop/cleaning_robot_ws/install/robot_simulation/share/colcon-core/packages/robot_simulation)
[1.092s] DEBUG:colcon.colcon_parallel_executor.executor.parallel:closing loop
[1.092s] DEBUG:colcon.colcon_parallel_executor.executor.parallel:loop closed
[1.093s] DEBUG:colcon.colcon_parallel_executor.executor.parallel:run_until_complete finished with '0'
[1.093s] DEBUG:colcon.colcon_core.event_reactor:joining thread
[1.098s] INFO:colcon.colcon_core.plugin_system:Skipping extension 'colcon_notification.desktop_notification.terminal_notifier': Not used on non-Darwin systems
[1.098s] INFO:colcon.colcon_core.plugin_system:Skipping extension 'colcon_notification.desktop_notification.win32': Not used on non-Windows systems
[1.098s] INFO:colcon.colcon_notification.desktop_notification:Sending desktop notification using 'notify2'
[1.114s] DEBUG:colcon.colcon_core.event_reactor:joined thread
[1.114s] INFO:colcon.colcon_core.shell:Creating prefix script '/home/silo/Desktop/cleaning_robot_ws/install/local_setup.ps1'
[1.115s] INFO:colcon.colcon_core.shell:Creating prefix util module '/home/silo/Desktop/cleaning_robot_ws/install/_local_setup_util_ps1.py'
[1.116s] INFO:colcon.colcon_core.shell:Creating prefix chain script '/home/silo/Desktop/cleaning_robot_ws/install/setup.ps1'
[1.117s] INFO:colcon.colcon_core.shell:Creating prefix script '/home/silo/Desktop/cleaning_robot_ws/install/local_setup.sh'
[1.118s] INFO:colcon.colcon_core.shell:Creating prefix util module '/home/silo/Desktop/cleaning_robot_ws/install/_local_setup_util_sh.py'
[1.118s] INFO:colcon.colcon_core.shell:Creating prefix chain script '/home/silo/Desktop/cleaning_robot_ws/install/setup.sh'
[1.119s] INFO:colcon.colcon_core.shell:Creating prefix script '/home/silo/Desktop/cleaning_robot_ws/install/local_setup.bash'
[1.120s] INFO:colcon.colcon_core.shell:Creating prefix chain script '/home/silo/Desktop/cleaning_robot_ws/install/setup.bash'
[1.121s] INFO:colcon.colcon_core.shell:Creating prefix script '/home/silo/Desktop/cleaning_robot_ws/install/local_setup.zsh'
[1.122s] INFO:colcon.colcon_core.shell:Creating prefix chain script '/home/silo/Desktop/cleaning_robot_ws/install/setup.zsh'
