[0.021s] Invoking command in '/home/silo/Desktop/cleaning_robot_ws/build/robot_description': CMAKE_PREFIX_PATH=${CMAKE_PREFIX_PATH}:/opt/ros/jazzy DEBUGINFOD_URLS=https://debuginfod.ubuntu.com /usr/bin/cmake --build /home/silo/Desktop/cleaning_robot_ws/build/robot_description -- -j12 -l12
[0.071s] Invoked command in '/home/silo/Desktop/cleaning_robot_ws/build/robot_description' returned '0': CMAKE_PREFIX_PATH=${CMAKE_PREFIX_PATH}:/opt/ros/jazzy DEBUGINFOD_URLS=https://debuginfod.ubuntu.com /usr/bin/cmake --build /home/silo/Desktop/cleaning_robot_ws/build/robot_description -- -j12 -l12
[0.108s] Invoking command in '/home/silo/Desktop/cleaning_robot_ws/build/robot_description': CMAKE_PREFIX_PATH=${CMAKE_PREFIX_PATH}:/opt/ros/jazzy DEBUGINFOD_URLS=https://debuginfod.ubuntu.com /usr/bin/cmake --install /home/silo/Desktop/cleaning_robot_ws/build/robot_description
[0.121s] -- Install configuration: ""
[0.122s] -- Up-to-date: /home/silo/Desktop/cleaning_robot_ws/install/robot_description/share/ament_index/resource_index/package_run_dependencies/robot_description
[0.122s] -- Up-to-date: /home/silo/Desktop/cleaning_robot_ws/install/robot_description/share/ament_index/resource_index/parent_prefix_path/robot_description
[0.122s] -- Up-to-date: /home/silo/Desktop/cleaning_robot_ws/install/robot_description/share/robot_description/environment/ament_prefix_path.sh
[0.122s] -- Up-to-date: /home/silo/Desktop/cleaning_robot_ws/install/robot_description/share/robot_description/environment/ament_prefix_path.dsv
[0.122s] -- Up-to-date: /home/silo/Desktop/cleaning_robot_ws/install/robot_description/share/robot_description/environment/path.sh
[0.122s] -- Up-to-date: /home/silo/Desktop/cleaning_robot_ws/install/robot_description/share/robot_description/environment/path.dsv
[0.122s] -- Up-to-date: /home/silo/Desktop/cleaning_robot_ws/install/robot_description/share/robot_description/local_setup.bash
[0.123s] -- Up-to-date: /home/silo/Desktop/cleaning_robot_ws/install/robot_description/share/robot_description/local_setup.sh
[0.123s] -- Up-to-date: /home/silo/Desktop/cleaning_robot_ws/install/robot_description/share/robot_description/local_setup.zsh
[0.123s] -- Up-to-date: /home/silo/Desktop/cleaning_robot_ws/install/robot_description/share/robot_description/local_setup.dsv
[0.123s] -- Up-to-date: /home/silo/Desktop/cleaning_robot_ws/install/robot_description/share/robot_description/package.dsv
[0.123s] -- Up-to-date: /home/silo/Desktop/cleaning_robot_ws/install/robot_description/share/ament_index/resource_index/packages/robot_description
[0.123s] -- Up-to-date: /home/silo/Desktop/cleaning_robot_ws/install/robot_description/share/robot_description/cmake/robot_descriptionConfig.cmake
[0.123s] -- Up-to-date: /home/silo/Desktop/cleaning_robot_ws/install/robot_description/share/robot_description/cmake/robot_descriptionConfig-version.cmake
[0.123s] -- Up-to-date: /home/silo/Desktop/cleaning_robot_ws/install/robot_description/share/robot_description/package.xml
[0.140s] Invoked command in '/home/silo/Desktop/cleaning_robot_ws/build/robot_description' returned '0': CMAKE_PREFIX_PATH=${CMAKE_PREFIX_PATH}:/opt/ros/jazzy DEBUGINFOD_URLS=https://debuginfod.ubuntu.com /usr/bin/cmake --install /home/silo/Desktop/cleaning_robot_ws/build/robot_description
