[0.023s] Invoking command in '/home/silo/Desktop/cleaning_robot_ws/build/robot_description': CMAKE_PREFIX_PATH=${CMAKE_PREFIX_PATH}:/opt/ros/jazzy DEBUGINFOD_URLS=https://debuginfod.ubuntu.com /usr/bin/cmake --build /home/silo/Desktop/cleaning_robot_ws/build/robot_description -- -j12 -l12
[0.053s] -- Found ament_cmake: 2.5.2 (/opt/ros/jazzy/share/ament_cmake/cmake)
[0.336s] -- Found rclcpp: 28.1.3 (/opt/ros/jazzy/share/rclcpp/cmake)
[0.375s] -- Found rosidl_generator_c: 4.6.3 (/opt/ros/jazzy/share/rosidl_generator_c/cmake)
[0.390s] -- Found rosidl_generator_cpp: 4.6.3 (/opt/ros/jazzy/share/rosidl_generator_cpp/cmake)
[0.410s] -- Using all available rosidl_typesupport_c: rosidl_typesupport_fastrtps_c;rosidl_typesupport_introspection_c
[0.433s] -- Using all available rosidl_typesupport_cpp: rosidl_typesupport_fastrtps_cpp;rosidl_typesupport_introspection_cpp
[0.533s] -- Found rmw_implementation_cmake: 7.3.1 (/opt/ros/jazzy/share/rmw_implementation_cmake/cmake)
[0.535s] -- Found rmw_fastrtps_cpp: 8.4.1 (/opt/ros/jazzy/share/rmw_fastrtps_cpp/cmake)
[0.632s] -- Using RMW implementation 'rmw_fastrtps_cpp' as default
[0.726s] -- Found std_msgs: 5.3.5 (/opt/ros/jazzy/share/std_msgs/cmake)
[0.744s] -- Found ament_lint_auto: 0.17.1 (/opt/ros/jazzy/share/ament_lint_auto/cmake)
[0.865s] -- Added test 'flake8' to check Python code syntax and style conventions
[0.865s] -- Configured 'flake8' exclude dirs and/or files: 
[0.866s] -- Added test 'lint_cmake' to check CMake code style
[0.867s] -- Added test 'pep257' to check Python code against some of the docstring style conventions in PEP 257
[0.870s] -- Added test 'xmllint' to check XML markup files
[0.871s] -- Configuring done (0.8s)
[0.877s] -- Generating done (0.0s)
[0.879s] -- Build files have been written to: /home/silo/Desktop/cleaning_robot_ws/build/robot_description
[0.910s] Invoked command in '/home/silo/Desktop/cleaning_robot_ws/build/robot_description' returned '0': CMAKE_PREFIX_PATH=${CMAKE_PREFIX_PATH}:/opt/ros/jazzy DEBUGINFOD_URLS=https://debuginfod.ubuntu.com /usr/bin/cmake --build /home/silo/Desktop/cleaning_robot_ws/build/robot_description -- -j12 -l12
[0.950s] Invoking command in '/home/silo/Desktop/cleaning_robot_ws/build/robot_description': CMAKE_PREFIX_PATH=${CMAKE_PREFIX_PATH}:/opt/ros/jazzy DEBUGINFOD_URLS=https://debuginfod.ubuntu.com /usr/bin/cmake --install /home/silo/Desktop/cleaning_robot_ws/build/robot_description
[0.975s] -- Install configuration: ""
[0.976s] -- Installing: /home/silo/Desktop/cleaning_robot_ws/install/robot_description/share/robot_description/launch
[0.977s] -- Installing: /home/silo/Desktop/cleaning_robot_ws/install/robot_description/share/robot_description/launch/robot_sdf.launch.py
[0.977s] -- Installing: /home/silo/Desktop/cleaning_robot_ws/install/robot_description/share/robot_description/launch/robot_xacro.launch.py
[0.977s] -- Installing: /home/silo/Desktop/cleaning_robot_ws/install/robot_description/share/robot_description/config
[0.978s] -- Installing: /home/silo/Desktop/cleaning_robot_ws/install/robot_description/share/robot_description/config/view_robot.rviz2
[0.979s] -- Installing: /home/silo/Desktop/cleaning_robot_ws/install/robot_description/share/robot_description/model
[0.979s] -- Installing: /home/silo/Desktop/cleaning_robot_ws/install/robot_description/share/robot_description/model/robot_model.sdf
[0.979s] -- Installing: /home/silo/Desktop/cleaning_robot_ws/install/robot_description/share/robot_description/model/fm_description
[0.980s] -- Installing: /home/silo/Desktop/cleaning_robot_ws/install/robot_description/share/robot_description/model/fm_description/v5 - fix_left.stl
[0.980s] -- Installing: /home/silo/Desktop/cleaning_robot_ws/install/robot_description/share/robot_description/model/fm_description/v5 - alu_20x20_cam-top.stl
[0.981s] -- Installing: /home/silo/Desktop/cleaning_robot_ws/install/robot_description/share/robot_description/model/fm_description/v5 - side_back_1.stl
[0.996s] -- Installing: /home/silo/Desktop/cleaning_robot_ws/install/robot_description/share/robot_description/model/fm_description/v5 - X.stl
[0.996s] -- Installing: /home/silo/Desktop/cleaning_robot_ws/install/robot_description/share/robot_description/model/fm_description/v5 - mount_2_fejemis_2.stl
[1.002s] -- Installing: /home/silo/Desktop/cleaning_robot_ws/install/robot_description/share/robot_description/model/fm_description/v5 - fixed-part.stl
[1.009s] -- Installing: /home/silo/Desktop/cleaning_robot_ws/install/robot_description/share/robot_description/model/fm_description/v5 - up-base.stl
[1.017s] -- Installing: /home/silo/Desktop/cleaning_robot_ws/install/robot_description/share/robot_description/model/fm_description/v5 - side_back_2.stl
[1.034s] -- Installing: /home/silo/Desktop/cleaning_robot_ws/install/robot_description/share/robot_description/model/fm_description/v5 - tube-3-mount.stl
[1.039s] -- Installing: /home/silo/Desktop/cleaning_robot_ws/install/robot_description/share/robot_description/model/fm_description/v5 - kost_bottom.stl
[1.039s] -- Installing: /home/silo/Desktop/cleaning_robot_ws/install/robot_description/share/robot_description/model/fm_description/v5 - wheel.stl
[1.040s] -- Installing: /home/silo/Desktop/cleaning_robot_ws/install/robot_description/share/robot_description/model/fm_description/v5 - MEC060316_8.stl
[1.041s] -- Installing: /home/silo/Desktop/cleaning_robot_ws/install/robot_description/share/robot_description/model/fm_description/v5 - wheel_wide.stl
[1.043s] -- Installing: /home/silo/Desktop/cleaning_robot_ws/install/robot_description/share/robot_description/model/fm_description/v5 - motor_dsmp420-12-504.stl
[1.044s] -- Installing: /home/silo/Desktop/cleaning_robot_ws/install/robot_description/share/robot_description/model/fm_description/v5 - servo.stl
[1.044s] -- Installing: /home/silo/Desktop/cleaning_robot_ws/install/robot_description/share/robot_description/model/fm_description/v5 - Part 4.stl
[1.045s] -- Installing: /home/silo/Desktop/cleaning_robot_ws/install/robot_description/share/robot_description/model/fm_description/v5 - bearing-block.stl
[1.053s] -- Installing: /home/silo/Desktop/cleaning_robot_ws/install/robot_description/share/robot_description/model/fm_description/v5 - alu_20x20-inner.stl
[1.054s] -- Installing: /home/silo/Desktop/cleaning_robot_ws/install/robot_description/share/robot_description/model/fm_description/v5 - tube-2-mount.stl
[1.060s] -- Installing: /home/silo/Desktop/cleaning_robot_ws/install/robot_description/share/robot_description/model/fm_description/v5 - kost_top.stl
[1.060s] -- Installing: /home/silo/Desktop/cleaning_robot_ws/install/robot_description/share/robot_description/model/fm_description/v5 - fork.stl
[1.065s] -- Installing: /home/silo/Desktop/cleaning_robot_ws/install/robot_description/share/robot_description/model/fm_description/v5 - mount_2_fejemis_1.stl
[1.069s] -- Installing: /home/silo/Desktop/cleaning_robot_ws/install/robot_description/share/robot_description/model/fm_description/v5 - tube-1.stl
[1.070s] -- Installing: /home/silo/Desktop/cleaning_robot_ws/install/robot_description/share/robot_description/model/fm_description/v5 - tube-2.stl
[1.070s] -- Installing: /home/silo/Desktop/cleaning_robot_ws/install/robot_description/share/robot_description/model/fm_description/v5 - MEC060318_11.stl
[1.072s] -- Installing: /home/silo/Desktop/cleaning_robot_ws/install/robot_description/share/robot_description/model/fm_description/v5 - wheel-knot.stl
[1.072s] -- Installing: /home/silo/Desktop/cleaning_robot_ws/install/robot_description/share/robot_description/model/fm_description/v5 - wheel_adaptor_1.stl
[1.074s] -- Installing: /home/silo/Desktop/cleaning_robot_ws/install/robot_description/share/robot_description/model/fm_description/v5 - tube-top.stl
[1.081s] -- Installing: /home/silo/Desktop/cleaning_robot_ws/install/robot_description/share/robot_description/model/fm_description/v5 - side_1.stl
[1.088s] -- Installing: /home/silo/Desktop/cleaning_robot_ws/install/robot_description/share/robot_description/model/fm_description/v5 - Y.stl
[1.088s] -- Installing: /home/silo/Desktop/cleaning_robot_ws/install/robot_description/share/robot_description/model/fm_description/v5 - Spur_gear_48_teeth.stl
[1.091s] -- Installing: /home/silo/Desktop/cleaning_robot_ws/install/robot_description/share/robot_description/model/fm_description/v5 - DS5_0390_LABEL_FRONT_ADH_D455_3.stl
[1.091s] -- Installing: /home/silo/Desktop/cleaning_robot_ws/install/robot_description/share/robot_description/model/fm_description/v5 - link-lower.stl
[1.094s] -- Installing: /home/silo/Desktop/cleaning_robot_ws/install/robot_description/share/robot_description/model/fm_description/v5 - teensy_board.stl
[1.094s] -- Installing: /home/silo/Desktop/cleaning_robot_ws/install/robot_description/share/robot_description/model/fm_description/v5 - Z.stl
[1.094s] -- Installing: /home/silo/Desktop/cleaning_robot_ws/install/robot_description/share/robot_description/model/fm_description/v5 - Spur gear (16 teeth).stl
[1.096s] -- Installing: /home/silo/Desktop/cleaning_robot_ws/install/robot_description/share/robot_description/model/fm_description/v5 - MEC060311_6.stl
[1.096s] -- Installing: /home/silo/Desktop/cleaning_robot_ws/install/robot_description/share/robot_description/model/fm_description/v5 - Part 1.stl
[1.099s] -- Installing: /home/silo/Desktop/cleaning_robot_ws/install/robot_description/share/robot_description/model/fm_description/v5 - side_2.stl
[1.105s] -- Installing: /home/silo/Desktop/cleaning_robot_ws/install/robot_description/share/robot_description/model/fm_description/v5 - MEC060304_3.stl
[1.105s] -- Installing: /home/silo/Desktop/cleaning_robot_ws/install/robot_description/share/robot_description/model/fm_description/v5 - fix_right.stl
[1.106s] -- Installing: /home/silo/Desktop/cleaning_robot_ws/install/robot_description/share/robot_description/model/fm_description/v5 - tube-4-mount.stl
[1.108s] -- Installing: /home/silo/Desktop/cleaning_robot_ws/install/robot_description/share/robot_description/model/fm_description/v5 - servi-horn.stl
[1.109s] -- Installing: /home/silo/Desktop/cleaning_robot_ws/install/robot_description/share/robot_description/model/fm_description/v5 - AM0600115_INT_REV01_2_SW0001_1.stl
[1.109s] -- Installing: /home/silo/Desktop/cleaning_robot_ws/install/robot_description/share/robot_description/model/fm_description/v5 - alu_20x20_to_fejemis.stl
[1.109s] -- Installing: /home/silo/Desktop/cleaning_robot_ws/install/robot_description/share/robot_description/model/fm_description/v5 - D435-mount-V.stl
[1.115s] -- Installing: /home/silo/Desktop/cleaning_robot_ws/install/robot_description/share/robot_description/model/fm_description/v5 - DS5_0390_LABEL_FRONT_MOD_D455_5.stl
[1.115s] -- Installing: /home/silo/Desktop/cleaning_robot_ws/install/robot_description/share/robot_description/model/fm_description/v5 - D455-mount-h.stl
[1.119s] -- Installing: /home/silo/Desktop/cleaning_robot_ws/install/robot_description/share/robot_description/model/fm_description/v5 - pololu-8mm-flange.stl
[1.120s] -- Installing: /home/silo/Desktop/cleaning_robot_ws/install/robot_description/share/robot_description/model/fm_description/v5 - tube-1-mount.stl
[1.121s] -- Installing: /home/silo/Desktop/cleaning_robot_ws/install/robot_description/share/robot_description/xacro
[1.122s] -- Installing: /home/silo/Desktop/cleaning_robot_ws/install/robot_description/share/robot_description/xacro/robot_core.xacro
[1.122s] -- Installing: /home/silo/Desktop/cleaning_robot_ws/install/robot_description/share/robot_description/xacro/camera.xacro
[1.122s] -- Installing: /home/silo/Desktop/cleaning_robot_ws/install/robot_description/share/robot_description/xacro/ros2_control.xacro
[1.122s] -- Installing: /home/silo/Desktop/cleaning_robot_ws/install/robot_description/share/robot_description/xacro/robot.urdf.xacro
[1.122s] -- Installing: /home/silo/Desktop/cleaning_robot_ws/install/robot_description/share/robot_description/xacro/lidar.xacro
[1.123s] -- Installing: /home/silo/Desktop/cleaning_robot_ws/install/robot_description/share/robot_description/xacro/gazebo_control.xacro
[1.123s] -- Installing: /home/silo/Desktop/cleaning_robot_ws/install/robot_description/share/robot_description/xacro/inertial_macros.xacro
[1.123s] -- Installing: /home/silo/Desktop/cleaning_robot_ws/install/robot_description/share/robot_description/xacro/depth_camera.xacro
[1.123s] -- Up-to-date: /home/silo/Desktop/cleaning_robot_ws/install/robot_description/share/ament_index/resource_index/package_run_dependencies/robot_description
[1.123s] -- Installing: /home/silo/Desktop/cleaning_robot_ws/install/robot_description/share/ament_index/resource_index/parent_prefix_path/robot_description
[1.123s] -- Up-to-date: /home/silo/Desktop/cleaning_robot_ws/install/robot_description/share/robot_description/environment/ament_prefix_path.sh
[1.123s] -- Up-to-date: /home/silo/Desktop/cleaning_robot_ws/install/robot_description/share/robot_description/environment/ament_prefix_path.dsv
[1.124s] -- Up-to-date: /home/silo/Desktop/cleaning_robot_ws/install/robot_description/share/robot_description/environment/path.sh
[1.124s] -- Up-to-date: /home/silo/Desktop/cleaning_robot_ws/install/robot_description/share/robot_description/environment/path.dsv
[1.124s] -- Up-to-date: /home/silo/Desktop/cleaning_robot_ws/install/robot_description/share/robot_description/local_setup.bash
[1.124s] -- Up-to-date: /home/silo/Desktop/cleaning_robot_ws/install/robot_description/share/robot_description/local_setup.sh
[1.124s] -- Up-to-date: /home/silo/Desktop/cleaning_robot_ws/install/robot_description/share/robot_description/local_setup.zsh
[1.124s] -- Up-to-date: /home/silo/Desktop/cleaning_robot_ws/install/robot_description/share/robot_description/local_setup.dsv
[1.124s] -- Installing: /home/silo/Desktop/cleaning_robot_ws/install/robot_description/share/robot_description/package.dsv
[1.124s] -- Up-to-date: /home/silo/Desktop/cleaning_robot_ws/install/robot_description/share/ament_index/resource_index/packages/robot_description
[1.124s] -- Up-to-date: /home/silo/Desktop/cleaning_robot_ws/install/robot_description/share/robot_description/cmake/robot_descriptionConfig.cmake
[1.125s] -- Up-to-date: /home/silo/Desktop/cleaning_robot_ws/install/robot_description/share/robot_description/cmake/robot_descriptionConfig-version.cmake
[1.125s] -- Up-to-date: /home/silo/Desktop/cleaning_robot_ws/install/robot_description/share/robot_description/package.xml
[1.126s] Invoked command in '/home/silo/Desktop/cleaning_robot_ws/build/robot_description' returned '0': CMAKE_PREFIX_PATH=${CMAKE_PREFIX_PATH}:/opt/ros/jazzy DEBUGINFOD_URLS=https://debuginfod.ubuntu.com /usr/bin/cmake --install /home/silo/Desktop/cleaning_robot_ws/build/robot_description
