[0.031s] Invoking command in '/home/silo/Desktop/cleaning_robot_ws/build/robot_camera': CMAKE_PREFIX_PATH=${CMAKE_PREFIX_PATH}:/opt/ros/jazzy DEBUGINFOD_URLS=https://debuginfod.ubuntu.com /usr/bin/cmake --build /home/silo/Desktop/cleaning_robot_ws/build/robot_camera -- -j12 -l12
[0.083s] Invoked command in '/home/silo/Desktop/cleaning_robot_ws/build/robot_camera' returned '0': CMAKE_PREFIX_PATH=${CMAKE_PREFIX_PATH}:/opt/ros/jazzy DEBUGINFOD_URLS=https://debuginfod.ubuntu.com /usr/bin/cmake --build /home/silo/Desktop/cleaning_robot_ws/build/robot_camera -- -j12 -l12
[0.123s] Invoking command in '/home/silo/Desktop/cleaning_robot_ws/build/robot_camera': CMAKE_PREFIX_PATH=${CMAKE_PREFIX_PATH}:/opt/ros/jazzy DEBUGINFOD_URLS=https://debuginfod.ubuntu.com /usr/bin/cmake --install /home/silo/Desktop/cleaning_robot_ws/build/robot_camera
[0.133s] -- Install configuration: ""
[0.133s] -- Execute custom install script
[0.134s] -- Up-to-date symlink: /home/silo/Desktop/cleaning_robot_ws/install/robot_camera/share/ament_index/resource_index/package_run_dependencies/robot_camera
[0.134s] -- Up-to-date symlink: /home/silo/Desktop/cleaning_robot_ws/install/robot_camera/share/ament_index/resource_index/parent_prefix_path/robot_camera
[0.135s] -- Up-to-date symlink: /home/silo/Desktop/cleaning_robot_ws/install/robot_camera/share/robot_camera/environment/ament_prefix_path.sh
[0.135s] -- Up-to-date symlink: /home/silo/Desktop/cleaning_robot_ws/install/robot_camera/share/robot_camera/environment/ament_prefix_path.dsv
[0.135s] -- Up-to-date symlink: /home/silo/Desktop/cleaning_robot_ws/install/robot_camera/share/robot_camera/environment/path.sh
[0.135s] -- Up-to-date symlink: /home/silo/Desktop/cleaning_robot_ws/install/robot_camera/share/robot_camera/environment/path.dsv
[0.136s] -- Up-to-date symlink: /home/silo/Desktop/cleaning_robot_ws/install/robot_camera/share/robot_camera/local_setup.bash
[0.137s] -- Up-to-date symlink: /home/silo/Desktop/cleaning_robot_ws/install/robot_camera/share/robot_camera/local_setup.sh
[0.137s] -- Up-to-date symlink: /home/silo/Desktop/cleaning_robot_ws/install/robot_camera/share/robot_camera/local_setup.zsh
[0.137s] -- Up-to-date symlink: /home/silo/Desktop/cleaning_robot_ws/install/robot_camera/share/robot_camera/local_setup.dsv
[0.137s] -- Symlinking: /home/silo/Desktop/cleaning_robot_ws/install/robot_camera/share/robot_camera/package.dsv
[0.163s] -- Up-to-date symlink: /home/silo/Desktop/cleaning_robot_ws/install/robot_camera/share/ament_index/resource_index/packages/robot_camera
[0.163s] -- Up-to-date symlink: /home/silo/Desktop/cleaning_robot_ws/install/robot_camera/share/robot_camera/cmake/robot_cameraConfig.cmake
[0.164s] -- Up-to-date symlink: /home/silo/Desktop/cleaning_robot_ws/install/robot_camera/share/robot_camera/cmake/robot_cameraConfig-version.cmake
[0.164s] -- Up-to-date symlink: /home/silo/Desktop/cleaning_robot_ws/install/robot_camera/share/robot_camera/package.xml
[0.168s] Invoked command in '/home/silo/Desktop/cleaning_robot_ws/build/robot_camera' returned '0': CMAKE_PREFIX_PATH=${CMAKE_PREFIX_PATH}:/opt/ros/jazzy DEBUGINFOD_URLS=https://debuginfod.ubuntu.com /usr/bin/cmake --install /home/silo/Desktop/cleaning_robot_ws/build/robot_camera
