[0.015s] Invoking command in '/home/silo/Desktop/cleaning_robot_ws/build/robot_in_practice': CMAKE_PREFIX_PATH=${CMAKE_PREFIX_PATH}:/opt/ros/jazzy DEBUGINFOD_URLS=https://debuginfod.ubuntu.com /usr/bin/cmake --build /home/silo/Desktop/cleaning_robot_ws/build/robot_in_practice -- -j12 -l12
[0.051s] Invoked command in '/home/silo/Desktop/cleaning_robot_ws/build/robot_in_practice' returned '0': CMAKE_PREFIX_PATH=${CMAKE_PREFIX_PATH}:/opt/ros/jazzy DEBUGINFOD_URLS=https://debuginfod.ubuntu.com /usr/bin/cmake --build /home/silo/Desktop/cleaning_robot_ws/build/robot_in_practice -- -j12 -l12
[0.073s] Invoking command in '/home/silo/Desktop/cleaning_robot_ws/build/robot_in_practice': CMAKE_PREFIX_PATH=${CMAKE_PREFIX_PATH}:/opt/ros/jazzy DEBUGINFOD_URLS=https://debuginfod.ubuntu.com /usr/bin/cmake --install /home/silo/Desktop/cleaning_robot_ws/build/robot_in_practice
[0.080s] -- Install configuration: ""
[0.081s] -- Execute custom install script
[0.082s] -- Up-to-date symlink: /home/silo/Desktop/cleaning_robot_ws/install/robot_in_practice/share/ament_index/resource_index/package_run_dependencies/robot_in_practice
[0.083s] -- Up-to-date symlink: /home/silo/Desktop/cleaning_robot_ws/install/robot_in_practice/share/ament_index/resource_index/parent_prefix_path/robot_in_practice
[0.083s] -- Up-to-date symlink: /home/silo/Desktop/cleaning_robot_ws/install/robot_in_practice/share/robot_in_practice/environment/ament_prefix_path.sh
[0.083s] -- Up-to-date symlink: /home/silo/Desktop/cleaning_robot_ws/install/robot_in_practice/share/robot_in_practice/environment/ament_prefix_path.dsv
[0.083s] -- Up-to-date symlink: /home/silo/Desktop/cleaning_robot_ws/install/robot_in_practice/share/robot_in_practice/environment/path.sh
[0.084s] -- Up-to-date symlink: /home/silo/Desktop/cleaning_robot_ws/install/robot_in_practice/share/robot_in_practice/environment/path.dsv
[0.084s] -- Up-to-date symlink: /home/silo/Desktop/cleaning_robot_ws/install/robot_in_practice/share/robot_in_practice/local_setup.bash
[0.084s] -- Up-to-date symlink: /home/silo/Desktop/cleaning_robot_ws/install/robot_in_practice/share/robot_in_practice/local_setup.sh
[0.085s] -- Up-to-date symlink: /home/silo/Desktop/cleaning_robot_ws/install/robot_in_practice/share/robot_in_practice/local_setup.zsh
[0.085s] -- Up-to-date symlink: /home/silo/Desktop/cleaning_robot_ws/install/robot_in_practice/share/robot_in_practice/local_setup.dsv
[0.085s] -- Symlinking: /home/silo/Desktop/cleaning_robot_ws/install/robot_in_practice/share/robot_in_practice/package.dsv
[0.095s] -- Up-to-date symlink: /home/silo/Desktop/cleaning_robot_ws/install/robot_in_practice/share/ament_index/resource_index/packages/robot_in_practice
[0.096s] -- Up-to-date symlink: /home/silo/Desktop/cleaning_robot_ws/install/robot_in_practice/share/robot_in_practice/cmake/robot_in_practiceConfig.cmake
[0.096s] -- Up-to-date symlink: /home/silo/Desktop/cleaning_robot_ws/install/robot_in_practice/share/robot_in_practice/cmake/robot_in_practiceConfig-version.cmake
[0.097s] -- Up-to-date symlink: /home/silo/Desktop/cleaning_robot_ws/install/robot_in_practice/share/robot_in_practice/package.xml
[0.108s] Invoked command in '/home/silo/Desktop/cleaning_robot_ws/build/robot_in_practice' returned '0': CMAKE_PREFIX_PATH=${CMAKE_PREFIX_PATH}:/opt/ros/jazzy DEBUGINFOD_URLS=https://debuginfod.ubuntu.com /usr/bin/cmake --install /home/silo/Desktop/cleaning_robot_ws/build/robot_in_practice
