[0.019s] Invoking command in '/home/silo/Desktop/cleaning_robot_ws/build/robot_description': CMAKE_PREFIX_PATH=${CMAKE_PREFIX_PATH}:/opt/ros/jazzy DEBUGINFOD_URLS=https://debuginfod.ubuntu.com /usr/bin/cmake /home/silo/Desktop/cleaning_robot_ws/src/robot_description -DAMENT_CMAKE_SYMLINK_INSTALL=1 -DCMAKE_INSTALL_PREFIX=/home/silo/Desktop/cleaning_robot_ws/install/robot_description
[0.069s] -- The C compiler identification is GNU 13.2.0
[0.127s] -- The CXX compiler identification is GNU 13.2.0
[0.145s] -- Detecting C compiler ABI info
[0.232s] -- Detecting C compiler ABI info - done
[0.251s] -- Check for working C compiler: /usr/bin/cc - skipped
[0.251s] -- Detecting C compile features
[0.252s] -- Detecting C compile features - done
[0.261s] -- Detecting CXX compiler ABI info
[0.357s] -- Detecting CXX compiler ABI info - done
[0.375s] -- Check for working CXX compiler: /usr/bin/c++ - skipped
[0.376s] -- Detecting CXX compile features
[0.376s] -- Detecting CXX compile features - done
[0.381s] -- Found ament_cmake: 2.5.2 (/opt/ros/jazzy/share/ament_cmake/cmake)
[0.569s] -- Found Python3: /usr/bin/python3 (found version "3.12.3") found components: Interpreter 
[0.671s] -- Override CMake install command with custom implementation using symlinks instead of copying resources
[0.741s] -- Found rclcpp: 28.1.3 (/opt/ros/jazzy/share/rclcpp/cmake)
[0.797s] -- Found rosidl_generator_c: 4.6.3 (/opt/ros/jazzy/share/rosidl_generator_c/cmake)
[0.815s] -- Found rosidl_generator_cpp: 4.6.3 (/opt/ros/jazzy/share/rosidl_generator_cpp/cmake)
[0.834s] -- Using all available rosidl_typesupport_c: rosidl_typesupport_fastrtps_c;rosidl_typesupport_introspection_c
[0.858s] -- Using all available rosidl_typesupport_cpp: rosidl_typesupport_fastrtps_cpp;rosidl_typesupport_introspection_cpp
[0.953s] -- Found rmw_implementation_cmake: 7.3.1 (/opt/ros/jazzy/share/rmw_implementation_cmake/cmake)
[0.957s] -- Found rmw_fastrtps_cpp: 8.4.1 (/opt/ros/jazzy/share/rmw_fastrtps_cpp/cmake)
[1.055s] -- Found OpenSSL: /usr/lib/x86_64-linux-gnu/libcrypto.so (found version "3.0.13")  
[1.077s] -- Found FastRTPS: /opt/ros/jazzy/include (Required is at least version "2.13") 
[1.104s] -- Using RMW implementation 'rmw_fastrtps_cpp' as default
[1.209s] -- Found std_msgs: 5.3.5 (/opt/ros/jazzy/share/std_msgs/cmake)
[1.230s] -- Found ament_lint_auto: 0.17.1 (/opt/ros/jazzy/share/ament_lint_auto/cmake)
[1.380s] -- Added test 'flake8' to check Python code syntax and style conventions
[1.380s] -- Configured 'flake8' exclude dirs and/or files: 
[1.382s] -- Added test 'lint_cmake' to check CMake code style
[1.383s] -- Added test 'pep257' to check Python code against some of the docstring style conventions in PEP 257
[1.386s] -- Added test 'xmllint' to check XML markup files
[1.389s] -- Configuring done (1.4s)
[1.393s] -- Generating done (0.0s)
[1.395s] -- Build files have been written to: /home/silo/Desktop/cleaning_robot_ws/build/robot_description
[1.406s] Invoked command in '/home/silo/Desktop/cleaning_robot_ws/build/robot_description' returned '0': CMAKE_PREFIX_PATH=${CMAKE_PREFIX_PATH}:/opt/ros/jazzy DEBUGINFOD_URLS=https://debuginfod.ubuntu.com /usr/bin/cmake /home/silo/Desktop/cleaning_robot_ws/src/robot_description -DAMENT_CMAKE_SYMLINK_INSTALL=1 -DCMAKE_INSTALL_PREFIX=/home/silo/Desktop/cleaning_robot_ws/install/robot_description
[1.408s] Invoking command in '/home/silo/Desktop/cleaning_robot_ws/build/robot_description': CMAKE_PREFIX_PATH=${CMAKE_PREFIX_PATH}:/opt/ros/jazzy DEBUGINFOD_URLS=https://debuginfod.ubuntu.com /usr/bin/cmake --build /home/silo/Desktop/cleaning_robot_ws/build/robot_description -- -j12 -l12
[1.449s] Invoked command in '/home/silo/Desktop/cleaning_robot_ws/build/robot_description' returned '0': CMAKE_PREFIX_PATH=${CMAKE_PREFIX_PATH}:/opt/ros/jazzy DEBUGINFOD_URLS=https://debuginfod.ubuntu.com /usr/bin/cmake --build /home/silo/Desktop/cleaning_robot_ws/build/robot_description -- -j12 -l12
[1.471s] Invoking command in '/home/silo/Desktop/cleaning_robot_ws/build/robot_description': CMAKE_PREFIX_PATH=${CMAKE_PREFIX_PATH}:/opt/ros/jazzy DEBUGINFOD_URLS=https://debuginfod.ubuntu.com /usr/bin/cmake --install /home/silo/Desktop/cleaning_robot_ws/build/robot_description
[1.478s] -- Install configuration: ""
[1.478s] -- Execute custom install script
[1.479s] -- Symlinking: /home/silo/Desktop/cleaning_robot_ws/install/robot_description/share/robot_description/launch/robot_sdf.launch.py
[1.489s] -- Symlinking: /home/silo/Desktop/cleaning_robot_ws/install/robot_description/share/robot_description/launch/robot_xacro.launch.py
[1.498s] -- Symlinking: /home/silo/Desktop/cleaning_robot_ws/install/robot_description/share/robot_description/config/all_in_one.rviz
[1.509s] -- Symlinking: /home/silo/Desktop/cleaning_robot_ws/install/robot_description/share/robot_description/config/laserscan.rviz
[1.519s] -- Symlinking: /home/silo/Desktop/cleaning_robot_ws/install/robot_description/share/robot_description/config/show_lidar_scanner_output.rviz
[1.528s] -- Symlinking: /home/silo/Desktop/cleaning_robot_ws/install/robot_description/share/robot_description/config/view_robot.rviz
[1.538s] -- Symlinking: /home/silo/Desktop/cleaning_robot_ws/install/robot_description/share/robot_description/model/fm_description/v5 - AM0600115_INT_REV01_2_SW0001_1.stl
[1.547s] -- Symlinking: /home/silo/Desktop/cleaning_robot_ws/install/robot_description/share/robot_description/model/fm_description/v5 - D435-mount-V.stl
[1.556s] -- Symlinking: /home/silo/Desktop/cleaning_robot_ws/install/robot_description/share/robot_description/model/fm_description/v5 - D455-mount-h.stl
[1.565s] -- Symlinking: /home/silo/Desktop/cleaning_robot_ws/install/robot_description/share/robot_description/model/fm_description/v5 - DS5_0390_LABEL_FRONT_ADH_D455_3.stl
[1.574s] -- Symlinking: /home/silo/Desktop/cleaning_robot_ws/install/robot_description/share/robot_description/model/fm_description/v5 - DS5_0390_LABEL_FRONT_MOD_D455_5.stl
[1.582s] -- Symlinking: /home/silo/Desktop/cleaning_robot_ws/install/robot_description/share/robot_description/model/fm_description/v5 - MEC060304_3.stl
[1.591s] -- Symlinking: /home/silo/Desktop/cleaning_robot_ws/install/robot_description/share/robot_description/model/fm_description/v5 - MEC060311_6.stl
[1.599s] -- Symlinking: /home/silo/Desktop/cleaning_robot_ws/install/robot_description/share/robot_description/model/fm_description/v5 - MEC060316_8.stl
[1.608s] -- Symlinking: /home/silo/Desktop/cleaning_robot_ws/install/robot_description/share/robot_description/model/fm_description/v5 - MEC060318_11.stl
[1.617s] -- Symlinking: /home/silo/Desktop/cleaning_robot_ws/install/robot_description/share/robot_description/model/fm_description/v5 - Part 1.stl
[1.626s] -- Symlinking: /home/silo/Desktop/cleaning_robot_ws/install/robot_description/share/robot_description/model/fm_description/v5 - Part 4.stl
[1.636s] -- Symlinking: /home/silo/Desktop/cleaning_robot_ws/install/robot_description/share/robot_description/model/fm_description/v5 - Spur gear (16 teeth).stl
[1.644s] -- Symlinking: /home/silo/Desktop/cleaning_robot_ws/install/robot_description/share/robot_description/model/fm_description/v5 - Spur_gear_48_teeth.stl
[1.653s] -- Symlinking: /home/silo/Desktop/cleaning_robot_ws/install/robot_description/share/robot_description/model/fm_description/v5 - X.stl
[1.662s] -- Symlinking: /home/silo/Desktop/cleaning_robot_ws/install/robot_description/share/robot_description/model/fm_description/v5 - Y.stl
[1.671s] -- Symlinking: /home/silo/Desktop/cleaning_robot_ws/install/robot_description/share/robot_description/model/fm_description/v5 - Z.stl
[1.680s] -- Symlinking: /home/silo/Desktop/cleaning_robot_ws/install/robot_description/share/robot_description/model/fm_description/v5 - alu_20x20-inner.stl
[1.688s] -- Symlinking: /home/silo/Desktop/cleaning_robot_ws/install/robot_description/share/robot_description/model/fm_description/v5 - alu_20x20_cam-top.stl
[1.697s] -- Symlinking: /home/silo/Desktop/cleaning_robot_ws/install/robot_description/share/robot_description/model/fm_description/v5 - alu_20x20_to_fejemis.stl
[1.707s] -- Symlinking: /home/silo/Desktop/cleaning_robot_ws/install/robot_description/share/robot_description/model/fm_description/v5 - bearing-block.stl
[1.715s] -- Symlinking: /home/silo/Desktop/cleaning_robot_ws/install/robot_description/share/robot_description/model/fm_description/v5 - fix_left.stl
[1.724s] -- Symlinking: /home/silo/Desktop/cleaning_robot_ws/install/robot_description/share/robot_description/model/fm_description/v5 - fix_right.stl
[1.733s] -- Symlinking: /home/silo/Desktop/cleaning_robot_ws/install/robot_description/share/robot_description/model/fm_description/v5 - fixed-part.stl
[1.741s] -- Symlinking: /home/silo/Desktop/cleaning_robot_ws/install/robot_description/share/robot_description/model/fm_description/v5 - fork.stl
[1.750s] -- Symlinking: /home/silo/Desktop/cleaning_robot_ws/install/robot_description/share/robot_description/model/fm_description/v5 - kost_bottom.stl
[1.759s] -- Symlinking: /home/silo/Desktop/cleaning_robot_ws/install/robot_description/share/robot_description/model/fm_description/v5 - kost_top.stl
[1.768s] -- Symlinking: /home/silo/Desktop/cleaning_robot_ws/install/robot_description/share/robot_description/model/fm_description/v5 - link-lower.stl
[1.776s] -- Symlinking: /home/silo/Desktop/cleaning_robot_ws/install/robot_description/share/robot_description/model/fm_description/v5 - motor_dsmp420-12-504.stl
[1.785s] -- Symlinking: /home/silo/Desktop/cleaning_robot_ws/install/robot_description/share/robot_description/model/fm_description/v5 - mount_2_fejemis_1.stl
[1.795s] -- Symlinking: /home/silo/Desktop/cleaning_robot_ws/install/robot_description/share/robot_description/model/fm_description/v5 - mount_2_fejemis_2.stl
[1.803s] -- Symlinking: /home/silo/Desktop/cleaning_robot_ws/install/robot_description/share/robot_description/model/fm_description/v5 - pololu-8mm-flange.stl
[1.812s] -- Symlinking: /home/silo/Desktop/cleaning_robot_ws/install/robot_description/share/robot_description/model/fm_description/v5 - servi-horn.stl
[1.821s] -- Symlinking: /home/silo/Desktop/cleaning_robot_ws/install/robot_description/share/robot_description/model/fm_description/v5 - servo.stl
[1.828s] -- Symlinking: /home/silo/Desktop/cleaning_robot_ws/install/robot_description/share/robot_description/model/fm_description/v5 - side_1.stl
[1.836s] -- Symlinking: /home/silo/Desktop/cleaning_robot_ws/install/robot_description/share/robot_description/model/fm_description/v5 - side_2.stl
[1.844s] -- Symlinking: /home/silo/Desktop/cleaning_robot_ws/install/robot_description/share/robot_description/model/fm_description/v5 - side_back_1.stl
[1.852s] -- Symlinking: /home/silo/Desktop/cleaning_robot_ws/install/robot_description/share/robot_description/model/fm_description/v5 - side_back_2.stl
[1.860s] -- Symlinking: /home/silo/Desktop/cleaning_robot_ws/install/robot_description/share/robot_description/model/fm_description/v5 - teensy_board.stl
[1.867s] -- Symlinking: /home/silo/Desktop/cleaning_robot_ws/install/robot_description/share/robot_description/model/fm_description/v5 - tube-1-mount.stl
[1.875s] -- Symlinking: /home/silo/Desktop/cleaning_robot_ws/install/robot_description/share/robot_description/model/fm_description/v5 - tube-1.stl
[1.882s] -- Symlinking: /home/silo/Desktop/cleaning_robot_ws/install/robot_description/share/robot_description/model/fm_description/v5 - tube-2-mount.stl
[1.890s] -- Symlinking: /home/silo/Desktop/cleaning_robot_ws/install/robot_description/share/robot_description/model/fm_description/v5 - tube-2.stl
[1.898s] -- Symlinking: /home/silo/Desktop/cleaning_robot_ws/install/robot_description/share/robot_description/model/fm_description/v5 - tube-3-mount.stl
[1.905s] -- Symlinking: /home/silo/Desktop/cleaning_robot_ws/install/robot_description/share/robot_description/model/fm_description/v5 - tube-4-mount.stl
[1.913s] -- Symlinking: /home/silo/Desktop/cleaning_robot_ws/install/robot_description/share/robot_description/model/fm_description/v5 - tube-top.stl
[1.921s] -- Symlinking: /home/silo/Desktop/cleaning_robot_ws/install/robot_description/share/robot_description/model/fm_description/v5 - up-base.stl
[1.928s] -- Symlinking: /home/silo/Desktop/cleaning_robot_ws/install/robot_description/share/robot_description/model/fm_description/v5 - wheel-knot.stl
[1.936s] -- Symlinking: /home/silo/Desktop/cleaning_robot_ws/install/robot_description/share/robot_description/model/fm_description/v5 - wheel.stl
[1.943s] -- Symlinking: /home/silo/Desktop/cleaning_robot_ws/install/robot_description/share/robot_description/model/fm_description/v5 - wheel_adaptor_1.stl
[1.950s] -- Symlinking: /home/silo/Desktop/cleaning_robot_ws/install/robot_description/share/robot_description/model/fm_description/v5 - wheel_wide.stl
[1.958s] -- Symlinking: /home/silo/Desktop/cleaning_robot_ws/install/robot_description/share/robot_description/model/robot_model.sdf
[1.965s] -- Symlinking: /home/silo/Desktop/cleaning_robot_ws/install/robot_description/share/robot_description/xacro/camera.xacro
[1.973s] -- Symlinking: /home/silo/Desktop/cleaning_robot_ws/install/robot_description/share/robot_description/xacro/depth_camera.xacro
[1.980s] -- Symlinking: /home/silo/Desktop/cleaning_robot_ws/install/robot_description/share/robot_description/xacro/gazebo_control.xacro
[1.988s] -- Symlinking: /home/silo/Desktop/cleaning_robot_ws/install/robot_description/share/robot_description/xacro/inertial_macros.xacro
[1.996s] -- Symlinking: /home/silo/Desktop/cleaning_robot_ws/install/robot_description/share/robot_description/xacro/lidar.xacro
[2.004s] -- Symlinking: /home/silo/Desktop/cleaning_robot_ws/install/robot_description/share/robot_description/xacro/robot.urdf.xacro
[2.011s] -- Symlinking: /home/silo/Desktop/cleaning_robot_ws/install/robot_description/share/robot_description/xacro/robot_core.xacro
[2.019s] -- Symlinking: /home/silo/Desktop/cleaning_robot_ws/install/robot_description/share/robot_description/xacro/ros2_control.xacro
[2.027s] -- Symlinking: /home/silo/Desktop/cleaning_robot_ws/install/robot_description/share/ament_index/resource_index/package_run_dependencies/robot_description
[2.035s] -- Symlinking: /home/silo/Desktop/cleaning_robot_ws/install/robot_description/share/ament_index/resource_index/parent_prefix_path/robot_description
[2.043s] -- Symlinking: /home/silo/Desktop/cleaning_robot_ws/install/robot_description/share/robot_description/environment/ament_prefix_path.sh
[2.050s] -- Symlinking: /home/silo/Desktop/cleaning_robot_ws/install/robot_description/share/robot_description/environment/ament_prefix_path.dsv
[2.058s] -- Symlinking: /home/silo/Desktop/cleaning_robot_ws/install/robot_description/share/robot_description/environment/path.sh
[2.065s] -- Symlinking: /home/silo/Desktop/cleaning_robot_ws/install/robot_description/share/robot_description/environment/path.dsv
[2.073s] -- Symlinking: /home/silo/Desktop/cleaning_robot_ws/install/robot_description/share/robot_description/local_setup.bash
[2.080s] -- Symlinking: /home/silo/Desktop/cleaning_robot_ws/install/robot_description/share/robot_description/local_setup.sh
[2.087s] -- Symlinking: /home/silo/Desktop/cleaning_robot_ws/install/robot_description/share/robot_description/local_setup.zsh
[2.096s] -- Symlinking: /home/silo/Desktop/cleaning_robot_ws/install/robot_description/share/robot_description/local_setup.dsv
[2.104s] -- Symlinking: /home/silo/Desktop/cleaning_robot_ws/install/robot_description/share/robot_description/package.dsv
[2.111s] -- Symlinking: /home/silo/Desktop/cleaning_robot_ws/install/robot_description/share/ament_index/resource_index/packages/robot_description
[2.119s] -- Symlinking: /home/silo/Desktop/cleaning_robot_ws/install/robot_description/share/robot_description/cmake/robot_descriptionConfig.cmake
[2.126s] -- Symlinking: /home/silo/Desktop/cleaning_robot_ws/install/robot_description/share/robot_description/cmake/robot_descriptionConfig-version.cmake
[2.134s] -- Symlinking: /home/silo/Desktop/cleaning_robot_ws/install/robot_description/share/robot_description/package.xml
[2.143s] Invoked command in '/home/silo/Desktop/cleaning_robot_ws/build/robot_description' returned '0': CMAKE_PREFIX_PATH=${CMAKE_PREFIX_PATH}:/opt/ros/jazzy DEBUGINFOD_URLS=https://debuginfod.ubuntu.com /usr/bin/cmake --install /home/silo/Desktop/cleaning_robot_ws/build/robot_description
