[0.022s] Invoking command in '/home/silo/Desktop/cleaning_robot_ws/build/robot_simulation': CMAKE_PREFIX_PATH=${CMAKE_PREFIX_PATH}:/opt/ros/jazzy DEBUGINFOD_URLS=https://debuginfod.ubuntu.com /usr/bin/cmake --build /home/silo/Desktop/cleaning_robot_ws/build/robot_simulation -- -j12 -l12
[0.081s] Invoked command in '/home/silo/Desktop/cleaning_robot_ws/build/robot_simulation' returned '0': CMAKE_PREFIX_PATH=${CMAKE_PREFIX_PATH}:/opt/ros/jazzy DEBUGINFOD_URLS=https://debuginfod.ubuntu.com /usr/bin/cmake --build /home/silo/Desktop/cleaning_robot_ws/build/robot_simulation -- -j12 -l12
[0.117s] Invoking command in '/home/silo/Desktop/cleaning_robot_ws/build/robot_simulation': CMAKE_PREFIX_PATH=${CMAKE_PREFIX_PATH}:/opt/ros/jazzy DEBUGINFOD_URLS=https://debuginfod.ubuntu.com /usr/bin/cmake --install /home/silo/Desktop/cleaning_robot_ws/build/robot_simulation
[0.127s] -- Install configuration: ""
[0.128s] -- Execute custom install script
[0.129s] -- Up-to-date symlink: /home/silo/Desktop/cleaning_robot_ws/install/robot_simulation/share/robot_simulation/launch/gz.launch.py
[0.130s] -- Up-to-date symlink: /home/silo/Desktop/cleaning_robot_ws/install/robot_simulation/share/robot_simulation/launch/gz_bridge.launch.py
[0.130s] -- Up-to-date symlink: /home/silo/Desktop/cleaning_robot_ws/install/robot_simulation/share/robot_simulation/launch/gz_sim.launch.py
[0.130s] -- Symlinking: /home/silo/Desktop/cleaning_robot_ws/install/robot_simulation/share/robot_simulation/launch/nav2.launch.py
[0.154s] -- Symlinking: /home/silo/Desktop/cleaning_robot_ws/install/robot_simulation/share/robot_simulation/launch/online_async_launch.py
[0.157s] -- Symlinking: /home/silo/Desktop/cleaning_robot_ws/install/robot_simulation/share/robot_simulation/launch/slam.launch.py
[0.168s] -- Up-to-date symlink: /home/silo/Desktop/cleaning_robot_ws/install/robot_simulation/share/robot_simulation/config/gz_bridge.yaml
[0.169s] -- Symlinking: /home/silo/Desktop/cleaning_robot_ws/install/robot_simulation/share/robot_simulation/config/mapper_params_online_async.yaml
[0.178s] -- Up-to-date symlink: /home/silo/Desktop/cleaning_robot_ws/install/robot_simulation/share/robot_simulation/worlds/firstWorld.sdf
[0.179s] -- Up-to-date symlink: /home/silo/Desktop/cleaning_robot_ws/install/robot_simulation/share/robot_simulation/models/Coke/materials/coke.png
[0.179s] -- Up-to-date symlink: /home/silo/Desktop/cleaning_robot_ws/install/robot_simulation/share/robot_simulation/models/Coke/meshes/coke.mtl
[0.179s] -- Up-to-date symlink: /home/silo/Desktop/cleaning_robot_ws/install/robot_simulation/share/robot_simulation/models/Coke/meshes/coke.obj
[0.179s] -- Up-to-date symlink: /home/silo/Desktop/cleaning_robot_ws/install/robot_simulation/share/robot_simulation/models/Coke/model.config
[0.179s] -- Up-to-date symlink: /home/silo/Desktop/cleaning_robot_ws/install/robot_simulation/share/robot_simulation/models/Coke/model.sdf
[0.180s] -- Up-to-date symlink: /home/silo/Desktop/cleaning_robot_ws/install/robot_simulation/share/robot_simulation/models/Coke/thumbnails/1.png
[0.180s] -- Up-to-date symlink: /home/silo/Desktop/cleaning_robot_ws/install/robot_simulation/share/robot_simulation/models/Coke/thumbnails/2.png
[0.180s] -- Up-to-date symlink: /home/silo/Desktop/cleaning_robot_ws/install/robot_simulation/share/robot_simulation/models/Coke/thumbnails/3.png
[0.180s] -- Up-to-date symlink: /home/silo/Desktop/cleaning_robot_ws/install/robot_simulation/share/robot_simulation/models/Coke/thumbnails/4.png
[0.180s] -- Up-to-date symlink: /home/silo/Desktop/cleaning_robot_ws/install/robot_simulation/share/robot_simulation/models/Coke/thumbnails/5.png
[0.180s] -- Up-to-date symlink: /home/silo/Desktop/cleaning_robot_ws/install/robot_simulation/share/robot_simulation/models/Cutout Wall/materials/scripts/cutout_wall.material
[0.181s] -- Up-to-date symlink: /home/silo/Desktop/cleaning_robot_ws/install/robot_simulation/share/robot_simulation/models/Cutout Wall/materials/textures/cutout_wall.png
[0.181s] -- Up-to-date symlink: /home/silo/Desktop/cleaning_robot_ws/install/robot_simulation/share/robot_simulation/models/Cutout Wall/model.config
[0.181s] -- Up-to-date symlink: /home/silo/Desktop/cleaning_robot_ws/install/robot_simulation/share/robot_simulation/models/Cutout Wall/model.sdf
[0.181s] -- Up-to-date symlink: /home/silo/Desktop/cleaning_robot_ws/install/robot_simulation/share/robot_simulation/models/Cutout Wall/thumbnails/1.png
[0.181s] -- Up-to-date symlink: /home/silo/Desktop/cleaning_robot_ws/install/robot_simulation/share/robot_simulation/models/Cutout Wall/thumbnails/2.png
[0.181s] -- Up-to-date symlink: /home/silo/Desktop/cleaning_robot_ws/install/robot_simulation/share/robot_simulation/models/Cutout Wall/thumbnails/3.png
[0.182s] -- Up-to-date symlink: /home/silo/Desktop/cleaning_robot_ws/install/robot_simulation/share/robot_simulation/models/Cutout Wall/thumbnails/4.png
[0.182s] -- Up-to-date symlink: /home/silo/Desktop/cleaning_robot_ws/install/robot_simulation/share/robot_simulation/models/Cutout Wall/thumbnails/5.png
[0.182s] -- Up-to-date symlink: /home/silo/Desktop/cleaning_robot_ws/install/robot_simulation/share/ament_index/resource_index/package_run_dependencies/robot_simulation
[0.183s] -- Up-to-date symlink: /home/silo/Desktop/cleaning_robot_ws/install/robot_simulation/share/ament_index/resource_index/parent_prefix_path/robot_simulation
[0.183s] -- Up-to-date symlink: /home/silo/Desktop/cleaning_robot_ws/install/robot_simulation/share/robot_simulation/environment/ament_prefix_path.sh
[0.183s] -- Up-to-date symlink: /home/silo/Desktop/cleaning_robot_ws/install/robot_simulation/share/robot_simulation/environment/ament_prefix_path.dsv
[0.183s] -- Up-to-date symlink: /home/silo/Desktop/cleaning_robot_ws/install/robot_simulation/share/robot_simulation/environment/path.sh
[0.183s] -- Up-to-date symlink: /home/silo/Desktop/cleaning_robot_ws/install/robot_simulation/share/robot_simulation/environment/path.dsv
[0.183s] -- Up-to-date symlink: /home/silo/Desktop/cleaning_robot_ws/install/robot_simulation/share/robot_simulation/local_setup.bash
[0.185s] -- Up-to-date symlink: /home/silo/Desktop/cleaning_robot_ws/install/robot_simulation/share/robot_simulation/local_setup.sh
[0.185s] -- Up-to-date symlink: /home/silo/Desktop/cleaning_robot_ws/install/robot_simulation/share/robot_simulation/local_setup.zsh
[0.185s] -- Up-to-date symlink: /home/silo/Desktop/cleaning_robot_ws/install/robot_simulation/share/robot_simulation/local_setup.dsv
[0.185s] -- Symlinking: /home/silo/Desktop/cleaning_robot_ws/install/robot_simulation/share/robot_simulation/package.dsv
[0.197s] -- Up-to-date symlink: /home/silo/Desktop/cleaning_robot_ws/install/robot_simulation/share/ament_index/resource_index/packages/robot_simulation
[0.198s] -- Up-to-date symlink: /home/silo/Desktop/cleaning_robot_ws/install/robot_simulation/share/robot_simulation/cmake/robot_simulationConfig.cmake
[0.198s] -- Up-to-date symlink: /home/silo/Desktop/cleaning_robot_ws/install/robot_simulation/share/robot_simulation/cmake/robot_simulationConfig-version.cmake
[0.199s] -- Up-to-date symlink: /home/silo/Desktop/cleaning_robot_ws/install/robot_simulation/share/robot_simulation/package.xml
[0.211s] Invoked command in '/home/silo/Desktop/cleaning_robot_ws/build/robot_simulation' returned '0': CMAKE_PREFIX_PATH=${CMAKE_PREFIX_PATH}:/opt/ros/jazzy DEBUGINFOD_URLS=https://debuginfod.ubuntu.com /usr/bin/cmake --install /home/silo/Desktop/cleaning_robot_ws/build/robot_simulation
